================================================================
== Design Size Report
================================================================

* Total Instructions per Compilation Phase
+---------------+-----------------------------+--------------+----------------------------------------------------------------------------------------+
| Phase         | Step                        | Instructions | Description                                                                            |
+---------------+-----------------------------+--------------+----------------------------------------------------------------------------------------+
| Compile/Link  |                             | 2,703        | After all functions are compiled and linked into a single design                       |
|               |                             |              |                                                                                        |
| Unroll/Inline |                             |              | After user unroll and inline pragmas are applied                                       |
|               | (1) unroll                  |   398        | user unroll pragmas are applied                                                        |
|               | (2) simplification          |   277        | simplification of applied user unroll pragmas                                          |
|               | (3) inline                  |   279        | user inline pragmas are applied                                                        |
|               | (4) simplification          |   275        | simplification of applied user inline pragmas                                          |
|               |                             |              |                                                                                        |
| Array/Struct  |                             |              | After user array partition and struct aggregate/disaggregate pragmas are applied       |
|               | (1) array partition         |   263        | user array partition pragmas are applied                                               |
|               | (2) simplification          |   263        | simplification of applied user array partition & struct aggregate/disaggregate pragmas |
|               | (3) aggregate/disaggregate  |   269        | user struct aggregate/disaggregate pragmas are applied                                 |
|               | (4) array reshape           |   317        | apply array reshape pragmas                                                            |
|               | (5) access patterns         |   365        | array access pattern optmizations                                                      |
|               |                             |              |                                                                                        |
| Performance   |                             |              | After transformations are applied to meet performance pragma targets                   |
|               | (1) loop simplification     |   354        | loop and instruction simplification                                                    |
|               | (2) parallelization         |   350        | loops are unrolled or pipelined to meet performance targets                            |
|               | (3) array partition         |   315        | arrays are partitioned to meet performance targets                                     |
|               | (4) simplification          |   315        | simplification of design after performance transformations                             |
|               |                             |              |                                                                                        |
| HW Transforms |                             |              | After hardware transfomations                                                          |
|               | (1) lowering                |   319        | initial conversion to HW specific instructions                                         |
|               | (2) optimizations           |   329        | high level synthesis optimizations                                                     |
+---------------+-----------------------------+--------------+----------------------------------------------------------------------------------------+

* Instructions per Function for each Compilation Phase
+------------------------------+-----------------+--------------+---------------+--------------+-------------+---------------+
| Function                     | Location        | Compile/Link | Unroll/Inline | Array/Struct | Performance | HW Transforms |
+------------------------------+-----------------+--------------+---------------+--------------+-------------+---------------+
| + userdma                    | userdma.cpp:142 | 2,703        | 275           | 365          | 315         | 329           |
|    getinstream               | userdma.cpp:38  | 1,397        |  89           | 104          |  85         |  82           |
|    streamtoparallelwithburst | userdma.cpp:4   |  205         |  42           |  60          |  57         |  60           |
|    paralleltostreamwithburst | userdma.cpp:80  |  825         |  56           |  74          |  71         |  73           |
|    sendoutstream             | userdma.cpp:122 |  189         |  30           |  71          |  46         |  35           |
+------------------------------+-----------------+--------------+---------------+--------------+-------------+---------------+

* Design Size Message Settings
+---------------------------------------------+--------+------------------------------------------------------------------+
| Message Setting                             | Value  | Description                                                      |
+---------------------------------------------+--------+------------------------------------------------------------------+
| config_compile -design_size_maximum_warning | 100000 | Show a warning when total design instructions exceeds this value |
+---------------------------------------------+--------+------------------------------------------------------------------+


