

================================================================
== Vitis HLS Report for 'paralleltostreamwithburst'
================================================================
* Date:           Sat Jun 15 17:11:13 2024

* Version:        2023.2 (Build 4023990 on Oct 11 2023)
* Project:        hls_userdma
* Solution:       solution1 (Vivado IP Flow Target)
* Product family: zynq
* Target device:  xc7z020-clg400-1


================================================================
== Performance Estimates
================================================================
+ Timing: 
    * Summary: 
    +--------+----------+----------+------------+
    |  Clock |  Target  | Estimated| Uncertainty|
    +--------+----------+----------+------------+
    |ap_clk  |  10.00 ns|  7.300 ns|     2.70 ns|
    +--------+----------+----------+------------+

+ Latency: 
    * Summary: 
    +---------+---------+----------+----------+-----+-----+---------+
    |  Latency (cycles) |  Latency (absolute) |  Interval | Pipeline|
    |   min   |   max   |    min   |    max   | min | max |   Type  |
    +---------+---------+----------+----------+-----+-----+---------+
    |        ?|        ?|         ?|         ?|    ?|    ?|       no|
    +---------+---------+----------+----------+-----+-----+---------+

    + Detail: 
        * Instance: 
        +----------------------------------------------------------------+-----------------------------------------------------+---------+---------+----------+----------+-----+-----+---------+
        |                                                                |                                                     |  Latency (cycles) |  Latency (absolute) |  Interval | Pipeline|
        |                            Instance                            |                        Module                       |   min   |   max   |    min   |    max   | min | max |   Type  |
        +----------------------------------------------------------------+-----------------------------------------------------+---------+---------+----------+----------+-----+-----+---------+
        |grp_paralleltostreamwithburst_Pipeline_VITIS_LOOP_100_2_fu_128  |paralleltostreamwithburst_Pipeline_VITIS_LOOP_100_2  |        ?|        ?|         ?|         ?|    ?|    ?|       no|
        +----------------------------------------------------------------+-----------------------------------------------------+---------+---------+----------+----------+-----+-----+---------+

        * Loop: 
        +-------------------+---------+---------+----------+-----------+-----------+------+----------+
        |                   |  Latency (cycles) | Iteration|  Initiation Interval  | Trip |          |
        |     Loop Name     |   min   |   max   |  Latency |  achieved |   target  | Count| Pipelined|
        +-------------------+---------+---------+----------+-----------+-----------+------+----------+
        |- VITIS_LOOP_93_1  |        ?|        ?|         ?|          -|          -|     ?|        no|
        +-------------------+---------+---------+----------+-----------+-----------+------+----------+



================================================================
== Utilization Estimates
================================================================
* Summary: 
+-----------------+---------+-----+--------+-------+-----+
|       Name      | BRAM_18K| DSP |   FF   |  LUT  | URAM|
+-----------------+---------+-----+--------+-------+-----+
|DSP              |        -|    -|       -|      -|    -|
|Expression       |        -|    -|       0|    519|    -|
|FIFO             |        -|    -|       -|      -|    -|
|Instance         |        -|    -|     108|    270|    -|
|Memory           |        -|    -|       -|      -|    -|
|Multiplexer      |        -|    -|       -|    308|    -|
|Register         |        -|    -|     290|      -|    -|
+-----------------+---------+-----+--------+-------+-----+
|Total            |        0|    0|     398|   1097|    0|
+-----------------+---------+-----+--------+-------+-----+
|Available        |      280|  220|  106400|  53200|    0|
+-----------------+---------+-----+--------+-------+-----+
|Utilization (%)  |        0|    0|      ~0|      2|    0|
+-----------------+---------+-----+--------+-------+-----+

+ Detail: 
    * Instance: 
    +----------------------------------------------------------------+-----------------------------------------------------+---------+----+-----+-----+-----+
    |                            Instance                            |                        Module                       | BRAM_18K| DSP|  FF | LUT | URAM|
    +----------------------------------------------------------------+-----------------------------------------------------+---------+----+-----+-----+-----+
    |grp_paralleltostreamwithburst_Pipeline_VITIS_LOOP_100_2_fu_128  |paralleltostreamwithburst_Pipeline_VITIS_LOOP_100_2  |        0|   0|  108|  270|    0|
    +----------------------------------------------------------------+-----------------------------------------------------+---------+----+-----+-----+-----+
    |Total                                                           |                                                     |        0|   0|  108|  270|    0|
    +----------------------------------------------------------------+-----------------------------------------------------+---------+----+-----+-----+-----+

    * DSP: 
    N/A

    * Memory: 
    N/A

    * FIFO: 
    N/A

    * Expression: 
    +------------------------+----------+----+---+----+------------+------------+
    |      Variable Name     | Operation| DSP| FF| LUT| Bitwidth P0| Bitwidth P1|
    +------------------------+----------+----+---+----+------------+------------+
    |add_ln100_fu_195_p2     |         +|   0|  0|  71|          64|          64|
    |add_ln116_fu_251_p2     |         +|   0|  0|  71|          64|          64|
    |sub_fu_285_p2           |         +|   0|  0|  39|          32|           2|
    |in_m2s_len_2_fu_294_p2  |         -|   0|  0|  39|          32|          32|
    |empty_52_fu_271_p2      |      icmp|   0|  0|  39|          32|           1|
    |icmp_fu_228_p2          |      icmp|   0|  0|  35|          28|           1|
    |icmp_ln100_fu_183_p2    |      icmp|   0|  0|  39|          32|           1|
    |icmp_ln118_fu_299_p2    |      icmp|   0|  0|  39|          32|          32|
    |icmp_ln94_fu_165_p2     |      icmp|   0|  0|  39|          32|           5|
    |ap_block_state1         |        or|   0|  0|   2|           1|           1|
    |count_3_fu_171_p3       |    select|   0|  0|  32|           1|           5|
    |empty_53_fu_277_p3      |    select|   0|  0|   5|           1|           5|
    |empty_fu_210_p3         |    select|   0|  0|   5|           1|           5|
    |in_m2s_len_1_fu_141_p3  |    select|   0|  0|  32|           1|           1|
    |select_ln100_fu_261_p3  |    select|   0|  0|  32|           1|          32|
    +------------------------+----------+----+---+----+------------+------------+
    |Total                   |          |   0|  0| 519|         354|         251|
    +------------------------+----------+----+---+----+------------+------------+

    * Multiplexer: 
    +------------------------+-----+-----------+-----+-----------+
    |          Name          | LUT | Input Size| Bits| Total Bits|
    +------------------------+-----+-----------+-----+-----------+
    |ap_NS_fsm               |  113|         22|    1|         22|
    |ap_done                 |    9|          2|    1|          2|
    |count_fu_86             |    9|          2|   32|         64|
    |gmem1_blk_n_AR          |    9|          2|    1|          2|
    |idx_fu_82               |    9|          2|   64|        128|
    |m2s_enb_clrsts_c_blk_n  |    9|          2|    1|          2|
    |m_axi_gmem1_ARADDR      |   14|          3|   64|        192|
    |m_axi_gmem1_ARBURST     |    9|          2|    2|          4|
    |m_axi_gmem1_ARCACHE     |    9|          2|    4|          8|
    |m_axi_gmem1_ARID        |    9|          2|    1|          2|
    |m_axi_gmem1_ARLEN       |   14|          3|   32|         96|
    |m_axi_gmem1_ARLOCK      |    9|          2|    2|          4|
    |m_axi_gmem1_ARPROT      |    9|          2|    3|          6|
    |m_axi_gmem1_ARQOS       |    9|          2|    4|          8|
    |m_axi_gmem1_ARREGION    |    9|          2|    4|          8|
    |m_axi_gmem1_ARSIZE      |    9|          2|    3|          6|
    |m_axi_gmem1_ARUSER      |    9|          2|    1|          2|
    |m_axi_gmem1_ARVALID     |   14|          3|    1|          3|
    |m_axi_gmem1_RREADY      |    9|          2|    1|          2|
    |outbuf_write            |    9|          2|    1|          2|
    |real_start              |    9|          2|    1|          2|
    +------------------------+-----+-----------+-----+-----------+
    |Total                   |  308|         65|  224|        565|
    +------------------------+-----+-----------+-----+-----------+

    * Register: 
    +-----------------------------------------------------------------------------+----+----+-----+-----------+
    |                                     Name                                    | FF | LUT| Bits| Const Bits|
    +-----------------------------------------------------------------------------+----+----+-----+-----------+
    |ap_CS_fsm                                                                    |  21|   0|   21|          0|
    |ap_done_reg                                                                  |   1|   0|    1|          0|
    |count_2_reg_336                                                              |  32|   0|   32|          0|
    |count_3_reg_341                                                              |  32|   0|   32|          0|
    |count_fu_86                                                                  |  32|   0|   32|          0|
    |empty_53_reg_374                                                             |   5|   0|    5|          0|
    |empty_reg_354                                                                |   5|   0|    5|          0|
    |grp_paralleltostreamwithburst_Pipeline_VITIS_LOOP_100_2_fu_128_ap_start_reg  |   1|   0|    1|          0|
    |icmp_ln118_reg_384                                                           |   1|   0|    1|          0|
    |icmp_reg_359                                                                 |   1|   0|    1|          0|
    |idx_fu_82                                                                    |  64|   0|   64|          0|
    |start_once_reg                                                               |   1|   0|    1|          0|
    |sub_reg_379                                                                  |  32|   0|   32|          0|
    |trunc_ln1_reg_348                                                            |  62|   0|   62|          0|
    +-----------------------------------------------------------------------------+----+----+-----+-----------+
    |Total                                                                        | 290|   0|  290|          0|
    +-----------------------------------------------------------------------------+----+----+-----+-----------+



================================================================
== Interface
================================================================
* Summary: 
+---------------------------------+-----+-----+------------+---------------------------+--------------+
|            RTL Ports            | Dir | Bits|  Protocol  |       Source Object       |    C Type    |
+---------------------------------+-----+-----+------------+---------------------------+--------------+
|ap_clk                           |   in|    1|  ap_ctrl_hs|  paralleltostreamwithburst|  return value|
|ap_rst                           |   in|    1|  ap_ctrl_hs|  paralleltostreamwithburst|  return value|
|ap_start                         |   in|    1|  ap_ctrl_hs|  paralleltostreamwithburst|  return value|
|start_full_n                     |   in|    1|  ap_ctrl_hs|  paralleltostreamwithburst|  return value|
|ap_done                          |  out|    1|  ap_ctrl_hs|  paralleltostreamwithburst|  return value|
|ap_continue                      |   in|    1|  ap_ctrl_hs|  paralleltostreamwithburst|  return value|
|ap_idle                          |  out|    1|  ap_ctrl_hs|  paralleltostreamwithburst|  return value|
|ap_ready                         |  out|    1|  ap_ctrl_hs|  paralleltostreamwithburst|  return value|
|start_out                        |  out|    1|  ap_ctrl_hs|  paralleltostreamwithburst|  return value|
|start_write                      |  out|    1|  ap_ctrl_hs|  paralleltostreamwithburst|  return value|
|m_axi_gmem1_AWVALID              |  out|    1|       m_axi|                      gmem1|       pointer|
|m_axi_gmem1_AWREADY              |   in|    1|       m_axi|                      gmem1|       pointer|
|m_axi_gmem1_AWADDR               |  out|   64|       m_axi|                      gmem1|       pointer|
|m_axi_gmem1_AWID                 |  out|    1|       m_axi|                      gmem1|       pointer|
|m_axi_gmem1_AWLEN                |  out|   32|       m_axi|                      gmem1|       pointer|
|m_axi_gmem1_AWSIZE               |  out|    3|       m_axi|                      gmem1|       pointer|
|m_axi_gmem1_AWBURST              |  out|    2|       m_axi|                      gmem1|       pointer|
|m_axi_gmem1_AWLOCK               |  out|    2|       m_axi|                      gmem1|       pointer|
|m_axi_gmem1_AWCACHE              |  out|    4|       m_axi|                      gmem1|       pointer|
|m_axi_gmem1_AWPROT               |  out|    3|       m_axi|                      gmem1|       pointer|
|m_axi_gmem1_AWQOS                |  out|    4|       m_axi|                      gmem1|       pointer|
|m_axi_gmem1_AWREGION             |  out|    4|       m_axi|                      gmem1|       pointer|
|m_axi_gmem1_AWUSER               |  out|    1|       m_axi|                      gmem1|       pointer|
|m_axi_gmem1_WVALID               |  out|    1|       m_axi|                      gmem1|       pointer|
|m_axi_gmem1_WREADY               |   in|    1|       m_axi|                      gmem1|       pointer|
|m_axi_gmem1_WDATA                |  out|   32|       m_axi|                      gmem1|       pointer|
|m_axi_gmem1_WSTRB                |  out|    4|       m_axi|                      gmem1|       pointer|
|m_axi_gmem1_WLAST                |  out|    1|       m_axi|                      gmem1|       pointer|
|m_axi_gmem1_WID                  |  out|    1|       m_axi|                      gmem1|       pointer|
|m_axi_gmem1_WUSER                |  out|    1|       m_axi|                      gmem1|       pointer|
|m_axi_gmem1_ARVALID              |  out|    1|       m_axi|                      gmem1|       pointer|
|m_axi_gmem1_ARREADY              |   in|    1|       m_axi|                      gmem1|       pointer|
|m_axi_gmem1_ARADDR               |  out|   64|       m_axi|                      gmem1|       pointer|
|m_axi_gmem1_ARID                 |  out|    1|       m_axi|                      gmem1|       pointer|
|m_axi_gmem1_ARLEN                |  out|   32|       m_axi|                      gmem1|       pointer|
|m_axi_gmem1_ARSIZE               |  out|    3|       m_axi|                      gmem1|       pointer|
|m_axi_gmem1_ARBURST              |  out|    2|       m_axi|                      gmem1|       pointer|
|m_axi_gmem1_ARLOCK               |  out|    2|       m_axi|                      gmem1|       pointer|
|m_axi_gmem1_ARCACHE              |  out|    4|       m_axi|                      gmem1|       pointer|
|m_axi_gmem1_ARPROT               |  out|    3|       m_axi|                      gmem1|       pointer|
|m_axi_gmem1_ARQOS                |  out|    4|       m_axi|                      gmem1|       pointer|
|m_axi_gmem1_ARREGION             |  out|    4|       m_axi|                      gmem1|       pointer|
|m_axi_gmem1_ARUSER               |  out|    1|       m_axi|                      gmem1|       pointer|
|m_axi_gmem1_RVALID               |   in|    1|       m_axi|                      gmem1|       pointer|
|m_axi_gmem1_RREADY               |  out|    1|       m_axi|                      gmem1|       pointer|
|m_axi_gmem1_RDATA                |   in|   32|       m_axi|                      gmem1|       pointer|
|m_axi_gmem1_RLAST                |   in|    1|       m_axi|                      gmem1|       pointer|
|m_axi_gmem1_RID                  |   in|    1|       m_axi|                      gmem1|       pointer|
|m_axi_gmem1_RFIFONUM             |   in|    7|       m_axi|                      gmem1|       pointer|
|m_axi_gmem1_RUSER                |   in|    1|       m_axi|                      gmem1|       pointer|
|m_axi_gmem1_RRESP                |   in|    2|       m_axi|                      gmem1|       pointer|
|m_axi_gmem1_BVALID               |   in|    1|       m_axi|                      gmem1|       pointer|
|m_axi_gmem1_BREADY               |  out|    1|       m_axi|                      gmem1|       pointer|
|m_axi_gmem1_BRESP                |   in|    2|       m_axi|                      gmem1|       pointer|
|m_axi_gmem1_BID                  |   in|    1|       m_axi|                      gmem1|       pointer|
|m_axi_gmem1_BUSER                |   in|    1|       m_axi|                      gmem1|       pointer|
|in_memory                        |   in|   64|     ap_none|                  in_memory|        scalar|
|in_en_clrsts                     |   in|    1|     ap_none|               in_en_clrsts|        scalar|
|in_m2s_len                       |   in|   32|     ap_none|                 in_m2s_len|        scalar|
|outbuf_din                       |  out|   33|     ap_fifo|                     outbuf|       pointer|
|outbuf_num_data_valid            |   in|    7|     ap_fifo|                     outbuf|       pointer|
|outbuf_fifo_cap                  |   in|    7|     ap_fifo|                     outbuf|       pointer|
|outbuf_full_n                    |   in|    1|     ap_fifo|                     outbuf|       pointer|
|outbuf_write                     |  out|    1|     ap_fifo|                     outbuf|       pointer|
|endianness                       |   in|    1|     ap_none|                 endianness|        scalar|
|m2s_enb_clrsts_c_din             |  out|    1|     ap_fifo|           m2s_enb_clrsts_c|       pointer|
|m2s_enb_clrsts_c_num_data_valid  |   in|    3|     ap_fifo|           m2s_enb_clrsts_c|       pointer|
|m2s_enb_clrsts_c_fifo_cap        |   in|    3|     ap_fifo|           m2s_enb_clrsts_c|       pointer|
|m2s_enb_clrsts_c_full_n          |   in|    1|     ap_fifo|           m2s_enb_clrsts_c|       pointer|
|m2s_enb_clrsts_c_write           |  out|    1|     ap_fifo|           m2s_enb_clrsts_c|       pointer|
+---------------------------------+-----+-----+------------+---------------------------+--------------+

