-- Catapult Ultra Synthesis: Report                                              
-- ------------------------- ---------------------------------------------------
-- Version:                  2023.2/1059873 Production Release                   
-- Build Date:               Mon Aug  7 10:54:31 PDT 2023                        
                                                                                 
-- Generated by:             r12016@cad40                                        
-- Generated date:           Thu Jun 13 02:36:28 CST 2024                        

Solution Settings: UNET_IP::maxpool.v1
  Current state: extract
  Project: Catapult

Design Input Files Specified
  $PROJECT_HOME/../hls/main.h
    $MGC_HOME/shared/include/ac_int.h
    $MGC_HOME/shared/include/ac_channel.h
    $MGC_HOME/shared/include/mc_scverify.h
    $MGC_HOME/shared/include/ac_fixed.h
    $PROJECT_HOME/../hls/conv2d.h
      $MGC_HOME/shared/include/mc_scverify.h
      $PROJECT_HOME/../hls/defs.h
        $MGC_HOME/shared/include/ac_math/ac_sqrt_pwl.h
          $MGC_HOME/shared/include/ac_float.h
          $MGC_HOME/shared/include/ac_complex.h
          $MGC_HOME/shared/include/ac_math/ac_shift.h
          $MGC_HOME/shared/include/ac_math/ac_normalize.h
        $MGC_HOME/shared/include/ac_math/ac_atan2_cordic.h
    $PROJECT_HOME/../hls/maxpool.h
      $MGC_HOME/shared/include/mc_scverify.h
    $PROJECT_HOME/../hls/batchnorm_relu.h
      $MGC_HOME/shared/include/mc_scverify.h
    $PROJECT_HOME/../hls/tranconv2d.h
      $MGC_HOME/shared/include/mc_scverify.h

Processes/Blocks in Design
  Process                   Real Operation(s) count Latency Throughput Reset Length II Comments 
  ------------------------- ----------------------- ------- ---------- ------------ -- --------
  /UNET_IP::maxpool/run_max                      62      11         16            0  0        ? 
  Design Total:                                  62      11         16            0  0          
  
Bill Of Materials (Datapath)
  Component Name                                       Area Score Area(DSP) Area(LUTs) Area(MUX_CARRYs) Delay Post Alloc Post Assign 
  ---------------------------------------------------- ---------- --------- ---------- ---------------- ----- ---------- -----------
  [Lib: Xilinx_RAMS]                                                                                                                 
  BLOCK_1R1W_RBW_rport_en(1,15,12,32768,1,32768,12,1)       0.000     0.000      0.000            0.000 3.060          1           0 
  BLOCK_1R1W_RBW_rwport(1,15,12,32768,1,32768,12,1)         0.000     0.000      0.000            0.000 0.100          1           0 
  BLOCK_1R1W_RBW_rwport(2,15,12,32768,1,32768,12,1)         0.000     0.000      0.000            0.000 0.100          1           0 
  BLOCK_1R1W_RBW_rwport_en(1,15,12,32768,1,32768,12,1)      0.000     0.000      0.000            0.000 0.100          1           0 
  BLOCK_1R1W_RBW_rwport_en(2,15,12,32768,1,32768,12,1)      0.000     0.000      0.000            0.000 0.100          1           0 
  BLOCK_1R1W_RBW_wport_en(2,15,12,32768,1,32768,12,1)       0.000     0.000      0.000            0.000 0.100          1           0 
  [Lib: mgc_Xilinx-ZYNQ-1_beh]                                                                                                       
  mgc_add(10,0,3,0,10)                                     10.000     0.000     10.000            9.000 1.565          2           2 
  mgc_add(12,1,12,1,13)                                    12.000     0.000     12.000           11.000 1.615          1           1 
  mgc_add(14,0,7,0,14)                                     14.000     0.000     14.000           13.000 1.665          1           1 
  mgc_add(15,0,15,0,15)                                    15.000     0.000     15.000           14.000 1.690          4           3 
  mgc_add(3,0,2,1,3)                                        3.000     0.000      3.000            2.000 1.390          1           2 
  mgc_add(4,0,4,0,4)                                        4.000     0.000      4.000            3.000 1.415          1           3 
  mgc_add(7,0,2,1,7)                                        7.000     0.000      7.000            6.000 1.490          1           3 
  mgc_add(8,0,8,0,8)                                        8.000     0.000      8.000            7.000 1.515          2           6 
  mgc_and(1,2)                                              1.000     0.000      1.000            0.000 0.630          0           9 
  mgc_and(1,3)                                              1.000     0.000      1.000            0.000 0.630          0           1 
  mgc_and(1,4)                                              1.000     0.000      1.000            0.000 0.630          0           1 
  mgc_and(3,2)                                              3.000     0.000      3.000            0.000 0.630          0           2 
  mgc_and(7,2)                                              7.000     0.000      7.000            0.000 0.630          0           3 
  mgc_div(7,3,0)                                           22.831     0.000     22.831            0.000 4.372          1           1 
  mgc_mul(3,0,7,0,10)                                     665.000     1.000      0.000            0.000 4.541          2           1 
  mgc_mul(7,0,10,0,15)                                    665.000     1.000      0.000            0.000 4.769          1           1 
  mgc_mul(7,0,14,0,15)                                    665.000     1.000      0.000            0.000 4.777          1           1 
  mgc_mul(7,0,7,0,14)                                     665.000     1.000      0.000            0.000 4.719          1           2 
  mgc_mux(1,1,2)                                            1.000     0.000      1.000            0.000 0.160          0           4 
  mgc_mux(10,1,2)                                          10.000     0.000     10.000            0.000 0.160          0           1 
  mgc_mux(12,1,2)                                          12.000     0.000     12.000            0.000 0.160          1           2 
  mgc_mux(15,1,2)                                          15.000     0.000     15.000            0.000 0.160          1           0 
  mgc_mux(3,1,2)                                            3.000     0.000      3.000            0.000 0.160          1           0 
  mgc_mux(7,1,2)                                            7.000     0.000      7.000            0.000 0.160          0           4 
  mgc_nand(1,2)                                             1.000     0.000      1.000            0.000 0.630          0           2 
  mgc_nor(1,2)                                              1.000     0.000      1.000            0.000 0.630          0           4 
  mgc_nor(1,3)                                              1.000     0.000      1.000            0.000 0.630          0           4 
  mgc_nor(1,6)                                              1.000     0.000      1.000            0.000 0.630          0           1 
  mgc_not(1)                                                0.000     0.000      0.000            0.000 0.000          0          16 
  mgc_not(12)                                               0.000     0.000      0.000            0.000 0.000          0           1 
  mgc_not(3)                                                0.000     0.000      0.000            0.000 0.000          0           3 
  mgc_not(7)                                                0.000     0.000      0.000            0.000 0.000          0           6 
  mgc_or(1,2)                                               1.000     0.000      1.000            0.000 0.630          0           7 
  mgc_or(1,3)                                               1.000     0.000      1.000            0.000 0.630          0           3 
  mgc_reg_pos(1,1,0,1,1,0,0)                                0.000     0.000      0.000            0.000 0.660          0          10 
  mgc_reg_pos(1,1,0,1,1,1,1)                                0.000     0.000      0.000            0.000 0.660          0           1 
  mgc_reg_pos(10,0,0,0,0,0,0)                               0.000     0.000      0.000            0.000 0.660          0           1 
  mgc_reg_pos(12,0,0,0,0,1,1)                               0.000     0.000      0.000            0.000 0.660          0           2 
  mgc_reg_pos(14,0,0,0,0,0,0)                               0.000     0.000      0.000            0.000 0.660          0           2 
  mgc_reg_pos(15,0,0,0,0,0,0)                               0.000     0.000      0.000            0.000 0.660          0           1 
  mgc_reg_pos(3,0,0,0,0,0,0)                                0.000     0.000      0.000            0.000 0.660          0           1 
  mgc_reg_pos(3,1,0,1,1,0,0)                                0.000     0.000      0.000            0.000 0.660          0           1 
  mgc_reg_pos(3,1,0,1,1,1,1)                                0.000     0.000      0.000            0.000 0.660          0           1 
  mgc_reg_pos(7,0,0,0,0,1,1)                                0.000     0.000      0.000            0.000 0.660          0           5 
  [Lib: mgc_ioport]                                                                                                                  
  mgc_io_sync(0)                                            0.000     0.000      0.000            0.000 0.000          2           2 
                                                                                                                                     
  TOTAL AREA (After Assignment):                         3650.831     5.000    326.000          157.000                              
  
Area Scores
                    Post-Scheduling   Post-DP & FSM Post-Assignment 
  ----------------- --------------- --------------- ---------------
  Total Area Score:   3513.8          5875.6          3659.8        
  Total Reg:             0.0             0.0             0.0        
                                                                    
  DataPath:           3513.8 (100%)   5866.6 (100%)   3650.8 (100%) 
    MUX:                30.0   (1%)    239.9   (4%)     66.0   (2%) 
    FUNC:             3483.8  (99%)   5573.7  (95%)   3525.8  (97%) 
    LOGIC:               0.0            53.0   (1%)     59.0   (2%) 
    BUFFER:              0.0             0.0             0.0        
    MEM:                 0.0             0.0             0.0        
    ROM:                 0.0             0.0             0.0        
    REG:                 0.0             0.0             0.0        
                                                                    
  
  FSM:                   0.0             9.0   (0%)      9.0   (0%) 
    FSM-REG:             0.0             0.0             0.0        
    FSM-COMB:            0.0             9.0 (100%)      9.0 (100%) 
                                                                    
  
  
  (MUX = multiplexers; FUNC = datapath logic (e.g. add/mult); LOGIC = control logic)

Register-to-Variable Mappings
  Register                       Size(bits) Gated Register CG Opt Done Variables                                             
  ------------------------------ ---------- -------------- ----------- -----------------------------------------------------
  reg(LOOP_Y:if:acc#4.itm.1).cse         15                            reg(LOOP_Y:if:acc#4.itm.1).cse                        
  LOOP_WIDTH:acc#6.itm                   14                            LOOP_WIDTH:acc#6.itm                                  
  LOOP_WIDTH:mul#1.itm                   14                            LOOP_WIDTH:mul#1.itm                                  
                                                                       LOOP_Y:if:mul#1.itm.1                                 
  max_val(13:2).lpi#3                    12         Y           Y      max_val(13:2).lpi#3                                   
                                                                       max_val(13:2).lpi#4                                   
                                                                       max_val(13:2).lpi#6                                   
  max_val(13:2).lpi#5                    12         Y           Y      max_val(13:2).lpi#5                                   
  LOOP_Y:if:acc#2.itm.1                  10                            LOOP_Y:if:acc#2.itm.1                                 
  c.sva                                   7         Y           Y      c.sva                                                 
  i.sva                                   7         Y           Y      i.sva                                                 
  j.sva                                   7         Y           Y      j.sva                                                 
  LOOP_Y:else:asn.itm.1                   3                            LOOP_Y:else:asn.itm.1                                 
  x.sva                                   3         Y           Y      x.sva                                                 
  y.sva                                   3                            y.sva                                                 
  LOOP_Y.stage_0                          1         Y           Y      LOOP_Y.stage_0                                        
                                                                       exit:LOOP_WIDTH.sva                                   
  LOOP_Y.stage_0.2                        1                            LOOP_Y.stage_0.2                                      
  LOOP_Y.stage_0.3                        1                            LOOP_Y.stage_0.3                                      
  LOOP_Y.stage_0.4                        1                            LOOP_Y.stage_0.4                                      
  LOOP_Y:asn#3.itm.3                      1                            LOOP_Y:asn#3.itm.3                                    
  LOOP_Y:land.lpi#6.dfm.1                 1                            LOOP_Y:land.lpi#6.dfm.1                               
  LOOP_Y:land.lpi#6.dfm.2                 1                            LOOP_Y:land.lpi#6.dfm.2                               
  LOOP_Y:land.lpi#6.dfm.3                 1                            LOOP_Y:land.lpi#6.dfm.3                               
  exit:LOOP_Y.sva.st.1                    1                            exit:LOOP_Y.sva.st.1                                  
  exit:LOOP_Y.sva.st.2                    1                            exit:LOOP_Y.sva.st.2                                  
  reg(input.triosy:obj.ld).cse            1                            reg(input.triosy:obj.ld).cse                          
  reg(out_height).ftd                     1         Y           Y      reg(out_height).ftd                                   
  reg(out_height).ftd#1                   1         Y           Y      reg(out_height).ftd#1                                 
  reg(out_height).ftd#2                   1         Y           Y      reg(out_height).ftd#2                                 
  reg(out_height).ftd#3                   1         Y           Y      reg(out_height).ftd#3                                 
  reg(out_height).ftd#4                   1         Y           Y      reg(out_height).ftd#4                                 
  reg(out_height).ftd#5                   1         Y           Y      reg(out_height).ftd#5                                 
  reg(out_height).ftd#6                   1         Y           Y      reg(out_height).ftd#6                                 
  reg(out_width).ftd                      1         Y           Y      reg(out_width).ftd                                    
  reg(out_width).ftd#1                    1         Y           Y      reg(out_width).ftd#1                                  
  reg(out_width).ftd#2                    1         Y           Y      reg(out_width).ftd#2                                  
  reg(out_width).ftd#3                    1         Y           Y      reg(out_width).ftd#3                                  
  reg(out_width).ftd#4                    1         Y           Y      reg(out_width).ftd#4                                  
  reg(out_width).ftd#5                    1         Y           Y      reg(out_width).ftd#5                                  
  reg(out_width).ftd#6                    1         Y           Y      reg(out_width).ftd#6                                  
                                                                                                                             
  Total:                                132             63          63 (Total Gating Ratio: 0.48, CG Opt Gating Ratio: 0.48) 
  
Timing Report
  Critical Path
    Max Delay:  8.39148348
    Slack:      1.6085165200000002
    
    Path                                                                      Startpoint                                                              Endpoint                                                 Delay   Slack                       
    ------------------------------------------------------------------------- ----------------------------------------------------------------------- -------------------------------------------------------- ------- ------ --------------------
    1                                                                         UNET_IP::maxpool:run_max:inst/reg(j)                                    UNET_IP::maxpool:run_max:inst/reg(LOOP_Y:if:acc#4.itm.1) 8.3915  1.6085                      
                                                                                                                                                                                                                                                   
      Instance                                                                Component                                                                                                                        Delta   Delay  [MIN, MAX]           
      --------                                                                ---------                                                                                                                        -----   -----  ------------------   
      UNET_IP::maxpool:run_max:inst/reg(j)                                    mgc_reg_pos_7_0_0_0_0_1_1                                                                                                        0.6600  0.6600                      
      UNET_IP::maxpool:run_max:inst/j.sva                                                                                                                                                                      0.0000  0.6600                      
      UNET_IP::maxpool:run_max:inst/LOOP_Y:if:mul#4                           mgc_mul_3_0_7_0_10                                                                                                               4.5415  5.2015                      
      UNET_IP::maxpool:run_max:inst/LOOP_Y:if:mul#4.ncse.sva#1                                                                                                                                                 0.0000  5.2015                      
      UNET_IP::maxpool:run_max:inst/LOOP_Y:else:acc#5                         mgc_addc_10_0_3_0_10                                                                                                             1.5650  6.7665 [6.541483, 6.766483] 
      UNET_IP::maxpool:run_max:inst/LOOP_Y:else:acc#5.itm                                                                                                                                                      0.0000  6.7665 [6.541483, 6.766483] 
      UNET_IP::maxpool:run_max:inst/LOOP_Y:if:mux                             mgc_mux_10_1_2                                                                                                                   0.1600  6.9265 [6.701483, 6.926483] 
      UNET_IP::maxpool:run_max:inst/LOOP_Y:if:mux.itm                                                                                                                                                          0.0000  6.9265 [6.701483, 6.926483] 
      UNET_IP::maxpool:run_max:inst/LOOP_Y:if:exu                                                                                                                                                              0.1250  7.0515 [6.701483, 7.051483] 
      UNET_IP::maxpool:run_max:inst/LOOP_Y:if:exu.itm                                                                                                                                                          0.0000  7.0515 [6.701483, 7.051483] 
      UNET_IP::maxpool:run_max:inst/LOOP_Y:else:acc#6:rg                      mgc_addc_15_0_15_0_15(b=>z)                                                                                                      1.3400  8.3915 [8.041483, 8.391483] 
      UNET_IP::maxpool:run_max:inst/z.out#1                                                                                                                                                                    0.0000  8.3915 [8.041483, 8.391483] 
      UNET_IP::maxpool:run_max:inst/reg(LOOP_Y:if:acc#4.itm.1)                mgc_reg_pos_15_0_0_0_0_0_0                                                                                                       0.0000  8.3915                      
                                                                                                                                                                                                                                                   
    2                                                                         UNET_IP::maxpool:run_max:inst/reg(out_width)                            UNET_IP::maxpool/input:rsc.radr                          7.7866  2.2134                      
                                                                                                                                                                                                                                                   
      Instance                                                                Component                                                                                                                        Delta   Delay  [MIN, MAX]           
      --------                                                                ---------                                                                                                                        -----   -----  ------------------   
      UNET_IP::maxpool:run_max:inst/reg(out_width)                            mgc_reg_pos_7_0_0_0_0_1_1                                                                                                        0.6600  0.6600                      
      UNET_IP::maxpool:run_max:inst/out_width.sva                                                                                                                                                              0.0000  0.6600                      
      UNET_IP::maxpool:run_max:inst/LOOP_Y:if:mux#3                           mgc_mux_7_1_2                                                                                                                    0.1600  0.8200                      
      UNET_IP::maxpool:run_max:inst/LOOP_Y:if:mux#3.itm                                                                                                                                                        0.0000  0.8200                      
      UNET_IP::maxpool:run_max:inst/LOOP_WIDTH:mul:rg                         mgc_mul_7_0_14_0_15                                                                                                              4.7766  5.5966                      
      UNET_IP::maxpool:run_max:inst/z.out#5                                                                                                                                                                    0.0000  5.5966                      
      UNET_IP::maxpool:run_max:inst/LOOP_Y:else:acc:rg                        mgc_addc_15_0_15_0_15(b=>z)                                                                                                      1.6900  7.2866 [6.936628, 7.286628] 
      UNET_IP::maxpool:run_max:inst/z.out#2                                                                                                                                                                    0.0000  7.2866 [6.936628, 7.286628] 
      UNET_IP::maxpool:run_max:inst/LOOP_Y:if:asn(input:rsci.radr_d)                                                                                                                                           0.0000  7.2866 [6.936628, 7.286628] 
      UNET_IP::maxpool:run_max:inst/input:rsci.radr_d                                                                                                                                                          0.0000  7.2866 [6.936628, 7.286628] 
      UNET_IP::maxpool/input:rsci.radr_d                                                                                                                                                                       0.0000  7.2866 [6.936628, 7.286628] 
      input:rsci/radr_d                                                                                                                                                                                        0.0000  7.2866 [6.936628, 7.286628] 
      input:rsci/LOOP_Y:if:slc(radr_d)(14-0)                                                                                                                                                                   -0.0233 7.2633 [6.936628, 7.263295] 
      input:rsci/LOOP_Y:if:asn(radr)                                                                                                                                                                           0.0000  7.2633 [6.936628, 7.263295] 
      input:rsci/radr                                                                                                                                                                                          0.0000  7.2633 [6.936628, 7.263295] 
      UNET_IP::maxpool/input:rsc.radr                                                                                                                                                                          0.5233  7.7866                      
                                                                                                                                                                                                                                                   
    3                                                                         UNET_IP::maxpool:run_max:inst/reg(out_width)                            UNET_IP::maxpool/output:rsc.wadr                         7.7866  2.2134                      
                                                                                                                                                                                                                                                   
      Instance                                                                Component                                                                                                                        Delta   Delay  [MIN, MAX]           
      --------                                                                ---------                                                                                                                        -----   -----  ------------------   
      UNET_IP::maxpool:run_max:inst/reg(out_width)                            mgc_reg_pos_7_0_0_0_0_1_1                                                                                                        0.6600  0.6600                      
      UNET_IP::maxpool:run_max:inst/out_width.sva                                                                                                                                                              0.0000  0.6600                      
      UNET_IP::maxpool:run_max:inst/LOOP_Y:if:mux#3                           mgc_mux_7_1_2                                                                                                                    0.1600  0.8200                      
      UNET_IP::maxpool:run_max:inst/LOOP_Y:if:mux#3.itm                                                                                                                                                        0.0000  0.8200                      
      UNET_IP::maxpool:run_max:inst/LOOP_WIDTH:mul:rg                         mgc_mul_7_0_14_0_15                                                                                                              4.7766  5.5966                      
      UNET_IP::maxpool:run_max:inst/z.out#5                                                                                                                                                                    0.0000  5.5966                      
      UNET_IP::maxpool:run_max:inst/LOOP_WIDTH:acc#4                          mgc_addc_15_0_15_0_15                                                                                                            1.6900  7.2866 [6.936628, 7.286628] 
      UNET_IP::maxpool:run_max:inst/output:rsci.wadr_d                                                                                                                                                         0.0000  7.2866 [6.936628, 7.286628] 
      UNET_IP::maxpool/output:rsci.wadr_d                                                                                                                                                                      0.0000  7.2866 [6.936628, 7.286628] 
      output:rsci/wadr_d                                                                                                                                                                                       0.0000  7.2866 [6.936628, 7.286628] 
      output:rsci/LOOP_WIDTH:slc(wadr_d)(14-0)                                                                                                                                                                 -0.0233 7.2633 [6.936628, 7.263295] 
      output:rsci/LOOP_WIDTH:asn(wadr)                                                                                                                                                                         0.0000  7.2633 [6.936628, 7.263295] 
      output:rsci/wadr                                                                                                                                                                                         0.0000  7.2633 [6.936628, 7.263295] 
      UNET_IP::maxpool/output:rsc.wadr                                                                                                                                                                         0.5233  7.7866                      
                                                                                                                                                                                                                                                   
    4                                                                         UNET_IP::maxpool/stride                                                 UNET_IP::maxpool:run_max:inst/reg(LOOP_Y:if:acc#4.itm.1) 7.7315  2.2685                      
                                                                                                                                                                                                                                                   
      Instance                                                                Component                                                                                                                        Delta   Delay  [MIN, MAX]           
      --------                                                                ---------                                                                                                                        -----   -----  ------------------   
      UNET_IP::maxpool/stride                                                                                                                                                                                  0.0000  0.0000                      
      UNET_IP::maxpool:run_max:inst/stride                                                                                                                                                                     0.0000  0.0000                      
      UNET_IP::maxpool:run_max:inst/LOOP_Y:if:mul#4                           mgc_mul_3_0_7_0_10                                                                                                               4.5415  4.5415                      
      UNET_IP::maxpool:run_max:inst/LOOP_Y:if:mul#4.ncse.sva#1                                                                                                                                                 0.0000  4.5415                      
      UNET_IP::maxpool:run_max:inst/LOOP_Y:else:acc#5                         mgc_addc_10_0_3_0_10                                                                                                             1.5650  6.1065 [5.881483, 6.106483] 
      UNET_IP::maxpool:run_max:inst/LOOP_Y:else:acc#5.itm                                                                                                                                                      0.0000  6.1065 [5.881483, 6.106483] 
      UNET_IP::maxpool:run_max:inst/LOOP_Y:if:mux                             mgc_mux_10_1_2                                                                                                                   0.1600  6.2665 [6.041483, 6.266483] 
      UNET_IP::maxpool:run_max:inst/LOOP_Y:if:mux.itm                                                                                                                                                          0.0000  6.2665 [6.041483, 6.266483] 
      UNET_IP::maxpool:run_max:inst/LOOP_Y:if:exu                                                                                                                                                              0.1250  6.3915 [6.041483, 6.391483] 
      UNET_IP::maxpool:run_max:inst/LOOP_Y:if:exu.itm                                                                                                                                                          0.0000  6.3915 [6.041483, 6.391483] 
      UNET_IP::maxpool:run_max:inst/LOOP_Y:else:acc#6:rg                      mgc_addc_15_0_15_0_15(b=>z)                                                                                                      1.3400  7.7315 [7.381483, 7.731483] 
      UNET_IP::maxpool:run_max:inst/z.out#1                                                                                                                                                                    0.0000  7.7315 [7.381483, 7.731483] 
      UNET_IP::maxpool:run_max:inst/reg(LOOP_Y:if:acc#4.itm.1)                mgc_reg_pos_15_0_0_0_0_0_0                                                                                                       0.0000  7.7315                      
                                                                                                                                                                                                                                                   
    5                                                                         UNET_IP::maxpool:run_max:inst/reg(LOOP_WIDTH:mul#1)                     UNET_IP::maxpool/output:rsc.wadr                         7.6266  2.3734                      
                                                                                                                                                                                                                                                   
      Instance                                                                Component                                                                                                                        Delta   Delay  [MIN, MAX]           
      --------                                                                ---------                                                                                                                        -----   -----  ------------------   
      UNET_IP::maxpool:run_max:inst/reg(LOOP_WIDTH:mul#1)                     mgc_reg_pos_14_0_0_0_0_0_0                                                                                                       0.6600  0.6600                      
      UNET_IP::maxpool:run_max:inst/LOOP_WIDTH:mul#1.itm                                                                                                                                                       0.0000  0.6600                      
      UNET_IP::maxpool:run_max:inst/LOOP_WIDTH:mul:rg                         mgc_mul_7_0_14_0_15                                                                                                              4.7766  5.4366                      
      UNET_IP::maxpool:run_max:inst/z.out#5                                                                                                                                                                    0.0000  5.4366                      
      UNET_IP::maxpool:run_max:inst/LOOP_WIDTH:acc#4                          mgc_addc_15_0_15_0_15                                                                                                            1.6900  7.1266 [6.776628, 7.126628] 
      UNET_IP::maxpool:run_max:inst/output:rsci.wadr_d                                                                                                                                                         0.0000  7.1266 [6.776628, 7.126628] 
      UNET_IP::maxpool/output:rsci.wadr_d                                                                                                                                                                      0.0000  7.1266 [6.776628, 7.126628] 
      output:rsci/wadr_d                                                                                                                                                                                       0.0000  7.1266 [6.776628, 7.126628] 
      output:rsci/LOOP_WIDTH:slc(wadr_d)(14-0)                                                                                                                                                                 -0.0233 7.1033 [6.776628, 7.103295] 
      output:rsci/LOOP_WIDTH:asn(wadr)                                                                                                                                                                         0.0000  7.1033 [6.776628, 7.103295] 
      output:rsci/wadr                                                                                                                                                                                         0.0000  7.1033 [6.776628, 7.103295] 
      UNET_IP::maxpool/output:rsc.wadr                                                                                                                                                                         0.5233  7.6266                      
                                                                                                                                                                                                                                                   
    6                                                                         UNET_IP::maxpool:run_max:inst/reg(out_width)                            UNET_IP::maxpool:run_max:inst/reg(LOOP_WIDTH:acc#6)      7.2036  2.7964                      
                                                                                                                                                                                                                                                   
      Instance                                                                Component                                                                                                                        Delta   Delay  [MIN, MAX]           
      --------                                                                ---------                                                                                                                        -----   -----  ------------------   
      UNET_IP::maxpool:run_max:inst/reg(out_width)                            mgc_reg_pos_7_0_0_0_0_1_1                                                                                                        0.6600  0.6600                      
      UNET_IP::maxpool:run_max:inst/out_width.sva                                                                                                                                                              0.0000  0.6600                      
      UNET_IP::maxpool:run_max:inst/LOOP_Y:if:mux#2                           mgc_mux_7_1_2                                                                                                                    0.1600  0.8200                      
      UNET_IP::maxpool:run_max:inst/LOOP_Y:if:mux#2.itm                                                                                                                                                        0.0000  0.8200                      
      UNET_IP::maxpool:run_max:inst/LOOP_WIDTH:mul#2:rg                       mgc_mul_7_0_7_0_14                                                                                                               4.7186  5.5386                      
      UNET_IP::maxpool:run_max:inst/z.out#4                                                                                                                                                                    0.0000  5.5386                      
      UNET_IP::maxpool:run_max:inst/LOOP_WIDTH:acc#6                          mgc_addc_14_0_7_0_14                                                                                                             1.6650  7.2036 [6.878558, 7.203558] 
      UNET_IP::maxpool:run_max:inst/LOOP_WIDTH:acc#6.itm#3                                                                                                                                                     0.0000  7.2036 [6.878558, 7.203558] 
      UNET_IP::maxpool:run_max:inst/reg(LOOP_WIDTH:acc#6)                     mgc_reg_pos_14_0_0_0_0_0_0                                                                                                       0.0000  7.2036                      
                                                                                                                                                                                                                                                   
    7                                                                         UNET_IP::maxpool:run_max:inst/UNET_IP::maxpool:run_max_run_max:fsm:inst UNET_IP::maxpool/output:rsc.wadr                         7.1266  2.8734                      
                                                                                                                                                                                                                                                   
      Instance                                                                Component                                                                                                                        Delta   Delay  [MIN, MAX]           
      --------                                                                ---------                                                                                                                        -----   -----  ------------------   
      UNET_IP::maxpool:run_max:inst/UNET_IP::maxpool:run_max_run_max:fsm:inst UNET_IP::maxpool:run_max_run_max:fsm                                                                                             0.0000  0.0000                      
      UNET_IP::maxpool:run_max:inst/fsm_output                                                                                                                                                                 0.0000  0.0000                      
      UNET_IP::maxpool:run_max:inst/slc(fsm_output)(8)#4                                                                                                                                                       0.0000  0.0000                      
      UNET_IP::maxpool:run_max:inst/slc(fsm_output)(8)#4.itm                                                                                                                                                   0.0000  0.0000                      
      UNET_IP::maxpool:run_max:inst/LOOP_Y:if:mux#3                           mgc_mux_7_1_2                                                                                                                    0.1600  0.1600                      
      UNET_IP::maxpool:run_max:inst/LOOP_Y:if:mux#3.itm                                                                                                                                                        0.0000  0.1600                      
      UNET_IP::maxpool:run_max:inst/LOOP_WIDTH:mul:rg                         mgc_mul_7_0_14_0_15                                                                                                              4.7766  4.9366                      
      UNET_IP::maxpool:run_max:inst/z.out#5                                                                                                                                                                    0.0000  4.9366                      
      UNET_IP::maxpool:run_max:inst/LOOP_WIDTH:acc#4                          mgc_addc_15_0_15_0_15                                                                                                            1.6900  6.6266 [6.276628, 6.626628] 
      UNET_IP::maxpool:run_max:inst/output:rsci.wadr_d                                                                                                                                                         0.0000  6.6266 [6.276628, 6.626628] 
      UNET_IP::maxpool/output:rsci.wadr_d                                                                                                                                                                      0.0000  6.6266 [6.276628, 6.626628] 
      output:rsci/wadr_d                                                                                                                                                                                       0.0000  6.6266 [6.276628, 6.626628] 
      output:rsci/LOOP_WIDTH:slc(wadr_d)(14-0)                                                                                                                                                                 -0.0233 6.6033 [6.276628, 6.603295] 
      output:rsci/LOOP_WIDTH:asn(wadr)                                                                                                                                                                         0.0000  6.6033 [6.276628, 6.603295] 
      output:rsci/wadr                                                                                                                                                                                         0.0000  6.6033 [6.276628, 6.603295] 
      UNET_IP::maxpool/output:rsc.wadr                                                                                                                                                                         0.5233  7.1266                      
                                                                                                                                                                                                                                                   
    8                                                                         UNET_IP::maxpool/width                                                  UNET_IP::maxpool/output:rsc.wadr                         7.1266  2.8734                      
                                                                                                                                                                                                                                                   
      Instance                                                                Component                                                                                                                        Delta   Delay  [MIN, MAX]           
      --------                                                                ---------                                                                                                                        -----   -----  ------------------   
      UNET_IP::maxpool/width                                                                                                                                                                                   0.0000  0.0000                      
      UNET_IP::maxpool:run_max:inst/width                                                                                                                                                                      0.0000  0.0000                      
      UNET_IP::maxpool:run_max:inst/LOOP_Y:if:mux#3                           mgc_mux_7_1_2                                                                                                                    0.1600  0.1600                      
      UNET_IP::maxpool:run_max:inst/LOOP_Y:if:mux#3.itm                                                                                                                                                        0.0000  0.1600                      
      UNET_IP::maxpool:run_max:inst/LOOP_WIDTH:mul:rg                         mgc_mul_7_0_14_0_15                                                                                                              4.7766  4.9366                      
      UNET_IP::maxpool:run_max:inst/z.out#5                                                                                                                                                                    0.0000  4.9366                      
      UNET_IP::maxpool:run_max:inst/LOOP_WIDTH:acc#4                          mgc_addc_15_0_15_0_15                                                                                                            1.6900  6.6266 [6.276628, 6.626628] 
      UNET_IP::maxpool:run_max:inst/output:rsci.wadr_d                                                                                                                                                         0.0000  6.6266 [6.276628, 6.626628] 
      UNET_IP::maxpool/output:rsci.wadr_d                                                                                                                                                                      0.0000  6.6266 [6.276628, 6.626628] 
      output:rsci/wadr_d                                                                                                                                                                                       0.0000  6.6266 [6.276628, 6.626628] 
      output:rsci/LOOP_WIDTH:slc(wadr_d)(14-0)                                                                                                                                                                 -0.0233 6.6033 [6.276628, 6.603295] 
      output:rsci/LOOP_WIDTH:asn(wadr)                                                                                                                                                                         0.0000  6.6033 [6.276628, 6.603295] 
      output:rsci/wadr                                                                                                                                                                                         0.0000  6.6033 [6.276628, 6.603295] 
      UNET_IP::maxpool/output:rsc.wadr                                                                                                                                                                         0.5233  7.1266                      
                                                                                                                                                                                                                                                   
    9                                                                         UNET_IP::maxpool:run_max:inst/reg(LOOP_Y:if:acc#2.itm.1)                UNET_IP::maxpool:run_max:inst/reg(LOOP_Y:if:acc#4.itm.1) 7.1187  2.8813                      
                                                                                                                                                                                                                                                   
      Instance                                                                Component                                                                                                                        Delta   Delay  [MIN, MAX]           
      --------                                                                ---------                                                                                                                        -----   -----  ------------------   
      UNET_IP::maxpool:run_max:inst/reg(LOOP_Y:if:acc#2.itm.1)                mgc_reg_pos_10_0_0_0_0_0_0                                                                                                       0.6600  0.6600                      
      UNET_IP::maxpool:run_max:inst/LOOP_Y:if:acc#2.itm.1                                                                                                                                                      0.0000  0.6600                      
      UNET_IP::maxpool:run_max:inst/LOOP_Y:if:mul#2                           mgc_mul_7_0_10_0_15                                                                                                              4.7687  5.4287                      
      UNET_IP::maxpool:run_max:inst/LOOP_Y:if:mul#2.itm                                                                                                                                                        0.0000  5.4287                      
      UNET_IP::maxpool:run_max:inst/LOOP_Y:else:acc#6:rg                      mgc_addc_15_0_15_0_15(a=>z)                                                                                                      1.6900  7.1187 [6.768742, 7.118742] 
      UNET_IP::maxpool:run_max:inst/z.out#1                                                                                                                                                                    0.0000  7.1187 [6.768742, 7.118742] 
      UNET_IP::maxpool:run_max:inst/reg(LOOP_Y:if:acc#4.itm.1)                mgc_reg_pos_15_0_0_0_0_0_0                                                                                                       0.0000  7.1187                      
                                                                                                                                                                                                                                                   
    10                                                                        UNET_IP::maxpool:run_max:inst/reg(out_width)                            UNET_IP::maxpool:run_max:inst/reg(LOOP_Y:if:acc#2.itm.1) 7.1036  2.8964                      
                                                                                                                                                                                                                                                   
      Instance                                                                Component                                                                                                                        Delta   Delay  [MIN, MAX]           
      --------                                                                ---------                                                                                                                        -----   -----  ------------------   
      UNET_IP::maxpool:run_max:inst/reg(out_width)                            mgc_reg_pos_7_0_0_0_0_1_1                                                                                                        0.6600  0.6600                      
      UNET_IP::maxpool:run_max:inst/out_width.sva                                                                                                                                                              0.0000  0.6600                      
      UNET_IP::maxpool:run_max:inst/LOOP_Y:if:mux#2                           mgc_mux_7_1_2                                                                                                                    0.1600  0.8200                      
      UNET_IP::maxpool:run_max:inst/LOOP_Y:if:mux#2.itm                                                                                                                                                        0.0000  0.8200                      
      UNET_IP::maxpool:run_max:inst/LOOP_WIDTH:mul#2:rg                       mgc_mul_7_0_7_0_14                                                                                                               4.7186  5.5386                      
      UNET_IP::maxpool:run_max:inst/z.out#4                                                                                                                                                                    0.0000  5.5386                      
      UNET_IP::maxpool:run_max:inst/LOOP_Y:if:slc(z.out#4)(9-0)                                                                                                                                                0.0000  5.5386                      
      UNET_IP::maxpool:run_max:inst/LOOP_Y:if:slc(z.out#4)(9-0).itm                                                                                                                                            0.0000  5.5386                      
      UNET_IP::maxpool:run_max:inst/LOOP_Y:if:acc#2                           mgc_addc_10_0_3_0_10                                                                                                             1.5650  7.1036 [6.878558, 7.103558] 
      UNET_IP::maxpool:run_max:inst/LOOP_Y:if:acc#2.itm                                                                                                                                                        0.0000  7.1036 [6.878558, 7.103558] 
      UNET_IP::maxpool:run_max:inst/reg(LOOP_Y:if:acc#2.itm.1)                mgc_reg_pos_10_0_0_0_0_0_0                                                                                                       0.0000  7.1036                      
                                                                                                                                                                                                                                                   
    
  Register Input and Register-to-Output Slack
    Clock period or pin-to-reg delay constraint (clk): 10.0
    Clock uncertainty constraint (clk)               : 0.0
    
    Instance                                              Port                         Slack (Delay) Messages 
    ----------------------------------------------------- --------------------------- ------ ------- --------
    UNET_IP::maxpool:run_max/reg(out_width)               z.out                       5.4675  4.5325          
    UNET_IP::maxpool:run_max/reg(max_val(13:2))           max_val:max_val:mux#1.itm   4.5562  5.4438          
    UNET_IP::maxpool:run_max/reg(input.triosy:obj.ld)     and#66.itm                  5.7169  4.2831          
    UNET_IP::maxpool:run_max/reg(c)                       c:c:c:and.itm               7.2200  2.7800          
    UNET_IP::maxpool:run_max/reg(out_height)              z.out                       5.4675  4.5325          
    UNET_IP::maxpool:run_max/reg(i)                       c:c:c:and#1.itm             7.2200  2.7800          
    UNET_IP::maxpool:run_max/reg(max_val(13:2))#1         max_val:max_val:mux.itm     3.9262  6.0738          
    UNET_IP::maxpool:run_max/reg(j)                       c:c:and.itm                 7.2200  2.7800          
    UNET_IP::maxpool:run_max/reg(LOOP_Y:asn#3.itm.3)      exit:LOOP_Y.sva.st.2        8.7100  1.2900          
    UNET_IP::maxpool:run_max/reg(LOOP_Y:land.lpi#6.dfm.3) LOOP_Y:land.lpi#6.dfm.2     9.3400  0.6600          
    UNET_IP::maxpool:run_max/reg(exit:LOOP_Y.sva.st.2)    exit:LOOP_Y.sva.st.1        9.3400  0.6600          
    UNET_IP::maxpool:run_max/reg(exit:LOOP_Y.sva.st.1)    LOOP_Y:not.itm              7.9437  2.0563          
    UNET_IP::maxpool:run_max/reg(x)                       x:x:x:and.itm               7.3200  2.6800          
    UNET_IP::maxpool:run_max/reg(LOOP_Y.stage_0)          LOOP_Y:LOOP_Y:or.itm        5.7169  4.2831          
    UNET_IP::maxpool:run_max/reg(y)                       x:x:and.itm                 7.3200  2.6800          
    UNET_IP::maxpool:run_max/reg(LOOP_Y.stage_0.2)        LOOP_Y:LOOP_Y:and.itm       8.7100  1.2900          
    UNET_IP::maxpool:run_max/reg(LOOP_Y.stage_0.3)        LOOP_Y:LOOP_Y:and#1.itm     8.7100  1.2900          
    UNET_IP::maxpool:run_max/reg(LOOP_Y.stage_0.4)        LOOP_Y:LOOP_Y:and#2.itm     8.7100  1.2900          
    UNET_IP::maxpool:run_max/reg(LOOP_Y:if:acc#4.itm.1)   z.out#1                     1.6085  8.3915          
    UNET_IP::maxpool:run_max/reg(LOOP_Y:land.lpi#6.dfm.2) LOOP_Y:land.lpi#6.dfm.1     6.8600  3.1400          
    UNET_IP::maxpool:run_max/reg(LOOP_Y:else:asn.itm.1)   y.sva                       6.5050  3.4950          
    UNET_IP::maxpool:run_max/reg(LOOP_Y:if:acc#2.itm.1)   LOOP_Y:if:acc#2.itm         2.8964  7.1036          
    UNET_IP::maxpool:run_max/reg(LOOP_Y:land.lpi#6.dfm.1) LOOP_Y:if:LOOP_Y:if:nor.itm 8.7100  1.2900          
    UNET_IP::maxpool:run_max/reg(LOOP_WIDTH:mul#1)        z.out#3                     4.4614  5.5386          
    UNET_IP::maxpool:run_max/reg(LOOP_WIDTH:acc#6)        LOOP_WIDTH:acc#6.itm#3      2.7964  7.2036          
    UNET_IP::maxpool                                      input:rsc.radr              2.2134  7.7866          
    UNET_IP::maxpool                                      input:rsc.re                8.2100  1.7900          
    UNET_IP::maxpool                                      input:rsc.clken             9.5000  0.5000          
    UNET_IP::maxpool                                      input.triosy.lz             9.3400  0.6600          
    UNET_IP::maxpool                                      output:rsc.wadr             2.2134  7.7866          
    UNET_IP::maxpool                                      output:rsc.d                8.8400  1.1600          
    UNET_IP::maxpool                                      output:rsc.we               9.5000  0.5000          
    UNET_IP::maxpool                                      output:rsc.clken            9.5000  0.5000          
    UNET_IP::maxpool                                      output.triosy.lz            9.3400  0.6600          
    
Operator Bitwidth Summary
  Operation Size (bits) Count 
  --------- ----------- -----
  add                         
  -                   8     6 
  -                   7     3 
  -                   4     3 
  -                   3     2 
  -                  15     3 
  -                  14     1 
  -                  13     1 
  -                  10     2 
  and                         
  -                   7     3 
  -                   3     2 
  -                   1    11 
  div                         
  -                   7     1 
  mul                         
  -                  15     2 
  -                  14     2 
  -                  10     1 
  mux                         
  -                   7     4 
  -                  12     2 
  -                  10     1 
  -                   1     4 
  nand                        
  -                   1     2 
  nor                         
  -                   1     9 
  not                         
  -                   7     6 
  -                   3     3 
  -                  12     1 
  -                   1    16 
  or                          
  -                   1    10 
  read_sync                   
  -                   0     2 
  reg                         
  -                   7     5 
  -                   3     3 
  -                  15     1 
  -                  14     2 
  -                  12     2 
  -                  10     1 
  -                   1    11 
  
End of Report
