-- Catapult Ultra Synthesis: Report                                              
-- ------------------------- ---------------------------------------------------
-- Version:                  2023.1/1033555 Production Release                   
-- Build Date:               Mon Feb 13 11:32:25 PST 2023                        
                                                                                 
-- Generated by:             m111061545@ws41                                     
-- Generated date:           Mon Feb 26 23:42:23 CST 2024                        

Solution Settings: EdgeDetect_IP::EdgeDetect_VerDer.v1
  Current state: extract
  Project: Catapult

Design Input Files Specified
  $PROJECT_HOME/../hls_c/inc/EdgeDetect.h
    $PROJECT_HOME/../hls_c/inc/EdgeDetect_defs.h
      $MGC_HOME/shared/include/ac_int.h
      $MGC_HOME/shared/include/ac_fixed.h
      $MGC_HOME/shared/include/ac_channel.h
      $MGC_HOME/shared/include/ac_math/ac_sqrt_pwl.h
        $MGC_HOME/shared/include/ac_float.h
        $MGC_HOME/shared/include/ac_complex.h
        $MGC_HOME/shared/include/ac_math/ac_shift.h
        $MGC_HOME/shared/include/ac_math/ac_normalize.h
      $MGC_HOME/shared/include/ac_math/ac_atan2_cordic.h
    $PROJECT_HOME/../hls_c/inc/EdgeDetect_VerDer.h
      $MGC_HOME/shared/include/mc_scverify.h
    $PROJECT_HOME/../hls_c/inc/EdgeDetect_HorDer.h
      $MGC_HOME/shared/include/mc_scverify.h
    $PROJECT_HOME/../hls_c/inc/EdgeDetect_MagAng.h
      $MGC_HOME/shared/include/mc_scverify.h
  $PROJECT_HOME/../hls_c/src/EdgeDetect_tb.cpp
  $PROJECT_HOME/../bmpUtil/src/bmp_io.cpp

Processes/Blocks in Design
  Process                               Real Operation(s) count Latency Throughput Reset Length II Comments 
  ------------------------------------- ----------------------- ------- ---------- ------------ -- --------
  /EdgeDetect_IP::EdgeDetect_VerDer/run                      31       3          7            0  0        ? 
  Design Total:                                              31       3          7            0  0          
  
Bill Of Materials (Datapath)
  Component Name                                          Area Score Area(Combinational) AreaSeq Delay Post Alloc Post Assign 
  ------------------------------------------------------- ---------- ------------------- ------- ----- ---------- -----------
  [Lib: VIRTUAL]                                                                                                              
  VCOL:equal                                                  20.482               0.000   0.000 0.290          1           0 
  VCOL:equal#1                                                22.477               0.000   0.000 0.293          1           0 
  VROW:equal                                                  20.482               0.000   0.000 0.290          1           0 
  [Lib: ccs_ioport]                                                                                                           
  ccs_in_wait_coupled(1,8)                                     0.000               0.000   0.000 0.000          1           1 
  ccs_out_wait(4,8)                                            0.000               0.000   0.000 0.000          1           1 
  ccs_out_wait(5,9)                                            0.000               0.000   0.000 0.000          1           1 
  [Lib: ccs_sample_mem]                                                                                                       
  ccs_ram_sync_singleport_rwport_en(6,16,10,963,963,16,5)      0.000               0.000   0.000 0.500          1           0 
  ccs_ram_sync_singleport_rwport_en(7,16,10,963,963,16,5)      0.000               0.000   0.000 0.500          1           0 
  [Lib: nangate-45nm_beh]                                                                                                     
  mgc_add(10,0,2,1,10,7)                                      45.747               0.000   0.000 0.807          1           0 
  mgc_add(10,0,8,0,10,7)                                      39.368               0.000   0.000 0.698          0           1 
  mgc_add(11,0,1,0,11,7)                                      30.856               0.000   0.000 0.486          0           1 
  mgc_add(11,0,2,1,11,7)                                      50.178               0.000   0.000 0.879          2           1 
  mgc_add(9,0,8,0,9,7)                                        36.708               0.000   0.000 0.664          1           0 
  mgc_add_msb(11,0,10,0,11,6)                                 24.806               0.000   0.000 0.277          1           1 
  mgc_and(1,2,4)                                               1.064               0.000   0.000 0.077          0          30 
  mgc_and(1,3,4)                                               1.330               0.000   0.000 0.084          0           8 
  mgc_and(1,4,4)                                               1.596               0.000   0.000 0.090          0           7 
  mgc_and(1,5,4)                                               2.062               0.547   0.000 0.096          0           1 
  mgc_and(10,2,4)                                             10.640              11.128   0.000 0.077          0           2 
  mgc_and(11,2,4)                                             11.704              12.630   0.000 0.077          0           1 
  mgc_equal(11,4)                                             22.743              22.505   0.000 0.302          0           1 
  mgc_equal(12,4)                                             24.738              25.101   0.000 0.306          0           1 
  mgc_mux(1,1,2,5)                                             1.862               0.000   0.000 0.085          0           2 
  mgc_mux(10,1,2,5)                                           23.940              21.439   0.000 0.126          0           2 
  mgc_mux(11,1,2,5)                                           23.142              24.120   0.000 0.132          1           1 
  mgc_mux(16,1,2,1)                                           48.146              66.201   0.000 0.127          2           0 
  mgc_mux(16,1,2,5)                                           29.792              37.145   0.000 0.172          0           1 
  mgc_mux(8,1,2,1)                                            25.536              45.010   0.000 0.114          0           8 
  mgc_mux(8,1,2,2)                                            25.536              35.852   0.000 0.113          4           0 
  mgc_mux1hot(8,3,4)                                          21.548              21.200   0.000 0.125          1           1 
  mgc_mux1hot(8,4,4)                                          27.664              30.924   0.000 0.137          0           1 
  mgc_nand(1,2,4)                                              0.798               0.000   0.000 0.061          0           2 
  mgc_nand(1,4,4)                                              1.330               0.075   0.000 0.069          0           1 
  mgc_nor(1,2,2)                                               0.798               0.000   0.000 0.097          0          11 
  mgc_nor(1,3,4)                                               1.064               0.000   0.000 0.132          0           3 
  mgc_nor(1,9,4)                                               4.123               4.120   0.000 0.151          0           1 
  mgc_not(1,1)                                                 0.532               0.532   0.000 0.039          0          31 
  mgc_not(10,1)                                                5.320               6.384   0.000 0.039          0           1 
  mgc_not(8,1)                                                 4.256               4.256   0.000 0.039          0           1 
  mgc_or(1,10,4)                                               4.256               4.016   0.000 0.135          0           3 
  mgc_or(1,12,4)                                               5.054               5.794   0.000 0.141          0           1 
  mgc_or(1,2,2)                                                1.064               0.616   0.000 0.078          0          11 
  mgc_or(1,3,4)                                                1.330               0.000   0.000 0.115          0           4 
  mgc_or(1,4,4)                                                1.596               0.000   0.000 0.118          0           1 
  mgc_reg_pos(1,1,0,1,1,0,0,1)                                 7.182               1.862   5.320 0.122          0           2 
  mgc_reg_pos(1,1,0,1,1,1,1,1)                                 7.182               1.862   5.320 0.122          0          12 
  mgc_reg_pos(10,1,0,1,1,1,1,1)                               71.820              18.620  53.200 0.122          0           4 
  mgc_reg_pos(11,1,0,1,1,1,1,1)                               79.002              20.482  58.520 0.122          0           1 
  mgc_reg_pos(16,0,0,0,0,1,1,1)                               72.352               0.000  72.352 0.106          0           1 
  mgc_reg_pos(8,0,0,0,0,1,1,1)                                36.176               0.000  36.176 0.106          0           5 
  mgc_reg_pos(9,0,0,0,0,1,1,1)                                40.698               0.000  40.698 0.106          0           1 
                                                                                                                              
  TOTAL AREA (After Assignment):                            1481.793             776.000 640.000                              
  
Area Scores
                    Post-Scheduling  Post-DP & FSM Post-Assignment 
  ----------------- --------------- -------------- ---------------
  Total Area Score:   1120.1         1734.9          1505.3        
  Total Reg:           605.9  (54%)   781.8  (45%)    781.8  (52%) 
                                                                   
  DataPath:           1120.1 (100%)  1711.9  (99%)   1481.8  (98%) 
    MUX:               243.1  (22%)   549.4  (32%)    358.0  (24%) 
    FUNC:              271.1  (24%)   255.1  (15%)    192.7  (13%) 
    LOGIC:               0.0          146.6   (9%)    170.3  (11%) 
    BUFFER:              0.0            0.0             0.0        
    MEM:                 0.0            0.0             0.0        
    ROM:                 0.0            0.0             0.0        
    REG:               605.9  (54%)   760.8  (44%)    760.8  (51%) 
                                                                   
  
  FSM:                   0.0           23.0   (1%)     23.5   (2%) 
    FSM-REG:             0.0           21.0  (91%)     21.0  (89%) 
    FSM-COMB:            0.0            2.0   (9%)      2.5  (11%) 
                                                                   
  
  
  (MUX = multiplexers; FUNC = datapath logic (e.g. add/mult); LOGIC = control logic)

Register-to-Variable Mappings
  Register                                                        Size(bits) Gated Register CG Opt Done Variables                                                       
  --------------------------------------------------------------- ---------- -------------- ----------- ---------------------------------------------------------------
  reg(line_buf1:rsci.d_d).cse                                             16         Y           Y      reg(line_buf1:rsci.d_d).cse                                     
  VCOL:x.sva                                                              11         Y           Y      VCOL:x.sva                                                      
  VCOL:asn#4.itm                                                          10         Y                  VCOL:asn#4.itm                                                  
  VCOL:asn#4.itm.1                                                        10         Y           Y      VCOL:asn#4.itm.1                                                
  VCOL:asn#4.itm.2                                                        10         Y           Y      VCOL:asn#4.itm.2                                                
  VROW:y.sva                                                              10         Y           Y      VROW:y.sva                                                      
  dy:rsci.idat                                                             9         Y           Y      dy:rsci.idat                                                    
  dat_out:rsci.idat                                                        8         Y           Y      dat_out:rsci.idat                                               
  pix0.lpi#3                                                               8         Y           Y      pix0.lpi#3                                                      
                                                                                                        pix0.lpi#3.dfm#1                                                
  pix0.lpi#3.dfm.1                                                         8         Y           Y      pix0.lpi#3.dfm.1                                                
                                                                                                        rdbuf1_pix.lpi#3.dfm(15:8)                                      
  rdbuf1_pix.lpi#3(15:8)                                                   8         Y           Y      rdbuf1_pix.lpi#3(15:8)                                          
  wrbuf0_pix(7:0).lpi#4                                                    8         Y           Y      wrbuf0_pix(7:0).lpi#4                                           
  VCOL.stage_0.1                                                           1         Y                  VCOL.stage_0.1                                                  
  VCOL.stage_0.2                                                           1         Y                  VCOL.stage_0.2                                                  
  VCOL.stage_0.3                                                           1         Y                  VCOL.stage_0.3                                                  
  VCOL:asn#16.itm.1                                                        1         Y           Y      VCOL:asn#16.itm.1                                               
  VCOL:if:slc(VCOL:acc)(10).svs.1                                          1         Y           Y      VCOL:if:slc(VCOL:acc)(10).svs.1                                 
  VCOL:nor#1.itm.1                                                         1         Y           Y      VCOL:nor#1.itm.1                                                
  VCOL:nor#1.itm.2                                                         1         Y           Y      VCOL:nor#1.itm.2                                                
  dat_out:rsci.bcwt                                                        1                            dat_out:rsci.bcwt                                               
  dy:rsci.bcwt                                                             1                            dy:rsci.bcwt                                                    
  operator&<11,false>:operator&<11,false>:slc(VCOL:x)(0)#33.itm.1          1         Y           Y      operator&<11,false>:operator&<11,false>:slc(VCOL:x)(0)#33.itm.1 
  operator&<11,false>:operator&<11,false>:slc(VCOL:x)(0)#36.itm.1          1         Y           Y      operator&<11,false>:operator&<11,false>:slc(VCOL:x)(0)#36.itm.1 
  reg(dat_in:rsci.oswt).cse                                                1         Y                  reg(dat_in:rsci.oswt).cse                                       
  reg(dat_out:rsci.oswt).cse                                               1         Y                  reg(dat_out:rsci.oswt).cse                                      
  reg(line_buf0:rsci.cgo).cse                                              1         Y                  reg(line_buf0:rsci.cgo).cse                                     
                                                                                                                                                                        
  Total:                                                                 130            128         112 (Total Gating Ratio: 0.98, CG Opt Gating Ratio: 0.86)           
  
Timing Report
  Critical Path
    Max Delay:  1.78278
    Slack:      8.21722
    
    Path                                                                                                                                  Startpoint                                       Endpoint                                                   Delay  Slack  
    ------------------------------------------------------------------------------------------------------------------------------------- ------------------------------------------------ ---------------------------------------------------------- ------ ------
    1                                                                                                                                     EdgeDetect_IP::EdgeDetect_VerDer/line_buf0:rsc.q EdgeDetect_IP::EdgeDetect_VerDer:run/reg(VCOL:asn#4)       1.7828 8.2172 
                                                                                                                                                                                                                                                                    
      Instance                                                                                                                            Component                                                                                                   Delta  Delay  
      --------                                                                                                                            ---------                                                                                                   -----  -----  
      EdgeDetect_IP::EdgeDetect_VerDer/line_buf0:rsc.q                                                                                                                                                                                                0.5000 0.5000 
      EdgeDetect_IP::EdgeDetect_VerDer:ccs_sample_mem.ccs_ram_sync_singleport_rwport_en(6,16,10,963,963,16,5)gen/q                                                                                                                                    0.0000 0.5000 
      EdgeDetect_IP::EdgeDetect_VerDer:ccs_sample_mem.ccs_ram_sync_singleport_rwport_en(6,16,10,963,963,16,5)gen/VCOL:if#2:wrs(q_d)(15-0)                                                                                                             0.0000 0.5000 
      EdgeDetect_IP::EdgeDetect_VerDer:ccs_sample_mem.ccs_ram_sync_singleport_rwport_en(6,16,10,963,963,16,5)gen/q_d                                                                                                                                  0.0000 0.5000 
      EdgeDetect_IP::EdgeDetect_VerDer/line_buf0:rsci.q_d                                                                                                                                                                                             0.0000 0.5000 
      EdgeDetect_IP::EdgeDetect_VerDer:run/line_buf0:rsci.q_d                                                                                                                                                                                         0.0000 0.5000 
      EdgeDetect_IP::EdgeDetect_VerDer:run/VCOL:if#2:slc(line_buf0:rsci.q_d)(7-0)#2                                                                                                                                                                   0.0000 0.5000 
      EdgeDetect_IP::EdgeDetect_VerDer:run/VCOL:if#2:slc(line_buf0:rsci.q_d)(7-0)#2.itm                                                                                                                                                               0.0000 0.5000 
      EdgeDetect_IP::EdgeDetect_VerDer:run/VCOL:qelse#1:mux                                                                               mgc_mux_8_1_2_1                                                                                             0.1141 0.6141 
      EdgeDetect_IP::EdgeDetect_VerDer:run/VCOL:_qr#1.lpi#3.dfm:mx0                                                                                                                                                                                   0.0000 0.6141 
      EdgeDetect_IP::EdgeDetect_VerDer:run/VCOL:mux#8                                                                                     mgc_mux_8_1_2_1                                                                                             0.1141 0.7282 
      EdgeDetect_IP::EdgeDetect_VerDer:run/pix0.lpi#3.dfm#2:mx0                                                                                                                                                                                       0.0000 0.7282 
      EdgeDetect_IP::EdgeDetect_VerDer:run/pix0:not                                                                                       mgc_not_8_1                                                                                                 0.0390 0.7672 
      EdgeDetect_IP::EdgeDetect_VerDer:run/pix0:not.itm                                                                                                                                                                                               0.0000 0.7672 
      EdgeDetect_IP::EdgeDetect_VerDer:run/operator*<8,false>#2:mux#1                                                                     mgc_mux_8_1_2_1                                                                                             0.1141 0.8813 
      EdgeDetect_IP::EdgeDetect_VerDer:run/operator*<8,false>#2:mux#1.itm                                                                                                                                                                             0.0000 0.8813 
      EdgeDetect_IP::EdgeDetect_VerDer:run/VROW:acc:rg                                                                                    mgc_addc_10_0_8_0_10_7                                                                                      0.6983 1.5796 
      EdgeDetect_IP::EdgeDetect_VerDer:run/z.out                                                                                                                                                                                                      0.0000 1.5796 
      EdgeDetect_IP::EdgeDetect_VerDer:run/VROW:y:mux                                                                                     mgc_mux_10_1_2_5                                                                                            0.1257 1.7053 
      EdgeDetect_IP::EdgeDetect_VerDer:run/VROW:y:mux.itm                                                                                                                                                                                             0.0000 1.7053 
      EdgeDetect_IP::EdgeDetect_VerDer:run/VROW:y:VROW:y:and#1                                                                            mgc_and_10_2_4                                                                                              0.0775 1.7828 
      EdgeDetect_IP::EdgeDetect_VerDer:run/VROW:y:VROW:y:and#1.itm                                                                                                                                                                                    0.0000 1.7828 
      EdgeDetect_IP::EdgeDetect_VerDer:run/reg(VCOL:asn#4)                                                                                mgc_reg_pos_10_1_0_1_1_1_1_1                                                                                0.0000 1.7828 
                                                                                                                                                                                                                                                                    
    2                                                                                                                                     EdgeDetect_IP::EdgeDetect_VerDer/line_buf0:rsc.q EdgeDetect_IP::EdgeDetect_VerDer:run/reg(VCOL:asn#4)       1.7663 8.2337 
                                                                                                                                                                                                                                                                    
      Instance                                                                                                                            Component                                                                                                   Delta  Delay  
      --------                                                                                                                            ---------                                                                                                   -----  -----  
      EdgeDetect_IP::EdgeDetect_VerDer/line_buf0:rsc.q                                                                                                                                                                                                0.5000 0.5000 
      EdgeDetect_IP::EdgeDetect_VerDer:ccs_sample_mem.ccs_ram_sync_singleport_rwport_en(6,16,10,963,963,16,5)gen/q                                                                                                                                    0.0000 0.5000 
      EdgeDetect_IP::EdgeDetect_VerDer:ccs_sample_mem.ccs_ram_sync_singleport_rwport_en(6,16,10,963,963,16,5)gen/VCOL:if#2:wrs(q_d)(15-0)                                                                                                             0.0000 0.5000 
      EdgeDetect_IP::EdgeDetect_VerDer:ccs_sample_mem.ccs_ram_sync_singleport_rwport_en(6,16,10,963,963,16,5)gen/q_d                                                                                                                                  0.0000 0.5000 
      EdgeDetect_IP::EdgeDetect_VerDer/line_buf0:rsci.q_d                                                                                                                                                                                             0.0000 0.5000 
      EdgeDetect_IP::EdgeDetect_VerDer:run/line_buf0:rsci.q_d                                                                                                                                                                                         0.0000 0.5000 
      EdgeDetect_IP::EdgeDetect_VerDer:run/VCOL:if#2:slc(line_buf0:rsci.q_d)(7-0)#2                                                                                                                                                                   0.0000 0.5000 
      EdgeDetect_IP::EdgeDetect_VerDer:run/VCOL:if#2:slc(line_buf0:rsci.q_d)(7-0)#2.itm                                                                                                                                                               0.0000 0.5000 
      EdgeDetect_IP::EdgeDetect_VerDer:run/VCOL:qelse#1:mux                                                                               mgc_mux_8_1_2_1                                                                                             0.1141 0.6141 
      EdgeDetect_IP::EdgeDetect_VerDer:run/VCOL:_qr#1.lpi#3.dfm:mx0                                                                                                                                                                                   0.0000 0.6141 
      EdgeDetect_IP::EdgeDetect_VerDer:run/VCOL:VCOL:mux1h                                                                                mgc_mux1hot_8_3_4                                                                                           0.1250 0.7391 
      EdgeDetect_IP::EdgeDetect_VerDer:run/VCOL:VCOL:mux1h.itm                                                                                                                                                                                        0.0000 0.7391 
      EdgeDetect_IP::EdgeDetect_VerDer:run/conc                                                                                                                                                                                                       0.0000 0.7391 
      EdgeDetect_IP::EdgeDetect_VerDer:run/conc.itm                                                                                                                                                                                                   0.0000 0.7391 
      EdgeDetect_IP::EdgeDetect_VerDer:run/operator*<8,false>#2:mux                                                                       mgc_mux_10_1_2_5                                                                                            0.1257 0.8648 
      EdgeDetect_IP::EdgeDetect_VerDer:run/operator*<8,false>#2:mux.itm                                                                                                                                                                               0.0000 0.8648 
      EdgeDetect_IP::EdgeDetect_VerDer:run/VROW:acc:rg                                                                                    mgc_addc_10_0_8_0_10_7                                                                                      0.6983 1.5631 
      EdgeDetect_IP::EdgeDetect_VerDer:run/z.out                                                                                                                                                                                                      0.0000 1.5631 
      EdgeDetect_IP::EdgeDetect_VerDer:run/VROW:y:mux                                                                                     mgc_mux_10_1_2_5                                                                                            0.1257 1.6888 
      EdgeDetect_IP::EdgeDetect_VerDer:run/VROW:y:mux.itm                                                                                                                                                                                             0.0000 1.6888 
      EdgeDetect_IP::EdgeDetect_VerDer:run/VROW:y:VROW:y:and#1                                                                            mgc_and_10_2_4                                                                                              0.0775 1.7663 
      EdgeDetect_IP::EdgeDetect_VerDer:run/VROW:y:VROW:y:and#1.itm                                                                                                                                                                                    0.0000 1.7663 
      EdgeDetect_IP::EdgeDetect_VerDer:run/reg(VCOL:asn#4)                                                                                mgc_reg_pos_10_1_0_1_1_1_1_1                                                                                0.0000 1.7663 
                                                                                                                                                                                                                                                                    
    3                                                                                                                                     EdgeDetect_IP::EdgeDetect_VerDer/line_buf0:rsc.q EdgeDetect_IP::EdgeDetect_VerDer:run/reg(VROW:y)           1.6571 8.3429 
                                                                                                                                                                                                                                                                    
      Instance                                                                                                                            Component                                                                                                   Delta  Delay  
      --------                                                                                                                            ---------                                                                                                   -----  -----  
      EdgeDetect_IP::EdgeDetect_VerDer/line_buf0:rsc.q                                                                                                                                                                                                0.5000 0.5000 
      EdgeDetect_IP::EdgeDetect_VerDer:ccs_sample_mem.ccs_ram_sync_singleport_rwport_en(6,16,10,963,963,16,5)gen/q                                                                                                                                    0.0000 0.5000 
      EdgeDetect_IP::EdgeDetect_VerDer:ccs_sample_mem.ccs_ram_sync_singleport_rwport_en(6,16,10,963,963,16,5)gen/VCOL:if#2:wrs(q_d)(15-0)                                                                                                             0.0000 0.5000 
      EdgeDetect_IP::EdgeDetect_VerDer:ccs_sample_mem.ccs_ram_sync_singleport_rwport_en(6,16,10,963,963,16,5)gen/q_d                                                                                                                                  0.0000 0.5000 
      EdgeDetect_IP::EdgeDetect_VerDer/line_buf0:rsci.q_d                                                                                                                                                                                             0.0000 0.5000 
      EdgeDetect_IP::EdgeDetect_VerDer:run/line_buf0:rsci.q_d                                                                                                                                                                                         0.0000 0.5000 
      EdgeDetect_IP::EdgeDetect_VerDer:run/VCOL:if#2:slc(line_buf0:rsci.q_d)(7-0)#2                                                                                                                                                                   0.0000 0.5000 
      EdgeDetect_IP::EdgeDetect_VerDer:run/VCOL:if#2:slc(line_buf0:rsci.q_d)(7-0)#2.itm                                                                                                                                                               0.0000 0.5000 
      EdgeDetect_IP::EdgeDetect_VerDer:run/VCOL:qelse#1:mux                                                                               mgc_mux_8_1_2_1                                                                                             0.1141 0.6141 
      EdgeDetect_IP::EdgeDetect_VerDer:run/VCOL:_qr#1.lpi#3.dfm:mx0                                                                                                                                                                                   0.0000 0.6141 
      EdgeDetect_IP::EdgeDetect_VerDer:run/VCOL:mux#8                                                                                     mgc_mux_8_1_2_1                                                                                             0.1141 0.7282 
      EdgeDetect_IP::EdgeDetect_VerDer:run/pix0.lpi#3.dfm#2:mx0                                                                                                                                                                                       0.0000 0.7282 
      EdgeDetect_IP::EdgeDetect_VerDer:run/pix0:not                                                                                       mgc_not_8_1                                                                                                 0.0390 0.7672 
      EdgeDetect_IP::EdgeDetect_VerDer:run/pix0:not.itm                                                                                                                                                                                               0.0000 0.7672 
      EdgeDetect_IP::EdgeDetect_VerDer:run/operator*<8,false>#2:mux#1                                                                     mgc_mux_8_1_2_1                                                                                             0.1141 0.8813 
      EdgeDetect_IP::EdgeDetect_VerDer:run/operator*<8,false>#2:mux#1.itm                                                                                                                                                                             0.0000 0.8813 
      EdgeDetect_IP::EdgeDetect_VerDer:run/VROW:acc:rg                                                                                    mgc_addc_10_0_8_0_10_7                                                                                      0.6983 1.5796 
      EdgeDetect_IP::EdgeDetect_VerDer:run/z.out                                                                                                                                                                                                      0.0000 1.5796 
      EdgeDetect_IP::EdgeDetect_VerDer:run/VROW:y:VROW:y:and                                                                              mgc_and_10_2_4                                                                                              0.0775 1.6571 
      EdgeDetect_IP::EdgeDetect_VerDer:run/VROW:y:VROW:y:and.itm                                                                                                                                                                                      0.0000 1.6571 
      EdgeDetect_IP::EdgeDetect_VerDer:run/reg(VROW:y)                                                                                    mgc_reg_pos_10_1_0_1_1_1_1_1                                                                                0.0000 1.6571 
                                                                                                                                                                                                                                                                    
    4                                                                                                                                     EdgeDetect_IP::EdgeDetect_VerDer/line_buf1:rsc.q EdgeDetect_IP::EdgeDetect_VerDer:run/reg(VCOL:asn#4)       1.6522 8.3478 
                                                                                                                                                                                                                                                                    
      Instance                                                                                                                            Component                                                                                                   Delta  Delay  
      --------                                                                                                                            ---------                                                                                                   -----  -----  
      EdgeDetect_IP::EdgeDetect_VerDer/line_buf1:rsc.q                                                                                                                                                                                                0.5000 0.5000 
      EdgeDetect_IP::EdgeDetect_VerDer:ccs_sample_mem.ccs_ram_sync_singleport_rwport_en(7,16,10,963,963,16,5)gen/q                                                                                                                                    0.0000 0.5000 
      EdgeDetect_IP::EdgeDetect_VerDer:ccs_sample_mem.ccs_ram_sync_singleport_rwport_en(7,16,10,963,963,16,5)gen/VCOL:if#2:wrs(q_d)(15-0)                                                                                                             0.0000 0.5000 
      EdgeDetect_IP::EdgeDetect_VerDer:ccs_sample_mem.ccs_ram_sync_singleport_rwport_en(7,16,10,963,963,16,5)gen/q_d                                                                                                                                  0.0000 0.5000 
      EdgeDetect_IP::EdgeDetect_VerDer/line_buf1:rsci.q_d                                                                                                                                                                                             0.0000 0.5000 
      EdgeDetect_IP::EdgeDetect_VerDer:run/line_buf1:rsci.q_d                                                                                                                                                                                         0.0000 0.5000 
      EdgeDetect_IP::EdgeDetect_VerDer:run/VCOL:if#2:slc(line_buf1:rsci.q_d)(7-0)                                                                                                                                                                     0.0000 0.5000 
      EdgeDetect_IP::EdgeDetect_VerDer:run/VCOL:if#2:slc(line_buf1:rsci.q_d)(7-0).itm                                                                                                                                                                 0.0000 0.5000 
      EdgeDetect_IP::EdgeDetect_VerDer:run/VCOL:VCOL:mux1h                                                                                mgc_mux1hot_8_3_4                                                                                           0.1250 0.6250 
      EdgeDetect_IP::EdgeDetect_VerDer:run/VCOL:VCOL:mux1h.itm                                                                                                                                                                                        0.0000 0.6250 
      EdgeDetect_IP::EdgeDetect_VerDer:run/conc                                                                                                                                                                                                       0.0000 0.6250 
      EdgeDetect_IP::EdgeDetect_VerDer:run/conc.itm                                                                                                                                                                                                   0.0000 0.6250 
      EdgeDetect_IP::EdgeDetect_VerDer:run/operator*<8,false>#2:mux                                                                       mgc_mux_10_1_2_5                                                                                            0.1257 0.7507 
      EdgeDetect_IP::EdgeDetect_VerDer:run/operator*<8,false>#2:mux.itm                                                                                                                                                                               0.0000 0.7507 
      EdgeDetect_IP::EdgeDetect_VerDer:run/VROW:acc:rg                                                                                    mgc_addc_10_0_8_0_10_7                                                                                      0.6983 1.4490 
      EdgeDetect_IP::EdgeDetect_VerDer:run/z.out                                                                                                                                                                                                      0.0000 1.4490 
      EdgeDetect_IP::EdgeDetect_VerDer:run/VROW:y:mux                                                                                     mgc_mux_10_1_2_5                                                                                            0.1257 1.5747 
      EdgeDetect_IP::EdgeDetect_VerDer:run/VROW:y:mux.itm                                                                                                                                                                                             0.0000 1.5747 
      EdgeDetect_IP::EdgeDetect_VerDer:run/VROW:y:VROW:y:and#1                                                                            mgc_and_10_2_4                                                                                              0.0775 1.6522 
      EdgeDetect_IP::EdgeDetect_VerDer:run/VROW:y:VROW:y:and#1.itm                                                                                                                                                                                    0.0000 1.6522 
      EdgeDetect_IP::EdgeDetect_VerDer:run/reg(VCOL:asn#4)                                                                                mgc_reg_pos_10_1_0_1_1_1_1_1                                                                                0.0000 1.6522 
                                                                                                                                                                                                                                                                    
    5                                                                                                                                     EdgeDetect_IP::EdgeDetect_VerDer/line_buf0:rsc.q EdgeDetect_IP::EdgeDetect_VerDer:run/reg(VROW:y)           1.6406 8.3594 
                                                                                                                                                                                                                                                                    
      Instance                                                                                                                            Component                                                                                                   Delta  Delay  
      --------                                                                                                                            ---------                                                                                                   -----  -----  
      EdgeDetect_IP::EdgeDetect_VerDer/line_buf0:rsc.q                                                                                                                                                                                                0.5000 0.5000 
      EdgeDetect_IP::EdgeDetect_VerDer:ccs_sample_mem.ccs_ram_sync_singleport_rwport_en(6,16,10,963,963,16,5)gen/q                                                                                                                                    0.0000 0.5000 
      EdgeDetect_IP::EdgeDetect_VerDer:ccs_sample_mem.ccs_ram_sync_singleport_rwport_en(6,16,10,963,963,16,5)gen/VCOL:if#2:wrs(q_d)(15-0)                                                                                                             0.0000 0.5000 
      EdgeDetect_IP::EdgeDetect_VerDer:ccs_sample_mem.ccs_ram_sync_singleport_rwport_en(6,16,10,963,963,16,5)gen/q_d                                                                                                                                  0.0000 0.5000 
      EdgeDetect_IP::EdgeDetect_VerDer/line_buf0:rsci.q_d                                                                                                                                                                                             0.0000 0.5000 
      EdgeDetect_IP::EdgeDetect_VerDer:run/line_buf0:rsci.q_d                                                                                                                                                                                         0.0000 0.5000 
      EdgeDetect_IP::EdgeDetect_VerDer:run/VCOL:if#2:slc(line_buf0:rsci.q_d)(7-0)#2                                                                                                                                                                   0.0000 0.5000 
      EdgeDetect_IP::EdgeDetect_VerDer:run/VCOL:if#2:slc(line_buf0:rsci.q_d)(7-0)#2.itm                                                                                                                                                               0.0000 0.5000 
      EdgeDetect_IP::EdgeDetect_VerDer:run/VCOL:qelse#1:mux                                                                               mgc_mux_8_1_2_1                                                                                             0.1141 0.6141 
      EdgeDetect_IP::EdgeDetect_VerDer:run/VCOL:_qr#1.lpi#3.dfm:mx0                                                                                                                                                                                   0.0000 0.6141 
      EdgeDetect_IP::EdgeDetect_VerDer:run/VCOL:VCOL:mux1h                                                                                mgc_mux1hot_8_3_4                                                                                           0.1250 0.7391 
      EdgeDetect_IP::EdgeDetect_VerDer:run/VCOL:VCOL:mux1h.itm                                                                                                                                                                                        0.0000 0.7391 
      EdgeDetect_IP::EdgeDetect_VerDer:run/conc                                                                                                                                                                                                       0.0000 0.7391 
      EdgeDetect_IP::EdgeDetect_VerDer:run/conc.itm                                                                                                                                                                                                   0.0000 0.7391 
      EdgeDetect_IP::EdgeDetect_VerDer:run/operator*<8,false>#2:mux                                                                       mgc_mux_10_1_2_5                                                                                            0.1257 0.8648 
      EdgeDetect_IP::EdgeDetect_VerDer:run/operator*<8,false>#2:mux.itm                                                                                                                                                                               0.0000 0.8648 
      EdgeDetect_IP::EdgeDetect_VerDer:run/VROW:acc:rg                                                                                    mgc_addc_10_0_8_0_10_7                                                                                      0.6983 1.5631 
      EdgeDetect_IP::EdgeDetect_VerDer:run/z.out                                                                                                                                                                                                      0.0000 1.5631 
      EdgeDetect_IP::EdgeDetect_VerDer:run/VROW:y:VROW:y:and                                                                              mgc_and_10_2_4                                                                                              0.0775 1.6406 
      EdgeDetect_IP::EdgeDetect_VerDer:run/VROW:y:VROW:y:and.itm                                                                                                                                                                                      0.0000 1.6406 
      EdgeDetect_IP::EdgeDetect_VerDer:run/reg(VROW:y)                                                                                    mgc_reg_pos_10_1_0_1_1_1_1_1                                                                                0.0000 1.6406 
                                                                                                                                                                                                                                                                    
    6                                                                                                                                     EdgeDetect_IP::EdgeDetect_VerDer/line_buf0:rsc.q EdgeDetect_IP::EdgeDetect_VerDer:run/reg(dy:rsci.idat)     1.5796 8.4204 
                                                                                                                                                                                                                                                                    
      Instance                                                                                                                            Component                                                                                                   Delta  Delay  
      --------                                                                                                                            ---------                                                                                                   -----  -----  
      EdgeDetect_IP::EdgeDetect_VerDer/line_buf0:rsc.q                                                                                                                                                                                                0.5000 0.5000 
      EdgeDetect_IP::EdgeDetect_VerDer:ccs_sample_mem.ccs_ram_sync_singleport_rwport_en(6,16,10,963,963,16,5)gen/q                                                                                                                                    0.0000 0.5000 
      EdgeDetect_IP::EdgeDetect_VerDer:ccs_sample_mem.ccs_ram_sync_singleport_rwport_en(6,16,10,963,963,16,5)gen/VCOL:if#2:wrs(q_d)(15-0)                                                                                                             0.0000 0.5000 
      EdgeDetect_IP::EdgeDetect_VerDer:ccs_sample_mem.ccs_ram_sync_singleport_rwport_en(6,16,10,963,963,16,5)gen/q_d                                                                                                                                  0.0000 0.5000 
      EdgeDetect_IP::EdgeDetect_VerDer/line_buf0:rsci.q_d                                                                                                                                                                                             0.0000 0.5000 
      EdgeDetect_IP::EdgeDetect_VerDer:run/line_buf0:rsci.q_d                                                                                                                                                                                         0.0000 0.5000 
      EdgeDetect_IP::EdgeDetect_VerDer:run/VCOL:if#2:slc(line_buf0:rsci.q_d)(7-0)#2                                                                                                                                                                   0.0000 0.5000 
      EdgeDetect_IP::EdgeDetect_VerDer:run/VCOL:if#2:slc(line_buf0:rsci.q_d)(7-0)#2.itm                                                                                                                                                               0.0000 0.5000 
      EdgeDetect_IP::EdgeDetect_VerDer:run/VCOL:qelse#1:mux                                                                               mgc_mux_8_1_2_1                                                                                             0.1141 0.6141 
      EdgeDetect_IP::EdgeDetect_VerDer:run/VCOL:_qr#1.lpi#3.dfm:mx0                                                                                                                                                                                   0.0000 0.6141 
      EdgeDetect_IP::EdgeDetect_VerDer:run/VCOL:mux#8                                                                                     mgc_mux_8_1_2_1                                                                                             0.1141 0.7282 
      EdgeDetect_IP::EdgeDetect_VerDer:run/pix0.lpi#3.dfm#2:mx0                                                                                                                                                                                       0.0000 0.7282 
      EdgeDetect_IP::EdgeDetect_VerDer:run/pix0:not                                                                                       mgc_not_8_1                                                                                                 0.0390 0.7672 
      EdgeDetect_IP::EdgeDetect_VerDer:run/pix0:not.itm                                                                                                                                                                                               0.0000 0.7672 
      EdgeDetect_IP::EdgeDetect_VerDer:run/operator*<8,false>#2:mux#1                                                                     mgc_mux_8_1_2_1                                                                                             0.1141 0.8813 
      EdgeDetect_IP::EdgeDetect_VerDer:run/operator*<8,false>#2:mux#1.itm                                                                                                                                                                             0.0000 0.8813 
      EdgeDetect_IP::EdgeDetect_VerDer:run/VROW:acc:rg                                                                                    mgc_addc_10_0_8_0_10_7                                                                                      0.6983 1.5796 
      EdgeDetect_IP::EdgeDetect_VerDer:run/z.out                                                                                                                                                                                                      0.0000 1.5796 
      EdgeDetect_IP::EdgeDetect_VerDer:run/operator*<8,false>#2:slc(z.out)(8-0)                                                                                                                                                                       0.0000 1.5796 
      EdgeDetect_IP::EdgeDetect_VerDer:run/operator*<8,false>#2:slc(z.out)(8-0).itm                                                                                                                                                                   0.0000 1.5796 
      EdgeDetect_IP::EdgeDetect_VerDer:run/reg(dy:rsci.idat)                                                                              mgc_reg_pos_9_0_0_0_0_1_1_1                                                                                 0.0000 1.5796 
                                                                                                                                                                                                                                                                    
    7                                                                                                                                     EdgeDetect_IP::EdgeDetect_VerDer:run/widthIn     EdgeDetect_IP::EdgeDetect_VerDer:run/reg(pix0.lpi#3.dfm.1) 1.5779 8.4221 
                                                                                                                                                                                                                                                                    
      Instance                                                                                                                            Component                                                                                                   Delta  Delay  
      --------                                                                                                                            ---------                                                                                                   -----  -----  
      EdgeDetect_IP::EdgeDetect_VerDer:run/widthIn                                                                                                                                                                                                    0.0000 0.0000 
      EdgeDetect_IP::EdgeDetect_VerDer:run/operator-<11,false>:acc                                                                        mgc_addc_11_0_2_1_11_7                                                                                      0.8785 0.8785 
      EdgeDetect_IP::EdgeDetect_VerDer:run/operator-<11,false>:acc.itm                                                                                                                                                                                0.0000 0.8785 
      EdgeDetect_IP::EdgeDetect_VerDer:run/VCOL:equal#1                                                                                   mgc_equal_12_4                                                                                              0.3060 1.1845 
      EdgeDetect_IP::EdgeDetect_VerDer:run/VCOL:equal#1.tmp                                                                                                                                                                                           0.0000 1.1845 
      EdgeDetect_IP::EdgeDetect_VerDer:run/or                                                                                             mgc_or_1_12_4                                                                                               0.1406 1.3251 
      EdgeDetect_IP::EdgeDetect_VerDer:run/or.itm                                                                                                                                                                                                     0.0000 1.3251 
      EdgeDetect_IP::EdgeDetect_VerDer:run/and#121                                                                                        mgc_and_1_3_4                                                                                               0.0837 1.4088 
      EdgeDetect_IP::EdgeDetect_VerDer:run/and#121.itm                                                                                                                                                                                                0.0000 1.4088 
      EdgeDetect_IP::EdgeDetect_VerDer:run/mux#3                                                                                          mgc_mux_1_1_2_5                                                                                             0.0854 1.4942 
      EdgeDetect_IP::EdgeDetect_VerDer:run/mux#3.itm                                                                                                                                                                                                  0.0000 1.4942 
      EdgeDetect_IP::EdgeDetect_VerDer:run/and#122                                                                                        mgc_and_1_3_4                                                                                               0.0837 1.5779 
      EdgeDetect_IP::EdgeDetect_VerDer:run/and#122.itm                                                                                                                                                                                                0.0000 1.5779 
      EdgeDetect_IP::EdgeDetect_VerDer:run/reg(pix0.lpi#3.dfm.1)                                                                          mgc_reg_pos_8_0_0_0_0_1_1_1                                                                                 0.0000 1.5779 
                                                                                                                                                                                                                                                                    
    8                                                                                                                                     EdgeDetect_IP::EdgeDetect_VerDer/line_buf0:rsc.q EdgeDetect_IP::EdgeDetect_VerDer:run/reg(dy:rsci.idat)     1.5631 8.4369 
                                                                                                                                                                                                                                                                    
      Instance                                                                                                                            Component                                                                                                   Delta  Delay  
      --------                                                                                                                            ---------                                                                                                   -----  -----  
      EdgeDetect_IP::EdgeDetect_VerDer/line_buf0:rsc.q                                                                                                                                                                                                0.5000 0.5000 
      EdgeDetect_IP::EdgeDetect_VerDer:ccs_sample_mem.ccs_ram_sync_singleport_rwport_en(6,16,10,963,963,16,5)gen/q                                                                                                                                    0.0000 0.5000 
      EdgeDetect_IP::EdgeDetect_VerDer:ccs_sample_mem.ccs_ram_sync_singleport_rwport_en(6,16,10,963,963,16,5)gen/VCOL:if#2:wrs(q_d)(15-0)                                                                                                             0.0000 0.5000 
      EdgeDetect_IP::EdgeDetect_VerDer:ccs_sample_mem.ccs_ram_sync_singleport_rwport_en(6,16,10,963,963,16,5)gen/q_d                                                                                                                                  0.0000 0.5000 
      EdgeDetect_IP::EdgeDetect_VerDer/line_buf0:rsci.q_d                                                                                                                                                                                             0.0000 0.5000 
      EdgeDetect_IP::EdgeDetect_VerDer:run/line_buf0:rsci.q_d                                                                                                                                                                                         0.0000 0.5000 
      EdgeDetect_IP::EdgeDetect_VerDer:run/VCOL:if#2:slc(line_buf0:rsci.q_d)(7-0)#2                                                                                                                                                                   0.0000 0.5000 
      EdgeDetect_IP::EdgeDetect_VerDer:run/VCOL:if#2:slc(line_buf0:rsci.q_d)(7-0)#2.itm                                                                                                                                                               0.0000 0.5000 
      EdgeDetect_IP::EdgeDetect_VerDer:run/VCOL:qelse#1:mux                                                                               mgc_mux_8_1_2_1                                                                                             0.1141 0.6141 
      EdgeDetect_IP::EdgeDetect_VerDer:run/VCOL:_qr#1.lpi#3.dfm:mx0                                                                                                                                                                                   0.0000 0.6141 
      EdgeDetect_IP::EdgeDetect_VerDer:run/VCOL:VCOL:mux1h                                                                                mgc_mux1hot_8_3_4                                                                                           0.1250 0.7391 
      EdgeDetect_IP::EdgeDetect_VerDer:run/VCOL:VCOL:mux1h.itm                                                                                                                                                                                        0.0000 0.7391 
      EdgeDetect_IP::EdgeDetect_VerDer:run/conc                                                                                                                                                                                                       0.0000 0.7391 
      EdgeDetect_IP::EdgeDetect_VerDer:run/conc.itm                                                                                                                                                                                                   0.0000 0.7391 
      EdgeDetect_IP::EdgeDetect_VerDer:run/operator*<8,false>#2:mux                                                                       mgc_mux_10_1_2_5                                                                                            0.1257 0.8648 
      EdgeDetect_IP::EdgeDetect_VerDer:run/operator*<8,false>#2:mux.itm                                                                                                                                                                               0.0000 0.8648 
      EdgeDetect_IP::EdgeDetect_VerDer:run/VROW:acc:rg                                                                                    mgc_addc_10_0_8_0_10_7                                                                                      0.6983 1.5631 
      EdgeDetect_IP::EdgeDetect_VerDer:run/z.out                                                                                                                                                                                                      0.0000 1.5631 
      EdgeDetect_IP::EdgeDetect_VerDer:run/operator*<8,false>#2:slc(z.out)(8-0)                                                                                                                                                                       0.0000 1.5631 
      EdgeDetect_IP::EdgeDetect_VerDer:run/operator*<8,false>#2:slc(z.out)(8-0).itm                                                                                                                                                                   0.0000 1.5631 
      EdgeDetect_IP::EdgeDetect_VerDer:run/reg(dy:rsci.idat)                                                                              mgc_reg_pos_9_0_0_0_0_1_1_1                                                                                 0.0000 1.5631 
                                                                                                                                                                                                                                                                    
    9                                                                                                                                     EdgeDetect_IP::EdgeDetect_VerDer/line_buf1:rsc.q EdgeDetect_IP::EdgeDetect_VerDer:run/reg(dy:rsci.idat)     1.4490 8.5510 
                                                                                                                                                                                                                                                                    
      Instance                                                                                                                            Component                                                                                                   Delta  Delay  
      --------                                                                                                                            ---------                                                                                                   -----  -----  
      EdgeDetect_IP::EdgeDetect_VerDer/line_buf1:rsc.q                                                                                                                                                                                                0.5000 0.5000 
      EdgeDetect_IP::EdgeDetect_VerDer:ccs_sample_mem.ccs_ram_sync_singleport_rwport_en(7,16,10,963,963,16,5)gen/q                                                                                                                                    0.0000 0.5000 
      EdgeDetect_IP::EdgeDetect_VerDer:ccs_sample_mem.ccs_ram_sync_singleport_rwport_en(7,16,10,963,963,16,5)gen/VCOL:if#2:wrs(q_d)(15-0)                                                                                                             0.0000 0.5000 
      EdgeDetect_IP::EdgeDetect_VerDer:ccs_sample_mem.ccs_ram_sync_singleport_rwport_en(7,16,10,963,963,16,5)gen/q_d                                                                                                                                  0.0000 0.5000 
      EdgeDetect_IP::EdgeDetect_VerDer/line_buf1:rsci.q_d                                                                                                                                                                                             0.0000 0.5000 
      EdgeDetect_IP::EdgeDetect_VerDer:run/line_buf1:rsci.q_d                                                                                                                                                                                         0.0000 0.5000 
      EdgeDetect_IP::EdgeDetect_VerDer:run/VCOL:if#2:slc(line_buf1:rsci.q_d)(7-0)                                                                                                                                                                     0.0000 0.5000 
      EdgeDetect_IP::EdgeDetect_VerDer:run/VCOL:if#2:slc(line_buf1:rsci.q_d)(7-0).itm                                                                                                                                                                 0.0000 0.5000 
      EdgeDetect_IP::EdgeDetect_VerDer:run/VCOL:VCOL:mux1h                                                                                mgc_mux1hot_8_3_4                                                                                           0.1250 0.6250 
      EdgeDetect_IP::EdgeDetect_VerDer:run/VCOL:VCOL:mux1h.itm                                                                                                                                                                                        0.0000 0.6250 
      EdgeDetect_IP::EdgeDetect_VerDer:run/conc                                                                                                                                                                                                       0.0000 0.6250 
      EdgeDetect_IP::EdgeDetect_VerDer:run/conc.itm                                                                                                                                                                                                   0.0000 0.6250 
      EdgeDetect_IP::EdgeDetect_VerDer:run/operator*<8,false>#2:mux                                                                       mgc_mux_10_1_2_5                                                                                            0.1257 0.7507 
      EdgeDetect_IP::EdgeDetect_VerDer:run/operator*<8,false>#2:mux.itm                                                                                                                                                                               0.0000 0.7507 
      EdgeDetect_IP::EdgeDetect_VerDer:run/VROW:acc:rg                                                                                    mgc_addc_10_0_8_0_10_7                                                                                      0.6983 1.4490 
      EdgeDetect_IP::EdgeDetect_VerDer:run/z.out                                                                                                                                                                                                      0.0000 1.4490 
      EdgeDetect_IP::EdgeDetect_VerDer:run/operator*<8,false>#2:slc(z.out)(8-0)                                                                                                                                                                       0.0000 1.4490 
      EdgeDetect_IP::EdgeDetect_VerDer:run/operator*<8,false>#2:slc(z.out)(8-0).itm                                                                                                                                                                   0.0000 1.4490 
      EdgeDetect_IP::EdgeDetect_VerDer:run/reg(dy:rsci.idat)                                                                              mgc_reg_pos_9_0_0_0_0_1_1_1                                                                                 0.0000 1.4490 
                                                                                                                                                                                                                                                                    
    10                                                                                                                                    EdgeDetect_IP::EdgeDetect_VerDer:run/widthIn     EdgeDetect_IP::EdgeDetect_VerDer:run/reg(VCOL.stage_0.1)   1.4006 8.5994 
                                                                                                                                                                                                                                                                    
      Instance                                                                                                                            Component                                                                                                   Delta  Delay  
      --------                                                                                                                            ---------                                                                                                   -----  -----  
      EdgeDetect_IP::EdgeDetect_VerDer:run/widthIn                                                                                                                                                                                                    0.0000 0.0000 
      EdgeDetect_IP::EdgeDetect_VerDer:run/operator-<11,false>:acc                                                                        mgc_addc_11_0_2_1_11_7                                                                                      0.8785 0.8785 
      EdgeDetect_IP::EdgeDetect_VerDer:run/operator-<11,false>:acc.itm                                                                                                                                                                                0.0000 0.8785 
      EdgeDetect_IP::EdgeDetect_VerDer:run/VCOL:equal#1                                                                                   mgc_equal_12_4                                                                                              0.3060 1.1845 
      EdgeDetect_IP::EdgeDetect_VerDer:run/VCOL:equal#1.tmp                                                                                                                                                                                           0.0000 1.1845 
      EdgeDetect_IP::EdgeDetect_VerDer:run/nand#3                                                                                         mgc_nand_1_2_4                                                                                              0.0610 1.2455 
      EdgeDetect_IP::EdgeDetect_VerDer:run/nand#3.cse                                                                                                                                                                                                 0.0000 1.2455 
      EdgeDetect_IP::EdgeDetect_VerDer:run/VCOL:VCOL:and                                                                                  mgc_and_1_2_4                                                                                               0.0775 1.3230 
      EdgeDetect_IP::EdgeDetect_VerDer:run/VCOL:VCOL:and.cse                                                                                                                                                                                          0.0000 1.3230 
      EdgeDetect_IP::EdgeDetect_VerDer:run/VCOL:VCOL:or                                                                                   mgc_or_1_2_2                                                                                                0.0776 1.4006 
      EdgeDetect_IP::EdgeDetect_VerDer:run/VCOL:VCOL:or.itm                                                                                                                                                                                           0.0000 1.4006 
      EdgeDetect_IP::EdgeDetect_VerDer:run/reg(VCOL.stage_0.1)                                                                            mgc_reg_pos_1_1_0_1_1_1_1_1                                                                                 0.0000 1.4006 
                                                                                                                                                                                                                                                                    
    
  Register Input and Register-to-Output Slack
    Clock period or pin-to-reg delay constraint (clk): 10.0
    Clock uncertainty constraint (clk)               : 0.0
    
    Instance                                                                                                  Port                                      Slack (Delay) Messages 
    --------------------------------------------------------------------------------------------------------- ---------------------------------------- ------ ------- --------
    EdgeDetect_IP::EdgeDetect_VerDer:run/reg(dy:rsci.idat)                                                    operator*<8,false>#2:slc(z.out)(8-0).itm 8.4204  1.5796          
    EdgeDetect_IP::EdgeDetect_VerDer:run/reg(dat_out:rsci.idat)                                               VCOL:qelse#1:VCOL:qelse#1:mux.itm        9.3859  0.6141          
    EdgeDetect_IP::EdgeDetect_VerDer:run/reg(VROW:y)                                                          VROW:y:VROW:y:and.itm                    8.3429  1.6571          
    EdgeDetect_IP::EdgeDetect_VerDer:run/reg(VCOL:asn#16.itm.1)                                               VCOL:equal#1.tmp                         8.4221  1.5779          
    EdgeDetect_IP::EdgeDetect_VerDer:run/reg(VCOL:asn#4.itm.2)                                                VCOL:asn#4.itm.1                         9.5006  0.4994          
    EdgeDetect_IP::EdgeDetect_VerDer:run/reg(VCOL.stage_0.1)                                                  VCOL:VCOL:or.itm                         8.5994  1.4006          
    EdgeDetect_IP::EdgeDetect_VerDer:run/reg(VCOL:x)                                                          VCOL:x:VCOL:x:and.itm                    9.1984  0.8016          
    EdgeDetect_IP::EdgeDetect_VerDer:run/reg(VCOL:asn#4.itm.1)                                                VCOL:asn#4.itm                           9.6692  0.3308          
    EdgeDetect_IP::EdgeDetect_VerDer:run/reg(operator&<11,false>:operator&<11,false>:slc(VCOL:x)(0)#33.itm.1) VCOL:x:slc(VCOL:x.sva:mx1)(0).itm        9.2759  0.7241          
    EdgeDetect_IP::EdgeDetect_VerDer:run/reg(VCOL.stage_0.2)                                                  VCOL:VCOL:and#1.itm                      8.5995  1.4005          
    EdgeDetect_IP::EdgeDetect_VerDer:run/reg(VCOL.stage_0.3)                                                  VCOL:VCOL:and#2.itm                      9.8059  0.1941          
    EdgeDetect_IP::EdgeDetect_VerDer:run/reg(dat_in:rsci.oswt)                                                and#80.itm                               8.6646  1.3354          
    EdgeDetect_IP::EdgeDetect_VerDer:run/reg(dat_out:rsci.oswt)                                               and#82.itm                               9.6755  0.3245          
    EdgeDetect_IP::EdgeDetect_VerDer:run/reg(line_buf0:rsci.cgo)                                              and#84.rmff                              9.5839  0.4161          
    EdgeDetect_IP::EdgeDetect_VerDer:run/reg(line_buf1:rsci.d_d)                                              rdbuf0_pix:mux.itm                       9.3276  0.6724          
    EdgeDetect_IP::EdgeDetect_VerDer:run/reg(VCOL:asn#4)                                                      VROW:y:VROW:y:and#1.itm                  8.2172  1.7828          
    EdgeDetect_IP::EdgeDetect_VerDer:run/reg(pix0)                                                            pix0:pix0:mux.itm                        9.2718  0.7282          
    EdgeDetect_IP::EdgeDetect_VerDer:run/reg(rdbuf1_pix.lpi#3(15:8))                                          rdbuf1_pix:mux.itm                       9.3859  0.6141          
    EdgeDetect_IP::EdgeDetect_VerDer:run/reg(operator&<11,false>:operator&<11,false>:slc(VCOL:x)(0)#36.itm.1) VCOL:x:slc(VCOL:x.sva)(0).itm            9.8940  0.1060          
    EdgeDetect_IP::EdgeDetect_VerDer:run/reg(VCOL:nor#1.itm.2)                                                VCOL:nor#1.itm.1                         9.8940  0.1060          
    EdgeDetect_IP::EdgeDetect_VerDer:run/reg(pix0.lpi#3.dfm.1)                                                VCOL:mux1h#9.itm                         9.0209  0.9791          
    EdgeDetect_IP::EdgeDetect_VerDer:run/reg(wrbuf0_pix(7:0))#1                                               pix0.lpi#3.dfm:mx1                       9.0436  0.9564          
    EdgeDetect_IP::EdgeDetect_VerDer:run/reg(VCOL:if:slc(VCOL:acc)(10).svs.1)                                 operator-<10,false>:acc.tmp(10)          9.1843  0.8157          
    EdgeDetect_IP::EdgeDetect_VerDer:run/reg(VCOL:nor#1.itm.1)                                                VCOL:nor#1.itm                           9.7434  0.2566          
    EdgeDetect_IP::EdgeDetect_VerDer:run:dat_out:rsci:dat_out:wait_dp/reg(dat_out:rsci.bcwt)                  VCOL:if#5:nor.itm                        9.3271  0.6729          
    EdgeDetect_IP::EdgeDetect_VerDer:run:dy:rsci:dy:wait_dp/reg(dy:rsci.bcwt)                                 VCOL:if#5:nor#2.itm                      9.3271  0.6729          
    EdgeDetect_IP::EdgeDetect_VerDer                                                                          dat_in:rsc.rdy                           9.4241  0.5759          
    EdgeDetect_IP::EdgeDetect_VerDer                                                                          dat_out:rsc.dat                          9.8940  0.1060          
    EdgeDetect_IP::EdgeDetect_VerDer                                                                          dat_out:rsc.vld                          9.7775  0.2225          
    EdgeDetect_IP::EdgeDetect_VerDer                                                                          dy:rsc.dat                               9.8940  0.1060          
    EdgeDetect_IP::EdgeDetect_VerDer                                                                          dy:rsc.vld                               9.7775  0.2225          
    EdgeDetect_IP::EdgeDetect_VerDer                                                                          line_buf0:rsc.en                         9.4141  0.5859          
    EdgeDetect_IP::EdgeDetect_VerDer                                                                          line_buf0:rsc.we                         9.8003  0.1997          
    EdgeDetect_IP::EdgeDetect_VerDer                                                                          line_buf0:rsc.d                          9.0336  0.9664          
    EdgeDetect_IP::EdgeDetect_VerDer                                                                          line_buf0:rsc.adr                        9.8840  0.1160          
    EdgeDetect_IP::EdgeDetect_VerDer                                                                          line_buf1:rsc.en                         9.4141  0.5859          
    EdgeDetect_IP::EdgeDetect_VerDer                                                                          line_buf1:rsc.we                         9.8003  0.1997          
    EdgeDetect_IP::EdgeDetect_VerDer                                                                          line_buf1:rsc.d                          9.3176  0.6824          
    EdgeDetect_IP::EdgeDetect_VerDer                                                                          line_buf1:rsc.adr                        9.8840  0.1160          
    
Operator Bitwidth Summary
  Operation  Size (bits) Count 
  ---------- ----------- -----
  add                          
  -                   11     3 
  -                   10     1 
  and                          
  -                   11     1 
  -                   10     2 
  -                    1    46 
  equal                        
  -                    1     2 
  mux                          
  -                    8     8 
  -                   16     1 
  -                   11     1 
  -                   10     2 
  -                    1     2 
  mux1h                        
  -                    8     2 
  nand                         
  -                    1     3 
  nor                          
  -                    1    15 
  not                          
  -                    8     1 
  -                   10     1 
  -                    1    31 
  or                           
  -                    1    20 
  read_port                    
  -                    8     1 
  reg                          
  -                    9     1 
  -                    8     5 
  -                   16     1 
  -                   11     1 
  -                   10     4 
  -                    1    14 
  write_port                   
  -                    0     2 
  
End of Report
