 
                              Library Manager (TM)

                Version R-2020.09-SP3 for linux64 - Jan 19, 2021
  This release has significant feature enhancements. Please review the Release
                       Notes associated with this release.

                    Copyright (c) 1988 - 2021 Synopsys, Inc.
   This software and the associated documentation are proprietary to Synopsys,
 Inc. This software may only be used in accordance with the terms and conditions
 of a written license agreement with Synopsys, Inc. All other use, reproduction,
            or distribution of this software is strictly prohibited.

set search_path {/home/course/ee5252/lab_snps_flow/SAED14_EDK_LAB/SAED14_EDK_LAB/tech/star_rc /home/course/ee5252/lab_snps_flow/SAED14_EDK_LAB/SAED14_EDK_LAB/lib/stdcell_rvt/db_nldm /home/course/ee5252/lab_snps_flow/SAED14_EDK_LAB/SAED14_EDK_LAB/lib/sram/logic_synth/single .}
/home/course/ee5252/lab_snps_flow/SAED14_EDK_LAB/SAED14_EDK_LAB/tech/star_rc /home/course/ee5252/lab_snps_flow/SAED14_EDK_LAB/SAED14_EDK_LAB/lib/stdcell_rvt/db_nldm /home/course/ee5252/lab_snps_flow/SAED14_EDK_LAB/SAED14_EDK_LAB/lib/sram/logic_synth/single .
setenv RUN_RESULT /tmp/.tARL9456/_rreqfOb0
/tmp/.tARL9456/_rreqfOb0
set_current_mismatch_config auto_fix
1
set_app_options -name lib.workspace.build_script -value CLIBs/.scripts/saed14rvt_tt0p8v25c_physical_only.tcl
lib.workspace.build_script CLIBs/.scripts/saed14rvt_tt0p8v25c_physical_only.tcl
#suppress_messages
source -echo -verbose CLIBs/.scripts/saed14rvt_tt0p8v25c_physical_only.tcl
set NDM_LIBS {}
set FRAME_LIBS {/home/course/ee5252/lab_snps_flow/SAED14_EDK_LAB/SAED14_EDK_LAB/lib/stdcell_rvt/ndm/saed14rvt_frame_only.ndm}
/home/course/ee5252/lab_snps_flow/SAED14_EDK_LAB/SAED14_EDK_LAB/lib/stdcell_rvt/ndm/saed14rvt_frame_only.ndm
set LEF_FILES {}
set DB_FILES {}
set TECH_FILE "/home/course/ee5252/lab_snps_flow/SAED14_EDK_LAB/SAED14_EDK_LAB/tech/milkyway/saed14nm_1p9m_mw.tf"
/home/course/ee5252/lab_snps_flow/SAED14_EDK_LAB/SAED14_EDK_LAB/tech/milkyway/saed14nm_1p9m_mw.tf
set_app_options -name lib.workspace.create_cached_lib -value true
lib.workspace.create_cached_lib true
set_app_options -name lib.workspace.include_design_filters -value {SAEDRVT14_AOLVLUBUFE0_IY2V1_1 SAEDRVT14_AOLVLUBUFE0_IY2V1_10 SAEDRVT14_AOLVLUBUFE0_IY2V1_12 SAEDRVT14_AOLVLUBUFE0_IY2V1_2 SAEDRVT14_AOLVLUBUFE0_IY2V1_3 SAEDRVT14_AOLVLUBUFE0_IY2V1_4 SAEDRVT14_AOLVLUBUFE0_IY2V1_6 SAEDRVT14_AOLVLUBUFE0_IY2V1_8 SAEDRVT14_AOLVLUBUFE1_IY2V1_1 SAEDRVT14_AOLVLUBUFE1_IY2V1_10 SAEDRVT14_AOLVLUBUFE1_IY2V1_12 SAEDRVT14_AOLVLUBUFE1_IY2V1_2 SAEDRVT14_AOLVLUBUFE1_IY2V1_3 SAEDRVT14_AOLVLUBUFE1_IY2V1_4 SAEDRVT14_AOLVLUBUFE1_IY2V1_6 SAEDRVT14_AOLVLUBUFE1_IY2V1_8 SAEDRVT14_AOLVLUBUF_IY2V1_1 SAEDRVT14_AOLVLUBUF_IY2V1_10 SAEDRVT14_AOLVLUBUF_IY2V1_12 SAEDRVT14_AOLVLUBUF_IY2V1_2 SAEDRVT14_AOLVLUBUF_IY2V1_3 SAEDRVT14_AOLVLUBUF_IY2V1_4 SAEDRVT14_AOLVLUBUF_IY2V1_6 SAEDRVT14_AOLVLUBUF_IY2V1_8 SAEDRVT14_ELVLDNOR_V2_1 SAEDRVT14_ELVLDNOR_V2_10 SAEDRVT14_ELVLDNOR_V2_12 SAEDRVT14_ELVLDNOR_V2_2 SAEDRVT14_ELVLDNOR_V2_3 SAEDRVT14_ELVLDNOR_V2_4 SAEDRVT14_ELVLDNOR_V2_6 SAEDRVT14_ELVLDNOR_V2_8 SAEDRVT14_ELVLUNOR_V2_1 SAEDRVT14_ELVLUNOR_V2_10 SAEDRVT14_ELVLUNOR_V2_12 SAEDRVT14_ELVLUNOR_V2_2 SAEDRVT14_ELVLUNOR_V2_3 SAEDRVT14_ELVLUNOR_V2_4 SAEDRVT14_ELVLUNOR_V2_6 SAEDRVT14_ELVLUNOR_V2_8 SAEDRVT14_FSDN_V2_0P5 SAEDRVT14_LVLDBUFE0_IY2V1_1 SAEDRVT14_LVLDBUFE0_IY2V1_10 SAEDRVT14_LVLDBUFE0_IY2V1_12 SAEDRVT14_LVLDBUFE0_IY2V1_2 SAEDRVT14_LVLDBUFE0_IY2V1_3 SAEDRVT14_LVLDBUFE0_IY2V1_4 SAEDRVT14_LVLDBUFE0_IY2V1_6 SAEDRVT14_LVLDBUFE0_IY2V1_8 SAEDRVT14_LVLDBUFE0_IY2_1 SAEDRVT14_LVLDBUFE0_IY2_10 SAEDRVT14_LVLDBUFE0_IY2_12 SAEDRVT14_LVLDBUFE0_IY2_2 SAEDRVT14_LVLDBUFE0_IY2_3 SAEDRVT14_LVLDBUFE0_IY2_4 SAEDRVT14_LVLDBUFE0_IY2_6 SAEDRVT14_LVLDBUFE1_IY2V1_1 SAEDRVT14_LVLDBUFE1_IY2V1_10 SAEDRVT14_LVLDBUFE1_IY2V1_12 SAEDRVT14_LVLDBUFE1_IY2V1_2 SAEDRVT14_LVLDBUFE1_IY2V1_3 SAEDRVT14_LVLDBUFE1_IY2V1_4 SAEDRVT14_LVLDBUFE1_IY2V1_6 SAEDRVT14_LVLDBUFE1_IY2V1_8 SAEDRVT14_LVLDBUFE1_IY2_1 SAEDRVT14_LVLDBUFE1_IY2_10 SAEDRVT14_LVLDBUFE1_IY2_12 SAEDRVT14_LVLDBUFE1_IY2_2 SAEDRVT14_LVLDBUFE1_IY2_4 SAEDRVT14_LVLDBUFE1_IY2_6 SAEDRVT14_LVLDBUFE1_IY2_8 SAEDRVT14_LVLDBUF_IY2V1_1 SAEDRVT14_LVLDBUF_IY2V1_10 SAEDRVT14_LVLDBUF_IY2V1_12 SAEDRVT14_LVLDBUF_IY2V1_2 SAEDRVT14_LVLDBUF_IY2V1_3 SAEDRVT14_LVLDBUF_IY2V1_4 SAEDRVT14_LVLDBUF_IY2V1_6 SAEDRVT14_LVLDBUF_IY2V1_8 SAEDRVT14_LVLUBUF4E0_IY2_2 SAEDRVT14_LVLUBUF4E0_IY2_4 SAEDRVT14_LVLUBUF4E0_IY2_8 SAEDRVT14_LVLUBUFE0_IY2V1_1 SAEDRVT14_LVLUBUFE0_IY2V1_10 SAEDRVT14_LVLUBUFE0_IY2V1_12 SAEDRVT14_LVLUBUFE0_IY2V1_2 SAEDRVT14_LVLUBUFE0_IY2V1_3 SAEDRVT14_LVLUBUFE0_IY2V1_4 SAEDRVT14_LVLUBUFE0_IY2V1_6 SAEDRVT14_LVLUBUFE0_IY2V1_8 SAEDRVT14_LVLUBUFE0_IY2_1 SAEDRVT14_LVLUBUFE0_IY2_10 SAEDRVT14_LVLUBUFE0_IY2_12 SAEDRVT14_LVLUBUFE0_IY2_2 SAEDRVT14_LVLUBUFE0_IY2_3 SAEDRVT14_LVLUBUFE0_IY2_4 SAEDRVT14_LVLUBUFE0_IY2_6 SAEDRVT14_LVLUBUFE0_IY2_8 SAEDRVT14_LVLUBUFE1_IY2V1_1 SAEDRVT14_LVLUBUFE1_IY2V1_10 SAEDRVT14_LVLUBUFE1_IY2V1_12 SAEDRVT14_LVLUBUFE1_IY2V1_2 SAEDRVT14_LVLUBUFE1_IY2V1_3 SAEDRVT14_LVLUBUFE1_IY2V1_4 SAEDRVT14_LVLUBUFE1_IY2V1_6 SAEDRVT14_LVLUBUFE1_IY2V1_8 SAEDRVT14_LVLUBUFE1_IY2_1 SAEDRVT14_LVLUBUFE1_IY2_10 SAEDRVT14_LVLUBUFE1_IY2_12 SAEDRVT14_LVLUBUFE1_IY2_2 SAEDRVT14_LVLUBUFE1_IY2_3 SAEDRVT14_LVLUBUFE1_IY2_4 SAEDRVT14_LVLUBUFE1_IY2_6 SAEDRVT14_LVLUBUFE1_IY2_8 SAEDRVT14_LVLUBUF_IY2V1_1 SAEDRVT14_LVLUBUF_IY2V1_10 SAEDRVT14_LVLUBUF_IY2V1_12 SAEDRVT14_LVLUBUF_IY2V1_2 SAEDRVT14_LVLUBUF_IY2V1_3 SAEDRVT14_LVLUBUF_IY2V1_4 SAEDRVT14_LVLUBUF_IY2V1_6 SAEDRVT14_LVLUBUF_IY2V1_8 SAEDRVT14_LVLUBUF_IY2_1 SAEDRVT14_LVLUBUF_IY2_10 SAEDRVT14_LVLUBUF_IY2_12 SAEDRVT14_LVLUBUF_IY2_2 SAEDRVT14_LVLUBUF_IY2_3 SAEDRVT14_LVLUBUF_IY2_4 SAEDRVT14_LVLUBUF_IY2_6 SAEDRVT14_LVLUBUF_IY2_8 SAEDRVT14_PGATDRV_V1_8}
lib.workspace.include_design_filters {SAEDRVT14_AOLVLUBUFE0_IY2V1_1 SAEDRVT14_AOLVLUBUFE0_IY2V1_10 SAEDRVT14_AOLVLUBUFE0_IY2V1_12 SAEDRVT14_AOLVLUBUFE0_IY2V1_2 SAEDRVT14_AOLVLUBUFE0_IY2V1_3 SAEDRVT14_AOLVLUBUFE0_IY2V1_4 SAEDRVT14_AOLVLUBUFE0_IY2V1_6 SAEDRVT14_AOLVLUBUFE0_IY2V1_8 SAEDRVT14_AOLVLUBUFE1_IY2V1_1 SAEDRVT14_AOLVLUBUFE1_IY2V1_10 SAEDRVT14_AOLVLUBUFE1_IY2V1_12 SAEDRVT14_AOLVLUBUFE1_IY2V1_2 SAEDRVT14_AOLVLUBUFE1_IY2V1_3 SAEDRVT14_AOLVLUBUFE1_IY2V1_4 SAEDRVT14_AOLVLUBUFE1_IY2V1_6 SAEDRVT14_AOLVLUBUFE1_IY2V1_8 SAEDRVT14_AOLVLUBUF_IY2V1_1 SAEDRVT14_AOLVLUBUF_IY2V1_10 SAEDRVT14_AOLVLUBUF_IY2V1_12 SAEDRVT14_AOLVLUBUF_IY2V1_2 SAEDRVT14_AOLVLUBUF_IY2V1_3 SAEDRVT14_AOLVLUBUF_IY2V1_4 SAEDRVT14_AOLVLUBUF_IY2V1_6 SAEDRVT14_AOLVLUBUF_IY2V1_8 SAEDRVT14_ELVLDNOR_V2_1 SAEDRVT14_ELVLDNOR_V2_10 SAEDRVT14_ELVLDNOR_V2_12 SAEDRVT14_ELVLDNOR_V2_2 SAEDRVT14_ELVLDNOR_V2_3 SAEDRVT14_ELVLDNOR_V2_4 SAEDRVT14_ELVLDNOR_V2_6 SAEDRVT14_ELVLDNOR_V2_8 SAEDRVT14_ELVLUNOR_V2_1 SAEDRVT14_ELVLUNOR_V2_10 SAEDRVT14_ELVLUNOR_V2_12 SAEDRVT14_ELVLUNOR_V2_2 SAEDRVT14_ELVLUNOR_V2_3 SAEDRVT14_ELVLUNOR_V2_4 SAEDRVT14_ELVLUNOR_V2_6 SAEDRVT14_ELVLUNOR_V2_8 SAEDRVT14_FSDN_V2_0P5 SAEDRVT14_LVLDBUFE0_IY2V1_1 SAEDRVT14_LVLDBUFE0_IY2V1_10 SAEDRVT14_LVLDBUFE0_IY2V1_12 SAEDRVT14_LVLDBUFE0_IY2V1_2 SAEDRVT14_LVLDBUFE0_IY2V1_3 SAEDRVT14_LVLDBUFE0_IY2V1_4 SAEDRVT14_LVLDBUFE0_IY2V1_6 SAEDRVT14_LVLDBUFE0_IY2V1_8 SAEDRVT14_LVLDBUFE0_IY2_1 SAEDRVT14_LVLDBUFE0_IY2_10 SAEDRVT14_LVLDBUFE0_IY2_12 SAEDRVT14_LVLDBUFE0_IY2_2 SAEDRVT14_LVLDBUFE0_IY2_3 SAEDRVT14_LVLDBUFE0_IY2_4 SAEDRVT14_LVLDBUFE0_IY2_6 SAEDRVT14_LVLDBUFE1_IY2V1_1 SAEDRVT14_LVLDBUFE1_IY2V1_10 SAEDRVT14_LVLDBUFE1_IY2V1_12 SAEDRVT14_LVLDBUFE1_IY2V1_2 SAEDRVT14_LVLDBUFE1_IY2V1_3 SAEDRVT14_LVLDBUFE1_IY2V1_4 SAEDRVT14_LVLDBUFE1_IY2V1_6 SAEDRVT14_LVLDBUFE1_IY2V1_8 SAEDRVT14_LVLDBUFE1_IY2_1 SAEDRVT14_LVLDBUFE1_IY2_10 SAEDRVT14_LVLDBUFE1_IY2_12 SAEDRVT14_LVLDBUFE1_IY2_2 SAEDRVT14_LVLDBUFE1_IY2_4 SAEDRVT14_LVLDBUFE1_IY2_6 SAEDRVT14_LVLDBUFE1_IY2_8 SAEDRVT14_LVLDBUF_IY2V1_1 SAEDRVT14_LVLDBUF_IY2V1_10 SAEDRVT14_LVLDBUF_IY2V1_12 SAEDRVT14_LVLDBUF_IY2V1_2 SAEDRVT14_LVLDBUF_IY2V1_3 SAEDRVT14_LVLDBUF_IY2V1_4 SAEDRVT14_LVLDBUF_IY2V1_6 SAEDRVT14_LVLDBUF_IY2V1_8 SAEDRVT14_LVLUBUF4E0_IY2_2 SAEDRVT14_LVLUBUF4E0_IY2_4 SAEDRVT14_LVLUBUF4E0_IY2_8 SAEDRVT14_LVLUBUFE0_IY2V1_1 SAEDRVT14_LVLUBUFE0_IY2V1_10 SAEDRVT14_LVLUBUFE0_IY2V1_12 SAEDRVT14_LVLUBUFE0_IY2V1_2 SAEDRVT14_LVLUBUFE0_IY2V1_3 SAEDRVT14_LVLUBUFE0_IY2V1_4 SAEDRVT14_LVLUBUFE0_IY2V1_6 SAEDRVT14_LVLUBUFE0_IY2V1_8 SAEDRVT14_LVLUBUFE0_IY2_1 SAEDRVT14_LVLUBUFE0_IY2_10 SAEDRVT14_LVLUBUFE0_IY2_12 SAEDRVT14_LVLUBUFE0_IY2_2 SAEDRVT14_LVLUBUFE0_IY2_3 SAEDRVT14_LVLUBUFE0_IY2_4 SAEDRVT14_LVLUBUFE0_IY2_6 SAEDRVT14_LVLUBUFE0_IY2_8 SAEDRVT14_LVLUBUFE1_IY2V1_1 SAEDRVT14_LVLUBUFE1_IY2V1_10 SAEDRVT14_LVLUBUFE1_IY2V1_12 SAEDRVT14_LVLUBUFE1_IY2V1_2 SAEDRVT14_LVLUBUFE1_IY2V1_3 SAEDRVT14_LVLUBUFE1_IY2V1_4 SAEDRVT14_LVLUBUFE1_IY2V1_6 SAEDRVT14_LVLUBUFE1_IY2V1_8 SAEDRVT14_LVLUBUFE1_IY2_1 SAEDRVT14_LVLUBUFE1_IY2_10 SAEDRVT14_LVLUBUFE1_IY2_12 SAEDRVT14_LVLUBUFE1_IY2_2 SAEDRVT14_LVLUBUFE1_IY2_3 SAEDRVT14_LVLUBUFE1_IY2_4 SAEDRVT14_LVLUBUFE1_IY2_6 SAEDRVT14_LVLUBUFE1_IY2_8 SAEDRVT14_LVLUBUF_IY2V1_1 SAEDRVT14_LVLUBUF_IY2V1_10 SAEDRVT14_LVLUBUF_IY2V1_12 SAEDRVT14_LVLUBUF_IY2V1_2 SAEDRVT14_LVLUBUF_IY2V1_3 SAEDRVT14_LVLUBUF_IY2V1_4 SAEDRVT14_LVLUBUF_IY2V1_6 SAEDRVT14_LVLUBUF_IY2V1_8 SAEDRVT14_LVLUBUF_IY2_1 SAEDRVT14_LVLUBUF_IY2_10 SAEDRVT14_LVLUBUF_IY2_12 SAEDRVT14_LVLUBUF_IY2_2 SAEDRVT14_LVLUBUF_IY2_3 SAEDRVT14_LVLUBUF_IY2_4 SAEDRVT14_LVLUBUF_IY2_6 SAEDRVT14_LVLUBUF_IY2_8 SAEDRVT14_PGATDRV_V1_8}
#suppress_messages
set_app_options -name lib.workspace.allow_read_aggregate_lib -value true
lib.workspace.allow_read_aggregate_lib true
create_workspace saed14rvt_tt0p8v25c_physical_only -flow physical_only -scale_factor 10000
... created workspace saed14rvt_tt0p8v25c_physical_only in physical_only flow
foreach frame $FRAME_LIBS {
  read_ndm $frame
}
Information: Loading library file '/home/course/ee5252/lab_snps_flow/SAED14_EDK_LAB/SAED14_EDK_LAB/lib/stdcell_rvt/ndm/saed14rvt_frame_only.ndm' (FILE-007)
... including SAEDRVT14_AOLVLUBUFE0_IY2V1_1/frame
... including SAEDRVT14_AOLVLUBUFE0_IY2V1_10/frame
... including SAEDRVT14_AOLVLUBUFE0_IY2V1_12/frame
... including SAEDRVT14_AOLVLUBUFE0_IY2V1_2/frame
... including SAEDRVT14_AOLVLUBUFE0_IY2V1_3/frame
... including SAEDRVT14_AOLVLUBUFE0_IY2V1_4/frame
... including SAEDRVT14_AOLVLUBUFE0_IY2V1_6/frame
... including SAEDRVT14_AOLVLUBUFE0_IY2V1_8/frame
... including SAEDRVT14_AOLVLUBUFE1_IY2V1_1/frame
... including SAEDRVT14_AOLVLUBUFE1_IY2V1_10/frame
... including SAEDRVT14_AOLVLUBUFE1_IY2V1_12/frame
... including SAEDRVT14_AOLVLUBUFE1_IY2V1_2/frame
... including SAEDRVT14_AOLVLUBUFE1_IY2V1_3/frame
... including SAEDRVT14_AOLVLUBUFE1_IY2V1_4/frame
... including SAEDRVT14_AOLVLUBUFE1_IY2V1_6/frame
... including SAEDRVT14_AOLVLUBUFE1_IY2V1_8/frame
... including SAEDRVT14_AOLVLUBUF_IY2V1_1/frame
... including SAEDRVT14_AOLVLUBUF_IY2V1_10/frame
... including SAEDRVT14_AOLVLUBUF_IY2V1_12/frame
... including SAEDRVT14_AOLVLUBUF_IY2V1_2/frame
... including SAEDRVT14_AOLVLUBUF_IY2V1_3/frame
... including SAEDRVT14_AOLVLUBUF_IY2V1_4/frame
... including SAEDRVT14_AOLVLUBUF_IY2V1_6/frame
... including SAEDRVT14_AOLVLUBUF_IY2V1_8/frame
... including SAEDRVT14_ELVLDNOR_V2_1/frame
... including SAEDRVT14_ELVLDNOR_V2_10/frame
... including SAEDRVT14_ELVLDNOR_V2_12/frame
... including SAEDRVT14_ELVLDNOR_V2_2/frame
... including SAEDRVT14_ELVLDNOR_V2_3/frame
... including SAEDRVT14_ELVLDNOR_V2_4/frame
... including SAEDRVT14_ELVLDNOR_V2_6/frame
... including SAEDRVT14_ELVLDNOR_V2_8/frame
... including SAEDRVT14_ELVLUNOR_V2_1/frame
... including SAEDRVT14_ELVLUNOR_V2_10/frame
... including SAEDRVT14_ELVLUNOR_V2_12/frame
... including SAEDRVT14_ELVLUNOR_V2_2/frame
... including SAEDRVT14_ELVLUNOR_V2_3/frame
... including SAEDRVT14_ELVLUNOR_V2_4/frame
... including SAEDRVT14_ELVLUNOR_V2_6/frame
... including SAEDRVT14_ELVLUNOR_V2_8/frame
... including SAEDRVT14_FSDN_V2_0P5/frame
... including SAEDRVT14_LVLDBUFE0_IY2V1_1/frame
... including SAEDRVT14_LVLDBUFE0_IY2V1_10/frame
... including SAEDRVT14_LVLDBUFE0_IY2V1_12/frame
... including SAEDRVT14_LVLDBUFE0_IY2V1_2/frame
... including SAEDRVT14_LVLDBUFE0_IY2V1_3/frame
... including SAEDRVT14_LVLDBUFE0_IY2V1_4/frame
... including SAEDRVT14_LVLDBUFE0_IY2V1_6/frame
... including SAEDRVT14_LVLDBUFE0_IY2V1_8/frame
... including SAEDRVT14_LVLDBUFE0_IY2_1/frame
... including SAEDRVT14_LVLDBUFE0_IY2_10/frame
... including SAEDRVT14_LVLDBUFE0_IY2_12/frame
... including SAEDRVT14_LVLDBUFE0_IY2_2/frame
... including SAEDRVT14_LVLDBUFE0_IY2_3/frame
... including SAEDRVT14_LVLDBUFE0_IY2_4/frame
... including SAEDRVT14_LVLDBUFE0_IY2_6/frame
... including SAEDRVT14_LVLDBUFE1_IY2V1_1/frame
... including SAEDRVT14_LVLDBUFE1_IY2V1_10/frame
... including SAEDRVT14_LVLDBUFE1_IY2V1_12/frame
... including SAEDRVT14_LVLDBUFE1_IY2V1_2/frame
... including SAEDRVT14_LVLDBUFE1_IY2V1_3/frame
... including SAEDRVT14_LVLDBUFE1_IY2V1_4/frame
... including SAEDRVT14_LVLDBUFE1_IY2V1_6/frame
... including SAEDRVT14_LVLDBUFE1_IY2V1_8/frame
... including SAEDRVT14_LVLDBUFE1_IY2_1/frame
... including SAEDRVT14_LVLDBUFE1_IY2_10/frame
... including SAEDRVT14_LVLDBUFE1_IY2_12/frame
... including SAEDRVT14_LVLDBUFE1_IY2_2/frame
... including SAEDRVT14_LVLDBUFE1_IY2_4/frame
... including SAEDRVT14_LVLDBUFE1_IY2_6/frame
... including SAEDRVT14_LVLDBUFE1_IY2_8/frame
... including SAEDRVT14_LVLDBUF_IY2V1_1/frame
... including SAEDRVT14_LVLDBUF_IY2V1_10/frame
... including SAEDRVT14_LVLDBUF_IY2V1_12/frame
... including SAEDRVT14_LVLDBUF_IY2V1_2/frame
... including SAEDRVT14_LVLDBUF_IY2V1_3/frame
... including SAEDRVT14_LVLDBUF_IY2V1_4/frame
... including SAEDRVT14_LVLDBUF_IY2V1_6/frame
... including SAEDRVT14_LVLDBUF_IY2V1_8/frame
... including SAEDRVT14_LVLUBUF4E0_IY2_2/frame
... including SAEDRVT14_LVLUBUF4E0_IY2_4/frame
... including SAEDRVT14_LVLUBUF4E0_IY2_8/frame
... including SAEDRVT14_LVLUBUFE0_IY2V1_1/frame
... including SAEDRVT14_LVLUBUFE0_IY2V1_10/frame
... including SAEDRVT14_LVLUBUFE0_IY2V1_12/frame
... including SAEDRVT14_LVLUBUFE0_IY2V1_2/frame
... including SAEDRVT14_LVLUBUFE0_IY2V1_3/frame
... including SAEDRVT14_LVLUBUFE0_IY2V1_4/frame
... including SAEDRVT14_LVLUBUFE0_IY2V1_6/frame
... including SAEDRVT14_LVLUBUFE0_IY2V1_8/frame
... including SAEDRVT14_LVLUBUFE0_IY2_1/frame
... including SAEDRVT14_LVLUBUFE0_IY2_10/frame
... including SAEDRVT14_LVLUBUFE0_IY2_12/frame
... including SAEDRVT14_LVLUBUFE0_IY2_2/frame
... including SAEDRVT14_LVLUBUFE0_IY2_3/frame
... including SAEDRVT14_LVLUBUFE0_IY2_4/frame
... including SAEDRVT14_LVLUBUFE0_IY2_6/frame
... including SAEDRVT14_LVLUBUFE0_IY2_8/frame
... including SAEDRVT14_LVLUBUFE1_IY2V1_1/frame
... including SAEDRVT14_LVLUBUFE1_IY2V1_10/frame
... including SAEDRVT14_LVLUBUFE1_IY2V1_12/frame
... including SAEDRVT14_LVLUBUFE1_IY2V1_2/frame
... including SAEDRVT14_LVLUBUFE1_IY2V1_3/frame
... including SAEDRVT14_LVLUBUFE1_IY2V1_4/frame
... including SAEDRVT14_LVLUBUFE1_IY2V1_6/frame
... including SAEDRVT14_LVLUBUFE1_IY2V1_8/frame
... including SAEDRVT14_LVLUBUFE1_IY2_1/frame
... including SAEDRVT14_LVLUBUFE1_IY2_10/frame
... including SAEDRVT14_LVLUBUFE1_IY2_12/frame
... including SAEDRVT14_LVLUBUFE1_IY2_2/frame
... including SAEDRVT14_LVLUBUFE1_IY2_3/frame
... including SAEDRVT14_LVLUBUFE1_IY2_4/frame
... including SAEDRVT14_LVLUBUFE1_IY2_6/frame
... including SAEDRVT14_LVLUBUFE1_IY2_8/frame
... including SAEDRVT14_LVLUBUF_IY2V1_1/frame
... including SAEDRVT14_LVLUBUF_IY2V1_10/frame
... including SAEDRVT14_LVLUBUF_IY2V1_12/frame
... including SAEDRVT14_LVLUBUF_IY2V1_2/frame
... including SAEDRVT14_LVLUBUF_IY2V1_3/frame
... including SAEDRVT14_LVLUBUF_IY2V1_4/frame
... including SAEDRVT14_LVLUBUF_IY2V1_6/frame
... including SAEDRVT14_LVLUBUF_IY2V1_8/frame
... including SAEDRVT14_LVLUBUF_IY2_1/frame
... including SAEDRVT14_LVLUBUF_IY2_10/frame
... including SAEDRVT14_LVLUBUF_IY2_12/frame
... including SAEDRVT14_LVLUBUF_IY2_2/frame
... including SAEDRVT14_LVLUBUF_IY2_3/frame
... including SAEDRVT14_LVLUBUF_IY2_4/frame
... including SAEDRVT14_LVLUBUF_IY2_6/frame
... including SAEDRVT14_LVLUBUF_IY2_8/frame
... including SAEDRVT14_PGATDRV_V1_8/frame
process_workspaces -check_options {-allow_missing} -force -directory CLIBs -output saed14rvt_tt0p8v25c_physical_only.ndm
Warning: Cannot specify the -allow_missing option in the physical_only flow. It is ignored.  (LMUI-009)
Checking libraries...
Building a physical-only workspace...
... looking for physical-only designs ...
Information: Copied 131 physical designs (LM-050)

Workspace check succeeded!
... wrote CLIBs/saed14rvt_tt0p8v25c_physical_only.ndm
... removing library 'saed14rvt_frame_only'
... lib workspace removed!

Warning: EMS database "check_workspace.ems" already exists, over-writing it. (EMS-040)
Maximum memory usage for this session: 89.20 MB
CPU usage for this session:      6 seconds (  0.00 hours)
Elapsed time for this session:     89 seconds (  0.02 hours)
Thank you for using Library Manager.

