-- Catapult Ultra Synthesis: Report                                              
-- ------------------------- ---------------------------------------------------
-- Version:                  2023.2/1059873 Production Release                   
-- Build Date:               Mon Aug  7 10:54:31 PDT 2023                        
                                                                                 
-- Generated by:             r12016@cad40                                        
-- Generated date:           Thu Jun 13 03:31:55 CST 2024                        

Solution Settings: UNET_IP::tranconv2d.v1
  Current state: extract
  Project: Catapult

Design Input Files Specified
  $PROJECT_HOME/../hls/main.h
    $MGC_HOME/shared/include/ac_int.h
    $MGC_HOME/shared/include/ac_channel.h
    $MGC_HOME/shared/include/mc_scverify.h
    $MGC_HOME/shared/include/ac_fixed.h
    $PROJECT_HOME/../hls/conv2d.h
      $MGC_HOME/shared/include/mc_scverify.h
      $PROJECT_HOME/../hls/defs.h
        $MGC_HOME/shared/include/ac_math/ac_sqrt_pwl.h
          $MGC_HOME/shared/include/ac_float.h
          $MGC_HOME/shared/include/ac_complex.h
          $MGC_HOME/shared/include/ac_math/ac_shift.h
          $MGC_HOME/shared/include/ac_math/ac_normalize.h
        $MGC_HOME/shared/include/ac_math/ac_atan2_cordic.h
    $PROJECT_HOME/../hls/maxpool.h
      $MGC_HOME/shared/include/mc_scverify.h
    $PROJECT_HOME/../hls/batchnorm_relu.h
      $MGC_HOME/shared/include/mc_scverify.h
    $PROJECT_HOME/../hls/tranconv2d.h
      $MGC_HOME/shared/include/mc_scverify.h

Processes/Blocks in Design
  Process                       Real Operation(s) count Latency Throughput Reset Length II Comments 
  ----------------------------- ----------------------- ------- ---------- ------------ -- --------
  /UNET_IP::tranconv2d/run_tran                      93  266384     266392            0  0        ? 
  Design Total:                                      93  266384     266392            0  0          
  
Bill Of Materials (Datapath)
  Component Name                                       Area Score Area(DSP) Area(LUTs) Area(MUX_CARRYs) Delay Post Alloc Post Assign 
  ---------------------------------------------------- ---------- --------- ---------- ---------------- ----- ---------- -----------
  [Lib: Xilinx_RAMS]                                                                                                                 
  BLOCK_1R1W_RBW_rport(1,15,12,32768,1,32768,12,1)          0.000     0.000      0.000            0.000 3.060          1           0 
  BLOCK_1R1W_RBW_rwport(1,15,12,32768,1,32768,12,1)         0.000     0.000      0.000            0.000 0.100          1           0 
  BLOCK_1R1W_RBW_rwport(2,15,12,32768,1,32768,12,1)         0.000     0.000      0.000            0.000 0.100          1           0 
  BLOCK_1R1W_RBW_rwport_en(1,15,12,32768,1,32768,12,1)      0.000     0.000      0.000            0.000 0.100          1           0 
  BLOCK_1R1W_RBW_rwport_en(2,15,12,32768,1,32768,12,1)      0.000     0.000      0.000            0.000 0.100          1           0 
  [Lib: Xilinx_ROMS]                                                                                                                 
  mgc_rom(10,485120,5,1)                               393216.000     0.000      0.000            0.000 2.172          1           0 
  mgc_rom(11,485120,5,1)                               393216.000     0.000      0.000            0.000 2.172          0           1 
  [Lib: ccs_ioport]                                                                                                                  
  ccs_in(3,7)                                               0.000     0.000      0.000            0.000 0.000          1           1 
  ccs_in(4,7)                                               0.000     0.000      0.000            0.000 0.000          1           1 
  ccs_in(5,2)                                               0.000     0.000      0.000            0.000 0.000          1           1 
  ccs_in(6,20)                                              0.000     0.000      0.000            0.000 0.000          1           1 
  ccs_in(7,7)                                               0.000     0.000      0.000            0.000 0.000          1           1 
  ccs_in(8,7)                                               0.000     0.000      0.000            0.000 0.000          1           1 
  ccs_in(9,3)                                               0.000     0.000      0.000            0.000 0.000          1           1 
  [Lib: mgc_Xilinx-ZYNQ-1_beh]                                                                                                       
  mgc_add(10,0,2,0,10)                                     10.000     0.000     10.000            9.000 1.565          2           2 
  mgc_add(11,0,4,0,11)                                     11.000     0.000     11.000           10.000 1.590          1           1 
  mgc_add(12,0,12,0,12)                                    12.000     0.000     12.000           11.000 1.615          1           1 
  mgc_add(14,0,7,0,14)                                     14.000     0.000     14.000           13.000 1.665          1           1 
  mgc_add(15,0,15,0,15)                                    15.000     0.000     15.000           14.000 1.690          3           3 
  mgc_add(18,0,11,0,18)                                    18.000     0.000     18.000           17.000 1.765          1           1 
  mgc_add(19,0,18,0,19)                                    19.000     0.000     19.000           18.000 1.790          1           1 
  mgc_add(2,0,2,0,2)                                        2.000     0.000      2.000            1.000 1.365          1           2 
  mgc_add(20,0,2,1,20)                                     20.000     0.000     20.000           19.000 1.815          1           1 
  mgc_add(28,0,27,0,28)                                    28.000     0.000     28.000           27.000 2.015          1           1 
  mgc_add(3,0,3,0,3)                                        3.000     0.000      3.000            2.000 1.390          1           3 
  mgc_add(4,0,2,0,4)                                        4.000     0.000      4.000            3.000 1.415          1           1 
  mgc_add(7,0,2,1,7)                                        7.000     0.000      7.000            6.000 1.490          1           2 
  mgc_add(7,0,2,1,8)                                        7.000     0.000      7.000            6.000 1.490          1           2 
  mgc_add(8,0,2,1,8)                                        8.000     0.000      8.000            7.000 1.515          1           1 
  mgc_add(8,0,8,0,8)                                        8.000     0.000      8.000            7.000 1.515          2           4 
  mgc_add(9,0,8,0,9)                                        9.000     0.000      9.000            8.000 1.540          1           2 
  mgc_and(1,2)                                              1.000     0.000      1.000            0.000 0.630          0           7 
  mgc_and(1,3)                                              1.000     0.000      1.000            0.000 0.630          0           1 
  mgc_and(12,2)                                            12.000     0.000     12.000            0.000 0.630          0           1 
  mgc_and(2,2)                                              2.000     0.000      2.000            0.000 0.630          0           3 
  mgc_and(20,2)                                            20.000     0.000     20.000            0.000 0.630          0           1 
  mgc_and(3,2)                                              3.000     0.000      3.000            0.000 0.630          0           1 
  mgc_and(7,2)                                              7.000     0.000      7.000            0.000 0.630          0           3 
  mgc_and(8,2)                                              8.000     0.000      8.000            0.000 0.630          0           2 
  mgc_mul(10,0,10,0,15)                                   665.000     1.000      0.000            0.000 4.769          1           1 
  mgc_mul(10,0,15,0,15)                                   665.000     1.000      0.000            0.000 4.779          1           1 
  mgc_mul(10,0,17,0,27)                                   665.000     1.000      0.000            0.000 5.314          1           1 
  mgc_mul(2,0,2,0,4)                                      665.000     1.000      0.000            0.000 4.266          0           1 
  mgc_mul(3,0,7,0,10)                                     665.000     1.000      0.000            0.000 4.541          1           2 
  mgc_mul(4,0,14,0,18)                                    665.000     1.000      0.000            0.000 4.909          1           1 
  mgc_mul(5,1,12,1,16)                                    665.000     1.000      0.000            0.000 4.653          1           0 
  mgc_mul(7,0,10,0,15)                                    665.000     1.000      0.000            0.000 4.769          0           1 
  mgc_mul(7,0,10,0,17)                                    665.000     1.000      0.000            0.000 4.857          1           0 
  mgc_mul(7,0,8,0,14)                                     665.000     1.000      0.000            0.000 4.721          0           1 
  mgc_mul(8,1,12,1,17)                                    665.000     1.000      0.000            0.000 4.697          0           1 
  mgc_mux(1,1,2)                                            1.000     0.000      1.000            0.000 0.160          0           3 
  mgc_mux(12,1,2)                                          12.000     0.000     12.000            0.000 0.160          0           3 
  mgc_mux(15,1,2)                                          15.000     0.000     15.000            0.000 0.160          0           1 
  mgc_mux(2,1,2)                                            2.000     0.000      2.000            0.000 0.160          0           2 
  mgc_mux(20,1,2)                                          20.000     0.000     20.000            0.000 0.160          1           1 
  mgc_mux(3,1,2)                                            3.000     0.000      3.000            0.000 0.160          0           1 
  mgc_mux(5,1,2)                                            5.000     0.000      5.000            0.000 0.160          0           1 
  mgc_mux(7,1,2)                                            7.000     0.000      7.000            0.000 0.160          0           3 
  mgc_mux(8,1,2)                                            8.000     0.000      8.000            0.000 0.160          0           1 
  mgc_mux1hot(1,3)                                          1.446     0.000      1.446            0.000 0.630          0           1 
  mgc_mux1hot(7,3)                                         10.124     0.000     10.124            0.000 0.630          0           1 
  mgc_mux1hot(7,4)                                         12.812     0.000     12.812            0.000 1.660          0           1 
  mgc_nand(1,2)                                             1.000     0.000      1.000            0.000 0.630          0           1 
  mgc_nand(1,3)                                             1.000     0.000      1.000            0.000 0.630          0           2 
  mgc_nor(1,2)                                              1.000     0.000      1.000            0.000 0.630          0           4 
  mgc_nor(1,3)                                              1.000     0.000      1.000            0.000 0.630          0           3 
  mgc_nor(1,6)                                              1.000     0.000      1.000            0.000 0.630          0           1 
  mgc_nor(1,9)                                              2.000     0.000      2.000            0.000 1.660          0           1 
  mgc_not(1)                                                0.000     0.000      0.000            0.000 0.000          0          30 
  mgc_not(2)                                                0.000     0.000      0.000            0.000 0.000          0           3 
  mgc_not(27)                                               0.000     0.000      0.000            0.000 0.000          0           1 
  mgc_not(7)                                                0.000     0.000      0.000            0.000 0.000          0           7 
  mgc_or(1,2)                                               1.000     0.000      1.000            0.000 0.630          0          14 
  mgc_or(1,8)                                               2.000     0.000      2.000            0.000 1.660          0           1 
  mgc_reg_pos(1,1,0,1,1,0,0)                                0.000     0.000      0.000            0.000 0.660          0           5 
  mgc_reg_pos(1,1,0,1,1,1,1)                                0.000     0.000      0.000            0.000 0.660          0           1 
  mgc_reg_pos(10,1,0,1,1,1,1)                               0.000     0.000      0.000            0.000 0.660          0           4 
  mgc_reg_pos(11,1,0,1,1,0,0)                               0.000     0.000      0.000            0.000 0.660          0           1 
  mgc_reg_pos(12,1,0,1,1,1,1)                               0.000     0.000      0.000            0.000 0.660          0           1 
  mgc_reg_pos(14,1,0,1,1,1,1)                               0.000     0.000      0.000            0.000 0.660          0           2 
  mgc_reg_pos(15,1,0,1,1,0,0)                               0.000     0.000      0.000            0.000 0.660          0           1 
  mgc_reg_pos(15,1,0,1,1,1,1)                               0.000     0.000      0.000            0.000 0.660          0           2 
  mgc_reg_pos(17,1,0,1,1,0,0)                               0.000     0.000      0.000            0.000 0.660          0           1 
  mgc_reg_pos(18,1,0,1,1,0,0)                               0.000     0.000      0.000            0.000 0.660          0           1 
  mgc_reg_pos(2,1,0,1,1,0,0)                                0.000     0.000      0.000            0.000 0.660          0           1 
  mgc_reg_pos(2,1,0,1,1,1,1)                                0.000     0.000      0.000            0.000 0.660          0           3 
  mgc_reg_pos(20,1,0,1,1,0,0)                               0.000     0.000      0.000            0.000 0.660          0           1 
  mgc_reg_pos(3,1,0,1,1,1,1)                                0.000     0.000      0.000            0.000 0.660          0           1 
  mgc_reg_pos(4,1,0,1,1,1,1)                                0.000     0.000      0.000            0.000 0.660          0           1 
  mgc_reg_pos(5,1,0,1,1,1,1)                                0.000     0.000      0.000            0.000 0.660          0           1 
  mgc_reg_pos(7,1,0,1,1,1,1)                                0.000     0.000      0.000            0.000 0.660          0           6 
  mgc_reg_pos(8,1,0,1,1,1,1)                                0.000     0.000      0.000            0.000 0.660          0           2 
  [Lib: mgc_ioport]                                                                                                                  
  mgc_io_sync(0)                                            0.000     0.000      0.000            0.000 0.000          9           9 
                                                                                                                                     
  TOTAL AREA (After Assignment):                       400410.383    10.000    544.000          261.000                              
  
Area Scores
                      Post-Scheduling     Post-DP & FSM   Post-Assignment 
  ----------------- ----------------- ----------------- -----------------
  Total Area Score:   398134.0          405858.8          400422.4        
  Total Reg:               0.0               0.0               0.0        
                                                                          
  DataPath:           398134.0 (100%)   405846.8 (100%)   400410.4 (100%) 
    MUX:                  20.0   (0%)      295.8   (0%)      139.4   (0%) 
    FUNC:               4898.0   (1%)    12260.0   (3%)     6940.0   (2%) 
    LOGIC:                 0.0              75.0   (0%)      115.0   (0%) 
    BUFFER:                0.0               0.0               0.0        
    MEM:                   0.0               0.0               0.0        
    ROM:              393216.0  (99%)   393216.0  (97%)   393216.0  (98%) 
    REG:                   0.0               0.0               0.0        
                                                                          
  
  FSM:                     0.0              12.0   (0%)       12.0   (0%) 
    FSM-REG:               0.0               0.0               0.0        
    FSM-COMB:              0.0              12.0 (100%)       12.0 (100%) 
                                                                          
  
  
  (MUX = multiplexers; FUNC = datapath logic (e.g. add/mult); LOGIC = control logic)

Register-to-Variable Mappings
  Register                                       Size(bits) Gated Register CG Opt Done Variables                                                  
  ---------------------------------------------- ---------- -------------- ----------- ----------------------------------------------------------
  out_idx#1.sva                                          20                            out_idx#1.sva                                              
  LOOP_Y:acc#18.itm                                      18                            LOOP_Y:acc#18.itm                                          
  LOOP_RESET:mul#1.itm.1                                 17                            LOOP_RESET:mul#1.itm.1                                     
  LOOP_Y:acc#14.itm                                      15                            LOOP_Y:acc#14.itm                                          
  LOOP_Y:mul#10.itm                                      15         Y           Y      LOOP_Y:mul#10.itm                                          
  out_idx(14:0).sva                                      15         Y           Y      out_idx(14:0).sva                                          
  LOOP_Y:acc#15.itm                                      14         Y           Y      LOOP_Y:acc#15.itm                                          
  LOOP_Y:mul#1.itm                                       14         Y           Y      LOOP_Y:mul#1.itm                                           
  LOOP_Y:mul#4.itm(11:0)                                 12         Y           Y      LOOP_Y:mul#4.itm                                           
                                                                                       LOOP_Y:asn.itm                                             
  LOOP_Y:acc#17.itm                                      11                            LOOP_Y:acc#17.itm                                          
  LOOP_Y:acc#13.itm                                      10         Y           Y      LOOP_Y:acc#13.itm                                          
  LOOP_Y:acc#7.itm                                       10         Y           Y      LOOP_Y:acc#7.itm                                           
  out_height.sva                                         10         Y           Y      out_height.sva                                             
  out_width.sva                                          10         Y           Y      out_width.sva                                              
  in_c.sva                                                8         Y           Y      in_c.sva                                                   
  out_c.sva                                               8         Y           Y      out_c.sva                                                  
  LOOP_IN:io_read(in_channels:rsc.@).cse.sva              7         Y           Y      LOOP_IN:io_read(in_channels:rsc.@).cse.sva                 
  LOOP_OUT:io_read(out_channels:rsc.@)#1.cse.sva          7         Y           Y      LOOP_OUT:io_read(out_channels:rsc.@)#1.cse.sva             
  i.sva                                                   7         Y           Y      i.sva                                                      
  j.sva                                                   7         Y           Y      j.sva                                                      
  out_height:io_read(height:rsc.@).cse.sva                7         Y           Y      out_height:io_read(height:rsc.@).cse.sva                   
  out_width:io_read(width:rsc.@).cse.sva                  7         Y           Y      out_width:io_read(width:rsc.@).cse.sva                     
  LOOP_Y:slc(LOOP_Y:LOOP_Y:mul)(15-4).itm(4:0)            5         Y           Y      LOOP_Y:slc(LOOP_Y:LOOP_Y:mul)(15-4).itm                    
                                                                                       LOOP_Y:read_rom(UNET_IP::filters_pretrain.rom#3_map_1).itm 
  filter_size(3:0).sva                                    4         Y           Y      filter_size(3:0).sva                                       
  out_height:io_read(stride:rsc.@).cse.sva                3         Y           Y      out_height:io_read(stride:rsc.@).cse.sva                   
  LOOP_Y:mul#4.itm(13:12)                                 2                            LOOP_Y:mul#4.itm                                           
                                                                                       LOOP_Y:asn.itm                                             
  filter_size:io_read(kernel_size:rsc.@).cse.sva          2         Y           Y      filter_size:io_read(kernel_size:rsc.@).cse.sva             
  x.sva                                                   2         Y           Y      x.sva                                                      
  y.sva                                                   2         Y           Y      y.sva                                                      
  LOOP_RESET.stage_0.1                                    1                            LOOP_RESET.stage_0.1                                       
  LOOP_RESET.stage_0.2                                    1                            LOOP_RESET.stage_0.2                                       
  LOOP_RESET.stage_0.3                                    1                            LOOP_RESET.stage_0.3                                       
                                                                                       LOOP_X:acc#2.cse.sva(2)                                    
  exit:LOOP_Y.sva                                         1         Y           Y      exit:LOOP_Y.sva                                            
  reg(exit:LOOP_RESET.sva.1).cse                          1                            reg(exit:LOOP_RESET.sva.1).cse                             
  reg(stride.triosy:obj.ld).cse                           1                            reg(stride.triosy:obj.ld).cse                              
                                                                                                                                                  
  Total:                                                275            187         187 (Total Gating Ratio: 0.68, CG Opt Gating Ratio: 0.68)      
  
Timing Report
  Critical Path
    Max Delay:  9.2886
    Slack:      0.7113999999999994
    
    Path                                                                       Startpoint                                                    Endpoint                                                    Delay   Slack                       
    -------------------------------------------------------------------------- ------------------------------------------------------------- ----------------------------------------------------------- ------- ------ --------------------
    1                                                                          UNET_IP::tranconv2d:run_tran:inst/reg(in_c)                   UNET_IP::tranconv2d/input:rsc.radr                          9.2886  0.7114                      
                                                                                                                                                                                                                                             
      Instance                                                                 Component                                                                                                                 Delta   Delay  [MIN, MAX]           
      --------                                                                 ---------                                                                                                                 -----   -----  ------------------   
      UNET_IP::tranconv2d:run_tran:inst/reg(in_c)                              mgc_reg_pos_8_1_0_1_1_1_1                                                                                                 0.6600  0.6600                      
      UNET_IP::tranconv2d:run_tran:inst/in_c.sva                                                                                                                                                         0.0000  0.6600                      
      UNET_IP::tranconv2d:run_tran:inst/in_c:slc(in_c.sva)(6-0)#6                                                                                                                                        0.0000  0.6600                      
      UNET_IP::tranconv2d:run_tran:inst/in_c:slc(in_c.sva)(6-0)#6.itm                                                                                                                                    0.0000  0.6600                      
      UNET_IP::tranconv2d:run_tran:inst/LOOP_Y:mux1h#1                         mgc_mux1hot_7_4                                                                                                           1.6600  2.3200                      
      UNET_IP::tranconv2d:run_tran:inst/LOOP_Y:mux1h#1.itm                                                                                                                                               0.0000  2.3200                      
      UNET_IP::tranconv2d:run_tran:inst/LOOP_Y:conc#11                                                                                                                                                   0.0000  2.3200                      
      UNET_IP::tranconv2d:run_tran:inst/LOOP_Y:conc#11.itm                                                                                                                                               0.0000  2.3200                      
      UNET_IP::tranconv2d:run_tran:inst/LOOP_Y:mul:rg                          mgc_mul_10_0_15_0_15                                                                                                      4.7786  7.0986                      
      UNET_IP::tranconv2d:run_tran:inst/z.out#5                                                                                                                                                          0.0000  7.0986                      
      UNET_IP::tranconv2d:run_tran:inst/LOOP_Y:acc#1                           mgc_addc_15_0_15_0_15                                                                                                     1.6900  8.7886 [8.438600, 8.788600] 
      UNET_IP::tranconv2d:run_tran:inst/input:rsci.radr_d                                                                                                                                                0.0000  8.7886 [8.438600, 8.788600] 
      UNET_IP::tranconv2d/input:rsci.radr_d                                                                                                                                                              0.0000  8.7886 [8.438600, 8.788600] 
      input:rsci/radr_d                                                                                                                                                                                  0.0000  8.7886 [8.438600, 8.788600] 
      input:rsci/LOOP_Y:slc(radr_d)(14-0)                                                                                                                                                                -0.0233 8.7653 [8.438600, 8.765267] 
      input:rsci/LOOP_Y:asn(radr)                                                                                                                                                                        0.0000  8.7653 [8.438600, 8.765267] 
      input:rsci/radr                                                                                                                                                                                    0.0000  8.7653 [8.438600, 8.765267] 
      UNET_IP::tranconv2d/input:rsc.radr                                                                                                                                                                 0.5233  9.2886                      
                                                                                                                                                                                                                                             
    2                                                                          UNET_IP::tranconv2d:run_tran:inst/reg(in_c)                   UNET_IP::tranconv2d/output:rsc.radr                         9.2886  0.7114                      
                                                                                                                                                                                                                                             
      Instance                                                                 Component                                                                                                                 Delta   Delay  [MIN, MAX]           
      --------                                                                 ---------                                                                                                                 -----   -----  ------------------   
      UNET_IP::tranconv2d:run_tran:inst/reg(in_c)                              mgc_reg_pos_8_1_0_1_1_1_1                                                                                                 0.6600  0.6600                      
      UNET_IP::tranconv2d:run_tran:inst/in_c.sva                                                                                                                                                         0.0000  0.6600                      
      UNET_IP::tranconv2d:run_tran:inst/in_c:slc(in_c.sva)(6-0)#6                                                                                                                                        0.0000  0.6600                      
      UNET_IP::tranconv2d:run_tran:inst/in_c:slc(in_c.sva)(6-0)#6.itm                                                                                                                                    0.0000  0.6600                      
      UNET_IP::tranconv2d:run_tran:inst/LOOP_Y:mux1h#1                         mgc_mux1hot_7_4                                                                                                           1.6600  2.3200                      
      UNET_IP::tranconv2d:run_tran:inst/LOOP_Y:mux1h#1.itm                                                                                                                                               0.0000  2.3200                      
      UNET_IP::tranconv2d:run_tran:inst/LOOP_Y:conc#11                                                                                                                                                   0.0000  2.3200                      
      UNET_IP::tranconv2d:run_tran:inst/LOOP_Y:conc#11.itm                                                                                                                                               0.0000  2.3200                      
      UNET_IP::tranconv2d:run_tran:inst/LOOP_Y:mul:rg                          mgc_mul_10_0_15_0_15                                                                                                      4.7786  7.0986                      
      UNET_IP::tranconv2d:run_tran:inst/z.out#5                                                                                                                                                          0.0000  7.0986                      
      UNET_IP::tranconv2d:run_tran:inst/LOOP_Y:acc#9                           mgc_addc_15_0_15_0_15                                                                                                     1.6900  8.7886 [8.438600, 8.788600] 
      UNET_IP::tranconv2d:run_tran:inst/out_idx(14:0).sva#1                                                                                                                                              0.0000  8.7886 [8.438600, 8.788600] 
      UNET_IP::tranconv2d:run_tran:inst/LOOP_RESET:asn(output:rsci.radr_d)                                                                                                                               0.0000  8.7886 [8.438600, 8.788600] 
      UNET_IP::tranconv2d:run_tran:inst/output:rsci.radr_d                                                                                                                                               0.0000  8.7886 [8.438600, 8.788600] 
      UNET_IP::tranconv2d/output:rsci.radr_d                                                                                                                                                             0.0000  8.7886 [8.438600, 8.788600] 
      output:rsci/radr_d                                                                                                                                                                                 0.0000  8.7886 [8.438600, 8.788600] 
      output:rsci/LOOP_RESET:slc(radr_d)(14-0)                                                                                                                                                           -0.0233 8.7653 [8.438600, 8.765267] 
      output:rsci/LOOP_RESET:asn(radr)                                                                                                                                                                   0.0000  8.7653 [8.438600, 8.765267] 
      output:rsci/radr                                                                                                                                                                                   0.0000  8.7653 [8.438600, 8.765267] 
      UNET_IP::tranconv2d/output:rsc.radr                                                                                                                                                                0.5233  9.2886                      
                                                                                                                                                                                                                                             
    3                                                                          UNET_IP::tranconv2d:run_tran:inst/reg(i)                      UNET_IP::tranconv2d/output:rsc.radr                         9.2886  0.7114                      
                                                                                                                                                                                                                                             
      Instance                                                                 Component                                                                                                                 Delta   Delay  [MIN, MAX]           
      --------                                                                 ---------                                                                                                                 -----   -----  ------------------   
      UNET_IP::tranconv2d:run_tran:inst/reg(i)                                 mgc_reg_pos_7_1_0_1_1_1_1                                                                                                 0.6600  0.6600                      
      UNET_IP::tranconv2d:run_tran:inst/i.sva                                                                                                                                                            0.0000  0.6600                      
      UNET_IP::tranconv2d:run_tran:inst/LOOP_Y:mux1h#1                         mgc_mux1hot_7_4                                                                                                           1.6600  2.3200                      
      UNET_IP::tranconv2d:run_tran:inst/LOOP_Y:mux1h#1.itm                                                                                                                                               0.0000  2.3200                      
      UNET_IP::tranconv2d:run_tran:inst/LOOP_Y:conc#11                                                                                                                                                   0.0000  2.3200                      
      UNET_IP::tranconv2d:run_tran:inst/LOOP_Y:conc#11.itm                                                                                                                                               0.0000  2.3200                      
      UNET_IP::tranconv2d:run_tran:inst/LOOP_Y:mul:rg                          mgc_mul_10_0_15_0_15                                                                                                      4.7786  7.0986                      
      UNET_IP::tranconv2d:run_tran:inst/z.out#5                                                                                                                                                          0.0000  7.0986                      
      UNET_IP::tranconv2d:run_tran:inst/LOOP_Y:acc#9                           mgc_addc_15_0_15_0_15                                                                                                     1.6900  8.7886 [8.438600, 8.788600] 
      UNET_IP::tranconv2d:run_tran:inst/out_idx(14:0).sva#1                                                                                                                                              0.0000  8.7886 [8.438600, 8.788600] 
      UNET_IP::tranconv2d:run_tran:inst/LOOP_RESET:asn(output:rsci.radr_d)                                                                                                                               0.0000  8.7886 [8.438600, 8.788600] 
      UNET_IP::tranconv2d:run_tran:inst/output:rsci.radr_d                                                                                                                                               0.0000  8.7886 [8.438600, 8.788600] 
      UNET_IP::tranconv2d/output:rsci.radr_d                                                                                                                                                             0.0000  8.7886 [8.438600, 8.788600] 
      output:rsci/radr_d                                                                                                                                                                                 0.0000  8.7886 [8.438600, 8.788600] 
      output:rsci/LOOP_RESET:slc(radr_d)(14-0)                                                                                                                                                           -0.0233 8.7653 [8.438600, 8.765267] 
      output:rsci/LOOP_RESET:asn(radr)                                                                                                                                                                   0.0000  8.7653 [8.438600, 8.765267] 
      output:rsci/radr                                                                                                                                                                                   0.0000  8.7653 [8.438600, 8.765267] 
      UNET_IP::tranconv2d/output:rsc.radr                                                                                                                                                                0.5233  9.2886                      
                                                                                                                                                                                                                                             
    4                                                                          UNET_IP::tranconv2d:run_tran:inst/reg(LOOP_Y:mul#10)          UNET_IP::tranconv2d/output:rsc.radr                         9.2886  0.7114                      
                                                                                                                                                                                                                                             
      Instance                                                                 Component                                                                                                                 Delta   Delay  [MIN, MAX]           
      --------                                                                 ---------                                                                                                                 -----   -----  ------------------   
      UNET_IP::tranconv2d:run_tran:inst/reg(LOOP_Y:mul#10)                     mgc_reg_pos_15_1_0_1_1_1_1                                                                                                0.6600  0.6600                      
      UNET_IP::tranconv2d:run_tran:inst/LOOP_Y:mul#10.itm                                                                                                                                                0.0000  0.6600                      
      UNET_IP::tranconv2d:run_tran:inst/LOOP_Y:slc(LOOP_Y:mul#10.itm)(6-0)                                                                                                                               0.0000  0.6600                      
      UNET_IP::tranconv2d:run_tran:inst/LOOP_Y:slc(LOOP_Y:mul#10.itm)(6-0).itm                                                                                                                           0.0000  0.6600                      
      UNET_IP::tranconv2d:run_tran:inst/LOOP_Y:mux1h#1                         mgc_mux1hot_7_4                                                                                                           1.6600  2.3200                      
      UNET_IP::tranconv2d:run_tran:inst/LOOP_Y:mux1h#1.itm                                                                                                                                               0.0000  2.3200                      
      UNET_IP::tranconv2d:run_tran:inst/LOOP_Y:conc#11                                                                                                                                                   0.0000  2.3200                      
      UNET_IP::tranconv2d:run_tran:inst/LOOP_Y:conc#11.itm                                                                                                                                               0.0000  2.3200                      
      UNET_IP::tranconv2d:run_tran:inst/LOOP_Y:mul:rg                          mgc_mul_10_0_15_0_15                                                                                                      4.7786  7.0986                      
      UNET_IP::tranconv2d:run_tran:inst/z.out#5                                                                                                                                                          0.0000  7.0986                      
      UNET_IP::tranconv2d:run_tran:inst/LOOP_Y:acc#9                           mgc_addc_15_0_15_0_15                                                                                                     1.6900  8.7886 [8.438600, 8.788600] 
      UNET_IP::tranconv2d:run_tran:inst/out_idx(14:0).sva#1                                                                                                                                              0.0000  8.7886 [8.438600, 8.788600] 
      UNET_IP::tranconv2d:run_tran:inst/LOOP_RESET:asn(output:rsci.radr_d)                                                                                                                               0.0000  8.7886 [8.438600, 8.788600] 
      UNET_IP::tranconv2d:run_tran:inst/output:rsci.radr_d                                                                                                                                               0.0000  8.7886 [8.438600, 8.788600] 
      UNET_IP::tranconv2d/output:rsci.radr_d                                                                                                                                                             0.0000  8.7886 [8.438600, 8.788600] 
      output:rsci/radr_d                                                                                                                                                                                 0.0000  8.7886 [8.438600, 8.788600] 
      output:rsci/LOOP_RESET:slc(radr_d)(14-0)                                                                                                                                                           -0.0233 8.7653 [8.438600, 8.765267] 
      output:rsci/LOOP_RESET:asn(radr)                                                                                                                                                                   0.0000  8.7653 [8.438600, 8.765267] 
      output:rsci/radr                                                                                                                                                                                   0.0000  8.7653 [8.438600, 8.765267] 
      UNET_IP::tranconv2d/output:rsc.radr                                                                                                                                                                0.5233  9.2886                      
                                                                                                                                                                                                                                             
    5                                                                          UNET_IP::tranconv2d:run_tran:inst/reg(LOOP_Y:mul#1)           UNET_IP::tranconv2d/output:rsc.radr                         9.2886  0.7114                      
                                                                                                                                                                                                                                             
      Instance                                                                 Component                                                                                                                 Delta   Delay  [MIN, MAX]           
      --------                                                                 ---------                                                                                                                 -----   -----  ------------------   
      UNET_IP::tranconv2d:run_tran:inst/reg(LOOP_Y:mul#1)                      mgc_reg_pos_14_1_0_1_1_1_1                                                                                                0.6600  0.6600                      
      UNET_IP::tranconv2d:run_tran:inst/LOOP_Y:mul#1.itm                                                                                                                                                 0.0000  0.6600                      
      UNET_IP::tranconv2d:run_tran:inst/LOOP_Y:slc(LOOP_Y:mul#1.itm)(6-0)                                                                                                                                0.0000  0.6600                      
      UNET_IP::tranconv2d:run_tran:inst/LOOP_Y:slc(LOOP_Y:mul#1.itm)(6-0).itm                                                                                                                            0.0000  0.6600                      
      UNET_IP::tranconv2d:run_tran:inst/LOOP_Y:mux1h#1                         mgc_mux1hot_7_4                                                                                                           1.6600  2.3200                      
      UNET_IP::tranconv2d:run_tran:inst/LOOP_Y:mux1h#1.itm                                                                                                                                               0.0000  2.3200                      
      UNET_IP::tranconv2d:run_tran:inst/LOOP_Y:conc#11                                                                                                                                                   0.0000  2.3200                      
      UNET_IP::tranconv2d:run_tran:inst/LOOP_Y:conc#11.itm                                                                                                                                               0.0000  2.3200                      
      UNET_IP::tranconv2d:run_tran:inst/LOOP_Y:mul:rg                          mgc_mul_10_0_15_0_15                                                                                                      4.7786  7.0986                      
      UNET_IP::tranconv2d:run_tran:inst/z.out#5                                                                                                                                                          0.0000  7.0986                      
      UNET_IP::tranconv2d:run_tran:inst/LOOP_Y:acc#9                           mgc_addc_15_0_15_0_15                                                                                                     1.6900  8.7886 [8.438600, 8.788600] 
      UNET_IP::tranconv2d:run_tran:inst/out_idx(14:0).sva#1                                                                                                                                              0.0000  8.7886 [8.438600, 8.788600] 
      UNET_IP::tranconv2d:run_tran:inst/LOOP_RESET:asn(output:rsci.radr_d)                                                                                                                               0.0000  8.7886 [8.438600, 8.788600] 
      UNET_IP::tranconv2d:run_tran:inst/output:rsci.radr_d                                                                                                                                               0.0000  8.7886 [8.438600, 8.788600] 
      UNET_IP::tranconv2d/output:rsci.radr_d                                                                                                                                                             0.0000  8.7886 [8.438600, 8.788600] 
      output:rsci/radr_d                                                                                                                                                                                 0.0000  8.7886 [8.438600, 8.788600] 
      output:rsci/LOOP_RESET:slc(radr_d)(14-0)                                                                                                                                                           -0.0233 8.7653 [8.438600, 8.765267] 
      output:rsci/LOOP_RESET:asn(radr)                                                                                                                                                                   0.0000  8.7653 [8.438600, 8.765267] 
      output:rsci/radr                                                                                                                                                                                   0.0000  8.7653 [8.438600, 8.765267] 
      UNET_IP::tranconv2d/output:rsc.radr                                                                                                                                                                0.5233  9.2886                      
                                                                                                                                                                                                                                             
    6                                                                          UNET_IP::tranconv2d:run_tran:inst/reg(LOOP_RESET:mul#1.itm.1) UNET_IP::tranconv2d:run_tran:inst/reg(LOOP_RESET.stage_0.2) 9.2247  0.7753                      
                                                                                                                                                                                                                                             
      Instance                                                                 Component                                                                                                                 Delta   Delay  [MIN, MAX]           
      --------                                                                 ---------                                                                                                                 -----   -----  ------------------   
      UNET_IP::tranconv2d:run_tran:inst/reg(LOOP_RESET:mul#1.itm.1)            mgc_reg_pos_17_1_0_1_1_0_0                                                                                                0.6600  0.6600                      
      UNET_IP::tranconv2d:run_tran:inst/LOOP_RESET:mul#1.itm.1                                                                                                                                           0.0000  0.6600                      
      UNET_IP::tranconv2d:run_tran:inst/LOOP_RESET:mul                         mgc_mul_10_0_17_0_27                                                                                                      5.3138  5.9738                      
      UNET_IP::tranconv2d:run_tran:inst/LOOP_RESET:mul.itm                                                                                                                                               0.0000  5.9738                      
      UNET_IP::tranconv2d:run_tran:inst/LOOP_RESET:not#1                       mgc_not_27                                                                                                                0.0000  5.9738                      
      UNET_IP::tranconv2d:run_tran:inst/LOOP_RESET:not#1.itm                                                                                                                                             0.0000  5.9738                      
      UNET_IP::tranconv2d:run_tran:inst/LOOP_RESET:acc#2                       mgc_addc_28_0_27_0_28                                                                                                     2.0150  7.9888 [7.313769, 7.988769] 
      UNET_IP::tranconv2d:run_tran:inst/LOOP_RESET:acc#2.itm                                                                                                                                             0.0000  7.9888 [7.313769, 7.988769] 
      UNET_IP::tranconv2d:run_tran:inst/LOOP_RESET:slc(LOOP_RESET:acc#2)(27)                                                                                                                             -0.0241 7.9647                      
      UNET_IP::tranconv2d:run_tran:inst/LOOP_RESET:acc#2.itm(27)                                                                                                                                         0.0000  7.9647                      
      UNET_IP::tranconv2d:run_tran:inst/or#25                                  mgc_or_1_2                                                                                                                0.0000  7.9647                      
      UNET_IP::tranconv2d:run_tran:inst/or#25.itm                                                                                                                                                        0.0000  7.9647                      
      UNET_IP::tranconv2d:run_tran:inst/and#1                                  mgc_and_1_2                                                                                                               0.6300  8.5947                      
      UNET_IP::tranconv2d:run_tran:inst/LOOP_RESET.stage_0.1:mx0w1                                                                                                                                       0.0000  8.5947                      
      UNET_IP::tranconv2d:run_tran:inst/LOOP_RESET:LOOP_RESET:and#2            mgc_and_1_2                                                                                                               0.6300  9.2247                      
      UNET_IP::tranconv2d:run_tran:inst/LOOP_RESET:LOOP_RESET:and#2.itm                                                                                                                                  0.0000  9.2247                      
      UNET_IP::tranconv2d:run_tran:inst/reg(LOOP_RESET.stage_0.2)              mgc_reg_pos_1_1_0_1_1_0_0                                                                                                 0.0000  9.2247                      
                                                                                                                                                                                                                                             
    7                                                                          UNET_IP::tranconv2d:run_tran:inst/reg(LOOP_RESET:mul#1.itm.1) UNET_IP::tranconv2d:run_tran:inst/reg(LOOP_RESET.stage_0.1) 9.2247  0.7753                      
                                                                                                                                                                                                                                             
      Instance                                                                 Component                                                                                                                 Delta   Delay  [MIN, MAX]           
      --------                                                                 ---------                                                                                                                 -----   -----  ------------------   
      UNET_IP::tranconv2d:run_tran:inst/reg(LOOP_RESET:mul#1.itm.1)            mgc_reg_pos_17_1_0_1_1_0_0                                                                                                0.6600  0.6600                      
      UNET_IP::tranconv2d:run_tran:inst/LOOP_RESET:mul#1.itm.1                                                                                                                                           0.0000  0.6600                      
      UNET_IP::tranconv2d:run_tran:inst/LOOP_RESET:mul                         mgc_mul_10_0_17_0_27                                                                                                      5.3138  5.9738                      
      UNET_IP::tranconv2d:run_tran:inst/LOOP_RESET:mul.itm                                                                                                                                               0.0000  5.9738                      
      UNET_IP::tranconv2d:run_tran:inst/LOOP_RESET:not#1                       mgc_not_27                                                                                                                0.0000  5.9738                      
      UNET_IP::tranconv2d:run_tran:inst/LOOP_RESET:not#1.itm                                                                                                                                             0.0000  5.9738                      
      UNET_IP::tranconv2d:run_tran:inst/LOOP_RESET:acc#2                       mgc_addc_28_0_27_0_28                                                                                                     2.0150  7.9888 [7.313769, 7.988769] 
      UNET_IP::tranconv2d:run_tran:inst/LOOP_RESET:acc#2.itm                                                                                                                                             0.0000  7.9888 [7.313769, 7.988769] 
      UNET_IP::tranconv2d:run_tran:inst/LOOP_RESET:slc(LOOP_RESET:acc#2)(27)                                                                                                                             -0.0241 7.9647                      
      UNET_IP::tranconv2d:run_tran:inst/LOOP_RESET:acc#2.itm(27)                                                                                                                                         0.0000  7.9647                      
      UNET_IP::tranconv2d:run_tran:inst/or#25                                  mgc_or_1_2                                                                                                                0.0000  7.9647                      
      UNET_IP::tranconv2d:run_tran:inst/or#25.itm                                                                                                                                                        0.0000  7.9647                      
      UNET_IP::tranconv2d:run_tran:inst/and#1                                  mgc_and_1_2                                                                                                               0.6300  8.5947                      
      UNET_IP::tranconv2d:run_tran:inst/LOOP_RESET.stage_0.1:mx0w1                                                                                                                                       0.0000  8.5947                      
      UNET_IP::tranconv2d:run_tran:inst/LOOP_RESET:LOOP_RESET:or               mgc_or_1_2                                                                                                                0.6300  9.2247                      
      UNET_IP::tranconv2d:run_tran:inst/LOOP_RESET:LOOP_RESET:or.itm                                                                                                                                     0.0000  9.2247                      
      UNET_IP::tranconv2d:run_tran:inst/reg(LOOP_RESET.stage_0.1)              mgc_reg_pos_1_1_0_1_1_0_0                                                                                                 0.0000  9.2247                      
                                                                                                                                                                                                                                             
    8                                                                          UNET_IP::tranconv2d:run_tran:inst/reg(out_width)              UNET_IP::tranconv2d:run_tran:inst/reg(LOOP_RESET.stage_0.1) 9.2247  0.7753                      
                                                                                                                                                                                                                                             
      Instance                                                                 Component                                                                                                                 Delta   Delay  [MIN, MAX]           
      --------                                                                 ---------                                                                                                                 -----   -----  ------------------   
      UNET_IP::tranconv2d:run_tran:inst/reg(out_width)                         mgc_reg_pos_10_1_0_1_1_1_1                                                                                                0.6600  0.6600                      
      UNET_IP::tranconv2d:run_tran:inst/out_width.sva                                                                                                                                                    0.0000  0.6600                      
      UNET_IP::tranconv2d:run_tran:inst/LOOP_RESET:mul                         mgc_mul_10_0_17_0_27                                                                                                      5.3138  5.9738                      
      UNET_IP::tranconv2d:run_tran:inst/LOOP_RESET:mul.itm                                                                                                                                               0.0000  5.9738                      
      UNET_IP::tranconv2d:run_tran:inst/LOOP_RESET:not#1                       mgc_not_27                                                                                                                0.0000  5.9738                      
      UNET_IP::tranconv2d:run_tran:inst/LOOP_RESET:not#1.itm                                                                                                                                             0.0000  5.9738                      
      UNET_IP::tranconv2d:run_tran:inst/LOOP_RESET:acc#2                       mgc_addc_28_0_27_0_28                                                                                                     2.0150  7.9888 [7.313769, 7.988769] 
      UNET_IP::tranconv2d:run_tran:inst/LOOP_RESET:acc#2.itm                                                                                                                                             0.0000  7.9888 [7.313769, 7.988769] 
      UNET_IP::tranconv2d:run_tran:inst/LOOP_RESET:slc(LOOP_RESET:acc#2)(27)                                                                                                                             -0.0241 7.9647                      
      UNET_IP::tranconv2d:run_tran:inst/LOOP_RESET:acc#2.itm(27)                                                                                                                                         0.0000  7.9647                      
      UNET_IP::tranconv2d:run_tran:inst/or#25                                  mgc_or_1_2                                                                                                                0.0000  7.9647                      
      UNET_IP::tranconv2d:run_tran:inst/or#25.itm                                                                                                                                                        0.0000  7.9647                      
      UNET_IP::tranconv2d:run_tran:inst/and#1                                  mgc_and_1_2                                                                                                               0.6300  8.5947                      
      UNET_IP::tranconv2d:run_tran:inst/LOOP_RESET.stage_0.1:mx0w1                                                                                                                                       0.0000  8.5947                      
      UNET_IP::tranconv2d:run_tran:inst/LOOP_RESET:LOOP_RESET:or               mgc_or_1_2                                                                                                                0.6300  9.2247                      
      UNET_IP::tranconv2d:run_tran:inst/LOOP_RESET:LOOP_RESET:or.itm                                                                                                                                     0.0000  9.2247                      
      UNET_IP::tranconv2d:run_tran:inst/reg(LOOP_RESET.stage_0.1)              mgc_reg_pos_1_1_0_1_1_0_0                                                                                                 0.0000  9.2247                      
                                                                                                                                                                                                                                             
    9                                                                          UNET_IP::tranconv2d:run_tran:inst/reg(in_c)                   UNET_IP::tranconv2d:run_tran:inst/reg(out_idx(14:0))        8.7886  1.2114                      
                                                                                                                                                                                                                                             
      Instance                                                                 Component                                                                                                                 Delta   Delay  [MIN, MAX]           
      --------                                                                 ---------                                                                                                                 -----   -----  ------------------   
      UNET_IP::tranconv2d:run_tran:inst/reg(in_c)                              mgc_reg_pos_8_1_0_1_1_1_1                                                                                                 0.6600  0.6600                      
      UNET_IP::tranconv2d:run_tran:inst/in_c.sva                                                                                                                                                         0.0000  0.6600                      
      UNET_IP::tranconv2d:run_tran:inst/in_c:slc(in_c.sva)(6-0)#6                                                                                                                                        0.0000  0.6600                      
      UNET_IP::tranconv2d:run_tran:inst/in_c:slc(in_c.sva)(6-0)#6.itm                                                                                                                                    0.0000  0.6600                      
      UNET_IP::tranconv2d:run_tran:inst/LOOP_Y:mux1h#1                         mgc_mux1hot_7_4                                                                                                           1.6600  2.3200                      
      UNET_IP::tranconv2d:run_tran:inst/LOOP_Y:mux1h#1.itm                                                                                                                                               0.0000  2.3200                      
      UNET_IP::tranconv2d:run_tran:inst/LOOP_Y:conc#11                                                                                                                                                   0.0000  2.3200                      
      UNET_IP::tranconv2d:run_tran:inst/LOOP_Y:conc#11.itm                                                                                                                                               0.0000  2.3200                      
      UNET_IP::tranconv2d:run_tran:inst/LOOP_Y:mul:rg                          mgc_mul_10_0_15_0_15                                                                                                      4.7786  7.0986                      
      UNET_IP::tranconv2d:run_tran:inst/z.out#5                                                                                                                                                          0.0000  7.0986                      
      UNET_IP::tranconv2d:run_tran:inst/LOOP_Y:acc#9                           mgc_addc_15_0_15_0_15                                                                                                     1.6900  8.7886 [8.438600, 8.788600] 
      UNET_IP::tranconv2d:run_tran:inst/out_idx(14:0).sva#1                                                                                                                                              0.0000  8.7886 [8.438600, 8.788600] 
      UNET_IP::tranconv2d:run_tran:inst/reg(out_idx(14:0))                     mgc_reg_pos_15_1_0_1_1_1_1                                                                                                0.0000  8.7886                      
                                                                                                                                                                                                                                             
    10                                                                         UNET_IP::tranconv2d:run_tran:inst/reg(i)                      UNET_IP::tranconv2d:run_tran:inst/reg(out_idx(14:0))        8.7886  1.2114                      
                                                                                                                                                                                                                                             
      Instance                                                                 Component                                                                                                                 Delta   Delay  [MIN, MAX]           
      --------                                                                 ---------                                                                                                                 -----   -----  ------------------   
      UNET_IP::tranconv2d:run_tran:inst/reg(i)                                 mgc_reg_pos_7_1_0_1_1_1_1                                                                                                 0.6600  0.6600                      
      UNET_IP::tranconv2d:run_tran:inst/i.sva                                                                                                                                                            0.0000  0.6600                      
      UNET_IP::tranconv2d:run_tran:inst/LOOP_Y:mux1h#1                         mgc_mux1hot_7_4                                                                                                           1.6600  2.3200                      
      UNET_IP::tranconv2d:run_tran:inst/LOOP_Y:mux1h#1.itm                                                                                                                                               0.0000  2.3200                      
      UNET_IP::tranconv2d:run_tran:inst/LOOP_Y:conc#11                                                                                                                                                   0.0000  2.3200                      
      UNET_IP::tranconv2d:run_tran:inst/LOOP_Y:conc#11.itm                                                                                                                                               0.0000  2.3200                      
      UNET_IP::tranconv2d:run_tran:inst/LOOP_Y:mul:rg                          mgc_mul_10_0_15_0_15                                                                                                      4.7786  7.0986                      
      UNET_IP::tranconv2d:run_tran:inst/z.out#5                                                                                                                                                          0.0000  7.0986                      
      UNET_IP::tranconv2d:run_tran:inst/LOOP_Y:acc#9                           mgc_addc_15_0_15_0_15                                                                                                     1.6900  8.7886 [8.438600, 8.788600] 
      UNET_IP::tranconv2d:run_tran:inst/out_idx(14:0).sva#1                                                                                                                                              0.0000  8.7886 [8.438600, 8.788600] 
      UNET_IP::tranconv2d:run_tran:inst/reg(out_idx(14:0))                     mgc_reg_pos_15_1_0_1_1_1_1                                                                                                0.0000  8.7886                      
                                                                                                                                                                                                                                             
    
  Register Input and Register-to-Output Slack
    Clock period or pin-to-reg delay constraint (clk): 10.0
    Clock uncertainty constraint (clk)               : 0.0
    
    Instance                                                                 Port                                            Slack (Delay) Messages 
    ------------------------------------------------------------------------ ---------------------------------------------- ------ ------- --------
    UNET_IP::tranconv2d:run_tran/reg(out_idx#1)                              LOOP_RESET:LOOP_RESET:and.itm                  6.7350  3.2650          
    UNET_IP::tranconv2d:run_tran/reg(exit:LOOP_RESET.sva.1)                  LOOP_RESET:not.itm                             2.0353  7.9647          
    UNET_IP::tranconv2d:run_tran/reg(out_height:io_read(height:rsc.@))       height:rsci.idat                               3.7335  6.2665          
    UNET_IP::tranconv2d:run_tran/reg(out_width:io_read(width:rsc.@))         width:rsci.idat                                3.7335  6.2665          
    UNET_IP::tranconv2d:run_tran/reg(filter_size:io_read(kernel_size:rsc.@)) kernel_size:rsci.idat                          2.6440  7.3560          
    UNET_IP::tranconv2d:run_tran/reg(out_width)                              z.out                                          3.0735  6.9265          
    UNET_IP::tranconv2d:run_tran/reg(filter_size(3:0))                       z.out#3                                        1.9840  8.0160          
    UNET_IP::tranconv2d:run_tran/reg(out_height)                             z.out#1                                        3.0735  6.9265          
    UNET_IP::tranconv2d:run_tran/reg(out_height:io_read(stride:rsc.@))       stride:rsci.idat                               3.7335  6.2665          
    UNET_IP::tranconv2d:run_tran/reg(LOOP_RESET.stage_0.1)                   LOOP_RESET:LOOP_RESET:or.itm                   0.7753  9.2247          
    UNET_IP::tranconv2d:run_tran/reg(LOOP_RESET:mul#1.itm.1)                 z.out#4                                        1.9230  8.0770          
    UNET_IP::tranconv2d:run_tran/reg(LOOP_RESET.stage_0.2)                   LOOP_RESET:LOOP_RESET:and#2.itm                0.7753  9.2247          
    UNET_IP::tranconv2d:run_tran/reg(LOOP_RESET.stage_0.3)                   LOOP_RESET:and.itm                             6.7067  3.2933          
    UNET_IP::tranconv2d:run_tran/reg(stride.triosy:obj.ld)                   and#87.itm                                     5.6922  4.3078          
    UNET_IP::tranconv2d:run_tran/reg(LOOP_OUT:io_read(out_channels:rsc.@)#1) out_channels:rsci.idat                         4.9830  5.0170          
    UNET_IP::tranconv2d:run_tran/reg(out_c)                                  out_c:out_c:out_c:and.itm                      7.2200  2.7800          
    UNET_IP::tranconv2d:run_tran/reg(in_c)                                   out_c:out_c:and.itm                            7.2200  2.7800          
    UNET_IP::tranconv2d:run_tran/reg(LOOP_IN:io_read(in_channels:rsc.@))     in_channels:rsci.idat                          7.8300  2.1700          
    UNET_IP::tranconv2d:run_tran/reg(i)                                      i:i:i:and.itm                                  7.2200  2.7800          
    UNET_IP::tranconv2d:run_tran/reg(j)                                      i:i:i:and#1.itm                                7.2200  2.7800          
    UNET_IP::tranconv2d:run_tran/reg(x)                                      x:x:x:and.itm                                  7.3450  2.6550          
    UNET_IP::tranconv2d:run_tran/reg(exit:LOOP_Y)                            LOOP_Y:not.itm                                 6.6267  3.3733          
    UNET_IP::tranconv2d:run_tran/reg(y)                                      x:x:and.itm                                    7.3450  2.6550          
    UNET_IP::tranconv2d:run_tran/reg(LOOP_Y:mul#10)                          LOOP_Y:mul#10.itm#2                            4.5713  5.4287          
    UNET_IP::tranconv2d:run_tran/reg(LOOP_Y:acc#7)                           LOOP_Y:acc#7.itm#2                             3.0735  6.9265          
    UNET_IP::tranconv2d:run_tran/reg(LOOP_Y:acc#13)                          LOOP_Y:acc#13.itm#2                            3.0735  6.9265          
    UNET_IP::tranconv2d:run_tran/reg(LOOP_Y:mul#4)                           LOOP_Y:LOOP_Y:slc(LOOP_Y:mul#4.sdt)(13-12).itm 4.6195  5.3805          
    UNET_IP::tranconv2d:run_tran/reg(LOOP_Y:mul#4)#1                         LOOP_Y:LOOP_Y:LOOP_Y:mux.itm                   4.4595  5.5405          
    UNET_IP::tranconv2d:run_tran/reg(LOOP_Y:acc#17)                          LOOP_Y:acc#17.itm#3                            1.9840  8.0160          
    UNET_IP::tranconv2d:run_tran/reg(LOOP_Y:mul#1)                           LOOP_Y:slc(z.out#5)(13-0).itm                  2.9014  7.0986          
    UNET_IP::tranconv2d:run_tran/reg(LOOP_Y:acc#18)                          LOOP_Y:acc#18.itm#3                            2.0356  7.9644          
    UNET_IP::tranconv2d:run_tran/reg(LOOP_Y:acc#15)                          LOOP_Y:acc#15.itm#2                            1.2364  8.7636          
    UNET_IP::tranconv2d:run_tran/reg(LOOP_Y:acc#14)                          LOOP_Y:acc#14.itm#3                            2.8813  7.1187          
    UNET_IP::tranconv2d:run_tran/reg(LOOP_Y:slc(LOOP_Y:LOOP_Y:mul)(15-4))#1  LOOP_Y:LOOP_Y:LOOP_Y:mux#1.itm                 1.9230  8.0770          
    UNET_IP::tranconv2d:run_tran/reg(out_idx(14:0))                          out_idx(14:0).sva#1                            1.2114  8.7886          
    UNET_IP::tranconv2d                                                      input:rsc.radr                                 0.7114  9.2886          
    UNET_IP::tranconv2d                                                      input:rsc.re                                   9.5000  0.5000          
    UNET_IP::tranconv2d                                                      input.triosy.lz                                9.3400  0.6600          
    UNET_IP::tranconv2d                                                      output:rsc.wadr                                8.6800  1.3200          
    UNET_IP::tranconv2d                                                      output:rsc.d                                   6.5950  3.4050          
    UNET_IP::tranconv2d                                                      output:rsc.we                                  8.2100  1.7900          
    UNET_IP::tranconv2d                                                      output:rsc.radr                                0.7114  9.2886          
    UNET_IP::tranconv2d                                                      output:rsc.re                                  9.5000  0.5000          
    UNET_IP::tranconv2d                                                      output.triosy.lz                               9.3400  0.6600          
    UNET_IP::tranconv2d                                                      height.triosy.lz                               9.3400  0.6600          
    UNET_IP::tranconv2d                                                      width.triosy.lz                                9.3400  0.6600          
    UNET_IP::tranconv2d                                                      kernel_size.triosy.lz                          9.3400  0.6600          
    UNET_IP::tranconv2d                                                      filter_offset.triosy.lz                        9.3400  0.6600          
    UNET_IP::tranconv2d                                                      in_channels.triosy.lz                          9.3400  0.6600          
    UNET_IP::tranconv2d                                                      out_channels.triosy.lz                         9.3400  0.6600          
    UNET_IP::tranconv2d                                                      stride.triosy.lz                               9.3400  0.6600          
    
Operator Bitwidth Summary
  Operation Size (bits) Count 
  --------- ----------- -----
  add                         
  -                   9     2 
  -                   8     7 
  -                   7     2 
  -                   4     1 
  -                   3     3 
  -                  28     1 
  -                  20     1 
  -                   2     2 
  -                  19     1 
  -                  18     1 
  -                  15     3 
  -                  14     1 
  -                  12     1 
  -                  11     1 
  -                  10     2 
  and                         
  -                   8     2 
  -                   7     3 
  -                   3     1 
  -                  20     1 
  -                   2     3 
  -                  12     1 
  -                   1     8 
  mul                         
  -                   4     1 
  -                  27     1 
  -                  18     1 
  -                  17     1 
  -                  15     3 
  -                  14     1 
  -                  10     2 
  mux                         
  -                   8     1 
  -                   7     3 
  -                   5     1 
  -                   3     1 
  -                  20     1 
  -                   2     2 
  -                  15     1 
  -                  12     3 
  -                   1     3 
  mux1h                       
  -                   7     2 
  -                   1     1 
  nand                        
  -                   1     3 
  nor                         
  -                   1     9 
  not                         
  -                   7     7 
  -                  27     1 
  -                   2     3 
  -                   1    30 
  or                          
  -                   1    15 
  read_port                   
  -                   7     4 
  -                   3     1 
  -                  20     1 
  -                   2     1 
  read_rom                    
  -                   5     1 
  read_sync                   
  -                   0     9 
  reg                         
  -                   8     2 
  -                   7     6 
  -                   5     1 
  -                   4     1 
  -                   3     1 
  -                  20     1 
  -                   2     4 
  -                  18     1 
  -                  17     1 
  -                  15     3 
  -                  14     2 
  -                  12     1 
  -                  11     1 
  -                  10     4 
  -                   1     6 
  
End of Report
