00000000
00787878
00000000
00878787
12345678
90abcdef
12345678
90abcdef
12345678
90abcdef
12345678
90abcdef
12345678
90abcdef
12345678
90abcdef
12345678
90abcdef
12345678
90abcdef
12345678
90abcdef
12345678
90abcdef
12345678
90abcdef
12345678
90abcdef
12345678
90abcdef
12345678
90abcdef
12345678
90abcdef
12345678
90abcdef
12345678
90abcdef
12345678
90abcdef
12345678
90abcdef
12345678
90abcdef
12345678
90abcdef
12345678
90abcdef
12345678
90abcdef
12345678
90abcdef
12345678
90abcdef
12345678
90abcdef
12345678
90abcdef
12345678
90abcdef
12345678
90abcdef
12345678
90abcdef
