

================================================================
== Vitis HLS Report for 'sendoutstream'
================================================================
* Date:           Sat Jun 15 17:11:13 2024

* Version:        2023.2 (Build 4023990 on Oct 11 2023)
* Project:        hls_userdma
* Solution:       solution1 (Vivado IP Flow Target)
* Product family: zynq
* Target device:  xc7z020-clg400-1


================================================================
== Performance Estimates
================================================================
+ Timing: 
    * Summary: 
    +--------+----------+----------+------------+
    |  Clock |  Target  | Estimated| Uncertainty|
    +--------+----------+----------+------------+
    |ap_clk  |  10.00 ns|  4.561 ns|     2.70 ns|
    +--------+----------+----------+------------+

+ Latency: 
    * Summary: 
    +---------+---------+----------+----------+-----+-----+---------+
    |  Latency (cycles) |  Latency (absolute) |  Interval | Pipeline|
    |   min   |   max   |    min   |    max   | min | max |   Type  |
    +---------+---------+----------+----------+-----+-----+---------+
    |        ?|        ?|         ?|         ?|    ?|    ?|       no|
    +---------+---------+----------+----------+-----+-----+---------+

    + Detail: 
        * Instance: 
        +---------------------------------------------------+-----------------------------------------+---------+---------+----------+----------+-----+-----+---------+
        |                                                   |                                         |  Latency (cycles) |  Latency (absolute) |  Interval | Pipeline|
        |                      Instance                     |                  Module                 |   min   |   max   |    min   |    max   | min | max |   Type  |
        +---------------------------------------------------+-----------------------------------------+---------+---------+----------+----------+-----+-----+---------+
        |grp_sendoutstream_Pipeline_VITIS_LOOP_128_1_fu_71  |sendoutstream_Pipeline_VITIS_LOOP_128_1  |        ?|        ?|         ?|         ?|    ?|    ?|       no|
        +---------------------------------------------------+-----------------------------------------+---------+---------+----------+----------+-----+-----+---------+

        * Loop: 
        N/A

============================================================
+ Verbose Summary: Synthesis Manager
============================================================
InlineROM: 1
ExposeGlobal: 0
============================================================
+ Verbose Summary: CDFG Model
============================================================
IsTopModel: 0
ResetActiveHigh: 1
IsCombinational: 2
IsDatapathOnly: 0
HasWiredReturn: 1
HasMFsm: 0
HasVarLatency: 1
IsPipeline: 0
IsRtlPipelined: 0
IsInstanceOverlapped: 0
IsDontTouch: 0
HasImplIP: 0
IsGatedGlobalClock: 0


============================================================
+ Verbose Summary: Schedule
============================================================
* Number of FSM states : 4
* Pipeline : 0
* Dataflow Pipeline: 0

* FSM state transitions: 
1 --> 2 
2 --> 3 
3 --> 4 
4 --> 

* FSM state operations: 

State 1 <SV = 0> <Delay = 3.63>
ST_1 : Operation 5 [1/1] (3.63ns)   --->   "%in_en_clrsts_read = read i1 @_ssdm_op_Read.ap_fifo.i1P0A, i1 %in_en_clrsts"   --->   Operation 5 'read' 'in_en_clrsts_read' <Predicate = true> <Delay = 3.63> <CoreInst = "FIFO_SRL">   --->   Core 81 'FIFO_SRL' <Latency = 0> <II = 1> <Delay = 3.63> <Storage> <Opcode : 'read' 'write' 'nbread' 'nbwrite'> <Ports = 0> <Width = 1> <Depth = 2> <FIFO>

State 2 <SV = 1> <Delay = 0.97>
ST_2 : Operation 6 [1/1] (0.00ns)   --->   "%empty = wait i32 @_ssdm_op_Wait"   --->   Operation 6 'wait' 'empty' <Predicate = true> <Delay = 0.00>
ST_2 : Operation 7 [2/2] (0.00ns)   --->   "%call_ln0 = call void @sendoutstream_Pipeline_VITIS_LOOP_128_1, i33 %outbuf, i32 %outStreamTop_V_data_V, i4 %outStreamTop_V_keep_V, i4 %outStreamTop_V_strb_V, i7 %outStreamTop_V_user_V, i1 %outStreamTop_V_last_V"   --->   Operation 7 'call' 'call_ln0' <Predicate = true> <Delay = 0.00> <CoreType = "Generic">   --->   Core 0 '' <Latency = 0> <II = 1> <Delay = 1.00> <Generic> <Opcode : >
ST_2 : Operation 8 [1/1] (0.97ns)   --->   "%xor_ln138 = xor i1 %in_en_clrsts_read, i1 1" [userdma.cpp:138]   --->   Operation 8 'xor' 'xor_ln138' <Predicate = true> <Delay = 0.97> <CoreInst = "LogicGate">   --->   Core 74 'LogicGate' <Latency = 0> <II = 1> <Delay = 0.97> <FuncUnit> <Opcode : 'and' 'or' 'xor'> <InPorts = 2> <OutPorts = 1>
ST_2 : Operation 9 [1/1] (0.00ns)   --->   "%write_ln138 = write void @_ssdm_op_Write.ap_auto.i1P0A, i1 %m2s_buf_sts, i1 %xor_ln138" [userdma.cpp:138]   --->   Operation 9 'write' 'write_ln138' <Predicate = true> <Delay = 0.00>

State 3 <SV = 2> <Delay = 4.56>
ST_3 : Operation 10 [1/2] (4.56ns)   --->   "%call_ln0 = call void @sendoutstream_Pipeline_VITIS_LOOP_128_1, i33 %outbuf, i32 %outStreamTop_V_data_V, i4 %outStreamTop_V_keep_V, i4 %outStreamTop_V_strb_V, i7 %outStreamTop_V_user_V, i1 %outStreamTop_V_last_V"   --->   Operation 10 'call' 'call_ln0' <Predicate = true> <Delay = 4.56> <CoreType = "Generic">   --->   Core 0 '' <Latency = 0> <II = 1> <Delay = 1.00> <Generic> <Opcode : >

State 4 <SV = 3> <Delay = 0.00>
ST_4 : Operation 11 [1/1] (0.00ns)   --->   "%specinterface_ln0 = specinterface void @_ssdm_op_SpecInterface, i1 %in_en_clrsts, void @ap_fifo_str, i32 0, i32 0, void @p_str, i32 0, i32 0, void @p_str, void @p_str, void @p_str, i32 2, i32 2, i32 16, i32 16, void @p_str, void @ScalarProp_str, i32 4294967295, i32 0"   --->   Operation 11 'specinterface' 'specinterface_ln0' <Predicate = true> <Delay = 0.00>
ST_4 : Operation 12 [1/1] (0.00ns)   --->   "%specaxissidechannel_ln0 = specaxissidechannel void @_ssdm_op_SpecAXISSideChannel, i32 %outStreamTop_V_data_V, i4 %outStreamTop_V_keep_V, i4 %outStreamTop_V_strb_V, i7 %outStreamTop_V_user_V, i1 %outStreamTop_V_last_V, i1 0, i1 0, void @empty_22"   --->   Operation 12 'specaxissidechannel' 'specaxissidechannel_ln0' <Predicate = true> <Delay = 0.00>
ST_4 : Operation 13 [1/1] (0.00ns)   --->   "%specinterface_ln0 = specinterface void @_ssdm_op_SpecInterface, i33 %outbuf, void @empty, i32 0, i32 0, void @empty_2, i32 0, i32 0, void @empty_2, void @empty_2, void @empty_2, i32 0, i32 0, i32 0, i32 0, void @empty_2, void @empty_2, i32 4294967295, i32 0"   --->   Operation 13 'specinterface' 'specinterface_ln0' <Predicate = true> <Delay = 0.00>
ST_4 : Operation 14 [1/1] (0.00ns)   --->   "%specinterface_ln0 = specinterface void @_ssdm_op_SpecInterface, i1 %outStreamTop_V_last_V, i7 %outStreamTop_V_user_V, i4 %outStreamTop_V_strb_V, i4 %outStreamTop_V_keep_V, i32 %outStreamTop_V_data_V, void @empty_6, i32 1, i32 1, void @empty_17, i32 0, i32 0, void @empty_2, void @empty_2, void @empty_2, i32 0, i32 0, i32 0, i32 0, void @empty_2, void @empty_2, i32 4294967295, i32 0"   --->   Operation 14 'specinterface' 'specinterface_ln0' <Predicate = true> <Delay = 0.00>
ST_4 : Operation 15 [1/1] (0.00ns)   --->   "%ret_ln140 = ret" [userdma.cpp:140]   --->   Operation 15 'ret' 'ret_ln140' <Predicate = true> <Delay = 0.00>


============================================================
+ Verbose Summary: Binding
============================================================
STG Binding: 
---------------- STG Properties BEGIN ----------------
- Is combinational: 0
- Is one-state seq: 0
- Is datapath-only: 0
- Is pipelined: 0
- Is top level: 0
Port [ Return ] is wired: 1; IO mode=ap_ctrl_hs:ce=0
Port [ outbuf]:  wired=1; compound=1; hidden=0; nouse=0; global=0; static=0; extern=0; dir=0; type=3; pingpong=0; private_global=0; IO mode=ap_fifo:ce=0
Port [ in_en_clrsts]:  wired=1; compound=1; hidden=0; nouse=0; global=0; static=0; extern=0; dir=0; type=3; pingpong=0; private_global=0; IO mode=ap_fifo:ce=0
Port [ m2s_buf_sts]:  wired=1; compound=0; hidden=0; nouse=0; global=0; static=0; extern=0; dir=1; type=0; pingpong=0; private_global=0; IO mode=ap_vld:ce=0
Port [ outStreamTop_V_data_V]:  wired=1; compound=1; hidden=0; nouse=0; global=0; static=0; extern=0; dir=1; type=0; pingpong=0; private_global=0; IO mode=axis:ce=0
Port [ outStreamTop_V_keep_V]:  wired=1; compound=1; hidden=0; nouse=0; global=0; static=0; extern=0; dir=1; type=0; pingpong=0; private_global=0; IO mode=axis:ce=0
Port [ outStreamTop_V_strb_V]:  wired=1; compound=1; hidden=0; nouse=0; global=0; static=0; extern=0; dir=1; type=0; pingpong=0; private_global=0; IO mode=axis:ce=0
Port [ outStreamTop_V_user_V]:  wired=1; compound=1; hidden=0; nouse=0; global=0; static=0; extern=0; dir=1; type=0; pingpong=0; private_global=0; IO mode=axis:ce=0
Port [ outStreamTop_V_last_V]:  wired=1; compound=1; hidden=0; nouse=0; global=0; static=0; extern=0; dir=1; type=0; pingpong=0; private_global=0; IO mode=axis:ce=0
---------------- STG Properties END ------------------

---------------- Datapath Model BEGIN ----------------

<LifeTime>
<method=bitvector/>
in_en_clrsts_read       (read               ) [ 00100]
empty                   (wait               ) [ 00000]
xor_ln138               (xor                ) [ 00000]
write_ln138             (write              ) [ 00000]
call_ln0                (call               ) [ 00000]
specinterface_ln0       (specinterface      ) [ 00000]
specaxissidechannel_ln0 (specaxissidechannel) [ 00000]
specinterface_ln0       (specinterface      ) [ 00000]
specinterface_ln0       (specinterface      ) [ 00000]
ret_ln140               (ret                ) [ 00000]
</LifeTime>

<model>

<comp_list>
<comp id="0" class="1000" name="outbuf">
<pin_list>
<pin id="1" dir="1" index="0" bw="1" slack="0"/>
</pin_list>
<bind>
<StgValue><ssdm name="outbuf"/></StgValue>
</bind>
</comp>

<comp id="2" class="1000" name="in_en_clrsts">
<pin_list>
<pin id="3" dir="1" index="0" bw="1" slack="0"/>
</pin_list>
<bind>
<StgValue><ssdm name="in_en_clrsts"/></StgValue>
</bind>
</comp>

<comp id="4" class="1000" name="m2s_buf_sts">
<pin_list>
<pin id="5" dir="1" index="0" bw="1" slack="0"/>
</pin_list>
<bind>
<StgValue><ssdm name="m2s_buf_sts"/></StgValue>
</bind>
</comp>

<comp id="6" class="1000" name="outStreamTop_V_data_V">
<pin_list>
<pin id="7" dir="1" index="0" bw="1" slack="0"/>
</pin_list>
<bind>
<StgValue><ssdm name="outStreamTop_V_data_V"/></StgValue>
</bind>
</comp>

<comp id="8" class="1000" name="outStreamTop_V_keep_V">
<pin_list>
<pin id="9" dir="1" index="0" bw="1" slack="0"/>
</pin_list>
<bind>
<StgValue><ssdm name="outStreamTop_V_keep_V"/></StgValue>
</bind>
</comp>

<comp id="10" class="1000" name="outStreamTop_V_strb_V">
<pin_list>
<pin id="11" dir="1" index="0" bw="1" slack="0"/>
</pin_list>
<bind>
<StgValue><ssdm name="outStreamTop_V_strb_V"/></StgValue>
</bind>
</comp>

<comp id="12" class="1000" name="outStreamTop_V_user_V">
<pin_list>
<pin id="13" dir="1" index="0" bw="1" slack="0"/>
</pin_list>
<bind>
<StgValue><ssdm name="outStreamTop_V_user_V"/></StgValue>
</bind>
</comp>

<comp id="14" class="1000" name="outStreamTop_V_last_V">
<pin_list>
<pin id="15" dir="1" index="0" bw="1" slack="0"/>
</pin_list>
<bind>
<StgValue><ssdm name="outStreamTop_V_last_V"/></StgValue>
</bind>
</comp>

<comp id="16" class="1001" name="const_16">
<pin_list>
<pin id="17" dir="1" index="0" bw="1" slack="0"/>
</pin_list>
<bind>
<StgValue><ssdm name="_ssdm_op_Read.ap_fifo.i1P0A"/></StgValue>
</bind>
</comp>

<comp id="18" class="1001" name="const_18">
<pin_list>
<pin id="19" dir="1" index="0" bw="1" slack="2147483647"/>
</pin_list>
<bind>
<StgValue><ssdm name="_ssdm_op_Wait"/></StgValue>
</bind>
</comp>

<comp id="20" class="1001" name="const_20">
<pin_list>
<pin id="21" dir="1" index="0" bw="1" slack="0"/>
</pin_list>
<bind>
<StgValue><ssdm name="sendoutstream_Pipeline_VITIS_LOOP_128_1"/></StgValue>
</bind>
</comp>

<comp id="22" class="1001" name="const_22">
<pin_list>
<pin id="23" dir="1" index="0" bw="1" slack="0"/>
</pin_list>
<bind>
<StgValue><ssdm name=""/></StgValue>
</bind>
</comp>

<comp id="24" class="1001" name="const_24">
<pin_list>
<pin id="25" dir="1" index="0" bw="1" slack="0"/>
</pin_list>
<bind>
<StgValue><ssdm name="_ssdm_op_Write.ap_auto.i1P0A"/></StgValue>
</bind>
</comp>

<comp id="26" class="1001" name="const_26">
<pin_list>
<pin id="27" dir="1" index="0" bw="1" slack="2147483647"/>
</pin_list>
<bind>
<StgValue><ssdm name="_ssdm_op_SpecInterface"/></StgValue>
</bind>
</comp>

<comp id="28" class="1001" name="const_28">
<pin_list>
<pin id="29" dir="1" index="0" bw="1" slack="2147483647"/>
</pin_list>
<bind>
<StgValue><ssdm name="ap_fifo_str"/></StgValue>
</bind>
</comp>

<comp id="30" class="1001" name="const_30">
<pin_list>
<pin id="31" dir="1" index="0" bw="1" slack="2147483647"/>
</pin_list>
<bind>
<StgValue><ssdm name=""/></StgValue>
</bind>
</comp>

<comp id="32" class="1001" name="const_32">
<pin_list>
<pin id="33" dir="1" index="0" bw="1" slack="2147483647"/>
</pin_list>
<bind>
<StgValue><ssdm name="p_str"/></StgValue>
</bind>
</comp>

<comp id="34" class="1001" name="const_34">
<pin_list>
<pin id="35" dir="1" index="0" bw="1" slack="2147483647"/>
</pin_list>
<bind>
<StgValue><ssdm name=""/></StgValue>
</bind>
</comp>

<comp id="36" class="1001" name="const_36">
<pin_list>
<pin id="37" dir="1" index="0" bw="1" slack="2147483647"/>
</pin_list>
<bind>
<StgValue><ssdm name=""/></StgValue>
</bind>
</comp>

<comp id="38" class="1001" name="const_38">
<pin_list>
<pin id="39" dir="1" index="0" bw="1" slack="2147483647"/>
</pin_list>
<bind>
<StgValue><ssdm name="ScalarProp_str"/></StgValue>
</bind>
</comp>

<comp id="40" class="1001" name="const_40">
<pin_list>
<pin id="41" dir="1" index="0" bw="1" slack="2147483647"/>
</pin_list>
<bind>
<StgValue><ssdm name=""/></StgValue>
</bind>
</comp>

<comp id="42" class="1001" name="const_42">
<pin_list>
<pin id="43" dir="1" index="0" bw="1" slack="2147483647"/>
</pin_list>
<bind>
<StgValue><ssdm name="_ssdm_op_SpecAXISSideChannel"/></StgValue>
</bind>
</comp>

<comp id="44" class="1001" name="const_44">
<pin_list>
<pin id="45" dir="1" index="0" bw="1" slack="2147483647"/>
</pin_list>
<bind>
<StgValue><ssdm name=""/></StgValue>
</bind>
</comp>

<comp id="46" class="1001" name="const_46">
<pin_list>
<pin id="47" dir="1" index="0" bw="1" slack="2147483647"/>
</pin_list>
<bind>
<StgValue><ssdm name="empty_22"/></StgValue>
</bind>
</comp>

<comp id="48" class="1001" name="const_48">
<pin_list>
<pin id="49" dir="1" index="0" bw="1" slack="2147483647"/>
</pin_list>
<bind>
<StgValue><ssdm name="empty"/></StgValue>
</bind>
</comp>

<comp id="50" class="1001" name="const_50">
<pin_list>
<pin id="51" dir="1" index="0" bw="1" slack="2147483647"/>
</pin_list>
<bind>
<StgValue><ssdm name="empty_2"/></StgValue>
</bind>
</comp>

<comp id="52" class="1001" name="const_52">
<pin_list>
<pin id="53" dir="1" index="0" bw="1" slack="2147483647"/>
</pin_list>
<bind>
<StgValue><ssdm name="empty_6"/></StgValue>
</bind>
</comp>

<comp id="54" class="1001" name="const_54">
<pin_list>
<pin id="55" dir="1" index="0" bw="1" slack="2147483647"/>
</pin_list>
<bind>
<StgValue><ssdm name=""/></StgValue>
</bind>
</comp>

<comp id="56" class="1001" name="const_56">
<pin_list>
<pin id="57" dir="1" index="0" bw="1" slack="2147483647"/>
</pin_list>
<bind>
<StgValue><ssdm name="empty_17"/></StgValue>
</bind>
</comp>

<comp id="58" class="1004" name="in_en_clrsts_read_read_fu_58">
<pin_list>
<pin id="59" dir="0" index="0" bw="1" slack="0"/>
<pin id="60" dir="0" index="1" bw="1" slack="0"/>
<pin id="61" dir="1" index="2" bw="1" slack="1"/>
</pin_list>
<bind>
<opcode="read(1150) " fcode="read"/>
<opset="in_en_clrsts_read/1 "/>
</bind>
</comp>

<comp id="64" class="1004" name="write_ln138_write_fu_64">
<pin_list>
<pin id="65" dir="0" index="0" bw="0" slack="0"/>
<pin id="66" dir="0" index="1" bw="1" slack="0"/>
<pin id="67" dir="0" index="2" bw="1" slack="0"/>
<pin id="68" dir="1" index="3" bw="0" slack="2147483647"/>
</pin_list>
<bind>
<opcode="write(1151) " fcode="write"/>
<opset="write_ln138/2 "/>
</bind>
</comp>

<comp id="71" class="1004" name="grp_sendoutstream_Pipeline_VITIS_LOOP_128_1_fu_71">
<pin_list>
<pin id="72" dir="0" index="0" bw="0" slack="0"/>
<pin id="73" dir="0" index="1" bw="33" slack="0"/>
<pin id="74" dir="0" index="2" bw="32" slack="0"/>
<pin id="75" dir="0" index="3" bw="4" slack="0"/>
<pin id="76" dir="0" index="4" bw="4" slack="0"/>
<pin id="77" dir="0" index="5" bw="7" slack="0"/>
<pin id="78" dir="0" index="6" bw="1" slack="0"/>
<pin id="79" dir="1" index="7" bw="0" slack="2147483647"/>
</pin_list>
<bind>
<opcode="call(48) " fcode="call"/>
<opset="call_ln0/2 "/>
</bind>
</comp>

<comp id="87" class="1004" name="xor_ln138_fu_87">
<pin_list>
<pin id="88" dir="0" index="0" bw="1" slack="1"/>
<pin id="89" dir="0" index="1" bw="1" slack="0"/>
<pin id="90" dir="1" index="2" bw="1" slack="0"/>
</pin_list>
<bind>
<opcode="xor(25) " fcode="xor"/>
<opset="xor_ln138/2 "/>
</bind>
</comp>

<comp id="93" class="1005" name="in_en_clrsts_read_reg_93">
<pin_list>
<pin id="94" dir="0" index="0" bw="1" slack="1"/>
<pin id="95" dir="1" index="1" bw="1" slack="1"/>
</pin_list>
<bind>
<opset="in_en_clrsts_read "/>
</bind>
</comp>

</comp_list>

<net_list>
<net id="62"><net_src comp="16" pin="0"/><net_sink comp="58" pin=0"/></net>

<net id="63"><net_src comp="2" pin="0"/><net_sink comp="58" pin=1"/></net>

<net id="69"><net_src comp="24" pin="0"/><net_sink comp="64" pin=0"/></net>

<net id="70"><net_src comp="4" pin="0"/><net_sink comp="64" pin=1"/></net>

<net id="80"><net_src comp="20" pin="0"/><net_sink comp="71" pin=0"/></net>

<net id="81"><net_src comp="0" pin="0"/><net_sink comp="71" pin=1"/></net>

<net id="82"><net_src comp="6" pin="0"/><net_sink comp="71" pin=2"/></net>

<net id="83"><net_src comp="8" pin="0"/><net_sink comp="71" pin=3"/></net>

<net id="84"><net_src comp="10" pin="0"/><net_sink comp="71" pin=4"/></net>

<net id="85"><net_src comp="12" pin="0"/><net_sink comp="71" pin=5"/></net>

<net id="86"><net_src comp="14" pin="0"/><net_sink comp="71" pin=6"/></net>

<net id="91"><net_src comp="22" pin="0"/><net_sink comp="87" pin=1"/></net>

<net id="92"><net_src comp="87" pin="2"/><net_sink comp="64" pin=2"/></net>

<net id="96"><net_src comp="58" pin="2"/><net_sink comp="93" pin=0"/></net>

<net id="97"><net_src comp="93" pin="1"/><net_sink comp="87" pin=0"/></net>

</net_list>

</model> 
---------------- Datapath Model END ------------------

* FSMD analyzer results:
  - Output states:
	Port: m2s_buf_sts | {2 }
	Port: outStreamTop_V_data_V | {2 3 }
	Port: outStreamTop_V_keep_V | {2 3 }
	Port: outStreamTop_V_strb_V | {2 3 }
	Port: outStreamTop_V_user_V | {2 3 }
	Port: outStreamTop_V_last_V | {2 3 }
 - Input state : 
	Port: sendoutstream : outbuf | {2 3 }
	Port: sendoutstream : in_en_clrsts | {1 }
  - Chain level:
	State 1
	State 2
	State 3
	State 4


============================================================
+ Verbose Summary: Datapath Resource usage 
============================================================

* Functional unit list:
|----------|---------------------------------------------------|---------|---------|
| Operation|                  Functional Unit                  |    FF   |   LUT   |
|----------|---------------------------------------------------|---------|---------|
|    xor   |                  xor_ln138_fu_87                  |    0    |    2    |
|----------|---------------------------------------------------|---------|---------|
|   read   |            in_en_clrsts_read_read_fu_58           |    0    |    0    |
|----------|---------------------------------------------------|---------|---------|
|   write  |              write_ln138_write_fu_64              |    0    |    0    |
|----------|---------------------------------------------------|---------|---------|
|   call   | grp_sendoutstream_Pipeline_VITIS_LOOP_128_1_fu_71 |    0    |    0    |
|----------|---------------------------------------------------|---------|---------|
|   Total  |                                                   |    0    |    2    |
|----------|---------------------------------------------------|---------|---------|

Memories:
N/A

* Register list:
+------------------------+--------+
|                        |   FF   |
+------------------------+--------+
|in_en_clrsts_read_reg_93|    1   |
+------------------------+--------+
|          Total         |    1   |
+------------------------+--------+

* Multiplexer (MUX) list: 
|--------|------|------|------|--------|
|  Comp  |  Pin | Size |  BW  | S x BW |
|--------|------|------|------|--------|
|  Total |      |      |      |    0   |
|--------|------|------|------|--------|



* Summary:
+-----------+--------+--------+
|           |   FF   |   LUT  |
+-----------+--------+--------+
|  Function |    0   |    2   |
|   Memory  |    -   |    -   |
|Multiplexer|    -   |    -   |
|  Register |    1   |    -   |
+-----------+--------+--------+
|   Total   |    1   |    2   |
+-----------+--------+--------+
