

================================================================
== Vitis HLS Report for 'streamtoparallelwithburst'
================================================================
* Date:           Sat Jun 15 17:11:13 2024

* Version:        2023.2 (Build 4023990 on Oct 11 2023)
* Project:        hls_userdma
* Solution:       solution1 (Vivado IP Flow Target)
* Product family: zynq
* Target device:  xc7z020-clg400-1


================================================================
== Performance Estimates
================================================================
+ Timing: 
    * Summary: 
    +--------+----------+----------+------------+
    |  Clock |  Target  | Estimated| Uncertainty|
    +--------+----------+----------+------------+
    |ap_clk  |  10.00 ns|  7.300 ns|     2.70 ns|
    +--------+----------+----------+------------+

+ Latency: 
    * Summary: 
    +---------+---------+----------+----------+-----+-----+---------+
    |  Latency (cycles) |  Latency (absolute) |  Interval | Pipeline|
    |   min   |   max   |    min   |    max   | min | max |   Type  |
    +---------+---------+----------+----------+-----+-----+---------+
    |        ?|        ?|         ?|         ?|    ?|    ?|       no|
    +---------+---------+----------+----------+-----+-----+---------+

    + Detail: 
        * Instance: 
        N/A

        * Loop: 
        +-------------------+---------+---------+----------+-----------+-----------+------+----------+
        |                   |  Latency (cycles) | Iteration|  Initiation Interval  | Trip |          |
        |     Loop Name     |   min   |   max   |  Latency |  achieved |   target  | Count| Pipelined|
        +-------------------+---------+---------+----------+-----------+-----------+------+----------+
        |- VITIS_LOOP_18_1  |        ?|        ?|         ?|          -|          -|     ?|        no|
        +-------------------+---------+---------+----------+-----------+-----------+------+----------+

============================================================
+ Verbose Summary: Synthesis Manager
============================================================
InlineROM: 1
ExposeGlobal: 0
============================================================
+ Verbose Summary: CDFG Model
============================================================
IsTopModel: 0
ResetActiveHigh: 1
IsCombinational: 2
IsDatapathOnly: 0
HasWiredReturn: 1
HasMFsm: 0
HasVarLatency: 1
IsPipeline: 0
IsRtlPipelined: 0
IsInstanceOverlapped: 0
IsDontTouch: 0
HasImplIP: 0
IsGatedGlobalClock: 0


============================================================
+ Verbose Summary: Schedule
============================================================
* Number of FSM states : 19
* Pipeline : 0
* Dataflow Pipeline: 0

* FSM state transitions: 
1 --> 2 
2 --> 3 
3 --> 4 
4 --> 5 
5 --> 6 
6 --> 7 
7 --> 8 
8 --> 9 
9 --> 10 
10 --> 11 
11 --> 12 
12 --> 13 
13 --> 14 
14 --> 15 
15 --> 16 
16 --> 17 
17 --> 18 
18 --> 19 
19 --> 2 

* FSM state operations: 

State 1 <SV = 0> <Delay = 5.22>
ST_1 : Operation 20 [1/1] (0.00ns)   --->   "%specinterface_ln0 = specinterface void @_ssdm_op_SpecInterface, i64 %out_memory, void @ap_fifo_str, i32 0, i32 0, void @p_str, i32 0, i32 0, void @p_str, void @p_str, void @p_str, i32 2, i32 2, i32 16, i32 16, void @p_str, void @ScalarProp_str, i32 4294967295, i32 0"   --->   Operation 20 'specinterface' 'specinterface_ln0' <Predicate = true> <Delay = 0.00>
ST_1 : Operation 21 [1/1] (3.63ns)   --->   "%out_memory_read = read i64 @_ssdm_op_Read.ap_fifo.i64P0A, i64 %out_memory"   --->   Operation 21 'read' 'out_memory_read' <Predicate = true> <Delay = 3.63> <CoreInst = "FIFO_SRL">   --->   Core 81 'FIFO_SRL' <Latency = 0> <II = 1> <Delay = 3.63> <Storage> <Opcode : 'read' 'write' 'nbread' 'nbwrite'> <Ports = 0> <Width = 64> <Depth = 3> <FIFO>
ST_1 : Operation 22 [1/1] (0.00ns)   --->   "%specinterface_ln0 = specinterface void @_ssdm_op_SpecInterface, i1 %in_en_clrsts, void @ap_fifo_str, i32 0, i32 0, void @p_str, i32 0, i32 0, void @p_str, void @p_str, void @p_str, i32 2, i32 2, i32 16, i32 16, void @p_str, void @ScalarProp_str, i32 4294967295, i32 0"   --->   Operation 22 'specinterface' 'specinterface_ln0' <Predicate = true> <Delay = 0.00>
ST_1 : Operation 23 [1/1] (3.63ns)   --->   "%in_en_clrsts_read = read i1 @_ssdm_op_Read.ap_fifo.i1P0A, i1 %in_en_clrsts"   --->   Operation 23 'read' 'in_en_clrsts_read' <Predicate = true> <Delay = 3.63> <CoreInst = "FIFO_SRL">   --->   Core 81 'FIFO_SRL' <Latency = 0> <II = 1> <Delay = 3.63> <Storage> <Opcode : 'read' 'write' 'nbread' 'nbwrite'> <Ports = 0> <Width = 1> <Depth = 2> <FIFO>
ST_1 : Operation 24 [1/1] (0.00ns)   --->   "%specinterface_ln0 = specinterface void @_ssdm_op_SpecInterface, i32 %in_s2m_len, void @ap_fifo_str, i32 0, i32 0, void @p_str, i32 0, i32 0, void @p_str, void @p_str, void @p_str, i32 2, i32 2, i32 16, i32 16, void @p_str, void @ScalarProp_str, i32 4294967295, i32 0"   --->   Operation 24 'specinterface' 'specinterface_ln0' <Predicate = true> <Delay = 0.00>
ST_1 : Operation 25 [1/1] (3.63ns)   --->   "%in_s2m_len_read = read i32 @_ssdm_op_Read.ap_fifo.i32P0A, i32 %in_s2m_len"   --->   Operation 25 'read' 'in_s2m_len_read' <Predicate = true> <Delay = 3.63> <CoreInst = "FIFO_SRL">   --->   Core 81 'FIFO_SRL' <Latency = 0> <II = 1> <Delay = 3.63> <Storage> <Opcode : 'read' 'write' 'nbread' 'nbwrite'> <Ports = 0> <Width = 32> <Depth = 2> <FIFO>
ST_1 : Operation 26 [1/1] (0.00ns)   --->   "%specinterface_ln0 = specinterface void @_ssdm_op_SpecInterface, i32 %incount, void @empty, i32 0, i32 0, void @empty_2, i32 0, i32 0, void @empty_2, void @empty_2, void @empty_2, i32 0, i32 0, i32 0, i32 0, void @empty_2, void @empty_2, i32 4294967295, i32 0"   --->   Operation 26 'specinterface' 'specinterface_ln0' <Predicate = true> <Delay = 0.00>
ST_1 : Operation 27 [1/1] (0.00ns)   --->   "%specinterface_ln0 = specinterface void @_ssdm_op_SpecInterface, i33 %inbuf, void @empty, i32 0, i32 0, void @empty_2, i32 0, i32 0, void @empty_2, void @empty_2, void @empty_2, i32 0, i32 0, i32 0, i32 0, void @empty_2, void @empty_2, i32 4294967295, i32 0"   --->   Operation 27 'specinterface' 'specinterface_ln0' <Predicate = true> <Delay = 0.00>
ST_1 : Operation 28 [1/1] (0.00ns)   --->   "%specinterface_ln0 = specinterface void @_ssdm_op_SpecInterface, i32 %gmem0, void @empty_1, i32 0, i32 0, void @empty_2, i32 10, i32 1024, void @empty_3, void @empty_4, void @empty_2, i32 16, i32 16, i32 16, i32 16, void @empty_2, void @empty_2, i32 4294967295, i32 0"   --->   Operation 28 'specinterface' 'specinterface_ln0' <Predicate = true> <Delay = 0.00>
ST_1 : Operation 29 [1/1] (1.58ns)   --->   "%br_ln12 = br i1 %in_en_clrsts_read, void %VITIS_LOOP_18_1, void %if.then" [userdma.cpp:12]   --->   Operation 29 'br' 'br_ln12' <Predicate = true> <Delay = 1.58>
ST_1 : Operation 30 [1/1] (0.00ns)   --->   "%final_s2m_len_load = load i32 %final_s2m_len" [userdma.cpp:13]   --->   Operation 30 'load' 'final_s2m_len_load' <Predicate = (in_en_clrsts_read)> <Delay = 0.00>
ST_1 : Operation 31 [1/1] (0.00ns)   --->   "%zext_ln16 = zext i32 %final_s2m_len_load" [userdma.cpp:16]   --->   Operation 31 'zext' 'zext_ln16' <Predicate = (in_en_clrsts_read)> <Delay = 0.00>
ST_1 : Operation 32 [1/1] (2.55ns)   --->   "%sub_ln16 = sub i33 0, i33 %zext_ln16" [userdma.cpp:16]   --->   Operation 32 'sub' 'sub_ln16' <Predicate = (in_en_clrsts_read)> <Delay = 2.55> <CoreInst = "Adder">   --->   Core 1 'Adder' <Latency = 0> <II = 1> <Delay = 2.55> <FuncUnit> <Opcode : 'add' 'sub'> <InPorts = 2> <OutPorts = 1>
ST_1 : Operation 33 [1/1] (1.58ns)   --->   "%store_ln14 = store i32 0, i32 %final_s2m_len" [userdma.cpp:14]   --->   Operation 33 'store' 'store_ln14' <Predicate = (in_en_clrsts_read)> <Delay = 1.58>
ST_1 : Operation 34 [1/1] (1.58ns)   --->   "%br_ln16 = br void %VITIS_LOOP_18_1" [userdma.cpp:16]   --->   Operation 34 'br' 'br_ln16' <Predicate = (in_en_clrsts_read)> <Delay = 1.58>
ST_1 : Operation 35 [1/1] (0.00ns)   --->   "%phi_ln21 = phi i33 %sub_ln16, void %if.then, i33 0, void %entry" [userdma.cpp:21]   --->   Operation 35 'phi' 'phi_ln21' <Predicate = true> <Delay = 0.00>
ST_1 : Operation 36 [1/1] (0.00ns)   --->   "%idx = alloca i32 1"   --->   Operation 36 'alloca' 'idx' <Predicate = true> <Delay = 0.00>
ST_1 : Operation 37 [1/1] (0.00ns)   --->   "%sext_ln18 = sext i33 %phi_ln21" [userdma.cpp:18]   --->   Operation 37 'sext' 'sext_ln18' <Predicate = true> <Delay = 0.00>
ST_1 : Operation 38 [1/1] (1.58ns)   --->   "%store_ln0 = store i64 0, i64 %idx"   --->   Operation 38 'store' 'store_ln0' <Predicate = true> <Delay = 1.58>
ST_1 : Operation 39 [1/1] (0.00ns)   --->   "%br_ln18 = br void %VITIS_LOOP_21_2" [userdma.cpp:18]   --->   Operation 39 'br' 'br_ln18' <Predicate = true> <Delay = 0.00>

State 2 <SV = 1> <Delay = 6.98>
ST_2 : Operation 40 [1/1] (0.00ns)   --->   "%idx_load = load i64 %idx" [userdma.cpp:21]   --->   Operation 40 'load' 'idx_load' <Predicate = true> <Delay = 0.00>
ST_2 : Operation 41 [1/1] (3.63ns)   --->   "%count = read i32 @_ssdm_op_Read.ap_fifo.volatile.i32P0A, i32 %incount" [userdma.cpp:19]   --->   Operation 41 'read' 'count' <Predicate = true> <Delay = 3.63> <CoreInst = "FIFO_SRL">   --->   Core 81 'FIFO_SRL' <Latency = 0> <II = 1> <Delay = 3.63> <Storage> <Opcode : 'read' 'write' 'nbread' 'nbwrite'> <Ports = 0> <Width = 32> <Depth = 4> <FIFO>
ST_2 : Operation 42 [1/1] (0.00ns)   --->   "%trunc_ln8 = trunc i32 %count" [userdma.cpp:8]   --->   Operation 42 'trunc' 'trunc_ln8' <Predicate = true> <Delay = 0.00>
ST_2 : Operation 43 [1/1] (2.55ns)   --->   "%icmp_ln21 = icmp_sgt  i32 %count, i32 0" [userdma.cpp:21]   --->   Operation 43 'icmp' 'icmp_ln21' <Predicate = true> <Delay = 2.55> <CoreInst = "Cmp">   --->   Core 9 'Cmp' <Latency = 0> <II = 1> <Delay = 2.55> <FuncUnit> <Opcode : 'icmp'> <InPorts = 2> <OutPorts = 1>
ST_2 : Operation 44 [1/1] (0.00ns)   --->   "%trunc_ln21 = trunc i64 %idx_load" [userdma.cpp:21]   --->   Operation 44 'trunc' 'trunc_ln21' <Predicate = true> <Delay = 0.00>
ST_2 : Operation 45 [1/1] (3.46ns)   --->   "%add_ln21 = add i62 %trunc_ln21, i62 %sext_ln18" [userdma.cpp:21]   --->   Operation 45 'add' 'add_ln21' <Predicate = true> <Delay = 3.46> <CoreInst = "Adder">   --->   Core 1 'Adder' <Latency = 0> <II = 1> <Delay = 3.46> <FuncUnit> <Opcode : 'add' 'sub'> <InPorts = 2> <OutPorts = 1>
ST_2 : Operation 46 [1/1] (0.00ns)   --->   "%shl_ln = bitconcatenate i64 @_ssdm_op_BitConcatenate.i64.i62.i2, i62 %add_ln21, i2 0" [userdma.cpp:21]   --->   Operation 46 'bitconcatenate' 'shl_ln' <Predicate = true> <Delay = 0.00>
ST_2 : Operation 47 [1/1] (3.52ns)   --->   "%add_ln21_1 = add i64 %out_memory_read, i64 %shl_ln" [userdma.cpp:21]   --->   Operation 47 'add' 'add_ln21_1' <Predicate = true> <Delay = 3.52> <CoreInst = "Adder">   --->   Core 1 'Adder' <Latency = 0> <II = 1> <Delay = 3.52> <FuncUnit> <Opcode : 'add' 'sub'> <InPorts = 2> <OutPorts = 1>
ST_2 : Operation 48 [1/1] (0.00ns)   --->   "%trunc_ln21_1 = partselect i62 @_ssdm_op_PartSelect.i62.i64.i32.i32, i64 %add_ln21_1, i32 2, i32 63" [userdma.cpp:21]   --->   Operation 48 'partselect' 'trunc_ln21_1' <Predicate = true> <Delay = 0.00>
ST_2 : Operation 49 [1/1] (0.73ns)   --->   "%empty = select i1 %icmp_ln21, i31 %trunc_ln8, i31 0" [userdma.cpp:21]   --->   Operation 49 'select' 'empty' <Predicate = true> <Delay = 0.73> <CoreInst = "Sel">   --->   Core 73 'Sel' <Latency = 0> <II = 1> <Delay = 0.73> <FuncUnit> <Opcode : 'select'> <InPorts = 3> <OutPorts = 1>

State 3 <SV = 2> <Delay = 7.30>
ST_3 : Operation 50 [1/1] (0.00ns)   --->   "%sext_ln21_1 = sext i62 %trunc_ln21_1" [userdma.cpp:21]   --->   Operation 50 'sext' 'sext_ln21_1' <Predicate = true> <Delay = 0.00>
ST_3 : Operation 51 [1/1] (0.00ns)   --->   "%gmem0_addr = getelementptr i32 %gmem0, i64 %sext_ln21_1" [userdma.cpp:21]   --->   Operation 51 'getelementptr' 'gmem0_addr' <Predicate = true> <Delay = 0.00>
ST_3 : Operation 52 [1/1] (0.00ns)   --->   "%zext_ln21 = zext i31 %empty" [userdma.cpp:21]   --->   Operation 52 'zext' 'zext_ln21' <Predicate = true> <Delay = 0.00>
ST_3 : Operation 53 [1/1] (7.30ns)   --->   "%empty_47 = writereq i1 @_ssdm_op_WriteReq.m_axi.p1i32, i32 %gmem0_addr, i32 %zext_ln21" [userdma.cpp:21]   --->   Operation 53 'writereq' 'empty_47' <Predicate = true> <Delay = 7.30> <CoreInst = "m_axi">   --->   Core 113 'm_axi' <Latency = 0> <II = 1> <Delay = 1.00> <Adapter> <Opcode : 'read' 'write' 'readreq' 'writereq' 'writeresp'>

State 4 <SV = 3> <Delay = 4.14>
ST_4 : Operation 54 [1/1] (0.00ns)   --->   "%empty_48 = wait i32 @_ssdm_op_Wait"   --->   Operation 54 'wait' 'empty_48' <Predicate = true> <Delay = 0.00>
ST_4 : Operation 55 [2/2] (4.14ns)   --->   "%call_ln19 = call void @streamtoparallelwithburst_Pipeline_VITIS_LOOP_21_2, i32 %count, i32 %gmem0, i62 %trunc_ln21_1, i33 %inbuf" [userdma.cpp:19]   --->   Operation 55 'call' 'call_ln19' <Predicate = true> <Delay = 4.14> <CoreType = "Generic">   --->   Core 0 '' <Latency = 0> <II = 1> <Delay = 1.00> <Generic> <Opcode : >

State 5 <SV = 4> <Delay = 0.00>
ST_5 : Operation 56 [1/2] (0.00ns)   --->   "%call_ln19 = call void @streamtoparallelwithburst_Pipeline_VITIS_LOOP_21_2, i32 %count, i32 %gmem0, i62 %trunc_ln21_1, i33 %inbuf" [userdma.cpp:19]   --->   Operation 56 'call' 'call_ln19' <Predicate = true> <Delay = 0.00> <CoreType = "Generic">   --->   Core 0 '' <Latency = 0> <II = 1> <Delay = 1.00> <Generic> <Opcode : >

State 6 <SV = 5> <Delay = 7.30>
ST_6 : Operation 57 [14/14] (7.30ns)   --->   "%empty_49 = writeresp i1 @_ssdm_op_WriteResp.m_axi.p1i32, i32 %gmem0_addr" [userdma.cpp:26]   --->   Operation 57 'writeresp' 'empty_49' <Predicate = true> <Delay = 7.30> <CoreInst = "m_axi">   --->   Core 113 'm_axi' <Latency = 0> <II = 1> <Delay = 1.00> <Adapter> <Opcode : 'read' 'write' 'readreq' 'writereq' 'writeresp'>

State 7 <SV = 6> <Delay = 7.30>
ST_7 : Operation 58 [13/14] (7.30ns)   --->   "%empty_49 = writeresp i1 @_ssdm_op_WriteResp.m_axi.p1i32, i32 %gmem0_addr" [userdma.cpp:26]   --->   Operation 58 'writeresp' 'empty_49' <Predicate = true> <Delay = 7.30> <CoreInst = "m_axi">   --->   Core 113 'm_axi' <Latency = 0> <II = 1> <Delay = 1.00> <Adapter> <Opcode : 'read' 'write' 'readreq' 'writereq' 'writeresp'>

State 8 <SV = 7> <Delay = 7.30>
ST_8 : Operation 59 [12/14] (7.30ns)   --->   "%empty_49 = writeresp i1 @_ssdm_op_WriteResp.m_axi.p1i32, i32 %gmem0_addr" [userdma.cpp:26]   --->   Operation 59 'writeresp' 'empty_49' <Predicate = true> <Delay = 7.30> <CoreInst = "m_axi">   --->   Core 113 'm_axi' <Latency = 0> <II = 1> <Delay = 1.00> <Adapter> <Opcode : 'read' 'write' 'readreq' 'writereq' 'writeresp'>

State 9 <SV = 8> <Delay = 7.30>
ST_9 : Operation 60 [11/14] (7.30ns)   --->   "%empty_49 = writeresp i1 @_ssdm_op_WriteResp.m_axi.p1i32, i32 %gmem0_addr" [userdma.cpp:26]   --->   Operation 60 'writeresp' 'empty_49' <Predicate = true> <Delay = 7.30> <CoreInst = "m_axi">   --->   Core 113 'm_axi' <Latency = 0> <II = 1> <Delay = 1.00> <Adapter> <Opcode : 'read' 'write' 'readreq' 'writereq' 'writeresp'>

State 10 <SV = 9> <Delay = 7.30>
ST_10 : Operation 61 [10/14] (7.30ns)   --->   "%empty_49 = writeresp i1 @_ssdm_op_WriteResp.m_axi.p1i32, i32 %gmem0_addr" [userdma.cpp:26]   --->   Operation 61 'writeresp' 'empty_49' <Predicate = true> <Delay = 7.30> <CoreInst = "m_axi">   --->   Core 113 'm_axi' <Latency = 0> <II = 1> <Delay = 1.00> <Adapter> <Opcode : 'read' 'write' 'readreq' 'writereq' 'writeresp'>

State 11 <SV = 10> <Delay = 7.30>
ST_11 : Operation 62 [9/14] (7.30ns)   --->   "%empty_49 = writeresp i1 @_ssdm_op_WriteResp.m_axi.p1i32, i32 %gmem0_addr" [userdma.cpp:26]   --->   Operation 62 'writeresp' 'empty_49' <Predicate = true> <Delay = 7.30> <CoreInst = "m_axi">   --->   Core 113 'm_axi' <Latency = 0> <II = 1> <Delay = 1.00> <Adapter> <Opcode : 'read' 'write' 'readreq' 'writereq' 'writeresp'>

State 12 <SV = 11> <Delay = 7.30>
ST_12 : Operation 63 [8/14] (7.30ns)   --->   "%empty_49 = writeresp i1 @_ssdm_op_WriteResp.m_axi.p1i32, i32 %gmem0_addr" [userdma.cpp:26]   --->   Operation 63 'writeresp' 'empty_49' <Predicate = true> <Delay = 7.30> <CoreInst = "m_axi">   --->   Core 113 'm_axi' <Latency = 0> <II = 1> <Delay = 1.00> <Adapter> <Opcode : 'read' 'write' 'readreq' 'writereq' 'writeresp'>

State 13 <SV = 12> <Delay = 7.30>
ST_13 : Operation 64 [7/14] (7.30ns)   --->   "%empty_49 = writeresp i1 @_ssdm_op_WriteResp.m_axi.p1i32, i32 %gmem0_addr" [userdma.cpp:26]   --->   Operation 64 'writeresp' 'empty_49' <Predicate = true> <Delay = 7.30> <CoreInst = "m_axi">   --->   Core 113 'm_axi' <Latency = 0> <II = 1> <Delay = 1.00> <Adapter> <Opcode : 'read' 'write' 'readreq' 'writereq' 'writeresp'>

State 14 <SV = 13> <Delay = 7.30>
ST_14 : Operation 65 [6/14] (7.30ns)   --->   "%empty_49 = writeresp i1 @_ssdm_op_WriteResp.m_axi.p1i32, i32 %gmem0_addr" [userdma.cpp:26]   --->   Operation 65 'writeresp' 'empty_49' <Predicate = true> <Delay = 7.30> <CoreInst = "m_axi">   --->   Core 113 'm_axi' <Latency = 0> <II = 1> <Delay = 1.00> <Adapter> <Opcode : 'read' 'write' 'readreq' 'writereq' 'writeresp'>

State 15 <SV = 14> <Delay = 7.30>
ST_15 : Operation 66 [5/14] (7.30ns)   --->   "%empty_49 = writeresp i1 @_ssdm_op_WriteResp.m_axi.p1i32, i32 %gmem0_addr" [userdma.cpp:26]   --->   Operation 66 'writeresp' 'empty_49' <Predicate = true> <Delay = 7.30> <CoreInst = "m_axi">   --->   Core 113 'm_axi' <Latency = 0> <II = 1> <Delay = 1.00> <Adapter> <Opcode : 'read' 'write' 'readreq' 'writereq' 'writeresp'>

State 16 <SV = 15> <Delay = 7.30>
ST_16 : Operation 67 [4/14] (7.30ns)   --->   "%empty_49 = writeresp i1 @_ssdm_op_WriteResp.m_axi.p1i32, i32 %gmem0_addr" [userdma.cpp:26]   --->   Operation 67 'writeresp' 'empty_49' <Predicate = true> <Delay = 7.30> <CoreInst = "m_axi">   --->   Core 113 'm_axi' <Latency = 0> <II = 1> <Delay = 1.00> <Adapter> <Opcode : 'read' 'write' 'readreq' 'writereq' 'writeresp'>

State 17 <SV = 16> <Delay = 7.30>
ST_17 : Operation 68 [3/14] (7.30ns)   --->   "%empty_49 = writeresp i1 @_ssdm_op_WriteResp.m_axi.p1i32, i32 %gmem0_addr" [userdma.cpp:26]   --->   Operation 68 'writeresp' 'empty_49' <Predicate = true> <Delay = 7.30> <CoreInst = "m_axi">   --->   Core 113 'm_axi' <Latency = 0> <II = 1> <Delay = 1.00> <Adapter> <Opcode : 'read' 'write' 'readreq' 'writereq' 'writeresp'>

State 18 <SV = 17> <Delay = 7.30>
ST_18 : Operation 69 [2/14] (7.30ns)   --->   "%empty_49 = writeresp i1 @_ssdm_op_WriteResp.m_axi.p1i32, i32 %gmem0_addr" [userdma.cpp:26]   --->   Operation 69 'writeresp' 'empty_49' <Predicate = true> <Delay = 7.30> <CoreInst = "m_axi">   --->   Core 113 'm_axi' <Latency = 0> <II = 1> <Delay = 1.00> <Adapter> <Opcode : 'read' 'write' 'readreq' 'writereq' 'writeresp'>

State 19 <SV = 18> <Delay = 7.30>
ST_19 : Operation 70 [1/1] (0.00ns)   --->   "%specloopname_ln18 = specloopname void @_ssdm_op_SpecLoopName, void @empty_19" [userdma.cpp:18]   --->   Operation 70 'specloopname' 'specloopname_ln18' <Predicate = true> <Delay = 0.00>
ST_19 : Operation 71 [1/1] (0.00ns)   --->   "%sext_ln21 = sext i32 %count" [userdma.cpp:21]   --->   Operation 71 'sext' 'sext_ln21' <Predicate = true> <Delay = 0.00>
ST_19 : Operation 72 [1/14] (7.30ns)   --->   "%empty_49 = writeresp i1 @_ssdm_op_WriteResp.m_axi.p1i32, i32 %gmem0_addr" [userdma.cpp:26]   --->   Operation 72 'writeresp' 'empty_49' <Predicate = true> <Delay = 7.30> <CoreInst = "m_axi">   --->   Core 113 'm_axi' <Latency = 0> <II = 1> <Delay = 1.00> <Adapter> <Opcode : 'read' 'write' 'readreq' 'writereq' 'writeresp'>
ST_19 : Operation 73 [1/1] (3.52ns)   --->   "%add_ln26 = add i64 %sext_ln21, i64 %idx_load" [userdma.cpp:26]   --->   Operation 73 'add' 'add_ln26' <Predicate = true> <Delay = 3.52> <CoreInst = "Adder">   --->   Core 1 'Adder' <Latency = 0> <II = 1> <Delay = 3.52> <FuncUnit> <Opcode : 'add' 'sub'> <InPorts = 2> <OutPorts = 1>
ST_19 : Operation 74 [1/1] (0.00ns)   --->   "%final_s2m_len_load_1 = load i32 %final_s2m_len" [userdma.cpp:27]   --->   Operation 74 'load' 'final_s2m_len_load_1' <Predicate = true> <Delay = 0.00>
ST_19 : Operation 75 [1/1] (2.55ns)   --->   "%add_ln27 = add i32 %final_s2m_len_load_1, i32 %count" [userdma.cpp:27]   --->   Operation 75 'add' 'add_ln27' <Predicate = true> <Delay = 2.55> <CoreInst = "Adder">   --->   Core 1 'Adder' <Latency = 0> <II = 1> <Delay = 2.55> <FuncUnit> <Opcode : 'add' 'sub'> <InPorts = 2> <OutPorts = 1>
ST_19 : Operation 76 [1/1] (1.58ns)   --->   "%store_ln27 = store i32 %add_ln27, i32 %final_s2m_len" [userdma.cpp:27]   --->   Operation 76 'store' 'store_ln27' <Predicate = true> <Delay = 1.58>
ST_19 : Operation 77 [1/1] (2.55ns)   --->   "%icmp_ln29 = icmp_eq  i32 %add_ln27, i32 %in_s2m_len_read" [userdma.cpp:29]   --->   Operation 77 'icmp' 'icmp_ln29' <Predicate = true> <Delay = 2.55> <CoreInst = "Cmp">   --->   Core 9 'Cmp' <Latency = 0> <II = 1> <Delay = 2.55> <FuncUnit> <Opcode : 'icmp'> <InPorts = 2> <OutPorts = 1>
ST_19 : Operation 78 [1/1] (0.00ns)   --->   "%br_ln29 = br i1 %icmp_ln29, void %do.cond, void %if.then8" [userdma.cpp:29]   --->   Operation 78 'br' 'br_ln29' <Predicate = true> <Delay = 0.00>
ST_19 : Operation 79 [1/1] (0.00ns)   --->   "%store_ln30 = store i1 1, i1 %out_sts" [userdma.cpp:30]   --->   Operation 79 'store' 'store_ln30' <Predicate = (icmp_ln29)> <Delay = 0.00>
ST_19 : Operation 80 [1/1] (0.00ns)   --->   "%br_ln31 = br void %do.cond" [userdma.cpp:31]   --->   Operation 80 'br' 'br_ln31' <Predicate = (icmp_ln29)> <Delay = 0.00>
ST_19 : Operation 81 [1/1] (0.00ns)   --->   "%out_sts_load = load i1 %out_sts" [userdma.cpp:32]   --->   Operation 81 'load' 'out_sts_load' <Predicate = true> <Delay = 0.00>
ST_19 : Operation 82 [1/1] (2.55ns)   --->   "%icmp_ln34 = icmp_ult  i32 %add_ln27, i32 %in_s2m_len_read" [userdma.cpp:34]   --->   Operation 82 'icmp' 'icmp_ln34' <Predicate = true> <Delay = 2.55> <CoreInst = "Cmp">   --->   Core 9 'Cmp' <Latency = 0> <II = 1> <Delay = 2.55> <FuncUnit> <Opcode : 'icmp'> <InPorts = 2> <OutPorts = 1>
ST_19 : Operation 83 [1/1] (1.58ns)   --->   "%store_ln26 = store i64 %add_ln26, i64 %idx" [userdma.cpp:26]   --->   Operation 83 'store' 'store_ln26' <Predicate = true> <Delay = 1.58>
ST_19 : Operation 84 [1/1] (0.00ns)   --->   "%br_ln34 = br i1 %icmp_ln34, void %do.end, void %VITIS_LOOP_21_2" [userdma.cpp:34]   --->   Operation 84 'br' 'br_ln34' <Predicate = true> <Delay = 0.00>
ST_19 : Operation 85 [1/1] (0.00ns)   --->   "%write_ln32 = write void @_ssdm_op_Write.ap_auto.i1P0A, i1 %s2m_buf_sts, i1 %out_sts_load" [userdma.cpp:32]   --->   Operation 85 'write' 'write_ln32' <Predicate = (!icmp_ln34)> <Delay = 0.00>
ST_19 : Operation 86 [1/1] (0.00ns)   --->   "%ret_ln36 = ret" [userdma.cpp:36]   --->   Operation 86 'ret' 'ret_ln36' <Predicate = (!icmp_ln34)> <Delay = 0.00>


============================================================
+ Verbose Summary: Timing violations
============================================================
Target clock period: 10.000ns, clock uncertainty: 2.700ns.

 <State 1>: 5.222ns
The critical path consists of the following:
	fifo read operation ('in_en_clrsts_read') on port 'in_en_clrsts' [13]  (3.634 ns)
	multiplexor before 'phi' operation 33 bit ('phi_ln21', userdma.cpp:21) with incoming values : ('sub_ln16', userdma.cpp:16) [27]  (1.588 ns)
	'phi' operation 33 bit ('phi_ln21', userdma.cpp:21) with incoming values : ('sub_ln16', userdma.cpp:16) [27]  (0.000 ns)

 <State 2>: 6.989ns
The critical path consists of the following:
	'load' operation 64 bit ('idx_load', userdma.cpp:21) on local variable 'idx' [33]  (0.000 ns)
	'add' operation 62 bit ('add_ln21', userdma.cpp:21) [39]  (3.469 ns)
	'add' operation 64 bit ('add_ln21_1', userdma.cpp:21) [41]  (3.520 ns)

 <State 3>: 7.300ns
The critical path consists of the following:
	'getelementptr' operation 32 bit ('gmem0_addr', userdma.cpp:21) [44]  (0.000 ns)
	bus request operation ('empty_47', userdma.cpp:21) on port 'gmem0' (userdma.cpp:21) [47]  (7.300 ns)

 <State 4>: 4.140ns
The critical path consists of the following:
	'call' operation 0 bit ('call_ln19', userdma.cpp:19) to 'streamtoparallelwithburst_Pipeline_VITIS_LOOP_21_2' [50]  (4.140 ns)

 <State 5>: 0.000ns
The critical path consists of the following:

 <State 6>: 7.300ns
The critical path consists of the following:
	bus response operation ('empty_49', userdma.cpp:26) on port 'gmem0' (userdma.cpp:26) [51]  (7.300 ns)

 <State 7>: 7.300ns
The critical path consists of the following:
	bus response operation ('empty_49', userdma.cpp:26) on port 'gmem0' (userdma.cpp:26) [51]  (7.300 ns)

 <State 8>: 7.300ns
The critical path consists of the following:
	bus response operation ('empty_49', userdma.cpp:26) on port 'gmem0' (userdma.cpp:26) [51]  (7.300 ns)

 <State 9>: 7.300ns
The critical path consists of the following:
	bus response operation ('empty_49', userdma.cpp:26) on port 'gmem0' (userdma.cpp:26) [51]  (7.300 ns)

 <State 10>: 7.300ns
The critical path consists of the following:
	bus response operation ('empty_49', userdma.cpp:26) on port 'gmem0' (userdma.cpp:26) [51]  (7.300 ns)

 <State 11>: 7.300ns
The critical path consists of the following:
	bus response operation ('empty_49', userdma.cpp:26) on port 'gmem0' (userdma.cpp:26) [51]  (7.300 ns)

 <State 12>: 7.300ns
The critical path consists of the following:
	bus response operation ('empty_49', userdma.cpp:26) on port 'gmem0' (userdma.cpp:26) [51]  (7.300 ns)

 <State 13>: 7.300ns
The critical path consists of the following:
	bus response operation ('empty_49', userdma.cpp:26) on port 'gmem0' (userdma.cpp:26) [51]  (7.300 ns)

 <State 14>: 7.300ns
The critical path consists of the following:
	bus response operation ('empty_49', userdma.cpp:26) on port 'gmem0' (userdma.cpp:26) [51]  (7.300 ns)

 <State 15>: 7.300ns
The critical path consists of the following:
	bus response operation ('empty_49', userdma.cpp:26) on port 'gmem0' (userdma.cpp:26) [51]  (7.300 ns)

 <State 16>: 7.300ns
The critical path consists of the following:
	bus response operation ('empty_49', userdma.cpp:26) on port 'gmem0' (userdma.cpp:26) [51]  (7.300 ns)

 <State 17>: 7.300ns
The critical path consists of the following:
	bus response operation ('empty_49', userdma.cpp:26) on port 'gmem0' (userdma.cpp:26) [51]  (7.300 ns)

 <State 18>: 7.300ns
The critical path consists of the following:
	bus response operation ('empty_49', userdma.cpp:26) on port 'gmem0' (userdma.cpp:26) [51]  (7.300 ns)

 <State 19>: 7.300ns
The critical path consists of the following:
	bus response operation ('empty_49', userdma.cpp:26) on port 'gmem0' (userdma.cpp:26) [51]  (7.300 ns)


============================================================
+ Verbose Summary: Binding
============================================================
N/A
* FSMD analyzer results:
  - Output states:
 - Input state : 
  - Chain level:
	State 1
	State 2
	State 3
	State 4
	State 5
	State 6
	State 7
	State 8
	State 9
	State 10
	State 11
	State 12
	State 13
	State 14
	State 15
	State 16
	State 17
	State 18
	State 19


============================================================
+ Verbose Summary: Datapath Resource usage 
============================================================
N/A
