

================================================================
== Vitis HLS Report for 'userdma'
================================================================
* Date:           Sat Jun 15 17:11:13 2024

* Version:        2023.2 (Build 4023990 on Oct 11 2023)
* Project:        hls_userdma
* Solution:       solution1 (Vivado IP Flow Target)
* Product family: zynq
* Target device:  xc7z020-clg400-1


================================================================
== Performance Estimates
================================================================
+ Timing: 
    * Summary: 
    +--------+----------+----------+------------+
    |  Clock |  Target  | Estimated| Uncertainty|
    +--------+----------+----------+------------+
    |ap_clk  |  10.00 ns|  7.300 ns|     2.70 ns|
    +--------+----------+----------+------------+

+ Latency: 
    * Summary: 
    +---------+---------+----------+----------+-----+-----+----------+
    |  Latency (cycles) |  Latency (absolute) |  Interval | Pipeline |
    |   min   |   max   |    min   |    max   | min | max |   Type   |
    +---------+---------+----------+----------+-----+-----+----------+
    |        ?|        ?|         ?|         ?|    ?|    ?|  dataflow|
    +---------+---------+----------+----------+-----+-----+----------+

    + Detail: 
        * Instance: 
        +--------------------------------------+---------------------------+---------+---------+----------+----------+-----+-----+---------+
        |                                      |                           |  Latency (cycles) |  Latency (absolute) |  Interval | Pipeline|
        |               Instance               |           Module          |   min   |   max   |    min   |    max   | min | max |   Type  |
        +--------------------------------------+---------------------------+---------+---------+----------+----------+-----+-----+---------+
        |call_ln170_entry_proc_fu_240          |entry_proc                 |        0|        0|      0 ns|      0 ns|    0|    0|       no|
        |grp_getinstream_fu_247                |getinstream                |        ?|        ?|         ?|         ?|    ?|    ?|       no|
        |grp_paralleltostreamwithburst_fu_272  |paralleltostreamwithburst  |        ?|        ?|         ?|         ?|    ?|    ?|       no|
        |grp_streamtoparallelwithburst_fu_284  |streamtoparallelwithburst  |        ?|        ?|         ?|         ?|    ?|    ?|       no|
        |grp_sendoutstream_fu_301              |sendoutstream              |        ?|        ?|         ?|         ?|    ?|    ?|       no|
        +--------------------------------------+---------------------------+---------+---------+----------+----------+-----+-----+---------+

        * Loop: 
        N/A

============================================================
+ Verbose Summary: Synthesis Manager
============================================================
InlineROM: 1
ExposeGlobal: 0
============================================================
+ Verbose Summary: CDFG Model
============================================================
IsTopModel: 1
ResetActiveHigh: 1
IsCombinational: 2
IsDatapathOnly: 0
HasWiredReturn: 1
HasMFsm: 0
HasVarLatency: 1
IsPipeline: 0
IsRtlPipelined: 0
IsInstanceOverlapped: 0
IsDontTouch: 0
HasImplIP: 0
IsGatedGlobalClock: 0


============================================================
+ Verbose Summary: Schedule
============================================================
* Number of FSM states : 6
* Pipeline : 0
* Dataflow Pipeline: 1
  DF-Pipeline-0: Size = 6, States = { 1 2 3 4 5 6 }

* FSM state transitions: 
1 --> 2 
2 --> 3 
3 --> 4 
4 --> 5 
5 --> 6 
6 --> 

* FSM state operations: 

State 1 <SV = 0> <Delay = 4.63>
ST_1 : Operation 7 [1/1] (1.00ns)   --->   "%endianness_read = read i1 @_ssdm_op_Read.s_axilite.i1, i1 %endianness" [userdma.cpp:170]   --->   Operation 7 'read' 'endianness_read' <Predicate = true> <Delay = 1.00> <CoreInst = "s_axilite">   --->   Core 114 's_axilite' <Latency = 0> <II = 1> <Delay = 1.00> <Adapter> <Opcode : 'read' 'write'>
ST_1 : Operation 8 [1/1] (1.00ns)   --->   "%m2s_enb_clrsts_read = read i1 @_ssdm_op_Read.s_axilite.i1, i1 %m2s_enb_clrsts" [userdma.cpp:170]   --->   Operation 8 'read' 'm2s_enb_clrsts_read' <Predicate = true> <Delay = 1.00> <CoreInst = "s_axilite">   --->   Core 114 's_axilite' <Latency = 0> <II = 1> <Delay = 1.00> <Adapter> <Opcode : 'read' 'write'>
ST_1 : Operation 9 [1/1] (1.00ns)   --->   "%m2s_len_read = read i32 @_ssdm_op_Read.s_axilite.i32, i32 %m2s_len" [userdma.cpp:170]   --->   Operation 9 'read' 'm2s_len_read' <Predicate = true> <Delay = 1.00> <CoreInst = "s_axilite">   --->   Core 114 's_axilite' <Latency = 0> <II = 1> <Delay = 1.00> <Adapter> <Opcode : 'read' 'write'>
ST_1 : Operation 10 [1/1] (1.00ns)   --->   "%m2sbuf_read = read i64 @_ssdm_op_Read.s_axilite.i64, i64 %m2sbuf" [userdma.cpp:170]   --->   Operation 10 'read' 'm2sbuf_read' <Predicate = true> <Delay = 1.00> <CoreInst = "s_axilite">   --->   Core 114 's_axilite' <Latency = 0> <II = 1> <Delay = 1.00> <Adapter> <Opcode : 'read' 'write'>
ST_1 : Operation 11 [1/1] (1.00ns)   --->   "%s2mbuf_read = read i64 @_ssdm_op_Read.s_axilite.i64, i64 %s2mbuf" [userdma.cpp:170]   --->   Operation 11 'read' 's2mbuf_read' <Predicate = true> <Delay = 1.00> <CoreInst = "s_axilite">   --->   Core 114 's_axilite' <Latency = 0> <II = 1> <Delay = 1.00> <Adapter> <Opcode : 'read' 'write'>
ST_1 : Operation 12 [1/1] (1.00ns)   --->   "%s2m_enb_clrsts_read = read i1 @_ssdm_op_Read.s_axilite.i1, i1 %s2m_enb_clrsts" [userdma.cpp:170]   --->   Operation 12 'read' 's2m_enb_clrsts_read' <Predicate = true> <Delay = 1.00> <CoreInst = "s_axilite">   --->   Core 114 's_axilite' <Latency = 0> <II = 1> <Delay = 1.00> <Adapter> <Opcode : 'read' 'write'>
ST_1 : Operation 13 [1/1] (1.00ns)   --->   "%s2m_len_read = read i32 @_ssdm_op_Read.s_axilite.i32, i32 %s2m_len" [userdma.cpp:170]   --->   Operation 13 'read' 's2m_len_read' <Predicate = true> <Delay = 1.00> <CoreInst = "s_axilite">   --->   Core 114 's_axilite' <Latency = 0> <II = 1> <Delay = 1.00> <Adapter> <Opcode : 'read' 'write'>
ST_1 : Operation 14 [1/1] (0.00ns)   --->   "%m2s_enb_clrsts_c = alloca i64 1" [userdma.cpp:170]   --->   Operation 14 'alloca' 'm2s_enb_clrsts_c' <Predicate = true> <Delay = 0.00> <CoreInst = "FIFO_SRL">   --->   Core 81 'FIFO_SRL' <Latency = 0> <II = 1> <Delay = 3.63> <Storage> <Opcode : 'read' 'write' 'nbread' 'nbwrite'> <Ports = 0> <Width = 1> <Depth = 2> <FIFO>
ST_1 : Operation 15 [1/1] (0.00ns)   --->   "%s2mbuf_c = alloca i64 1" [userdma.cpp:170]   --->   Operation 15 'alloca' 's2mbuf_c' <Predicate = true> <Delay = 0.00> <CoreInst = "FIFO_SRL">   --->   Core 81 'FIFO_SRL' <Latency = 0> <II = 1> <Delay = 3.63> <Storage> <Opcode : 'read' 'write' 'nbread' 'nbwrite'> <Ports = 0> <Width = 64> <Depth = 3> <FIFO>
ST_1 : Operation 16 [1/1] (0.00ns)   --->   "%s2m_enb_clrsts_c = alloca i64 1" [userdma.cpp:170]   --->   Operation 16 'alloca' 's2m_enb_clrsts_c' <Predicate = true> <Delay = 0.00> <CoreInst = "FIFO_SRL">   --->   Core 81 'FIFO_SRL' <Latency = 0> <II = 1> <Delay = 3.63> <Storage> <Opcode : 'read' 'write' 'nbread' 'nbwrite'> <Ports = 0> <Width = 1> <Depth = 2> <FIFO>
ST_1 : Operation 17 [1/1] (0.00ns)   --->   "%s2m_len_c = alloca i64 1" [userdma.cpp:170]   --->   Operation 17 'alloca' 's2m_len_c' <Predicate = true> <Delay = 0.00> <CoreInst = "FIFO_SRL">   --->   Core 81 'FIFO_SRL' <Latency = 0> <II = 1> <Delay = 3.63> <Storage> <Opcode : 'read' 'write' 'nbread' 'nbwrite'> <Ports = 0> <Width = 32> <Depth = 2> <FIFO>
ST_1 : Operation 18 [1/1] (0.00ns)   --->   "%inbuf = alloca i64 1"   --->   Operation 18 'alloca' 'inbuf' <Predicate = true> <Delay = 0.00> <CoreInst = "FIFO">   --->   Core 78 'FIFO' <Latency = 0> <II = 1> <Delay = 3.56> <Storage> <Opcode : 'read' 'write' 'nbread' 'nbwrite'> <Ports = 0> <Width = 33> <Depth = 64> <FIFO>
ST_1 : Operation 19 [1/1] (0.00ns)   --->   "%incount = alloca i64 1" [userdma.cpp:173]   --->   Operation 19 'alloca' 'incount' <Predicate = true> <Delay = 0.00> <CoreInst = "FIFO_SRL">   --->   Core 81 'FIFO_SRL' <Latency = 0> <II = 1> <Delay = 3.63> <Storage> <Opcode : 'read' 'write' 'nbread' 'nbwrite'> <Ports = 0> <Width = 32> <Depth = 4> <FIFO>
ST_1 : Operation 20 [1/1] (0.00ns)   --->   "%outbuf = alloca i64 1"   --->   Operation 20 'alloca' 'outbuf' <Predicate = true> <Delay = 0.00> <CoreInst = "FIFO">   --->   Core 78 'FIFO' <Latency = 0> <II = 1> <Delay = 3.56> <Storage> <Opcode : 'read' 'write' 'nbread' 'nbwrite'> <Ports = 0> <Width = 33> <Depth = 64> <FIFO>
ST_1 : Operation 21 [1/1] (3.63ns)   --->   "%call_ln170 = call void @entry_proc, i64 %s2mbuf_read, i64 %s2mbuf_c" [userdma.cpp:170]   --->   Operation 21 'call' 'call_ln170' <Predicate = true> <Delay = 3.63> <CoreType = "Generic">   --->   Core 0 '' <Latency = 0> <II = 1> <Delay = 1.00> <Generic> <Opcode : >

State 2 <SV = 1> <Delay = 6.95>
ST_2 : Operation 22 [2/2] (6.95ns)   --->   "%call_ln176 = call void @getinstream, i32 %inStreamTop_V_data_V, i4 %inStreamTop_V_keep_V, i4 %inStreamTop_V_strb_V, i7 %inStreamTop_V_user_V, i1 %inStreamTop_V_last_V, i1 %s2m_enb_clrsts_read, i32 %s2m_len_read, i2 %s2m_err, i33 %inbuf, i32 %incount, i1 %endianness_read, i32 %s2m_len_c, i1 %s2m_enb_clrsts_c, i32 %in_len" [userdma.cpp:176]   --->   Operation 22 'call' 'call_ln176' <Predicate = true> <Delay = 6.95> <CoreType = "Generic">   --->   Core 0 '' <Latency = 0> <II = 1> <Delay = 1.00> <Generic> <Opcode : >
ST_2 : Operation 23 [2/2] (3.63ns)   --->   "%call_ln178 = call void @paralleltostreamwithburst, i32 %gmem1, i64 %m2sbuf_read, i1 %m2s_enb_clrsts_read, i32 %m2s_len_read, i33 %outbuf, i1 %endianness_read, i1 %m2s_enb_clrsts_c" [userdma.cpp:178]   --->   Operation 23 'call' 'call_ln178' <Predicate = true> <Delay = 3.63> <CoreType = "Generic">   --->   Core 0 '' <Latency = 0> <II = 1> <Delay = 1.00> <Generic> <Opcode : >

State 3 <SV = 2> <Delay = 0.99>
ST_3 : Operation 24 [1/2] (0.99ns)   --->   "%call_ln176 = call void @getinstream, i32 %inStreamTop_V_data_V, i4 %inStreamTop_V_keep_V, i4 %inStreamTop_V_strb_V, i7 %inStreamTop_V_user_V, i1 %inStreamTop_V_last_V, i1 %s2m_enb_clrsts_read, i32 %s2m_len_read, i2 %s2m_err, i33 %inbuf, i32 %incount, i1 %endianness_read, i32 %s2m_len_c, i1 %s2m_enb_clrsts_c, i32 %in_len" [userdma.cpp:176]   --->   Operation 24 'call' 'call_ln176' <Predicate = true> <Delay = 0.99> <CoreType = "Generic">   --->   Core 0 '' <Latency = 0> <II = 1> <Delay = 1.00> <Generic> <Opcode : >
ST_3 : Operation 25 [1/2] (0.00ns)   --->   "%call_ln178 = call void @paralleltostreamwithburst, i32 %gmem1, i64 %m2sbuf_read, i1 %m2s_enb_clrsts_read, i32 %m2s_len_read, i33 %outbuf, i1 %endianness_read, i1 %m2s_enb_clrsts_c" [userdma.cpp:178]   --->   Operation 25 'call' 'call_ln178' <Predicate = true> <Delay = 0.00> <CoreType = "Generic">   --->   Core 0 '' <Latency = 0> <II = 1> <Delay = 1.00> <Generic> <Opcode : >

State 4 <SV = 3> <Delay = 0.00>
ST_4 : Operation 26 [2/2] (0.00ns)   --->   "%call_ln177 = call void @streamtoparallelwithburst, i33 %inbuf, i32 %incount, i1 %s2m_enb_clrsts_c, i1 %s2m_buf_sts, i32 %s2m_len_c, i32 %gmem0, i64 %s2mbuf_c, i32 %final_s2m_len, i1 %out_sts" [userdma.cpp:177]   --->   Operation 26 'call' 'call_ln177' <Predicate = true> <Delay = 0.00> <CoreType = "Generic">   --->   Core 0 '' <Latency = 0> <II = 1> <Delay = 1.00> <Generic> <Opcode : >
ST_4 : Operation 27 [2/2] (0.00ns)   --->   "%call_ln179 = call void @sendoutstream, i33 %outbuf, i1 %m2s_enb_clrsts_c, i1 %m2s_buf_sts, i32 %outStreamTop_V_data_V, i4 %outStreamTop_V_keep_V, i4 %outStreamTop_V_strb_V, i7 %outStreamTop_V_user_V, i1 %outStreamTop_V_last_V" [userdma.cpp:179]   --->   Operation 27 'call' 'call_ln179' <Predicate = true> <Delay = 0.00> <CoreType = "Generic">   --->   Core 0 '' <Latency = 0> <II = 1> <Delay = 1.00> <Generic> <Opcode : >

State 5 <SV = 4> <Delay = 5.10>
ST_5 : Operation 28 [1/2] (5.10ns)   --->   "%call_ln177 = call void @streamtoparallelwithburst, i33 %inbuf, i32 %incount, i1 %s2m_enb_clrsts_c, i1 %s2m_buf_sts, i32 %s2m_len_c, i32 %gmem0, i64 %s2mbuf_c, i32 %final_s2m_len, i1 %out_sts" [userdma.cpp:177]   --->   Operation 28 'call' 'call_ln177' <Predicate = true> <Delay = 5.10> <CoreType = "Generic">   --->   Core 0 '' <Latency = 0> <II = 1> <Delay = 1.00> <Generic> <Opcode : >
ST_5 : Operation 29 [1/2] (0.97ns)   --->   "%call_ln179 = call void @sendoutstream, i33 %outbuf, i1 %m2s_enb_clrsts_c, i1 %m2s_buf_sts, i32 %outStreamTop_V_data_V, i4 %outStreamTop_V_keep_V, i4 %outStreamTop_V_strb_V, i7 %outStreamTop_V_user_V, i1 %outStreamTop_V_last_V" [userdma.cpp:179]   --->   Operation 29 'call' 'call_ln179' <Predicate = true> <Delay = 0.97> <CoreType = "Generic">   --->   Core 0 '' <Latency = 0> <II = 1> <Delay = 1.00> <Generic> <Opcode : >

State 6 <SV = 5> <Delay = 0.00>
ST_6 : Operation 30 [1/1] (0.00ns)   --->   "%empty = specchannel i32 @_ssdm_op_SpecChannel, void @m2s_enb_clrsts_c_str, i32 1, void @p_str, void @p_str, i32 2, i32 0, i1 %m2s_enb_clrsts_c, i1 %m2s_enb_clrsts_c" [userdma.cpp:170]   --->   Operation 30 'specchannel' 'empty' <Predicate = true> <Delay = 0.00>
ST_6 : Operation 31 [1/1] (0.00ns)   --->   "%specinterface_ln170 = specinterface void @_ssdm_op_SpecInterface, i1 %m2s_enb_clrsts_c, void @ap_fifo_str, i32 0, i32 0, void @p_str, i32 0, i32 0, void @p_str, void @p_str, void @p_str, i32 2, i32 2, i32 16, i32 16, void @p_str, void @p_str, i32 4294967295, i32 0" [userdma.cpp:170]   --->   Operation 31 'specinterface' 'specinterface_ln170' <Predicate = true> <Delay = 0.00>
ST_6 : Operation 32 [1/1] (0.00ns)   --->   "%empty_41 = specchannel i32 @_ssdm_op_SpecChannel, void @s2mbuf_c_str, i32 1, void @p_str, void @p_str, i32 3, i32 0, i64 %s2mbuf_c, i64 %s2mbuf_c" [userdma.cpp:170]   --->   Operation 32 'specchannel' 'empty_41' <Predicate = true> <Delay = 0.00>
ST_6 : Operation 33 [1/1] (0.00ns)   --->   "%specinterface_ln170 = specinterface void @_ssdm_op_SpecInterface, i64 %s2mbuf_c, void @ap_fifo_str, i32 0, i32 0, void @p_str, i32 0, i32 0, void @p_str, void @p_str, void @p_str, i32 2, i32 2, i32 16, i32 16, void @p_str, void @p_str, i32 4294967295, i32 0" [userdma.cpp:170]   --->   Operation 33 'specinterface' 'specinterface_ln170' <Predicate = true> <Delay = 0.00>
ST_6 : Operation 34 [1/1] (0.00ns)   --->   "%empty_42 = specchannel i32 @_ssdm_op_SpecChannel, void @s2m_enb_clrsts_c_str, i32 1, void @p_str, void @p_str, i32 2, i32 0, i1 %s2m_enb_clrsts_c, i1 %s2m_enb_clrsts_c" [userdma.cpp:170]   --->   Operation 34 'specchannel' 'empty_42' <Predicate = true> <Delay = 0.00>
ST_6 : Operation 35 [1/1] (0.00ns)   --->   "%specinterface_ln170 = specinterface void @_ssdm_op_SpecInterface, i1 %s2m_enb_clrsts_c, void @ap_fifo_str, i32 0, i32 0, void @p_str, i32 0, i32 0, void @p_str, void @p_str, void @p_str, i32 2, i32 2, i32 16, i32 16, void @p_str, void @p_str, i32 4294967295, i32 0" [userdma.cpp:170]   --->   Operation 35 'specinterface' 'specinterface_ln170' <Predicate = true> <Delay = 0.00>
ST_6 : Operation 36 [1/1] (0.00ns)   --->   "%empty_43 = specchannel i32 @_ssdm_op_SpecChannel, void @s2m_len_c_str, i32 1, void @p_str, void @p_str, i32 2, i32 0, i32 %s2m_len_c, i32 %s2m_len_c" [userdma.cpp:170]   --->   Operation 36 'specchannel' 'empty_43' <Predicate = true> <Delay = 0.00>
ST_6 : Operation 37 [1/1] (0.00ns)   --->   "%specinterface_ln170 = specinterface void @_ssdm_op_SpecInterface, i32 %s2m_len_c, void @ap_fifo_str, i32 0, i32 0, void @p_str, i32 0, i32 0, void @p_str, void @p_str, void @p_str, i32 2, i32 2, i32 16, i32 16, void @p_str, void @p_str, i32 4294967295, i32 0" [userdma.cpp:170]   --->   Operation 37 'specinterface' 'specinterface_ln170' <Predicate = true> <Delay = 0.00>
ST_6 : Operation 38 [1/1] (0.00ns)   --->   "%specdataflowpipeline_ln170 = specdataflowpipeline void @_ssdm_op_SpecDataflowPipeline, i32 4294967295, i32 0, void @empty_2" [userdma.cpp:170]   --->   Operation 38 'specdataflowpipeline' 'specdataflowpipeline_ln170' <Predicate = true> <Delay = 0.00>
ST_6 : Operation 39 [1/1] (0.00ns)   --->   "%spectopmodule_ln142 = spectopmodule void @_ssdm_op_SpecTopModule, void @empty_10" [userdma.cpp:142]   --->   Operation 39 'spectopmodule' 'spectopmodule_ln142' <Predicate = true> <Delay = 0.00>
ST_6 : Operation 40 [1/1] (0.00ns)   --->   "%specinterface_ln0 = specinterface void @_ssdm_op_SpecInterface, i32 %gmem0, void @empty_1, i32 0, i32 0, void @empty_2, i32 10, i32 1024, void @empty_3, void @empty_4, void @empty_2, i32 16, i32 16, i32 16, i32 16, void @empty_2, void @empty_2, i32 4294967295, i32 0"   --->   Operation 40 'specinterface' 'specinterface_ln0' <Predicate = true> <Delay = 0.00>
ST_6 : Operation 41 [1/1] (0.00ns)   --->   "%specbitsmap_ln0 = specbitsmap void @_ssdm_op_SpecBitsMap, i32 %gmem0"   --->   Operation 41 'specbitsmap' 'specbitsmap_ln0' <Predicate = true> <Delay = 0.00>
ST_6 : Operation 42 [1/1] (0.00ns)   --->   "%specinterface_ln0 = specinterface void @_ssdm_op_SpecInterface, i32 %gmem1, void @empty_1, i32 0, i32 0, void @empty_2, i32 10, i32 1024, void @empty_5, void @empty_4, void @empty_2, i32 4, i32 16, i32 16, i32 16, void @empty_2, void @empty_2, i32 4294967295, i32 0"   --->   Operation 42 'specinterface' 'specinterface_ln0' <Predicate = true> <Delay = 0.00>
ST_6 : Operation 43 [1/1] (0.00ns)   --->   "%specbitsmap_ln0 = specbitsmap void @_ssdm_op_SpecBitsMap, i32 %gmem1"   --->   Operation 43 'specbitsmap' 'specbitsmap_ln0' <Predicate = true> <Delay = 0.00>
ST_6 : Operation 44 [1/1] (0.00ns)   --->   "%specinterface_ln0 = specinterface void @_ssdm_op_SpecInterface, i32 %inStreamTop_V_data_V, i4 %inStreamTop_V_keep_V, i4 %inStreamTop_V_strb_V, i7 %inStreamTop_V_user_V, i1 %inStreamTop_V_last_V, void @empty_6, i32 1, i32 1, void @empty_17, i32 0, i32 0, void @empty_2, void @empty_2, void @empty_2, i32 0, i32 0, i32 0, i32 0, void @empty_2, void @empty_2, i32 4294967295, i32 0"   --->   Operation 44 'specinterface' 'specinterface_ln0' <Predicate = true> <Delay = 0.00>
ST_6 : Operation 45 [1/1] (0.00ns)   --->   "%specbitsmap_ln0 = specbitsmap void @_ssdm_op_SpecBitsMap, i32 %inStreamTop_V_data_V"   --->   Operation 45 'specbitsmap' 'specbitsmap_ln0' <Predicate = true> <Delay = 0.00>
ST_6 : Operation 46 [1/1] (0.00ns)   --->   "%specbitsmap_ln0 = specbitsmap void @_ssdm_op_SpecBitsMap, i4 %inStreamTop_V_keep_V"   --->   Operation 46 'specbitsmap' 'specbitsmap_ln0' <Predicate = true> <Delay = 0.00>
ST_6 : Operation 47 [1/1] (0.00ns)   --->   "%specbitsmap_ln0 = specbitsmap void @_ssdm_op_SpecBitsMap, i4 %inStreamTop_V_strb_V"   --->   Operation 47 'specbitsmap' 'specbitsmap_ln0' <Predicate = true> <Delay = 0.00>
ST_6 : Operation 48 [1/1] (0.00ns)   --->   "%specbitsmap_ln0 = specbitsmap void @_ssdm_op_SpecBitsMap, i7 %inStreamTop_V_user_V"   --->   Operation 48 'specbitsmap' 'specbitsmap_ln0' <Predicate = true> <Delay = 0.00>
ST_6 : Operation 49 [1/1] (0.00ns)   --->   "%specbitsmap_ln0 = specbitsmap void @_ssdm_op_SpecBitsMap, i1 %inStreamTop_V_last_V"   --->   Operation 49 'specbitsmap' 'specbitsmap_ln0' <Predicate = true> <Delay = 0.00>
ST_6 : Operation 50 [1/1] (0.00ns)   --->   "%specbitsmap_ln0 = specbitsmap void @_ssdm_op_SpecBitsMap, i1 %s2m_buf_sts"   --->   Operation 50 'specbitsmap' 'specbitsmap_ln0' <Predicate = true> <Delay = 0.00>
ST_6 : Operation 51 [1/1] (0.00ns)   --->   "%specinterface_ln0 = specinterface void @_ssdm_op_SpecInterface, i1 %s2m_buf_sts, void @empty_28, i32 0, i32 0, void @empty_2, i32 0, i32 0, void @empty_27, void @empty_26, void @empty_2, i32 0, i32 0, i32 0, i32 0, void @empty_2, void @empty_2, i32 4294967295, i32 0"   --->   Operation 51 'specinterface' 'specinterface_ln0' <Predicate = true> <Delay = 0.00>
ST_6 : Operation 52 [1/1] (0.00ns)   --->   "%specinterface_ln0 = specinterface void @_ssdm_op_SpecInterface, i1 %s2m_buf_sts, void @empty_25, i32 0, i32 0, void @empty_2, i32 0, i32 0, void @empty_2, void @empty_2, void @empty_2, i32 0, i32 0, i32 0, i32 0, void @empty_2, void @empty_2, i32 4294967295, i32 0"   --->   Operation 52 'specinterface' 'specinterface_ln0' <Predicate = true> <Delay = 0.00>
ST_6 : Operation 53 [1/1] (0.00ns)   --->   "%specbitsmap_ln0 = specbitsmap void @_ssdm_op_SpecBitsMap, i32 %s2m_len"   --->   Operation 53 'specbitsmap' 'specbitsmap_ln0' <Predicate = true> <Delay = 0.00>
ST_6 : Operation 54 [1/1] (0.00ns)   --->   "%specinterface_ln0 = specinterface void @_ssdm_op_SpecInterface, i32 %s2m_len, void @empty_28, i32 0, i32 0, void @empty_2, i32 0, i32 0, void @empty_27, void @empty_24, void @empty_2, i32 0, i32 0, i32 0, i32 0, void @empty_2, void @empty_2, i32 4294967295, i32 0"   --->   Operation 54 'specinterface' 'specinterface_ln0' <Predicate = true> <Delay = 0.00>
ST_6 : Operation 55 [1/1] (0.00ns)   --->   "%specinterface_ln0 = specinterface void @_ssdm_op_SpecInterface, i32 %s2m_len, void @empty_25, i32 0, i32 0, void @empty_2, i32 0, i32 0, void @empty_2, void @empty_2, void @empty_2, i32 0, i32 0, i32 0, i32 0, void @empty_2, void @empty_2, i32 4294967295, i32 0"   --->   Operation 55 'specinterface' 'specinterface_ln0' <Predicate = true> <Delay = 0.00>
ST_6 : Operation 56 [1/1] (0.00ns)   --->   "%specbitsmap_ln0 = specbitsmap void @_ssdm_op_SpecBitsMap, i1 %s2m_enb_clrsts"   --->   Operation 56 'specbitsmap' 'specbitsmap_ln0' <Predicate = true> <Delay = 0.00>
ST_6 : Operation 57 [1/1] (0.00ns)   --->   "%specinterface_ln0 = specinterface void @_ssdm_op_SpecInterface, i1 %s2m_enb_clrsts, void @empty_28, i32 0, i32 0, void @empty_2, i32 0, i32 0, void @empty_27, void @empty_23, void @empty_2, i32 0, i32 0, i32 0, i32 0, void @empty_2, void @empty_2, i32 4294967295, i32 0"   --->   Operation 57 'specinterface' 'specinterface_ln0' <Predicate = true> <Delay = 0.00>
ST_6 : Operation 58 [1/1] (0.00ns)   --->   "%specinterface_ln0 = specinterface void @_ssdm_op_SpecInterface, i1 %s2m_enb_clrsts, void @empty_25, i32 0, i32 0, void @empty_2, i32 0, i32 0, void @empty_2, void @empty_2, void @empty_2, i32 0, i32 0, i32 0, i32 0, void @empty_2, void @empty_2, i32 4294967295, i32 0"   --->   Operation 58 'specinterface' 'specinterface_ln0' <Predicate = true> <Delay = 0.00>
ST_6 : Operation 59 [1/1] (0.00ns)   --->   "%specinterface_ln0 = specinterface void @_ssdm_op_SpecInterface, i64 %s2mbuf, void @empty_28, i32 0, i32 0, void @empty_2, i32 0, i32 0, void @empty_27, void @empty_7, void @empty_2, i32 0, i32 0, i32 0, i32 0, void @empty_2, void @empty_13, i32 4294967295, i32 0"   --->   Operation 59 'specinterface' 'specinterface_ln0' <Predicate = true> <Delay = 0.00>
ST_6 : Operation 60 [1/1] (0.00ns)   --->   "%specinterface_ln0 = specinterface void @_ssdm_op_SpecInterface, i64 %s2mbuf, void @empty_25, i32 0, i32 0, void @empty_2, i32 0, i32 0, void @empty_2, void @empty_2, void @empty_2, i32 0, i32 0, i32 0, i32 0, void @empty_2, void @empty_13, i32 4294967295, i32 0"   --->   Operation 60 'specinterface' 'specinterface_ln0' <Predicate = true> <Delay = 0.00>
ST_6 : Operation 61 [1/1] (0.00ns)   --->   "%specbitsmap_ln0 = specbitsmap void @_ssdm_op_SpecBitsMap, i2 %s2m_err"   --->   Operation 61 'specbitsmap' 'specbitsmap_ln0' <Predicate = true> <Delay = 0.00>
ST_6 : Operation 62 [1/1] (0.00ns)   --->   "%specinterface_ln0 = specinterface void @_ssdm_op_SpecInterface, i2 %s2m_err, void @empty_28, i32 0, i32 0, void @empty_2, i32 0, i32 0, void @empty_27, void @empty_21, void @empty_2, i32 0, i32 0, i32 0, i32 0, void @empty_2, void @empty_2, i32 4294967295, i32 0"   --->   Operation 62 'specinterface' 'specinterface_ln0' <Predicate = true> <Delay = 0.00>
ST_6 : Operation 63 [1/1] (0.00ns)   --->   "%specinterface_ln0 = specinterface void @_ssdm_op_SpecInterface, i2 %s2m_err, void @empty_25, i32 0, i32 0, void @empty_2, i32 0, i32 0, void @empty_2, void @empty_2, void @empty_2, i32 0, i32 0, i32 0, i32 0, void @empty_2, void @empty_2, i32 4294967295, i32 0"   --->   Operation 63 'specinterface' 'specinterface_ln0' <Predicate = true> <Delay = 0.00>
ST_6 : Operation 64 [1/1] (0.00ns)   --->   "%specinterface_ln0 = specinterface void @_ssdm_op_SpecInterface, i64 %m2sbuf, void @empty_28, i32 0, i32 0, void @empty_2, i32 0, i32 0, void @empty_27, void @empty_20, void @empty_2, i32 0, i32 0, i32 0, i32 0, void @empty_2, void @empty_13, i32 4294967295, i32 0"   --->   Operation 64 'specinterface' 'specinterface_ln0' <Predicate = true> <Delay = 0.00>
ST_6 : Operation 65 [1/1] (0.00ns)   --->   "%specinterface_ln0 = specinterface void @_ssdm_op_SpecInterface, i64 %m2sbuf, void @empty_25, i32 0, i32 0, void @empty_2, i32 0, i32 0, void @empty_2, void @empty_2, void @empty_2, i32 0, i32 0, i32 0, i32 0, void @empty_2, void @empty_13, i32 4294967295, i32 0"   --->   Operation 65 'specinterface' 'specinterface_ln0' <Predicate = true> <Delay = 0.00>
ST_6 : Operation 66 [1/1] (0.00ns)   --->   "%specbitsmap_ln0 = specbitsmap void @_ssdm_op_SpecBitsMap, i1 %m2s_buf_sts"   --->   Operation 66 'specbitsmap' 'specbitsmap_ln0' <Predicate = true> <Delay = 0.00>
ST_6 : Operation 67 [1/1] (0.00ns)   --->   "%specinterface_ln0 = specinterface void @_ssdm_op_SpecInterface, i1 %m2s_buf_sts, void @empty_28, i32 0, i32 0, void @empty_2, i32 0, i32 0, void @empty_27, void @empty_8, void @empty_2, i32 0, i32 0, i32 0, i32 0, void @empty_2, void @empty_2, i32 4294967295, i32 0"   --->   Operation 67 'specinterface' 'specinterface_ln0' <Predicate = true> <Delay = 0.00>
ST_6 : Operation 68 [1/1] (0.00ns)   --->   "%specinterface_ln0 = specinterface void @_ssdm_op_SpecInterface, i1 %m2s_buf_sts, void @empty_25, i32 0, i32 0, void @empty_2, i32 0, i32 0, void @empty_2, void @empty_2, void @empty_2, i32 0, i32 0, i32 0, i32 0, void @empty_2, void @empty_2, i32 4294967295, i32 0"   --->   Operation 68 'specinterface' 'specinterface_ln0' <Predicate = true> <Delay = 0.00>
ST_6 : Operation 69 [1/1] (0.00ns)   --->   "%specbitsmap_ln0 = specbitsmap void @_ssdm_op_SpecBitsMap, i32 %m2s_len"   --->   Operation 69 'specbitsmap' 'specbitsmap_ln0' <Predicate = true> <Delay = 0.00>
ST_6 : Operation 70 [1/1] (0.00ns)   --->   "%specinterface_ln0 = specinterface void @_ssdm_op_SpecInterface, i32 %m2s_len, void @empty_28, i32 0, i32 0, void @empty_2, i32 0, i32 0, void @empty_27, void @empty_29, void @empty_2, i32 0, i32 0, i32 0, i32 0, void @empty_2, void @empty_2, i32 4294967295, i32 0"   --->   Operation 70 'specinterface' 'specinterface_ln0' <Predicate = true> <Delay = 0.00>
ST_6 : Operation 71 [1/1] (0.00ns)   --->   "%specinterface_ln0 = specinterface void @_ssdm_op_SpecInterface, i32 %m2s_len, void @empty_25, i32 0, i32 0, void @empty_2, i32 0, i32 0, void @empty_2, void @empty_2, void @empty_2, i32 0, i32 0, i32 0, i32 0, void @empty_2, void @empty_2, i32 4294967295, i32 0"   --->   Operation 71 'specinterface' 'specinterface_ln0' <Predicate = true> <Delay = 0.00>
ST_6 : Operation 72 [1/1] (0.00ns)   --->   "%specbitsmap_ln0 = specbitsmap void @_ssdm_op_SpecBitsMap, i1 %m2s_enb_clrsts"   --->   Operation 72 'specbitsmap' 'specbitsmap_ln0' <Predicate = true> <Delay = 0.00>
ST_6 : Operation 73 [1/1] (0.00ns)   --->   "%specinterface_ln0 = specinterface void @_ssdm_op_SpecInterface, i1 %m2s_enb_clrsts, void @empty_28, i32 0, i32 0, void @empty_2, i32 0, i32 0, void @empty_27, void @empty_18, void @empty_2, i32 0, i32 0, i32 0, i32 0, void @empty_2, void @empty_2, i32 4294967295, i32 0"   --->   Operation 73 'specinterface' 'specinterface_ln0' <Predicate = true> <Delay = 0.00>
ST_6 : Operation 74 [1/1] (0.00ns)   --->   "%specinterface_ln0 = specinterface void @_ssdm_op_SpecInterface, i1 %m2s_enb_clrsts, void @empty_25, i32 0, i32 0, void @empty_2, i32 0, i32 0, void @empty_2, void @empty_2, void @empty_2, i32 0, i32 0, i32 0, i32 0, void @empty_2, void @empty_2, i32 4294967295, i32 0"   --->   Operation 74 'specinterface' 'specinterface_ln0' <Predicate = true> <Delay = 0.00>
ST_6 : Operation 75 [1/1] (0.00ns)   --->   "%specinterface_ln0 = specinterface void @_ssdm_op_SpecInterface, i32 %outStreamTop_V_data_V, i4 %outStreamTop_V_keep_V, i4 %outStreamTop_V_strb_V, i7 %outStreamTop_V_user_V, i1 %outStreamTop_V_last_V, void @empty_6, i32 1, i32 1, void @empty_17, i32 0, i32 0, void @empty_2, void @empty_2, void @empty_2, i32 0, i32 0, i32 0, i32 0, void @empty_2, void @empty_2, i32 4294967295, i32 0"   --->   Operation 75 'specinterface' 'specinterface_ln0' <Predicate = true> <Delay = 0.00>
ST_6 : Operation 76 [1/1] (0.00ns)   --->   "%specbitsmap_ln0 = specbitsmap void @_ssdm_op_SpecBitsMap, i32 %outStreamTop_V_data_V"   --->   Operation 76 'specbitsmap' 'specbitsmap_ln0' <Predicate = true> <Delay = 0.00>
ST_6 : Operation 77 [1/1] (0.00ns)   --->   "%specbitsmap_ln0 = specbitsmap void @_ssdm_op_SpecBitsMap, i4 %outStreamTop_V_keep_V"   --->   Operation 77 'specbitsmap' 'specbitsmap_ln0' <Predicate = true> <Delay = 0.00>
ST_6 : Operation 78 [1/1] (0.00ns)   --->   "%specbitsmap_ln0 = specbitsmap void @_ssdm_op_SpecBitsMap, i4 %outStreamTop_V_strb_V"   --->   Operation 78 'specbitsmap' 'specbitsmap_ln0' <Predicate = true> <Delay = 0.00>
ST_6 : Operation 79 [1/1] (0.00ns)   --->   "%specbitsmap_ln0 = specbitsmap void @_ssdm_op_SpecBitsMap, i7 %outStreamTop_V_user_V"   --->   Operation 79 'specbitsmap' 'specbitsmap_ln0' <Predicate = true> <Delay = 0.00>
ST_6 : Operation 80 [1/1] (0.00ns)   --->   "%specbitsmap_ln0 = specbitsmap void @_ssdm_op_SpecBitsMap, i1 %outStreamTop_V_last_V"   --->   Operation 80 'specbitsmap' 'specbitsmap_ln0' <Predicate = true> <Delay = 0.00>
ST_6 : Operation 81 [1/1] (0.00ns)   --->   "%specbitsmap_ln0 = specbitsmap void @_ssdm_op_SpecBitsMap, i1 %endianness"   --->   Operation 81 'specbitsmap' 'specbitsmap_ln0' <Predicate = true> <Delay = 0.00>
ST_6 : Operation 82 [1/1] (0.00ns)   --->   "%specinterface_ln0 = specinterface void @_ssdm_op_SpecInterface, i1 %endianness, void @empty_28, i32 0, i32 0, void @empty_2, i32 0, i32 0, void @empty_27, void @empty_16, void @empty_2, i32 0, i32 0, i32 0, i32 0, void @empty_2, void @empty_2, i32 4294967295, i32 0"   --->   Operation 82 'specinterface' 'specinterface_ln0' <Predicate = true> <Delay = 0.00>
ST_6 : Operation 83 [1/1] (0.00ns)   --->   "%specinterface_ln0 = specinterface void @_ssdm_op_SpecInterface, i1 %endianness, void @empty_25, i32 0, i32 0, void @empty_2, i32 0, i32 0, void @empty_2, void @empty_2, void @empty_2, i32 0, i32 0, i32 0, i32 0, void @empty_2, void @empty_2, i32 4294967295, i32 0"   --->   Operation 83 'specinterface' 'specinterface_ln0' <Predicate = true> <Delay = 0.00>
ST_6 : Operation 84 [1/1] (0.00ns)   --->   "%specinterface_ln0 = specinterface void @_ssdm_op_SpecInterface, i32 0, void @empty_28, i32 0, i32 0, void @empty_2, i32 0, i32 0, void @empty_27, void @empty_2, void @empty_2, i32 0, i32 0, i32 0, i32 0, void @empty_2, void @empty_2, i32 4294967295, i32 0"   --->   Operation 84 'specinterface' 'specinterface_ln0' <Predicate = true> <Delay = 0.00>
ST_6 : Operation 85 [1/1] (0.00ns)   --->   "%empty_44 = specchannel i32 @_ssdm_op_SpecChannel, void @inbuf_str, i32 1, void @p_str, void @p_str, i32 64, i32 64, i33 %inbuf, i33 %inbuf"   --->   Operation 85 'specchannel' 'empty_44' <Predicate = true> <Delay = 0.00>
ST_6 : Operation 86 [1/1] (0.00ns)   --->   "%specinterface_ln0 = specinterface void @_ssdm_op_SpecInterface, i33 %inbuf, void @empty, i32 0, i32 0, void @empty_2, i32 0, i32 0, void @empty_2, void @empty_2, void @empty_2, i32 0, i32 0, i32 0, i32 0, void @empty_2, void @empty_2, i32 4294967295, i32 0"   --->   Operation 86 'specinterface' 'specinterface_ln0' <Predicate = true> <Delay = 0.00>
ST_6 : Operation 87 [1/1] (0.00ns)   --->   "%empty_45 = specchannel i32 @_ssdm_op_SpecChannel, void @incount_str, i32 1, void @p_str, void @p_str, i32 4, i32 4, i32 %incount, i32 %incount"   --->   Operation 87 'specchannel' 'empty_45' <Predicate = true> <Delay = 0.00>
ST_6 : Operation 88 [1/1] (0.00ns)   --->   "%specinterface_ln0 = specinterface void @_ssdm_op_SpecInterface, i32 %incount, void @empty, i32 0, i32 0, void @empty_2, i32 0, i32 0, void @empty_2, void @empty_2, void @empty_2, i32 0, i32 0, i32 0, i32 0, void @empty_2, void @empty_2, i32 4294967295, i32 0"   --->   Operation 88 'specinterface' 'specinterface_ln0' <Predicate = true> <Delay = 0.00>
ST_6 : Operation 89 [1/1] (0.00ns)   --->   "%empty_46 = specchannel i32 @_ssdm_op_SpecChannel, void @outbuf_str, i32 1, void @p_str, void @p_str, i32 64, i32 64, i33 %outbuf, i33 %outbuf"   --->   Operation 89 'specchannel' 'empty_46' <Predicate = true> <Delay = 0.00>
ST_6 : Operation 90 [1/1] (0.00ns)   --->   "%specinterface_ln0 = specinterface void @_ssdm_op_SpecInterface, i33 %outbuf, void @empty, i32 0, i32 0, void @empty_2, i32 0, i32 0, void @empty_2, void @empty_2, void @empty_2, i32 0, i32 0, i32 0, i32 0, void @empty_2, void @empty_2, i32 4294967295, i32 0"   --->   Operation 90 'specinterface' 'specinterface_ln0' <Predicate = true> <Delay = 0.00>
ST_6 : Operation 91 [1/1] (0.00ns)   --->   "%specaxissidechannel_ln181 = specaxissidechannel void @_ssdm_op_SpecAXISSideChannel, i32 %inStreamTop_V_data_V, i4 %inStreamTop_V_keep_V, i4 %inStreamTop_V_strb_V, i7 %inStreamTop_V_user_V, i1 %inStreamTop_V_last_V, i1 0, i1 0, void @empty_14" [userdma.cpp:181]   --->   Operation 91 'specaxissidechannel' 'specaxissidechannel_ln181' <Predicate = true> <Delay = 0.00>
ST_6 : Operation 92 [1/1] (0.00ns)   --->   "%specaxissidechannel_ln181 = specaxissidechannel void @_ssdm_op_SpecAXISSideChannel, i32 %outStreamTop_V_data_V, i4 %outStreamTop_V_keep_V, i4 %outStreamTop_V_strb_V, i7 %outStreamTop_V_user_V, i1 %outStreamTop_V_last_V, i1 0, i1 0, void @empty_22" [userdma.cpp:181]   --->   Operation 92 'specaxissidechannel' 'specaxissidechannel_ln181' <Predicate = true> <Delay = 0.00>
ST_6 : Operation 93 [1/1] (0.00ns)   --->   "%ret_ln181 = ret" [userdma.cpp:181]   --->   Operation 93 'ret' 'ret_ln181' <Predicate = true> <Delay = 0.00>


============================================================
+ Verbose Summary: Binding
============================================================
STG Binding: 
---------------- STG Properties BEGIN ----------------
- Is combinational: 0
- Is one-state seq: 0
- Is datapath-only: 0
- Is pipelined: 0
- Is top level: 1
Port [ Return ] is wired: 1; IO mode=ap_ctrl_hs:ce=0
Port [ gmem0]:  wired=1; compound=1; hidden=0; nouse=0; global=0; static=0; extern=0; dir=1; type=4; pingpong=0; private_global=0; IO mode=m_axi:ce=0
Port [ gmem1]:  wired=1; compound=1; hidden=0; nouse=0; global=0; static=0; extern=0; dir=0; type=4; pingpong=0; private_global=0; IO mode=m_axi:ce=0
Port [ inStreamTop_V_data_V]:  wired=1; compound=1; hidden=0; nouse=0; global=0; static=0; extern=0; dir=0; type=0; pingpong=0; private_global=0; IO mode=axis:ce=0
Port [ inStreamTop_V_keep_V]:  wired=1; compound=1; hidden=0; nouse=0; global=0; static=0; extern=0; dir=0; type=0; pingpong=0; private_global=0; IO mode=axis:ce=0
Port [ inStreamTop_V_strb_V]:  wired=1; compound=1; hidden=0; nouse=0; global=0; static=0; extern=0; dir=0; type=0; pingpong=0; private_global=0; IO mode=axis:ce=0
Port [ inStreamTop_V_user_V]:  wired=1; compound=1; hidden=0; nouse=0; global=0; static=0; extern=0; dir=0; type=0; pingpong=0; private_global=0; IO mode=axis:ce=0
Port [ inStreamTop_V_last_V]:  wired=1; compound=1; hidden=0; nouse=0; global=0; static=0; extern=0; dir=0; type=0; pingpong=0; private_global=0; IO mode=axis:ce=0
Port [ s2m_buf_sts]:  wired=1; compound=0; hidden=0; nouse=0; global=0; static=0; extern=0; dir=1; type=0; pingpong=0; private_global=0; IO mode=ap_vld:ce=0
Port [ s2m_len]:  wired=1; compound=0; hidden=0; nouse=0; global=0; static=0; extern=0; dir=0; type=0; pingpong=0; private_global=0; IO mode=ap_none:ce=0
Port [ s2m_enb_clrsts]:  wired=1; compound=0; hidden=0; nouse=0; global=0; static=0; extern=0; dir=0; type=0; pingpong=0; private_global=0; IO mode=ap_none:ce=0
Port [ s2mbuf]:  wired=1; compound=0; hidden=0; nouse=0; global=0; static=0; extern=0; dir=0; type=0; pingpong=0; private_global=0; IO mode=ap_none:ce=0
Port [ s2m_err]:  wired=1; compound=0; hidden=0; nouse=0; global=0; static=0; extern=0; dir=1; type=0; pingpong=0; private_global=0; IO mode=ap_vld:ce=0
Port [ m2sbuf]:  wired=1; compound=0; hidden=0; nouse=0; global=0; static=0; extern=0; dir=0; type=0; pingpong=0; private_global=0; IO mode=ap_none:ce=0
Port [ m2s_buf_sts]:  wired=1; compound=0; hidden=0; nouse=0; global=0; static=0; extern=0; dir=1; type=0; pingpong=0; private_global=0; IO mode=ap_vld:ce=0
Port [ m2s_len]:  wired=1; compound=0; hidden=0; nouse=0; global=0; static=0; extern=0; dir=0; type=0; pingpong=0; private_global=0; IO mode=ap_none:ce=0
Port [ m2s_enb_clrsts]:  wired=1; compound=0; hidden=0; nouse=0; global=0; static=0; extern=0; dir=0; type=0; pingpong=0; private_global=0; IO mode=ap_none:ce=0
Port [ outStreamTop_V_data_V]:  wired=1; compound=1; hidden=0; nouse=0; global=0; static=0; extern=0; dir=1; type=0; pingpong=0; private_global=0; IO mode=axis:ce=0
Port [ outStreamTop_V_keep_V]:  wired=1; compound=1; hidden=0; nouse=0; global=0; static=0; extern=0; dir=1; type=0; pingpong=0; private_global=0; IO mode=axis:ce=0
Port [ outStreamTop_V_strb_V]:  wired=1; compound=1; hidden=0; nouse=0; global=0; static=0; extern=0; dir=1; type=0; pingpong=0; private_global=0; IO mode=axis:ce=0
Port [ outStreamTop_V_user_V]:  wired=1; compound=1; hidden=0; nouse=0; global=0; static=0; extern=0; dir=1; type=0; pingpong=0; private_global=0; IO mode=axis:ce=0
Port [ outStreamTop_V_last_V]:  wired=1; compound=1; hidden=0; nouse=0; global=0; static=0; extern=0; dir=1; type=0; pingpong=0; private_global=0; IO mode=axis:ce=0
Port [ endianness]:  wired=1; compound=0; hidden=0; nouse=0; global=0; static=0; extern=0; dir=0; type=0; pingpong=0; private_global=0; IO mode=ap_none:ce=0
Port [ in_len]:  wired=0; compound=0; hidden=1; nouse=1; global=1; static=1; extern=0; dir=2; type=0; pingpong=0; private_global=0; IO mode=ap_ovld:ce=0
Port [ final_s2m_len]:  wired=0; compound=0; hidden=1; nouse=1; global=1; static=1; extern=0; dir=2; type=0; pingpong=0; private_global=0; IO mode=ap_ovld:ce=0
Port [ out_sts]:  wired=0; compound=0; hidden=1; nouse=1; global=1; static=1; extern=0; dir=2; type=0; pingpong=0; private_global=0; IO mode=ap_ovld:ce=0
---------------- STG Properties END ------------------

---------------- Datapath Model BEGIN ----------------

<LifeTime>
<method=bitvector/>
endianness_read            (read                ) [ 0011000]
m2s_enb_clrsts_read        (read                ) [ 0011000]
m2s_len_read               (read                ) [ 0011000]
m2sbuf_read                (read                ) [ 0011000]
s2mbuf_read                (read                ) [ 0000000]
s2m_enb_clrsts_read        (read                ) [ 0011000]
s2m_len_read               (read                ) [ 0011000]
m2s_enb_clrsts_c           (alloca              ) [ 0011111]
s2mbuf_c                   (alloca              ) [ 0111111]
s2m_enb_clrsts_c           (alloca              ) [ 0011111]
s2m_len_c                  (alloca              ) [ 0011111]
inbuf                      (alloca              ) [ 0011111]
incount                    (alloca              ) [ 0011111]
outbuf                     (alloca              ) [ 0011111]
call_ln170                 (call                ) [ 0000000]
call_ln176                 (call                ) [ 0000000]
call_ln178                 (call                ) [ 0000000]
call_ln177                 (call                ) [ 0000000]
call_ln179                 (call                ) [ 0000000]
empty                      (specchannel         ) [ 0000000]
specinterface_ln170        (specinterface       ) [ 0000000]
empty_41                   (specchannel         ) [ 0000000]
specinterface_ln170        (specinterface       ) [ 0000000]
empty_42                   (specchannel         ) [ 0000000]
specinterface_ln170        (specinterface       ) [ 0000000]
empty_43                   (specchannel         ) [ 0000000]
specinterface_ln170        (specinterface       ) [ 0000000]
specdataflowpipeline_ln170 (specdataflowpipeline) [ 0000000]
spectopmodule_ln142        (spectopmodule       ) [ 0000000]
specinterface_ln0          (specinterface       ) [ 0000000]
specbitsmap_ln0            (specbitsmap         ) [ 0000000]
specinterface_ln0          (specinterface       ) [ 0000000]
specbitsmap_ln0            (specbitsmap         ) [ 0000000]
specinterface_ln0          (specinterface       ) [ 0000000]
specbitsmap_ln0            (specbitsmap         ) [ 0000000]
specbitsmap_ln0            (specbitsmap         ) [ 0000000]
specbitsmap_ln0            (specbitsmap         ) [ 0000000]
specbitsmap_ln0            (specbitsmap         ) [ 0000000]
specbitsmap_ln0            (specbitsmap         ) [ 0000000]
specbitsmap_ln0            (specbitsmap         ) [ 0000000]
specinterface_ln0          (specinterface       ) [ 0000000]
specinterface_ln0          (specinterface       ) [ 0000000]
specbitsmap_ln0            (specbitsmap         ) [ 0000000]
specinterface_ln0          (specinterface       ) [ 0000000]
specinterface_ln0          (specinterface       ) [ 0000000]
specbitsmap_ln0            (specbitsmap         ) [ 0000000]
specinterface_ln0          (specinterface       ) [ 0000000]
specinterface_ln0          (specinterface       ) [ 0000000]
specinterface_ln0          (specinterface       ) [ 0000000]
specinterface_ln0          (specinterface       ) [ 0000000]
specbitsmap_ln0            (specbitsmap         ) [ 0000000]
specinterface_ln0          (specinterface       ) [ 0000000]
specinterface_ln0          (specinterface       ) [ 0000000]
specinterface_ln0          (specinterface       ) [ 0000000]
specinterface_ln0          (specinterface       ) [ 0000000]
specbitsmap_ln0            (specbitsmap         ) [ 0000000]
specinterface_ln0          (specinterface       ) [ 0000000]
specinterface_ln0          (specinterface       ) [ 0000000]
specbitsmap_ln0            (specbitsmap         ) [ 0000000]
specinterface_ln0          (specinterface       ) [ 0000000]
specinterface_ln0          (specinterface       ) [ 0000000]
specbitsmap_ln0            (specbitsmap         ) [ 0000000]
specinterface_ln0          (specinterface       ) [ 0000000]
specinterface_ln0          (specinterface       ) [ 0000000]
specinterface_ln0          (specinterface       ) [ 0000000]
specbitsmap_ln0            (specbitsmap         ) [ 0000000]
specbitsmap_ln0            (specbitsmap         ) [ 0000000]
specbitsmap_ln0            (specbitsmap         ) [ 0000000]
specbitsmap_ln0            (specbitsmap         ) [ 0000000]
specbitsmap_ln0            (specbitsmap         ) [ 0000000]
specbitsmap_ln0            (specbitsmap         ) [ 0000000]
specinterface_ln0          (specinterface       ) [ 0000000]
specinterface_ln0          (specinterface       ) [ 0000000]
specinterface_ln0          (specinterface       ) [ 0000000]
empty_44                   (specchannel         ) [ 0000000]
specinterface_ln0          (specinterface       ) [ 0000000]
empty_45                   (specchannel         ) [ 0000000]
specinterface_ln0          (specinterface       ) [ 0000000]
empty_46                   (specchannel         ) [ 0000000]
specinterface_ln0          (specinterface       ) [ 0000000]
specaxissidechannel_ln181  (specaxissidechannel ) [ 0000000]
specaxissidechannel_ln181  (specaxissidechannel ) [ 0000000]
ret_ln181                  (ret                 ) [ 0000000]
</LifeTime>

<model>

<comp_list>
<comp id="0" class="1000" name="gmem0">
<pin_list>
<pin id="1" dir="1" index="0" bw="1" slack="0"/>
</pin_list>
<bind>
<StgValue><ssdm name="gmem0"/></StgValue>
</bind>
</comp>

<comp id="2" class="1000" name="gmem1">
<pin_list>
<pin id="3" dir="1" index="0" bw="1" slack="0"/>
</pin_list>
<bind>
<StgValue><ssdm name="gmem1"/></StgValue>
</bind>
</comp>

<comp id="4" class="1000" name="inStreamTop_V_data_V">
<pin_list>
<pin id="5" dir="1" index="0" bw="1" slack="0"/>
</pin_list>
<bind>
<StgValue><ssdm name="inStreamTop_V_data_V"/></StgValue>
</bind>
</comp>

<comp id="6" class="1000" name="inStreamTop_V_keep_V">
<pin_list>
<pin id="7" dir="1" index="0" bw="1" slack="0"/>
</pin_list>
<bind>
<StgValue><ssdm name="inStreamTop_V_keep_V"/></StgValue>
</bind>
</comp>

<comp id="8" class="1000" name="inStreamTop_V_strb_V">
<pin_list>
<pin id="9" dir="1" index="0" bw="1" slack="0"/>
</pin_list>
<bind>
<StgValue><ssdm name="inStreamTop_V_strb_V"/></StgValue>
</bind>
</comp>

<comp id="10" class="1000" name="inStreamTop_V_user_V">
<pin_list>
<pin id="11" dir="1" index="0" bw="1" slack="0"/>
</pin_list>
<bind>
<StgValue><ssdm name="inStreamTop_V_user_V"/></StgValue>
</bind>
</comp>

<comp id="12" class="1000" name="inStreamTop_V_last_V">
<pin_list>
<pin id="13" dir="1" index="0" bw="1" slack="0"/>
</pin_list>
<bind>
<StgValue><ssdm name="inStreamTop_V_last_V"/></StgValue>
</bind>
</comp>

<comp id="14" class="1000" name="s2m_buf_sts">
<pin_list>
<pin id="15" dir="1" index="0" bw="1" slack="0"/>
</pin_list>
<bind>
<StgValue><ssdm name="s2m_buf_sts"/></StgValue>
</bind>
</comp>

<comp id="16" class="1000" name="s2m_len">
<pin_list>
<pin id="17" dir="1" index="0" bw="1" slack="0"/>
</pin_list>
<bind>
<StgValue><ssdm name="s2m_len"/></StgValue>
</bind>
</comp>

<comp id="18" class="1000" name="s2m_enb_clrsts">
<pin_list>
<pin id="19" dir="1" index="0" bw="1" slack="0"/>
</pin_list>
<bind>
<StgValue><ssdm name="s2m_enb_clrsts"/></StgValue>
</bind>
</comp>

<comp id="20" class="1000" name="s2mbuf">
<pin_list>
<pin id="21" dir="1" index="0" bw="1" slack="0"/>
</pin_list>
<bind>
<StgValue><ssdm name="s2mbuf"/></StgValue>
</bind>
</comp>

<comp id="22" class="1000" name="s2m_err">
<pin_list>
<pin id="23" dir="1" index="0" bw="1" slack="0"/>
</pin_list>
<bind>
<StgValue><ssdm name="s2m_err"/></StgValue>
</bind>
</comp>

<comp id="24" class="1000" name="m2sbuf">
<pin_list>
<pin id="25" dir="1" index="0" bw="1" slack="0"/>
</pin_list>
<bind>
<StgValue><ssdm name="m2sbuf"/></StgValue>
</bind>
</comp>

<comp id="26" class="1000" name="m2s_buf_sts">
<pin_list>
<pin id="27" dir="1" index="0" bw="1" slack="0"/>
</pin_list>
<bind>
<StgValue><ssdm name="m2s_buf_sts"/></StgValue>
</bind>
</comp>

<comp id="28" class="1000" name="m2s_len">
<pin_list>
<pin id="29" dir="1" index="0" bw="1" slack="0"/>
</pin_list>
<bind>
<StgValue><ssdm name="m2s_len"/></StgValue>
</bind>
</comp>

<comp id="30" class="1000" name="m2s_enb_clrsts">
<pin_list>
<pin id="31" dir="1" index="0" bw="1" slack="0"/>
</pin_list>
<bind>
<StgValue><ssdm name="m2s_enb_clrsts"/></StgValue>
</bind>
</comp>

<comp id="32" class="1000" name="outStreamTop_V_data_V">
<pin_list>
<pin id="33" dir="1" index="0" bw="1" slack="0"/>
</pin_list>
<bind>
<StgValue><ssdm name="outStreamTop_V_data_V"/></StgValue>
</bind>
</comp>

<comp id="34" class="1000" name="outStreamTop_V_keep_V">
<pin_list>
<pin id="35" dir="1" index="0" bw="1" slack="0"/>
</pin_list>
<bind>
<StgValue><ssdm name="outStreamTop_V_keep_V"/></StgValue>
</bind>
</comp>

<comp id="36" class="1000" name="outStreamTop_V_strb_V">
<pin_list>
<pin id="37" dir="1" index="0" bw="1" slack="0"/>
</pin_list>
<bind>
<StgValue><ssdm name="outStreamTop_V_strb_V"/></StgValue>
</bind>
</comp>

<comp id="38" class="1000" name="outStreamTop_V_user_V">
<pin_list>
<pin id="39" dir="1" index="0" bw="1" slack="0"/>
</pin_list>
<bind>
<StgValue><ssdm name="outStreamTop_V_user_V"/></StgValue>
</bind>
</comp>

<comp id="40" class="1000" name="outStreamTop_V_last_V">
<pin_list>
<pin id="41" dir="1" index="0" bw="1" slack="0"/>
</pin_list>
<bind>
<StgValue><ssdm name="outStreamTop_V_last_V"/></StgValue>
</bind>
</comp>

<comp id="42" class="1000" name="endianness">
<pin_list>
<pin id="43" dir="1" index="0" bw="1" slack="0"/>
</pin_list>
<bind>
<StgValue><ssdm name="endianness"/></StgValue>
</bind>
</comp>

<comp id="44" class="1000" name="in_len">
<pin_list>
<pin id="45" dir="1" index="0" bw="1" slack="0"/>
</pin_list>
<bind>
<StgValue><ssdm name="in_len"/></StgValue>
</bind>
</comp>

<comp id="46" class="1000" name="final_s2m_len">
<pin_list>
<pin id="47" dir="1" index="0" bw="1" slack="0"/>
</pin_list>
<bind>
<StgValue><ssdm name="final_s2m_len"/></StgValue>
</bind>
</comp>

<comp id="48" class="1000" name="out_sts">
<pin_list>
<pin id="49" dir="1" index="0" bw="1" slack="0"/>
</pin_list>
<bind>
<StgValue><ssdm name="out_sts"/></StgValue>
</bind>
</comp>

<comp id="50" class="1001" name="const_50">
<pin_list>
<pin id="51" dir="1" index="0" bw="1" slack="0"/>
</pin_list>
<bind>
<StgValue><ssdm name="_ssdm_op_Read.s_axilite.i1"/></StgValue>
</bind>
</comp>

<comp id="52" class="1001" name="const_52">
<pin_list>
<pin id="53" dir="1" index="0" bw="1" slack="0"/>
</pin_list>
<bind>
<StgValue><ssdm name="_ssdm_op_Read.s_axilite.i32"/></StgValue>
</bind>
</comp>

<comp id="54" class="1001" name="const_54">
<pin_list>
<pin id="55" dir="1" index="0" bw="1" slack="0"/>
</pin_list>
<bind>
<StgValue><ssdm name="_ssdm_op_Read.s_axilite.i64"/></StgValue>
</bind>
</comp>

<comp id="56" class="1001" name="const_56">
<pin_list>
<pin id="57" dir="1" index="0" bw="1" slack="0"/>
</pin_list>
<bind>
<StgValue><ssdm name=""/></StgValue>
</bind>
</comp>

<comp id="58" class="1001" name="const_58">
<pin_list>
<pin id="59" dir="1" index="0" bw="1" slack="0"/>
</pin_list>
<bind>
<StgValue><ssdm name="entry_proc"/></StgValue>
</bind>
</comp>

<comp id="60" class="1001" name="const_60">
<pin_list>
<pin id="61" dir="1" index="0" bw="1" slack="0"/>
</pin_list>
<bind>
<StgValue><ssdm name="getinstream"/></StgValue>
</bind>
</comp>

<comp id="62" class="1001" name="const_62">
<pin_list>
<pin id="63" dir="1" index="0" bw="1" slack="0"/>
</pin_list>
<bind>
<StgValue><ssdm name="paralleltostreamwithburst"/></StgValue>
</bind>
</comp>

<comp id="64" class="1001" name="const_64">
<pin_list>
<pin id="65" dir="1" index="0" bw="1" slack="0"/>
</pin_list>
<bind>
<StgValue><ssdm name="streamtoparallelwithburst"/></StgValue>
</bind>
</comp>

<comp id="66" class="1001" name="const_66">
<pin_list>
<pin id="67" dir="1" index="0" bw="1" slack="0"/>
</pin_list>
<bind>
<StgValue><ssdm name="sendoutstream"/></StgValue>
</bind>
</comp>

<comp id="68" class="1001" name="const_68">
<pin_list>
<pin id="69" dir="1" index="0" bw="1" slack="2147483647"/>
</pin_list>
<bind>
<StgValue><ssdm name="_ssdm_op_SpecChannel"/></StgValue>
</bind>
</comp>

<comp id="70" class="1001" name="const_70">
<pin_list>
<pin id="71" dir="1" index="0" bw="1" slack="2147483647"/>
</pin_list>
<bind>
<StgValue><ssdm name="m2s_enb_clrsts_c_str"/></StgValue>
</bind>
</comp>

<comp id="72" class="1001" name="const_72">
<pin_list>
<pin id="73" dir="1" index="0" bw="1" slack="2147483647"/>
</pin_list>
<bind>
<StgValue><ssdm name=""/></StgValue>
</bind>
</comp>

<comp id="74" class="1001" name="const_74">
<pin_list>
<pin id="75" dir="1" index="0" bw="1" slack="2147483647"/>
</pin_list>
<bind>
<StgValue><ssdm name="p_str"/></StgValue>
</bind>
</comp>

<comp id="76" class="1001" name="const_76">
<pin_list>
<pin id="77" dir="1" index="0" bw="1" slack="2147483647"/>
</pin_list>
<bind>
<StgValue><ssdm name=""/></StgValue>
</bind>
</comp>

<comp id="78" class="1001" name="const_78">
<pin_list>
<pin id="79" dir="1" index="0" bw="1" slack="2147483647"/>
</pin_list>
<bind>
<StgValue><ssdm name=""/></StgValue>
</bind>
</comp>

<comp id="80" class="1001" name="const_80">
<pin_list>
<pin id="81" dir="1" index="0" bw="1" slack="2147483647"/>
</pin_list>
<bind>
<StgValue><ssdm name="_ssdm_op_SpecInterface"/></StgValue>
</bind>
</comp>

<comp id="82" class="1001" name="const_82">
<pin_list>
<pin id="83" dir="1" index="0" bw="1" slack="2147483647"/>
</pin_list>
<bind>
<StgValue><ssdm name="ap_fifo_str"/></StgValue>
</bind>
</comp>

<comp id="84" class="1001" name="const_84">
<pin_list>
<pin id="85" dir="1" index="0" bw="1" slack="2147483647"/>
</pin_list>
<bind>
<StgValue><ssdm name=""/></StgValue>
</bind>
</comp>

<comp id="86" class="1001" name="const_86">
<pin_list>
<pin id="87" dir="1" index="0" bw="1" slack="2147483647"/>
</pin_list>
<bind>
<StgValue><ssdm name=""/></StgValue>
</bind>
</comp>

<comp id="88" class="1001" name="const_88">
<pin_list>
<pin id="89" dir="1" index="0" bw="1" slack="2147483647"/>
</pin_list>
<bind>
<StgValue><ssdm name="s2mbuf_c_str"/></StgValue>
</bind>
</comp>

<comp id="90" class="1001" name="const_90">
<pin_list>
<pin id="91" dir="1" index="0" bw="1" slack="2147483647"/>
</pin_list>
<bind>
<StgValue><ssdm name=""/></StgValue>
</bind>
</comp>

<comp id="92" class="1001" name="const_92">
<pin_list>
<pin id="93" dir="1" index="0" bw="1" slack="2147483647"/>
</pin_list>
<bind>
<StgValue><ssdm name="s2m_enb_clrsts_c_str"/></StgValue>
</bind>
</comp>

<comp id="94" class="1001" name="const_94">
<pin_list>
<pin id="95" dir="1" index="0" bw="1" slack="2147483647"/>
</pin_list>
<bind>
<StgValue><ssdm name="s2m_len_c_str"/></StgValue>
</bind>
</comp>

<comp id="96" class="1001" name="const_96">
<pin_list>
<pin id="97" dir="1" index="0" bw="1" slack="2147483647"/>
</pin_list>
<bind>
<StgValue><ssdm name="_ssdm_op_SpecDataflowPipeline"/></StgValue>
</bind>
</comp>

<comp id="98" class="1001" name="const_98">
<pin_list>
<pin id="99" dir="1" index="0" bw="1" slack="2147483647"/>
</pin_list>
<bind>
<StgValue><ssdm name="empty_2"/></StgValue>
</bind>
</comp>

<comp id="100" class="1001" name="const_100">
<pin_list>
<pin id="101" dir="1" index="0" bw="1" slack="2147483647"/>
</pin_list>
<bind>
<StgValue><ssdm name="_ssdm_op_SpecTopModule"/></StgValue>
</bind>
</comp>

<comp id="102" class="1001" name="const_102">
<pin_list>
<pin id="103" dir="1" index="0" bw="1" slack="2147483647"/>
</pin_list>
<bind>
<StgValue><ssdm name="empty_10"/></StgValue>
</bind>
</comp>

<comp id="104" class="1001" name="const_104">
<pin_list>
<pin id="105" dir="1" index="0" bw="1" slack="2147483647"/>
</pin_list>
<bind>
<StgValue><ssdm name="empty_1"/></StgValue>
</bind>
</comp>

<comp id="106" class="1001" name="const_106">
<pin_list>
<pin id="107" dir="1" index="0" bw="1" slack="2147483647"/>
</pin_list>
<bind>
<StgValue><ssdm name=""/></StgValue>
</bind>
</comp>

<comp id="108" class="1001" name="const_108">
<pin_list>
<pin id="109" dir="1" index="0" bw="1" slack="2147483647"/>
</pin_list>
<bind>
<StgValue><ssdm name=""/></StgValue>
</bind>
</comp>

<comp id="110" class="1001" name="const_110">
<pin_list>
<pin id="111" dir="1" index="0" bw="1" slack="2147483647"/>
</pin_list>
<bind>
<StgValue><ssdm name="empty_3"/></StgValue>
</bind>
</comp>

<comp id="112" class="1001" name="const_112">
<pin_list>
<pin id="113" dir="1" index="0" bw="1" slack="2147483647"/>
</pin_list>
<bind>
<StgValue><ssdm name="empty_4"/></StgValue>
</bind>
</comp>

<comp id="114" class="1001" name="const_114">
<pin_list>
<pin id="115" dir="1" index="0" bw="1" slack="2147483647"/>
</pin_list>
<bind>
<StgValue><ssdm name="_ssdm_op_SpecBitsMap"/></StgValue>
</bind>
</comp>

<comp id="116" class="1001" name="const_116">
<pin_list>
<pin id="117" dir="1" index="0" bw="1" slack="2147483647"/>
</pin_list>
<bind>
<StgValue><ssdm name="empty_5"/></StgValue>
</bind>
</comp>

<comp id="118" class="1001" name="const_118">
<pin_list>
<pin id="119" dir="1" index="0" bw="1" slack="2147483647"/>
</pin_list>
<bind>
<StgValue><ssdm name=""/></StgValue>
</bind>
</comp>

<comp id="120" class="1001" name="const_120">
<pin_list>
<pin id="121" dir="1" index="0" bw="1" slack="2147483647"/>
</pin_list>
<bind>
<StgValue><ssdm name="empty_6"/></StgValue>
</bind>
</comp>

<comp id="122" class="1001" name="const_122">
<pin_list>
<pin id="123" dir="1" index="0" bw="1" slack="2147483647"/>
</pin_list>
<bind>
<StgValue><ssdm name="empty_17"/></StgValue>
</bind>
</comp>

<comp id="124" class="1001" name="const_124">
<pin_list>
<pin id="125" dir="1" index="0" bw="1" slack="2147483647"/>
</pin_list>
<bind>
<StgValue><ssdm name="empty_28"/></StgValue>
</bind>
</comp>

<comp id="126" class="1001" name="const_126">
<pin_list>
<pin id="127" dir="1" index="0" bw="1" slack="2147483647"/>
</pin_list>
<bind>
<StgValue><ssdm name="empty_27"/></StgValue>
</bind>
</comp>

<comp id="128" class="1001" name="const_128">
<pin_list>
<pin id="129" dir="1" index="0" bw="1" slack="2147483647"/>
</pin_list>
<bind>
<StgValue><ssdm name="empty_26"/></StgValue>
</bind>
</comp>

<comp id="130" class="1001" name="const_130">
<pin_list>
<pin id="131" dir="1" index="0" bw="1" slack="2147483647"/>
</pin_list>
<bind>
<StgValue><ssdm name="empty_25"/></StgValue>
</bind>
</comp>

<comp id="132" class="1001" name="const_132">
<pin_list>
<pin id="133" dir="1" index="0" bw="1" slack="2147483647"/>
</pin_list>
<bind>
<StgValue><ssdm name="empty_24"/></StgValue>
</bind>
</comp>

<comp id="134" class="1001" name="const_134">
<pin_list>
<pin id="135" dir="1" index="0" bw="1" slack="2147483647"/>
</pin_list>
<bind>
<StgValue><ssdm name="empty_23"/></StgValue>
</bind>
</comp>

<comp id="136" class="1001" name="const_136">
<pin_list>
<pin id="137" dir="1" index="0" bw="1" slack="2147483647"/>
</pin_list>
<bind>
<StgValue><ssdm name="empty_7"/></StgValue>
</bind>
</comp>

<comp id="138" class="1001" name="const_138">
<pin_list>
<pin id="139" dir="1" index="0" bw="1" slack="2147483647"/>
</pin_list>
<bind>
<StgValue><ssdm name="empty_13"/></StgValue>
</bind>
</comp>

<comp id="140" class="1001" name="const_140">
<pin_list>
<pin id="141" dir="1" index="0" bw="1" slack="2147483647"/>
</pin_list>
<bind>
<StgValue><ssdm name="empty_21"/></StgValue>
</bind>
</comp>

<comp id="142" class="1001" name="const_142">
<pin_list>
<pin id="143" dir="1" index="0" bw="1" slack="2147483647"/>
</pin_list>
<bind>
<StgValue><ssdm name="empty_20"/></StgValue>
</bind>
</comp>

<comp id="144" class="1001" name="const_144">
<pin_list>
<pin id="145" dir="1" index="0" bw="1" slack="2147483647"/>
</pin_list>
<bind>
<StgValue><ssdm name="empty_8"/></StgValue>
</bind>
</comp>

<comp id="146" class="1001" name="const_146">
<pin_list>
<pin id="147" dir="1" index="0" bw="1" slack="2147483647"/>
</pin_list>
<bind>
<StgValue><ssdm name="empty_29"/></StgValue>
</bind>
</comp>

<comp id="148" class="1001" name="const_148">
<pin_list>
<pin id="149" dir="1" index="0" bw="1" slack="2147483647"/>
</pin_list>
<bind>
<StgValue><ssdm name="empty_18"/></StgValue>
</bind>
</comp>

<comp id="150" class="1001" name="const_150">
<pin_list>
<pin id="151" dir="1" index="0" bw="1" slack="2147483647"/>
</pin_list>
<bind>
<StgValue><ssdm name="empty_16"/></StgValue>
</bind>
</comp>

<comp id="152" class="1001" name="const_152">
<pin_list>
<pin id="153" dir="1" index="0" bw="1" slack="2147483647"/>
</pin_list>
<bind>
<StgValue><ssdm name="inbuf_str"/></StgValue>
</bind>
</comp>

<comp id="154" class="1001" name="const_154">
<pin_list>
<pin id="155" dir="1" index="0" bw="1" slack="2147483647"/>
</pin_list>
<bind>
<StgValue><ssdm name=""/></StgValue>
</bind>
</comp>

<comp id="156" class="1001" name="const_156">
<pin_list>
<pin id="157" dir="1" index="0" bw="1" slack="2147483647"/>
</pin_list>
<bind>
<StgValue><ssdm name="empty"/></StgValue>
</bind>
</comp>

<comp id="158" class="1001" name="const_158">
<pin_list>
<pin id="159" dir="1" index="0" bw="1" slack="2147483647"/>
</pin_list>
<bind>
<StgValue><ssdm name="incount_str"/></StgValue>
</bind>
</comp>

<comp id="160" class="1001" name="const_160">
<pin_list>
<pin id="161" dir="1" index="0" bw="1" slack="2147483647"/>
</pin_list>
<bind>
<StgValue><ssdm name="outbuf_str"/></StgValue>
</bind>
</comp>

<comp id="162" class="1001" name="const_162">
<pin_list>
<pin id="163" dir="1" index="0" bw="1" slack="2147483647"/>
</pin_list>
<bind>
<StgValue><ssdm name="_ssdm_op_SpecAXISSideChannel"/></StgValue>
</bind>
</comp>

<comp id="164" class="1001" name="const_164">
<pin_list>
<pin id="165" dir="1" index="0" bw="1" slack="2147483647"/>
</pin_list>
<bind>
<StgValue><ssdm name=""/></StgValue>
</bind>
</comp>

<comp id="166" class="1001" name="const_166">
<pin_list>
<pin id="167" dir="1" index="0" bw="1" slack="2147483647"/>
</pin_list>
<bind>
<StgValue><ssdm name="empty_14"/></StgValue>
</bind>
</comp>

<comp id="168" class="1001" name="const_168">
<pin_list>
<pin id="169" dir="1" index="0" bw="1" slack="2147483647"/>
</pin_list>
<bind>
<StgValue><ssdm name="empty_22"/></StgValue>
</bind>
</comp>

<comp id="170" class="1004" name="m2s_enb_clrsts_c_fu_170">
<pin_list>
<pin id="171" dir="0" index="0" bw="1" slack="0"/>
<pin id="172" dir="1" index="1" bw="1" slack="1"/>
</pin_list>
<bind>
<opcode="alloca(26) " fcode="alloca"/>
<opset="m2s_enb_clrsts_c/1 "/>
</bind>
</comp>

<comp id="174" class="1004" name="s2mbuf_c_fu_174">
<pin_list>
<pin id="175" dir="0" index="0" bw="1" slack="0"/>
<pin id="176" dir="1" index="1" bw="64" slack="0"/>
</pin_list>
<bind>
<opcode="alloca(26) " fcode="alloca"/>
<opset="s2mbuf_c/1 "/>
</bind>
</comp>

<comp id="178" class="1004" name="s2m_enb_clrsts_c_fu_178">
<pin_list>
<pin id="179" dir="0" index="0" bw="1" slack="0"/>
<pin id="180" dir="1" index="1" bw="1" slack="1"/>
</pin_list>
<bind>
<opcode="alloca(26) " fcode="alloca"/>
<opset="s2m_enb_clrsts_c/1 "/>
</bind>
</comp>

<comp id="182" class="1004" name="s2m_len_c_fu_182">
<pin_list>
<pin id="183" dir="0" index="0" bw="1" slack="0"/>
<pin id="184" dir="1" index="1" bw="32" slack="1"/>
</pin_list>
<bind>
<opcode="alloca(26) " fcode="alloca"/>
<opset="s2m_len_c/1 "/>
</bind>
</comp>

<comp id="186" class="1004" name="inbuf_fu_186">
<pin_list>
<pin id="187" dir="0" index="0" bw="1" slack="0"/>
<pin id="188" dir="1" index="1" bw="33" slack="1"/>
</pin_list>
<bind>
<opcode="alloca(26) " fcode="alloca"/>
<opset="inbuf/1 "/>
</bind>
</comp>

<comp id="190" class="1004" name="incount_fu_190">
<pin_list>
<pin id="191" dir="0" index="0" bw="1" slack="0"/>
<pin id="192" dir="1" index="1" bw="32" slack="1"/>
</pin_list>
<bind>
<opcode="alloca(26) " fcode="alloca"/>
<opset="incount/1 "/>
</bind>
</comp>

<comp id="194" class="1004" name="outbuf_fu_194">
<pin_list>
<pin id="195" dir="0" index="0" bw="1" slack="0"/>
<pin id="196" dir="1" index="1" bw="33" slack="1"/>
</pin_list>
<bind>
<opcode="alloca(26) " fcode="alloca"/>
<opset="outbuf/1 "/>
</bind>
</comp>

<comp id="198" class="1004" name="endianness_read_read_fu_198">
<pin_list>
<pin id="199" dir="0" index="0" bw="1" slack="0"/>
<pin id="200" dir="0" index="1" bw="1" slack="0"/>
<pin id="201" dir="1" index="2" bw="1" slack="1"/>
</pin_list>
<bind>
<opcode="read(1150) " fcode="read"/>
<opset="endianness_read/1 "/>
</bind>
</comp>

<comp id="204" class="1004" name="m2s_enb_clrsts_read_read_fu_204">
<pin_list>
<pin id="205" dir="0" index="0" bw="1" slack="0"/>
<pin id="206" dir="0" index="1" bw="1" slack="0"/>
<pin id="207" dir="1" index="2" bw="1" slack="1"/>
</pin_list>
<bind>
<opcode="read(1150) " fcode="read"/>
<opset="m2s_enb_clrsts_read/1 "/>
</bind>
</comp>

<comp id="210" class="1004" name="m2s_len_read_read_fu_210">
<pin_list>
<pin id="211" dir="0" index="0" bw="32" slack="0"/>
<pin id="212" dir="0" index="1" bw="32" slack="0"/>
<pin id="213" dir="1" index="2" bw="32" slack="1"/>
</pin_list>
<bind>
<opcode="read(1150) " fcode="read"/>
<opset="m2s_len_read/1 "/>
</bind>
</comp>

<comp id="216" class="1004" name="m2sbuf_read_read_fu_216">
<pin_list>
<pin id="217" dir="0" index="0" bw="64" slack="0"/>
<pin id="218" dir="0" index="1" bw="64" slack="0"/>
<pin id="219" dir="1" index="2" bw="64" slack="1"/>
</pin_list>
<bind>
<opcode="read(1150) " fcode="read"/>
<opset="m2sbuf_read/1 "/>
</bind>
</comp>

<comp id="222" class="1004" name="s2mbuf_read_read_fu_222">
<pin_list>
<pin id="223" dir="0" index="0" bw="64" slack="0"/>
<pin id="224" dir="0" index="1" bw="64" slack="0"/>
<pin id="225" dir="1" index="2" bw="64" slack="0"/>
</pin_list>
<bind>
<opcode="read(1150) " fcode="read"/>
<opset="s2mbuf_read/1 "/>
</bind>
</comp>

<comp id="228" class="1004" name="s2m_enb_clrsts_read_read_fu_228">
<pin_list>
<pin id="229" dir="0" index="0" bw="1" slack="0"/>
<pin id="230" dir="0" index="1" bw="1" slack="0"/>
<pin id="231" dir="1" index="2" bw="1" slack="1"/>
</pin_list>
<bind>
<opcode="read(1150) " fcode="read"/>
<opset="s2m_enb_clrsts_read/1 "/>
</bind>
</comp>

<comp id="234" class="1004" name="s2m_len_read_read_fu_234">
<pin_list>
<pin id="235" dir="0" index="0" bw="32" slack="0"/>
<pin id="236" dir="0" index="1" bw="32" slack="0"/>
<pin id="237" dir="1" index="2" bw="32" slack="1"/>
</pin_list>
<bind>
<opcode="read(1150) " fcode="read"/>
<opset="s2m_len_read/1 "/>
</bind>
</comp>

<comp id="240" class="1004" name="call_ln170_entry_proc_fu_240">
<pin_list>
<pin id="241" dir="0" index="0" bw="0" slack="0"/>
<pin id="242" dir="0" index="1" bw="64" slack="0"/>
<pin id="243" dir="0" index="2" bw="64" slack="0"/>
<pin id="244" dir="1" index="3" bw="0" slack="2147483647"/>
</pin_list>
<bind>
<opcode="call(48) " fcode="call"/>
<opset="call_ln170/1 "/>
</bind>
</comp>

<comp id="247" class="1004" name="grp_getinstream_fu_247">
<pin_list>
<pin id="248" dir="0" index="0" bw="0" slack="0"/>
<pin id="249" dir="0" index="1" bw="32" slack="0"/>
<pin id="250" dir="0" index="2" bw="4" slack="0"/>
<pin id="251" dir="0" index="3" bw="4" slack="0"/>
<pin id="252" dir="0" index="4" bw="7" slack="0"/>
<pin id="253" dir="0" index="5" bw="1" slack="0"/>
<pin id="254" dir="0" index="6" bw="1" slack="1"/>
<pin id="255" dir="0" index="7" bw="32" slack="1"/>
<pin id="256" dir="0" index="8" bw="2" slack="0"/>
<pin id="257" dir="0" index="9" bw="33" slack="1"/>
<pin id="258" dir="0" index="10" bw="32" slack="1"/>
<pin id="259" dir="0" index="11" bw="1" slack="1"/>
<pin id="260" dir="0" index="12" bw="32" slack="1"/>
<pin id="261" dir="0" index="13" bw="1" slack="1"/>
<pin id="262" dir="0" index="14" bw="32" slack="0"/>
<pin id="263" dir="1" index="15" bw="0" slack="2147483647"/>
</pin_list>
<bind>
<opcode="call(48) " fcode="call"/>
<opset="call_ln176/2 "/>
</bind>
</comp>

<comp id="272" class="1004" name="grp_paralleltostreamwithburst_fu_272">
<pin_list>
<pin id="273" dir="0" index="0" bw="0" slack="0"/>
<pin id="274" dir="0" index="1" bw="32" slack="0"/>
<pin id="275" dir="0" index="2" bw="64" slack="1"/>
<pin id="276" dir="0" index="3" bw="1" slack="1"/>
<pin id="277" dir="0" index="4" bw="32" slack="1"/>
<pin id="278" dir="0" index="5" bw="33" slack="1"/>
<pin id="279" dir="0" index="6" bw="1" slack="1"/>
<pin id="280" dir="0" index="7" bw="1" slack="1"/>
<pin id="281" dir="1" index="8" bw="0" slack="2147483647"/>
</pin_list>
<bind>
<opcode="call(48) " fcode="call"/>
<opset="call_ln178/2 "/>
</bind>
</comp>

<comp id="284" class="1004" name="grp_streamtoparallelwithburst_fu_284">
<pin_list>
<pin id="285" dir="0" index="0" bw="0" slack="0"/>
<pin id="286" dir="0" index="1" bw="33" slack="3"/>
<pin id="287" dir="0" index="2" bw="32" slack="3"/>
<pin id="288" dir="0" index="3" bw="1" slack="3"/>
<pin id="289" dir="0" index="4" bw="1" slack="0"/>
<pin id="290" dir="0" index="5" bw="32" slack="3"/>
<pin id="291" dir="0" index="6" bw="32" slack="0"/>
<pin id="292" dir="0" index="7" bw="64" slack="3"/>
<pin id="293" dir="0" index="8" bw="32" slack="0"/>
<pin id="294" dir="0" index="9" bw="1" slack="0"/>
<pin id="295" dir="1" index="10" bw="0" slack="2147483647"/>
</pin_list>
<bind>
<opcode="call(48) " fcode="call"/>
<opset="call_ln177/4 "/>
</bind>
</comp>

<comp id="301" class="1004" name="grp_sendoutstream_fu_301">
<pin_list>
<pin id="302" dir="0" index="0" bw="0" slack="0"/>
<pin id="303" dir="0" index="1" bw="33" slack="3"/>
<pin id="304" dir="0" index="2" bw="1" slack="3"/>
<pin id="305" dir="0" index="3" bw="1" slack="0"/>
<pin id="306" dir="0" index="4" bw="32" slack="0"/>
<pin id="307" dir="0" index="5" bw="4" slack="0"/>
<pin id="308" dir="0" index="6" bw="4" slack="0"/>
<pin id="309" dir="0" index="7" bw="7" slack="0"/>
<pin id="310" dir="0" index="8" bw="1" slack="0"/>
<pin id="311" dir="1" index="9" bw="0" slack="2147483647"/>
</pin_list>
<bind>
<opcode="call(48) " fcode="call"/>
<opset="call_ln179/4 "/>
</bind>
</comp>

<comp id="319" class="1005" name="endianness_read_reg_319">
<pin_list>
<pin id="320" dir="0" index="0" bw="1" slack="1"/>
<pin id="321" dir="1" index="1" bw="1" slack="1"/>
</pin_list>
<bind>
<opset="endianness_read "/>
</bind>
</comp>

<comp id="325" class="1005" name="m2s_enb_clrsts_read_reg_325">
<pin_list>
<pin id="326" dir="0" index="0" bw="1" slack="1"/>
<pin id="327" dir="1" index="1" bw="1" slack="1"/>
</pin_list>
<bind>
<opset="m2s_enb_clrsts_read "/>
</bind>
</comp>

<comp id="330" class="1005" name="m2s_len_read_reg_330">
<pin_list>
<pin id="331" dir="0" index="0" bw="32" slack="1"/>
<pin id="332" dir="1" index="1" bw="32" slack="1"/>
</pin_list>
<bind>
<opset="m2s_len_read "/>
</bind>
</comp>

<comp id="335" class="1005" name="m2sbuf_read_reg_335">
<pin_list>
<pin id="336" dir="0" index="0" bw="64" slack="1"/>
<pin id="337" dir="1" index="1" bw="64" slack="1"/>
</pin_list>
<bind>
<opset="m2sbuf_read "/>
</bind>
</comp>

<comp id="340" class="1005" name="s2m_enb_clrsts_read_reg_340">
<pin_list>
<pin id="341" dir="0" index="0" bw="1" slack="1"/>
<pin id="342" dir="1" index="1" bw="1" slack="1"/>
</pin_list>
<bind>
<opset="s2m_enb_clrsts_read "/>
</bind>
</comp>

<comp id="345" class="1005" name="s2m_len_read_reg_345">
<pin_list>
<pin id="346" dir="0" index="0" bw="32" slack="1"/>
<pin id="347" dir="1" index="1" bw="32" slack="1"/>
</pin_list>
<bind>
<opset="s2m_len_read "/>
</bind>
</comp>

<comp id="350" class="1005" name="m2s_enb_clrsts_c_reg_350">
<pin_list>
<pin id="351" dir="0" index="0" bw="1" slack="1"/>
<pin id="352" dir="1" index="1" bw="1" slack="1"/>
</pin_list>
<bind>
<opset="m2s_enb_clrsts_c "/>
</bind>
</comp>

<comp id="356" class="1005" name="s2mbuf_c_reg_356">
<pin_list>
<pin id="357" dir="0" index="0" bw="64" slack="0"/>
<pin id="358" dir="1" index="1" bw="64" slack="0"/>
</pin_list>
<bind>
<opset="s2mbuf_c "/>
</bind>
</comp>

<comp id="362" class="1005" name="s2m_enb_clrsts_c_reg_362">
<pin_list>
<pin id="363" dir="0" index="0" bw="1" slack="1"/>
<pin id="364" dir="1" index="1" bw="1" slack="1"/>
</pin_list>
<bind>
<opset="s2m_enb_clrsts_c "/>
</bind>
</comp>

<comp id="368" class="1005" name="s2m_len_c_reg_368">
<pin_list>
<pin id="369" dir="0" index="0" bw="32" slack="1"/>
<pin id="370" dir="1" index="1" bw="32" slack="1"/>
</pin_list>
<bind>
<opset="s2m_len_c "/>
</bind>
</comp>

<comp id="374" class="1005" name="inbuf_reg_374">
<pin_list>
<pin id="375" dir="0" index="0" bw="33" slack="1"/>
<pin id="376" dir="1" index="1" bw="33" slack="1"/>
</pin_list>
<bind>
<opset="inbuf "/>
</bind>
</comp>

<comp id="380" class="1005" name="incount_reg_380">
<pin_list>
<pin id="381" dir="0" index="0" bw="32" slack="1"/>
<pin id="382" dir="1" index="1" bw="32" slack="1"/>
</pin_list>
<bind>
<opset="incount "/>
</bind>
</comp>

<comp id="386" class="1005" name="outbuf_reg_386">
<pin_list>
<pin id="387" dir="0" index="0" bw="33" slack="1"/>
<pin id="388" dir="1" index="1" bw="33" slack="1"/>
</pin_list>
<bind>
<opset="outbuf "/>
</bind>
</comp>

</comp_list>

<net_list>
<net id="173"><net_src comp="56" pin="0"/><net_sink comp="170" pin=0"/></net>

<net id="177"><net_src comp="56" pin="0"/><net_sink comp="174" pin=0"/></net>

<net id="181"><net_src comp="56" pin="0"/><net_sink comp="178" pin=0"/></net>

<net id="185"><net_src comp="56" pin="0"/><net_sink comp="182" pin=0"/></net>

<net id="189"><net_src comp="56" pin="0"/><net_sink comp="186" pin=0"/></net>

<net id="193"><net_src comp="56" pin="0"/><net_sink comp="190" pin=0"/></net>

<net id="197"><net_src comp="56" pin="0"/><net_sink comp="194" pin=0"/></net>

<net id="202"><net_src comp="50" pin="0"/><net_sink comp="198" pin=0"/></net>

<net id="203"><net_src comp="42" pin="0"/><net_sink comp="198" pin=1"/></net>

<net id="208"><net_src comp="50" pin="0"/><net_sink comp="204" pin=0"/></net>

<net id="209"><net_src comp="30" pin="0"/><net_sink comp="204" pin=1"/></net>

<net id="214"><net_src comp="52" pin="0"/><net_sink comp="210" pin=0"/></net>

<net id="215"><net_src comp="28" pin="0"/><net_sink comp="210" pin=1"/></net>

<net id="220"><net_src comp="54" pin="0"/><net_sink comp="216" pin=0"/></net>

<net id="221"><net_src comp="24" pin="0"/><net_sink comp="216" pin=1"/></net>

<net id="226"><net_src comp="54" pin="0"/><net_sink comp="222" pin=0"/></net>

<net id="227"><net_src comp="20" pin="0"/><net_sink comp="222" pin=1"/></net>

<net id="232"><net_src comp="50" pin="0"/><net_sink comp="228" pin=0"/></net>

<net id="233"><net_src comp="18" pin="0"/><net_sink comp="228" pin=1"/></net>

<net id="238"><net_src comp="52" pin="0"/><net_sink comp="234" pin=0"/></net>

<net id="239"><net_src comp="16" pin="0"/><net_sink comp="234" pin=1"/></net>

<net id="245"><net_src comp="58" pin="0"/><net_sink comp="240" pin=0"/></net>

<net id="246"><net_src comp="222" pin="2"/><net_sink comp="240" pin=1"/></net>

<net id="264"><net_src comp="60" pin="0"/><net_sink comp="247" pin=0"/></net>

<net id="265"><net_src comp="4" pin="0"/><net_sink comp="247" pin=1"/></net>

<net id="266"><net_src comp="6" pin="0"/><net_sink comp="247" pin=2"/></net>

<net id="267"><net_src comp="8" pin="0"/><net_sink comp="247" pin=3"/></net>

<net id="268"><net_src comp="10" pin="0"/><net_sink comp="247" pin=4"/></net>

<net id="269"><net_src comp="12" pin="0"/><net_sink comp="247" pin=5"/></net>

<net id="270"><net_src comp="22" pin="0"/><net_sink comp="247" pin=8"/></net>

<net id="271"><net_src comp="44" pin="0"/><net_sink comp="247" pin=14"/></net>

<net id="282"><net_src comp="62" pin="0"/><net_sink comp="272" pin=0"/></net>

<net id="283"><net_src comp="2" pin="0"/><net_sink comp="272" pin=1"/></net>

<net id="296"><net_src comp="64" pin="0"/><net_sink comp="284" pin=0"/></net>

<net id="297"><net_src comp="14" pin="0"/><net_sink comp="284" pin=4"/></net>

<net id="298"><net_src comp="0" pin="0"/><net_sink comp="284" pin=6"/></net>

<net id="299"><net_src comp="46" pin="0"/><net_sink comp="284" pin=8"/></net>

<net id="300"><net_src comp="48" pin="0"/><net_sink comp="284" pin=9"/></net>

<net id="312"><net_src comp="66" pin="0"/><net_sink comp="301" pin=0"/></net>

<net id="313"><net_src comp="26" pin="0"/><net_sink comp="301" pin=3"/></net>

<net id="314"><net_src comp="32" pin="0"/><net_sink comp="301" pin=4"/></net>

<net id="315"><net_src comp="34" pin="0"/><net_sink comp="301" pin=5"/></net>

<net id="316"><net_src comp="36" pin="0"/><net_sink comp="301" pin=6"/></net>

<net id="317"><net_src comp="38" pin="0"/><net_sink comp="301" pin=7"/></net>

<net id="318"><net_src comp="40" pin="0"/><net_sink comp="301" pin=8"/></net>

<net id="322"><net_src comp="198" pin="2"/><net_sink comp="319" pin=0"/></net>

<net id="323"><net_src comp="319" pin="1"/><net_sink comp="247" pin=11"/></net>

<net id="324"><net_src comp="319" pin="1"/><net_sink comp="272" pin=6"/></net>

<net id="328"><net_src comp="204" pin="2"/><net_sink comp="325" pin=0"/></net>

<net id="329"><net_src comp="325" pin="1"/><net_sink comp="272" pin=3"/></net>

<net id="333"><net_src comp="210" pin="2"/><net_sink comp="330" pin=0"/></net>

<net id="334"><net_src comp="330" pin="1"/><net_sink comp="272" pin=4"/></net>

<net id="338"><net_src comp="216" pin="2"/><net_sink comp="335" pin=0"/></net>

<net id="339"><net_src comp="335" pin="1"/><net_sink comp="272" pin=2"/></net>

<net id="343"><net_src comp="228" pin="2"/><net_sink comp="340" pin=0"/></net>

<net id="344"><net_src comp="340" pin="1"/><net_sink comp="247" pin=6"/></net>

<net id="348"><net_src comp="234" pin="2"/><net_sink comp="345" pin=0"/></net>

<net id="349"><net_src comp="345" pin="1"/><net_sink comp="247" pin=7"/></net>

<net id="353"><net_src comp="170" pin="1"/><net_sink comp="350" pin=0"/></net>

<net id="354"><net_src comp="350" pin="1"/><net_sink comp="272" pin=7"/></net>

<net id="355"><net_src comp="350" pin="1"/><net_sink comp="301" pin=2"/></net>

<net id="359"><net_src comp="174" pin="1"/><net_sink comp="356" pin=0"/></net>

<net id="360"><net_src comp="356" pin="1"/><net_sink comp="240" pin=2"/></net>

<net id="361"><net_src comp="356" pin="1"/><net_sink comp="284" pin=7"/></net>

<net id="365"><net_src comp="178" pin="1"/><net_sink comp="362" pin=0"/></net>

<net id="366"><net_src comp="362" pin="1"/><net_sink comp="247" pin=13"/></net>

<net id="367"><net_src comp="362" pin="1"/><net_sink comp="284" pin=3"/></net>

<net id="371"><net_src comp="182" pin="1"/><net_sink comp="368" pin=0"/></net>

<net id="372"><net_src comp="368" pin="1"/><net_sink comp="247" pin=12"/></net>

<net id="373"><net_src comp="368" pin="1"/><net_sink comp="284" pin=5"/></net>

<net id="377"><net_src comp="186" pin="1"/><net_sink comp="374" pin=0"/></net>

<net id="378"><net_src comp="374" pin="1"/><net_sink comp="247" pin=9"/></net>

<net id="379"><net_src comp="374" pin="1"/><net_sink comp="284" pin=1"/></net>

<net id="383"><net_src comp="190" pin="1"/><net_sink comp="380" pin=0"/></net>

<net id="384"><net_src comp="380" pin="1"/><net_sink comp="247" pin=10"/></net>

<net id="385"><net_src comp="380" pin="1"/><net_sink comp="284" pin=2"/></net>

<net id="389"><net_src comp="194" pin="1"/><net_sink comp="386" pin=0"/></net>

<net id="390"><net_src comp="386" pin="1"/><net_sink comp="272" pin=5"/></net>

<net id="391"><net_src comp="386" pin="1"/><net_sink comp="301" pin=1"/></net>

</net_list>

</model> 
---------------- Datapath Model END ------------------

* FSMD analyzer results:
  - Output states:
	Port: gmem0 | {4 5 }
	Port: s2m_buf_sts | {4 5 }
	Port: s2m_err | {2 3 }
	Port: m2s_buf_sts | {4 5 }
	Port: outStreamTop_V_data_V | {4 5 }
	Port: outStreamTop_V_keep_V | {4 5 }
	Port: outStreamTop_V_strb_V | {4 5 }
	Port: outStreamTop_V_user_V | {4 5 }
	Port: outStreamTop_V_last_V | {4 5 }
	Port: in_len | {2 3 }
	Port: final_s2m_len | {4 5 }
	Port: out_sts | {4 5 }
 - Input state : 
	Port: userdma : gmem1 | {2 3 }
	Port: userdma : inStreamTop_V_data_V | {2 3 }
	Port: userdma : inStreamTop_V_keep_V | {2 3 }
	Port: userdma : inStreamTop_V_strb_V | {2 3 }
	Port: userdma : inStreamTop_V_user_V | {2 3 }
	Port: userdma : inStreamTop_V_last_V | {2 3 }
	Port: userdma : s2m_len | {1 }
	Port: userdma : s2m_enb_clrsts | {1 }
	Port: userdma : s2mbuf | {1 }
	Port: userdma : m2sbuf | {1 }
	Port: userdma : m2s_len | {1 }
	Port: userdma : m2s_enb_clrsts | {1 }
	Port: userdma : endianness | {1 }
	Port: userdma : in_len | {2 3 }
	Port: userdma : final_s2m_len | {4 5 }
	Port: userdma : out_sts | {4 5 }
  - Chain level:
	State 1
		call_ln170 : 1
	State 2
	State 3
	State 4
	State 5
	State 6


============================================================
+ Verbose Summary: Datapath Resource usage 
============================================================

* Functional unit list:
|----------|--------------------------------------|---------|---------|---------|
| Operation|            Functional Unit           |  Delay  |    FF   |   LUT   |
|----------|--------------------------------------|---------|---------|---------|
|          |     call_ln170_entry_proc_fu_240     |    0    |    0    |    0    |
|          |        grp_getinstream_fu_247        |  4.764  |   233   |   490   |
|   call   | grp_paralleltostreamwithburst_fu_272 |  4.764  |   563   |   747   |
|          | grp_streamtoparallelwithburst_fu_284 |  3.176  |   540   |   523   |
|          |       grp_sendoutstream_fu_301       |    0    |    1    |    2    |
|----------|--------------------------------------|---------|---------|---------|
|          |      endianness_read_read_fu_198     |    0    |    0    |    0    |
|          |    m2s_enb_clrsts_read_read_fu_204   |    0    |    0    |    0    |
|          |       m2s_len_read_read_fu_210       |    0    |    0    |    0    |
|   read   |        m2sbuf_read_read_fu_216       |    0    |    0    |    0    |
|          |        s2mbuf_read_read_fu_222       |    0    |    0    |    0    |
|          |    s2m_enb_clrsts_read_read_fu_228   |    0    |    0    |    0    |
|          |       s2m_len_read_read_fu_234       |    0    |    0    |    0    |
|----------|--------------------------------------|---------|---------|---------|
|   Total  |                                      |  12.704 |   1337  |   1762  |
|----------|--------------------------------------|---------|---------|---------|

Memories:
N/A

* Register list:
+---------------------------+--------+
|                           |   FF   |
+---------------------------+--------+
|  endianness_read_reg_319  |    1   |
|       inbuf_reg_374       |   33   |
|      incount_reg_380      |   32   |
|  m2s_enb_clrsts_c_reg_350 |    1   |
|m2s_enb_clrsts_read_reg_325|    1   |
|    m2s_len_read_reg_330   |   32   |
|    m2sbuf_read_reg_335    |   64   |
|       outbuf_reg_386      |   33   |
|  s2m_enb_clrsts_c_reg_362 |    1   |
|s2m_enb_clrsts_read_reg_340|    1   |
|     s2m_len_c_reg_368     |   32   |
|    s2m_len_read_reg_345   |   32   |
|      s2mbuf_c_reg_356     |   64   |
+---------------------------+--------+
|           Total           |   327  |
+---------------------------+--------+

* Multiplexer (MUX) list: 
|--------|------|------|------|--------|
|  Comp  |  Pin | Size |  BW  | S x BW |
|--------|------|------|------|--------|
|  Total |      |      |      |    0   |
|--------|------|------|------|--------|



* Summary:
+-----------+--------+--------+--------+
|           |  Delay |   FF   |   LUT  |
+-----------+--------+--------+--------+
|  Function |   12   |  1337  |  1762  |
|   Memory  |    -   |    -   |    -   |
|Multiplexer|    -   |    -   |    -   |
|  Register |    -   |   327  |    -   |
+-----------+--------+--------+--------+
|   Total   |   12   |  1664  |  1762  |
+-----------+--------+--------+--------+
