-- Catapult Ultra Synthesis: Report                                              
-- ------------------------- ---------------------------------------------------
-- Version:                  2023.2/1059873 Production Release                   
-- Build Date:               Mon Aug  7 10:54:31 PDT 2023                        
                                                                                 
-- Generated by:             r12016@cad40                                        
-- Generated date:           Sat Jun 15 02:21:41 CST 2024                        

Solution Settings: UNET_IP::main.v4
  Current state: schedule
  Project: Catapult_3

Design Input Files Specified
  $PROJECT_HOME/../hlsall/main_all.h
    $MGC_HOME/shared/include/ac_int.h
    $MGC_HOME/shared/include/ac_channel.h
    $MGC_HOME/shared/include/mc_scverify.h
    $MGC_HOME/shared/include/ac_fixed.h
    $PROJECT_HOME/../hlsall/defs.h
      $MGC_HOME/shared/include/ac_math/ac_sqrt_pwl.h
        $MGC_HOME/shared/include/ac_float.h
        $MGC_HOME/shared/include/ac_complex.h
        $MGC_HOME/shared/include/ac_math/ac_shift.h
        $MGC_HOME/shared/include/ac_math/ac_normalize.h
      $MGC_HOME/shared/include/ac_math/ac_atan2_cordic.h

Processes/Blocks in Design
  Process            Real Operation(s) count Latency Throughput Reset Length II Comments 
  ------------------ ----------------------- ------- ---------- ------------ -- --------
  /UNET_IP::main/run                     233 9338874    9338876            0  0          
  Design Total:                          233 9338874    9338876            0  0          
  
Clock Information
  Clock Signal Edge   Period Sharing Alloc (%) Uncertainty Used by Processes/Blocks 
  ------------ ------ ------ ----------------- ----------- ------------------------
  clk          rising 10.000             20.00    0.000000 /UNET_IP::main/run       
  
I/O Data Ranges
  Port           Mode DeclType DeclWidth DeclRange ActType ActWidth ActRange 
  -------------- ---- -------- --------- --------- ------- -------- --------
  clk            IN   Unsigned         1                                     
  rst            IN   Unsigned         1                                     
  input:rsc.dat  IN   Unsigned        12                                     
  input:rsc.vld  IN   Unsigned         1                                     
  output:rsc.rdy IN   Unsigned         1                                     
  input:rsc.rdy  OUT  Unsigned         1                                     
  output:rsc.dat OUT  Unsigned        12                                     
  output:rsc.vld OUT  Unsigned         1                                     
  
Memory Resources
  Resource Name: /UNET_IP::main/run/buf1:rsc
    Memory Component: BLOCK_1R1W_RBW               Size:         32768 x 12
    External:         false                        Packing Mode: absolute
    Memory Map:
    Variable                Indices Phys Memory Address         
    ----------------------- ------- ---------------------------
    /UNET_IP::main/run/buf1    0:11 00007fff-00000000 (32767-0) 
    
  Resource Name: /UNET_IP::main/run/padded_input:rsc
    Memory Component: BLOCK_1R1W_RBW               Size:         13068 x 12
    External:         false                        Packing Mode: absolute
    Memory Map:
    Variable                        Indices Phys Memory Address         
    ------------------------------- ------- ---------------------------
    /UNET_IP::main/run/padded_input    0:11 0000330b-00000000 (13067-0) 
    
  Resource Name: /UNET_IP::main/run/buf2:rsc
    Memory Component: BLOCK_1R1W_RBW               Size:         32768 x 12
    External:         false                        Packing Mode: absolute
    Memory Map:
    Variable                Indices Phys Memory Address         
    ----------------------- ------- ---------------------------
    /UNET_IP::main/run/buf2    0:11 00007fff-00000000 (32767-0) 
    
  Resource Name: /UNET_IP::main/run/enc1:rsc
    Memory Component: BLOCK_1R1W_RBW               Size:         32768 x 12
    External:         false                        Packing Mode: absolute
    Memory Map:
    Variable                Indices Phys Memory Address         
    ----------------------- ------- ---------------------------
    /UNET_IP::main/run/enc1    0:11 00007fff-00000000 (32767-0) 
    
  Resource Name: /UNET_IP::main/input:rsc
    Memory Component: ccs_in_wait                  Size:         1 x 12
    External:         true                         Packing Mode: sidebyside
    Memory Map:
    Variable             Indices Phys Memory Address     
    -------------------- ------- -----------------------
    /UNET_IP::main/input    0:11 00000000-00000000 (0-0) 
    
  Resource Name: /UNET_IP::main/output:rsc
    Memory Component: ccs_out_wait                 Size:         1 x 12
    External:         true                         Packing Mode: sidebyside
    Memory Map:
    Variable              Indices Phys Memory Address     
    --------------------- ------- -----------------------
    /UNET_IP::main/output    0:11 00000000-00000000 (0-0) 
    
  Resource Name: /UNET_IP::main/UNET_IP::filters_pretrain.rom:rsc
    Memory Component: mgc_rom                      Size:         792 x 5
    External:         false                        Packing Mode: absolute
    Memory Map:
    Variable                                     Indices Phys Memory Address       
    -------------------------------------------- ------- -------------------------
    /UNET_IP::main/UNET_IP::filters_pretrain.rom     0:4 00000317-00000000 (791-0) 
    
  Resource Name: /UNET_IP::main/UNET_IP::filters_pretrain.rom#6:rsc
    Memory Component: mgc_rom                      Size:         792 x 5
    External:         false                        Packing Mode: absolute
    Memory Map:
    Variable                                       Indices Phys Memory Address       
    ---------------------------------------------- ------- -------------------------
    /UNET_IP::main/UNET_IP::filters_pretrain.rom#6     0:4 00000317-00000000 (791-0) 
    
C++ to Interface Mappings
  Resource/Fields C++ Type Interface Range Range Expression(x) x=step+offset Expression Limits 
  --------------- -------- --------------- ------------------- ------------- -----------------
  
Multi-Cycle (Combinational) Component Usage
  Instance            Component Name                         Cycles 
  ------------------- -------------------------------------- ------
  for#3:for#2:div:cmp mgc_Xilinx-ZYNQ-1_beh.mgc_div(19,15,1)      3 
  
Loops
  Process            Loop                             Iterations C-Steps Total Cycles   Duration  Unroll Init Comments 
  ------------------ -------------------------------- ---------- ------- ------------- ---------- ------ ---- --------
  /UNET_IP::main/run run:rlp                            Infinite       0      9338876   93.39 ms                       
  /UNET_IP::main/run  main                              Infinite       1      9338876   93.39 ms                       
  /UNET_IP::main/run   for                                 12288       2        24576  245.76 us                       
  /UNET_IP::main/run   for#1                                   3       1        12867  128.67 us                       
  /UNET_IP::main/run    for#1:for                             64       1         4288   42.88 us                       
  /UNET_IP::main/run     for#1:for:for                        64       3           66  660.00 ns            1          
  /UNET_IP::main/run   for#2                                   8       1      2262560   22.63 ms                       
  /UNET_IP::main/run    for#2:for                              3       1       282819    2.83 ms                       
  /UNET_IP::main/run     for#2:for:for                        64       1        94272  942.72 us                       
  /UNET_IP::main/run      for#2:for:for:for                   64       2         1472   14.72 us                       
  /UNET_IP::main/run       for#2:for:for:for:for               3       1           21  210.00 ns                       
  /UNET_IP::main/run        for#2:for:for:for:for:for          3       4            6   60.00 ns            1          
  /UNET_IP::main/run   for#3                                   8       1       426016    4.26 ms                       
  /UNET_IP::main/run    for#3:for                           4096       2         4097   40.97 us            1          
  /UNET_IP::main/run    for#3:for#1                         4096       3         4098   40.98 us            1          
  /UNET_IP::main/run    for#3:for#2                         4096      11        45056  450.56 us                       
  /UNET_IP::main/run   for#4                                   8       1        34312  343.12 us                       
  /UNET_IP::main/run    for#4:for                             64       1         4288   42.88 us                       
  /UNET_IP::main/run     for#4:for:for                        64       3           66  660.00 ns            1          
  /UNET_IP::main/run   for#5                                   8       1      6033480   60.33 ms                       
  /UNET_IP::main/run    for#5:for                              8       1       754184    7.54 ms                       
  /UNET_IP::main/run     for#5:for:for                        64       1        94272  942.72 us                       
  /UNET_IP::main/run      for#5:for:for:for                   64       2         1472   14.72 us                       
  /UNET_IP::main/run       for#5:for:for:for:for               3       1           21  210.00 ns                       
  /UNET_IP::main/run        for#5:for:for:for:for:for          3       4            6   60.00 ns            1          
  /UNET_IP::main/run   for#6                                   8       1       426016    4.26 ms                       
  /UNET_IP::main/run    for#6:for                           4096       2         4097   40.97 us            1          
  /UNET_IP::main/run    for#6:for#1                         4096       3         4098   40.98 us            1          
  /UNET_IP::main/run    for#6:for#2                         4096      11        45056  450.56 us                       
  /UNET_IP::main/run   for#7                                   8       1        82184  821.84 us                       
  /UNET_IP::main/run    for#7:for                             32       1        10272  102.72 us                       
  /UNET_IP::main/run     for#7:for:for                        32       2          320    3.20 us                       
  /UNET_IP::main/run      for#7:for:for:for                    2       1            8   80.00 ns                       
  /UNET_IP::main/run       for#7:for:for:for:for               2       2            3   30.00 ns            1          
  /UNET_IP::main/run   for#8                               12288       3        36864  368.64 us                       
  
Loop Execution Profile
  Process            Loop                             Total Cycles % of Overall Design Cycles Throughput Cycles Comments 
  ------------------ -------------------------------- ------------ -------------------------- ----------------- --------
  /UNET_IP::main/run run:rlp                                    0                        0.00          9338876           
  /UNET_IP::main/run  main                                      1                        0.00          9338876           
  /UNET_IP::main/run   for                                  24576                        0.26            24576           
  /UNET_IP::main/run   for#1                                    3                        0.00            12867           
  /UNET_IP::main/run    for#1:for                             192                        0.00            12864           
  /UNET_IP::main/run     for#1:for:for                      12672                        0.14                1           
  /UNET_IP::main/run   for#2                                    8                        0.00          2262560           
  /UNET_IP::main/run    for#2:for                              24                        0.00          2262552           
  /UNET_IP::main/run     for#2:for:for                       1536                        0.02          2262528           
  /UNET_IP::main/run      for#2:for:for:for                196608                        2.11          2260992           
  /UNET_IP::main/run       for#2:for:for:for:for           294912                        3.16          2064384           
  /UNET_IP::main/run        for#2:for:for:for:for:for     1769472                       18.95                1           
  /UNET_IP::main/run   for#3                                    8                        0.00           426016           
  /UNET_IP::main/run    for#3:for                           32776                        0.35                1           
  /UNET_IP::main/run    for#3:for#1                         32784                        0.35                1           
  /UNET_IP::main/run    for#3:for#2                        360448                        3.86           360448           
  /UNET_IP::main/run   for#4                                    8                        0.00            34312           
  /UNET_IP::main/run    for#4:for                             512                        0.01            34304           
  /UNET_IP::main/run     for#4:for:for                      33792                        0.36                1           
  /UNET_IP::main/run   for#5                                    8                        0.00          6033480           
  /UNET_IP::main/run    for#5:for                              64                        0.00          6033472           
  /UNET_IP::main/run     for#5:for:for                       4096                        0.04          6033408           
  /UNET_IP::main/run      for#5:for:for:for                524288                        5.61          6029312           
  /UNET_IP::main/run       for#5:for:for:for:for           786432                        8.42          5505024           
  /UNET_IP::main/run        for#5:for:for:for:for:for     4718592                       50.53                1           
  /UNET_IP::main/run   for#6                                    8                        0.00           426016           
  /UNET_IP::main/run    for#6:for                           32776                        0.35                1           
  /UNET_IP::main/run    for#6:for#1                         32784                        0.35                1           
  /UNET_IP::main/run    for#6:for#2                        360448                        3.86           360448           
  /UNET_IP::main/run   for#7                                    8                        0.00            82184           
  /UNET_IP::main/run    for#7:for                             256                        0.00            82176           
  /UNET_IP::main/run     for#7:for:for                      16384                        0.18            81920           
  /UNET_IP::main/run      for#7:for:for:for                 16384                        0.18            65536           
  /UNET_IP::main/run       for#7:for:for:for:for            49152                        0.53                1           
  /UNET_IP::main/run   for#8                                36864                        0.39            36864           
  
End of Report
