-- Catapult Ultra Synthesis: Report                                              
-- ------------------------- ---------------------------------------------------
-- Version:                  2023.2/1059873 Production Release                   
-- Build Date:               Mon Aug  7 10:54:31 PDT 2023                        
                                                                                 
-- Generated by:             r12016@cad40                                        
-- Generated date:           Thu Jun 13 02:20:30 CST 2024                        

Solution Settings: conv2d.v6
  Current state: schedule
  Project: Catapult

Design Input Files Specified
  $PROJECT_HOME/../hls/main.h
    $MGC_HOME/shared/include/ac_int.h
    $MGC_HOME/shared/include/ac_channel.h
    $MGC_HOME/shared/include/mc_scverify.h
    $MGC_HOME/shared/include/ac_fixed.h
    $PROJECT_HOME/../hls/conv2d.h
      $MGC_HOME/shared/include/mc_scverify.h
      $PROJECT_HOME/../hls/defs.h
        $MGC_HOME/shared/include/ac_math/ac_sqrt_pwl.h
          $MGC_HOME/shared/include/ac_float.h
          $MGC_HOME/shared/include/ac_complex.h
          $MGC_HOME/shared/include/ac_math/ac_shift.h
          $MGC_HOME/shared/include/ac_math/ac_normalize.h
        $MGC_HOME/shared/include/ac_math/ac_atan2_cordic.h
    $PROJECT_HOME/../hls/maxpool.h
      $MGC_HOME/shared/include/mc_scverify.h
    $PROJECT_HOME/../hls/batchnorm_relu.h
      $MGC_HOME/shared/include/mc_scverify.h
    $PROJECT_HOME/../hls/tranconv2d.h
      $MGC_HOME/shared/include/mc_scverify.h

Processes/Blocks in Design
  Process                   Real Operation(s) count Latency Throughput Reset Length II Comments 
  ------------------------- ----------------------- ------- ---------- ------------ -- --------
  /UNET_IP::conv2d/run_conv                     106  200850     200856            0  0        ? 
  Design Total:                                 106  200850     200856            0  0          
  
Clock Information
  Clock Signal Edge   Period Sharing Alloc (%) Uncertainty Used by Processes/Blocks  
  ------------ ------ ------ ----------------- ----------- -------------------------
  clk          rising 10.000             20.00    0.000000 /UNET_IP::conv2d/run_conv 
  
I/O Data Ranges
  Port                   Mode DeclType DeclWidth DeclRange ActType ActWidth ActRange 
  ---------------------- ---- -------- --------- --------- ------- -------- --------
  clk                    IN   Unsigned         1                                     
  rst                    IN   Unsigned         1                                     
  arst_n                 IN   Unsigned         1                                     
  input:rsc.q            IN   Unsigned        12                                     
  padded_input:rsc.q     IN   Unsigned        12                                     
  height                 IN   Unsigned         7                                     
  width                  IN   Unsigned         7                                     
  kernel_size            IN   Unsigned         2                                     
  padding                IN   Unsigned         2                                     
  filter_offset          IN   Unsigned        20                                     
  in_channels            IN   Unsigned         7                                     
  out_channels           IN   Unsigned         7                                     
  input:rsc.radr         OUT  Unsigned        15                                     
  input:rsc.re           OUT  Unsigned         1                                     
  input:rsc.clken        OUT  Unsigned         1                                     
  input.triosy.lz        OUT  Unsigned         1                                     
  padded_input:rsc.wadr  OUT  Unsigned        16                                     
  padded_input:rsc.d     OUT  Unsigned        12                                     
  padded_input:rsc.we    OUT  Unsigned         1                                     
  padded_input:rsc.radr  OUT  Unsigned        16                                     
  padded_input:rsc.re    OUT  Unsigned         1                                     
  padded_input:rsc.clken OUT  Unsigned         1                                     
  padded_input.triosy.lz OUT  Unsigned         1                                     
  output:rsc.wadr        OUT  Unsigned        15                                     
  output:rsc.d           OUT  Unsigned        12                                     
  output:rsc.we          OUT  Unsigned         1                                     
  output:rsc.clken       OUT  Unsigned         1                                     
  output.triosy.lz       OUT  Unsigned         1                                     
  
Memory Resources
  Resource Name: /UNET_IP::conv2d/input:rsc
    Memory Component: DIST_1R1W_RBW suppress_sim_read_addr_range_errs=1  Size:         32768 x 12
    External:         false                        Packing Mode: absolute
    Memory Map:
    Variable               Indices Phys Memory Address         
    ---------------------- ------- ---------------------------
    /UNET_IP::conv2d/input    0:11 00007fff-00000000 (32767-0) 
    
  Resource Name: /UNET_IP::conv2d/padded_input:rsc
    Memory Component: BLOCK_1R1W_RBW               Size:         34848 x 12
    External:         false                        Packing Mode: absolute
    Memory Map:
    Variable                      Indices Phys Memory Address         
    ----------------------------- ------- ---------------------------
    /UNET_IP::conv2d/padded_input    0:11 0000881f-00000000 (34847-0) 
    
  Resource Name: /UNET_IP::conv2d/output:rsc
    Memory Component: BLOCK_1R1W_RBW               Size:         32768 x 12
    External:         false                        Packing Mode: absolute
    Memory Map:
    Variable                Indices Phys Memory Address         
    ----------------------- ------- ---------------------------
    /UNET_IP::conv2d/output    0:11 00007fff-00000000 (32767-0) 
    
  Resource Name: /UNET_IP::conv2d/height:rsc
    Memory Component: [DirectInput]                Size:         1 x 7
    External:         false                        Packing Mode: sidebyside
    Memory Map:
    Variable                Indices Phys Memory Address     
    ----------------------- ------- -----------------------
    /UNET_IP::conv2d/height     0:6 00000000-00000000 (0-0) 
    
  Resource Name: /UNET_IP::conv2d/width:rsc
    Memory Component: [DirectInput]                Size:         1 x 7
    External:         false                        Packing Mode: sidebyside
    Memory Map:
    Variable               Indices Phys Memory Address     
    ---------------------- ------- -----------------------
    /UNET_IP::conv2d/width     0:6 00000000-00000000 (0-0) 
    
  Resource Name: /UNET_IP::conv2d/kernel_size:rsc
    Memory Component: [DirectInput]                Size:         1 x 2
    External:         false                        Packing Mode: sidebyside
    Memory Map:
    Variable                     Indices Phys Memory Address     
    ---------------------------- ------- -----------------------
    /UNET_IP::conv2d/kernel_size     0:1 00000000-00000000 (0-0) 
    
  Resource Name: /UNET_IP::conv2d/padding:rsc
    Memory Component: [DirectInput]                Size:         1 x 2
    External:         false                        Packing Mode: sidebyside
    Memory Map:
    Variable                 Indices Phys Memory Address     
    ------------------------ ------- -----------------------
    /UNET_IP::conv2d/padding     0:1 00000000-00000000 (0-0) 
    
  Resource Name: /UNET_IP::conv2d/filter_offset:rsc
    Memory Component: [DirectInput]                Size:         1 x 20
    External:         false                        Packing Mode: sidebyside
    Memory Map:
    Variable                       Indices Phys Memory Address     
    ------------------------------ ------- -----------------------
    /UNET_IP::conv2d/filter_offset    0:19 00000000-00000000 (0-0) 
    
  Resource Name: /UNET_IP::conv2d/in_channels:rsc
    Memory Component: [DirectInput]                Size:         1 x 7
    External:         false                        Packing Mode: sidebyside
    Memory Map:
    Variable                     Indices Phys Memory Address     
    ---------------------------- ------- -----------------------
    /UNET_IP::conv2d/in_channels     0:6 00000000-00000000 (0-0) 
    
  Resource Name: /UNET_IP::conv2d/out_channels:rsc
    Memory Component: [DirectInput]                Size:         1 x 7
    External:         false                        Packing Mode: sidebyside
    Memory Map:
    Variable                      Indices Phys Memory Address     
    ----------------------------- ------- -----------------------
    /UNET_IP::conv2d/out_channels     0:6 00000000-00000000 (0-0) 
    
  Resource Name: /UNET_IP::conv2d/UNET_IP::filters_pretrain.rom:rsc
    Memory Component: mgc_rom                      Size:         485120 x 5
    External:         false                        Packing Mode: absolute
    Memory Map:
    Variable                                         Indices Phys Memory Address          
    ------------------------------------------------ ------- ----------------------------
    /UNET_IP::conv2d/UNET_IP::filters_pretrain.rom#3     0:4 000766ff-00000000 (485119-0) 
    
C++ to Interface Mappings
  Resource/Fields C++ Type Interface Range Range Expression(x) x=step+offset Expression Limits 
  --------------- -------- --------------- ------------------- ------------- -----------------
  
Multi-Cycle (Combinational) Component Usage
  Instance Component Name Cycles 
  -------- -------------- ------
  
Loops
  Process                   Loop             Iterations C-Steps Total Cycles   Duration  Unroll Init Comments 
  ------------------------- ---------------- ---------- ------- ------------- ---------- ------ ---- --------
  /UNET_IP::conv2d/run_conv run_conv:rlp       Infinite       0     200856 ?    2.01 ms                       
  /UNET_IP::conv2d/run_conv  main              Infinite       3     200856 ?    2.01 ms                       
  /UNET_IP::conv2d/run_conv   for                   129       2        903 ?    9.03 us                       
  /UNET_IP::conv2d/run_conv    for:for                ?       1          5 ?   50.00 ns                       
  /UNET_IP::conv2d/run_conv     for:for:for           ?       4            4   40.00 ns            1          
  /UNET_IP::conv2d/run_conv   LOOP_OUT              129       2     199950 ?    2.00 ms                       
  /UNET_IP::conv2d/run_conv    LOOP_IN              129       2       1548 ?   15.48 us                       
  /UNET_IP::conv2d/run_conv     LOOP_HEIGHT           ?       2         10 ?  100.00 ns                       
  /UNET_IP::conv2d/run_conv      LOOP_WIDTH           ?       3          8 ?   80.00 ns                       
  /UNET_IP::conv2d/run_conv       LOOP_X              ?       1          5 ?   50.00 ns                       
  /UNET_IP::conv2d/run_conv        LOOP_Y             ?       4            4   40.00 ns            1          
  
Loop Execution Profile
  Process                   Loop             Total Cycles % of Overall Design Cycles Throughput Cycles Comments 
  ------------------------- ---------------- ------------ -------------------------- ----------------- --------
  /UNET_IP::conv2d/run_conv run_conv:rlp             0 ?                        0.00         200856 ?           
  /UNET_IP::conv2d/run_conv  main                    3 ?                        0.00         200856 ?           
  /UNET_IP::conv2d/run_conv   for                  258 ?                        0.13            903 ?           
  /UNET_IP::conv2d/run_conv    for:for             129 ?                        0.06            645 ?           
  /UNET_IP::conv2d/run_conv     for:for:for          516                        0.26                1           
  /UNET_IP::conv2d/run_conv   LOOP_OUT             258 ?                        0.13         199950 ?           
  /UNET_IP::conv2d/run_conv    LOOP_IN           33282 ?                       16.57         199692 ?           
  /UNET_IP::conv2d/run_conv     LOOP_HEIGHT      33282 ?                       16.57         166410 ?           
  /UNET_IP::conv2d/run_conv      LOOP_WIDTH      49923 ?                       24.86         133128 ?           
  /UNET_IP::conv2d/run_conv       LOOP_X         16641 ?                        8.29          83205 ?           
  /UNET_IP::conv2d/run_conv        LOOP_Y          66564                       33.14                1           
  
End of Report
