-- Catapult Ultra Synthesis: Report                                              
-- ------------------------- ---------------------------------------------------
-- Version:                  2023.2/1059873 Production Release                   
-- Build Date:               Mon Aug  7 10:54:31 PDT 2023                        
                                                                                 
-- Generated by:             r12016@cad40                                        
-- Generated date:           Thu Jun 13 02:23:22 CST 2024                        

Solution Settings: conv2d.v6
  Current state: extract
  Project: Catapult

Design Input Files Specified
  $PROJECT_HOME/../hls/main.h
    $MGC_HOME/shared/include/ac_int.h
    $MGC_HOME/shared/include/ac_channel.h
    $MGC_HOME/shared/include/mc_scverify.h
    $MGC_HOME/shared/include/ac_fixed.h
    $PROJECT_HOME/../hls/conv2d.h
      $MGC_HOME/shared/include/mc_scverify.h
      $PROJECT_HOME/../hls/defs.h
        $MGC_HOME/shared/include/ac_math/ac_sqrt_pwl.h
          $MGC_HOME/shared/include/ac_float.h
          $MGC_HOME/shared/include/ac_complex.h
          $MGC_HOME/shared/include/ac_math/ac_shift.h
          $MGC_HOME/shared/include/ac_math/ac_normalize.h
        $MGC_HOME/shared/include/ac_math/ac_atan2_cordic.h
    $PROJECT_HOME/../hls/maxpool.h
      $MGC_HOME/shared/include/mc_scverify.h
    $PROJECT_HOME/../hls/batchnorm_relu.h
      $MGC_HOME/shared/include/mc_scverify.h
    $PROJECT_HOME/../hls/tranconv2d.h
      $MGC_HOME/shared/include/mc_scverify.h

Processes/Blocks in Design
  Process                   Real Operation(s) count Latency Throughput Reset Length II Comments 
  ------------------------- ----------------------- ------- ---------- ------------ -- --------
  /UNET_IP::conv2d/run_conv                     106  200850     200856            0  0        ? 
  Design Total:                                 106  200850     200856            0  0          
  
Bill Of Materials (Datapath)
  Component Name                                       Area Score Area(DSP) Area(LUTs) Area(MUX_CARRYs) Delay Post Alloc Post Assign 
  ---------------------------------------------------- ---------- --------- ---------- ---------------- ----- ---------- -----------
  [Lib: Xilinx_RAMS]                                                                                                                 
  BLOCK_1R1W_RBW_rwport(2,16,12,34848,1,34848,12,1)         0.000     0.000      0.000            0.000 0.100          1           0 
  BLOCK_1R1W_RBW_rwport(3,15,12,32768,1,32768,12,1)         0.000     0.000      0.000            0.000 0.100          1           0 
  BLOCK_1R1W_RBW_rwport_en(2,16,12,34848,1,34848,12,1)      0.000     0.000      0.000            0.000 0.100          1           0 
  BLOCK_1R1W_RBW_rwport_en(3,15,12,32768,1,32768,12,1)      0.000     0.000      0.000            0.000 0.100          1           0 
  BLOCK_1R1W_RBW_wport_en(3,15,12,32768,1,32768,12,1)       0.000     0.000      0.000            0.000 0.100          1           0 
  DIST_1R1W_RBW_rport_en(1,15,12,32768,1,32768,12,1)        0.000     0.000      0.000            0.000 0.660          1           0 
  DIST_1R1W_RBW_rwport(1,15,12,32768,1,32768,12,1)          0.000     0.000      0.000            0.000 0.100          1           0 
  DIST_1R1W_RBW_rwport_en(1,15,12,32768,1,32768,12,1)       0.000     0.000      0.000            0.000 0.100          1           0 
  [Lib: Xilinx_ROMS]                                                                                                                 
  mgc_rom(11,485120,5,1)                               393216.000     0.000      0.000            0.000 2.172          1           0 
  mgc_rom(12,485120,5,1)                               393216.000     0.000      0.000            0.000 2.172          0           1 
  [Lib: mgc_Xilinx-ZYNQ-1_beh]                                                                                                       
  mgc_add(11,0,6,1,12)                                     11.000     0.000     11.000           10.000 1.590          1           1 
  mgc_add(12,0,12,0,12)                                    12.000     0.000     12.000           11.000 1.615          1           1 
  mgc_add(14,0,7,0,14)                                     14.000     0.000     14.000           13.000 1.665          1           1 
  mgc_add(15,0,14,0,15)                                    15.000     0.000     15.000           14.000 1.690          2           2 
  mgc_add(15,0,15,0,15)                                    15.000     0.000     15.000           14.000 1.690          1           1 
  mgc_add(15,0,8,1,15)                                     15.000     0.000     15.000           14.000 1.690          1           1 
  mgc_add(16,0,15,0,16)                                    16.000     0.000     16.000           15.000 1.715          1           1 
  mgc_add(16,0,16,0,16)                                    16.000     0.000     16.000           15.000 1.715          1           1 
  mgc_add(16,0,9,1,16)                                     16.000     0.000     16.000           15.000 1.715          1           1 
  mgc_add(18,0,12,1,19)                                    18.000     0.000     18.000           17.000 1.765          1           1 
  mgc_add(19,0,19,0,19)                                    19.000     0.000     19.000           18.000 1.790          1           1 
  mgc_add(3,0,2,1,3)                                        3.000     0.000      3.000            2.000 1.390          1           2 
  mgc_add(3,1,1,0,4)                                        3.000     0.000      3.000            2.000 1.390          2           2 
  mgc_add(5,1,3,1,6)                                        5.000     0.000      5.000            4.000 1.440          1           1 
  mgc_add(6,0,2,0,7)                                        6.000     0.000      6.000            5.000 1.465          2           2 
  mgc_add(7,0,2,0,8)                                        7.000     0.000      7.000            6.000 1.490          2           2 
  mgc_add(7,0,2,1,7)                                        7.000     0.000      7.000            6.000 1.490          1           4 
  mgc_add(7,0,2,1,8)                                        7.000     0.000      7.000            6.000 1.490          1           3 
  mgc_add(7,0,3,1,9)                                        7.000     0.000      7.000            6.000 1.490          2           2 
  mgc_add(8,0,2,1,8)                                        8.000     0.000      8.000            7.000 1.515          2           2 
  mgc_add(8,0,8,0,8)                                        8.000     0.000      8.000            7.000 1.515          2           7 
  mgc_add(9,0,8,0,9)                                        9.000     0.000      9.000            8.000 1.540          1           2 
  mgc_and(1,2)                                              1.000     0.000      1.000            0.000 0.630          0           8 
  mgc_and(1,3)                                              1.000     0.000      1.000            0.000 0.630          0           4 
  mgc_and(12,2)                                            12.000     0.000     12.000            0.000 0.630          0           1 
  mgc_and(2,2)                                              2.000     0.000      2.000            0.000 0.630          0           1 
  mgc_and(5,2)                                              5.000     0.000      5.000            0.000 0.630          0           1 
  mgc_and(6,2)                                              6.000     0.000      6.000            0.000 0.630          0           2 
  mgc_and(7,2)                                              7.000     0.000      7.000            0.000 0.630          0           2 
  mgc_and(8,2)                                              8.000     0.000      8.000            0.000 0.630          0           2 
  mgc_mul(2,0,4,1,5)                                      665.000     1.000      0.000            0.000 4.237          0           1 
  mgc_mul(4,0,14,0,18)                                    665.000     1.000      0.000            0.000 4.909          1           1 
  mgc_mul(5,1,12,0,12)                                    665.000     1.000      0.000            0.000 4.553          1           0 
  mgc_mul(7,0,14,0,15)                                    665.000     1.000      0.000            0.000 4.777          1           1 
  mgc_mul(7,0,8,0,14)                                     665.000     1.000      0.000            0.000 4.721          1           1 
  mgc_mul(7,0,8,1,15)                                     665.000     1.000      0.000            0.000 4.688          1           1 
  mgc_mul(8,0,15,0,16)                                    665.000     1.000      0.000            0.000 4.823          1           1 
  mgc_mul(8,0,8,0,15)                                     665.000     1.000      0.000            0.000 4.765          0           1 
  mgc_mul(8,0,9,1,16)                                     665.000     1.000      0.000            0.000 4.734          2           1 
  mgc_mul(8,1,12,0,14)                                    665.000     1.000      0.000            0.000 4.641          0           1 
  mgc_mux(1,1,2)                                            1.000     0.000      1.000            0.000 0.160          0           9 
  mgc_mux(12,1,2)                                          12.000     0.000     12.000            0.000 0.160          1           2 
  mgc_mux(2,1,2)                                            2.000     0.000      2.000            0.000 0.160          0           1 
  mgc_mux(3,1,2)                                            3.000     0.000      3.000            0.000 0.160          1           3 
  mgc_mux(4,1,2)                                            4.000     0.000      4.000            0.000 0.160          0           1 
  mgc_mux(5,1,2)                                            5.000     0.000      5.000            0.000 0.160          0           1 
  mgc_mux(7,1,2)                                            7.000     0.000      7.000            0.000 0.160          1           6 
  mgc_mux(8,1,2)                                            8.000     0.000      8.000            0.000 0.160          0           6 
  mgc_mux(9,1,2)                                            9.000     0.000      9.000            0.000 0.160          0           1 
  mgc_mux1hot(5,3)                                          7.232     0.000      7.232            0.000 0.630          0           1 
  mgc_mux1hot(7,3)                                         10.124     0.000     10.124            0.000 0.630          0           3 
  mgc_nor(1,2)                                              1.000     0.000      1.000            0.000 0.630          0           2 
  mgc_nor(1,3)                                              1.000     0.000      1.000            0.000 0.630          0           5 
  mgc_nor(1,5)                                              1.000     0.000      1.000            0.000 0.630          0           1 
  mgc_not(1)                                                0.000     0.000      0.000            0.000 0.000          0          34 
  mgc_not(3)                                                0.000     0.000      0.000            0.000 0.000          0           2 
  mgc_not(7)                                                0.000     0.000      0.000            0.000 0.000          0          10 
  mgc_or(1,2)                                               1.000     0.000      1.000            0.000 0.630          0          12 
  mgc_or(1,3)                                               1.000     0.000      1.000            0.000 0.630          0           2 
  mgc_reg_pos(1,0,0,0,0,1,1)                                0.000     0.000      0.000            0.000 0.660          0           2 
  mgc_reg_pos(1,1,0,1,1,0,0)                                0.000     0.000      0.000            0.000 0.660          0           9 
  mgc_reg_pos(1,1,0,1,1,1,1)                                0.000     0.000      0.000            0.000 0.660          0           1 
  mgc_reg_pos(11,0,0,0,0,0,0)                               0.000     0.000      0.000            0.000 0.660          0           2 
  mgc_reg_pos(12,0,0,0,0,1,1)                               0.000     0.000      0.000            0.000 0.660          0           2 
  mgc_reg_pos(14,0,0,0,0,0,0)                               0.000     0.000      0.000            0.000 0.660          0           2 
  mgc_reg_pos(15,0,0,0,0,0,0)                               0.000     0.000      0.000            0.000 0.660          0           2 
  mgc_reg_pos(16,0,0,0,0,0,0)                               0.000     0.000      0.000            0.000 0.660          0           1 
  mgc_reg_pos(2,0,0,0,0,0,0)                                0.000     0.000      0.000            0.000 0.660          0           2 
  mgc_reg_pos(3,0,0,0,0,0,0)                                0.000     0.000      0.000            0.000 0.660          0           2 
  mgc_reg_pos(3,0,0,0,0,1,1)                                0.000     0.000      0.000            0.000 0.660          0           1 
  mgc_reg_pos(4,0,0,0,0,0,0)                                0.000     0.000      0.000            0.000 0.660          0           1 
  mgc_reg_pos(4,0,0,0,0,1,1)                                0.000     0.000      0.000            0.000 0.660          0           1 
  mgc_reg_pos(5,0,0,0,0,0,0)                                0.000     0.000      0.000            0.000 0.660          0           2 
  mgc_reg_pos(6,0,0,0,0,0,0)                                0.000     0.000      0.000            0.000 0.660          0           1 
  mgc_reg_pos(6,0,0,0,0,1,1)                                0.000     0.000      0.000            0.000 0.660          0           2 
  mgc_reg_pos(7,0,0,0,0,0,0)                                0.000     0.000      0.000            0.000 0.660          0           3 
  mgc_reg_pos(7,0,0,0,0,1,1)                                0.000     0.000      0.000            0.000 0.660          0           3 
  mgc_reg_pos(8,0,0,0,0,0,0)                                0.000     0.000      0.000            0.000 0.660          0           1 
  mgc_reg_pos(8,0,0,0,0,1,1)                                0.000     0.000      0.000            0.000 0.660          0           1 
  [Lib: mgc_ioport]                                                                                                                  
  mgc_io_sync(0)                                            0.000     0.000      0.000            0.000 0.000          3           3 
                                                                                                                                     
  TOTAL AREA (After Assignment):                       399863.604     9.000    663.000          337.000                              
  
Area Scores
                      Post-Scheduling     Post-DP & FSM   Post-Assignment 
  ----------------- ----------------- ----------------- -----------------
  Total Area Score:   398849.0          405492.7          399876.6        
  Total Reg:               0.0               0.0               0.0        
                                                                          
  DataPath:           398849.0 (100%)   405479.7 (100%)   399863.6 (100%) 
    MUX:                  22.0   (0%)      481.7   (0%)      189.6   (0%) 
    FUNC:               5611.0   (1%)    11694.0   (3%)     6363.0   (2%) 
    LOGIC:                 0.0              88.0   (0%)       95.0   (0%) 
    BUFFER:                0.0               0.0               0.0        
    MEM:                   0.0               0.0               0.0        
    ROM:              393216.0  (99%)   393216.0  (97%)   393216.0  (98%) 
    REG:                   0.0               0.0               0.0        
                                                                          
  
  FSM:                     0.0              13.0   (0%)       13.0   (0%) 
    FSM-REG:               0.0               0.0               0.0        
    FSM-COMB:              0.0              13.0 (100%)       13.0 (100%) 
                                                                          
  
  
  (MUX = multiplexers; FUNC = datapath logic (e.g. add/mult); LOGIC = control logic)

Register-to-Variable Mappings
  Register                                                     Size(bits) Gated Register CG Opt Done Variables                                                    
  ------------------------------------------------------------ ---------- -------------- ----------- ------------------------------------------------------------
  LOOP_Y:mul#2.itm.1                                                   16                            LOOP_Y:mul#2.itm.1                                           
  LOOP_WIDTH:mul#2.itm                                                 15                            LOOP_WIDTH:mul#2.itm                                         
  LOOP_Y:mul#1.itm.1                                                   15                            LOOP_Y:mul#1.itm.1                                           
  for:for:for:acc.itm.1                                                14                            for:for:for:acc.itm.1                                        
  reg(for:for:for:mul#4.itm.1).cse                                     14                            reg(for:for:for:mul#4.itm.1).cse                             
  temp.lpi#7                                                           12         Y           Y      temp.lpi#7                                                   
  temp.lpi#7.dfm                                                       12         Y           Y      temp.lpi#7.dfm                                               
  LOOP_Y:mul#3.itm.1(17:7)                                             11                            LOOP_Y:mul#3.itm.1                                           
                                                                                                     for:for:for:asn#9.itm.2                                      
  LOOP_Y:mul#5.itm.1                                                   11                            LOOP_Y:mul#5.itm.1                                           
  for:c.sva                                                             8         Y           Y      for:c.sva                                                    
                                                                                                     in_c.sva                                                     
  for:for:for:mul#1.itm.1(7:0)                                          8                            for:for:for:mul#1.itm.1                                      
                                                                                                     out_c.sva                                                    
  LOOP_WIDTH:mul#1.itm(6:0)                                             7                            LOOP_WIDTH:mul#1.itm                                         
                                                                                                     for:for:h.sva                                                
                                                                                                     LOOP_Y:asn#20.itm.1                                          
  LOOP_Y:acc#14.itm.1(6:0)                                              7                            LOOP_Y:acc#14.itm.1                                          
                                                                                                     for:for:for:w.sva                                            
  LOOP_Y:mul#3.itm.1(6:0)                                               7                            LOOP_Y:mul#3.itm.1                                           
                                                                                                     for:for:for:asn#9.itm.2                                      
  LOOP_Y:mul#5.itm.2(6:0)                                               7         Y           Y      LOOP_Y:mul#5.itm.2                                           
                                                                                                     for:for:for:asn#9.itm.1                                      
                                                                                                     j.sva#1                                                      
  padded_height(7:1).sva                                                7         Y           Y      padded_height(7:1).sva                                       
  padded_width:acc.psp.sva                                              7         Y           Y      padded_width:acc.psp.sva                                     
  LOOP_Y:acc#15.itm.1                                                   6                            LOOP_Y:acc#15.itm.1                                          
  i.sva(6:1)                                                            6         Y           Y      i.sva(6:1)                                                   
  j.sva(6:1)                                                            6         Y           Y      j.sva(6:1)                                                   
  LOOP_WIDTH:mul#1.itm(11:7)                                            5                            LOOP_WIDTH:mul#1.itm                                         
                                                                                                     for:for:h.sva                                                
                                                                                                     LOOP_Y:asn#20.itm.1                                          
  LOOP_Y:read_rom(UNET_IP::filters_pretrain.rom#3_map_1).itm.1          5                            LOOP_Y:read_rom(UNET_IP::filters_pretrain.rom#3_map_1).itm.1 
  LOOP_Y:mul#5.itm.2(10:7)                                              4                            LOOP_Y:mul#5.itm.2                                           
                                                                                                     for:for:for:asn#9.itm.1                                      
                                                                                                     j.sva#1                                                      
  filter_size(3:0).sva                                                  4         Y           Y      filter_size(3:0).sva                                         
  LOOP_Y:asn#12.itm.1                                                   3                            LOOP_Y:asn#12.itm.1                                          
  x.sva                                                                 3         Y           Y      x.sva                                                        
  y.sva                                                                 3                            y.sva                                                        
  LOOP_WIDTH:mul#1.itm(13:12)                                           2                            LOOP_WIDTH:mul#1.itm                                         
                                                                                                     for:for:h.sva                                                
                                                                                                     LOOP_Y:asn#20.itm.1                                          
  LOOP_Y:acc#14.itm.1(8:7)                                              2                            LOOP_Y:acc#14.itm.1                                          
                                                                                                     for:for:for:w.sva                                            
  LOOP_Y.stage_0                                                        1                            LOOP_Y.stage_0                                               
                                                                                                     exit:for:for:for.sva.st.1                                    
  LOOP_Y.stage_0.2                                                      1                            LOOP_Y.stage_0.2                                             
                                                                                                     exit:for:for:for.sva.st.2                                    
  LOOP_Y.stage_0.3                                                      1                            LOOP_Y.stage_0.3                                             
                                                                                                     for:for:for.stage_0                                          
  LOOP_Y.stage_0.4                                                      1                            LOOP_Y.stage_0.4                                             
                                                                                                     for:for:for.stage_0.2                                        
  LOOP_Y:asn#16.itm.3                                                   1                            LOOP_Y:asn#16.itm.3                                          
                                                                                                     for:for:for.stage_0.3                                        
  exit:LOOP_Y.sva.3                                                     1                            exit:LOOP_Y.sva.3                                            
  exit:LOOP_Y.sva.st.1                                                  1                            exit:LOOP_Y.sva.st.1                                         
  exit:LOOP_Y.sva.st.2                                                  1                            exit:LOOP_Y.sva.st.2                                         
  for:acc#2.cse.sva(7)                                                  1         Y           Y      for:acc#2.cse.sva(7)                                         
  i.sva(0)                                                              1         Y           Y      i.sva(0)                                                     
  j.sva(0)                                                              1         Y           Y      j.sva(0)                                                     
  reg(input.triosy:obj.ld).cse                                          1                            reg(input.triosy:obj.ld).cse                                 
                                                                                                                                                                  
  Total:                                                              239             75          75 (Total Gating Ratio: 0.31, CG Opt Gating Ratio: 0.31)        
  
Timing Report
  Critical Path
    Max Delay:  8.687611
    Slack:      1.3123889999999996
    
    Path                                                                           Startpoint                                                 Endpoint                                                 Delay   Slack                       
    ------------------------------------------------------------------------------ ---------------------------------------------------------- -------------------------------------------------------- ------- ------ --------------------
    1                                                                              UNET_IP::conv2d:run_conv:inst/reg(i.sva(6:1))              UNET_IP::conv2d:run_conv:inst/reg(for:for:for:acc.itm.1) 8.6876  1.3124                      
                                                                                                                                                                                                                                           
      Instance                                                                     Component                                                                                                           Delta   Delay  [MIN, MAX]           
      --------                                                                     ---------                                                                                                           -----   -----  ------------------   
      UNET_IP::conv2d:run_conv:inst/reg(i.sva(6:1))                                mgc_reg_pos_6_0_0_0_0_1_1                                                                                           0.6600  0.6600                      
      UNET_IP::conv2d:run_conv:inst/i.sva(6:1)                                                                                                                                                         0.0000  0.6600                      
      UNET_IP::conv2d:run_conv:inst/LOOP_WIDTH:conc#16                                                                                                                                                 0.0000  0.6600                      
      UNET_IP::conv2d:run_conv:inst/LOOP_WIDTH:conc#16.itm                                                                                                                                             0.0000  0.6600                      
      UNET_IP::conv2d:run_conv:inst/LOOP_WIDTH:acc#9                               mgc_addc_8_0_8_0_8                                                                                                  1.5150  2.1750 [2.000000, 2.175000] 
      UNET_IP::conv2d:run_conv:inst/LOOP_WIDTH:acc#9.itm                                                                                                                                               0.0000  2.1750 [2.000000, 2.175000] 
      UNET_IP::conv2d:run_conv:inst/for:for:for:mux                                mgc_mux_8_1_2                                                                                                       0.1600  2.3350 [2.160000, 2.335000] 
      UNET_IP::conv2d:run_conv:inst/for:for:for:mux.itm                                                                                                                                                0.0000  2.3350 [2.160000, 2.335000] 
      UNET_IP::conv2d:run_conv:inst/LOOP_WIDTH:mul#2:rg                            mgc_mul_7_0_8_1_15                                                                                                  4.6876  7.0226                      
      UNET_IP::conv2d:run_conv:inst/z.out                                                                                                                                                              0.0000  7.0226                      
      UNET_IP::conv2d:run_conv:inst/for:for:for:slc(z.out)(13-0)                                                                                                                                       0.0000  7.0226                      
      UNET_IP::conv2d:run_conv:inst/for:for:for:slc(z.out)(13-0).itm                                                                                                                                   0.0000  7.0226                      
      UNET_IP::conv2d:run_conv:inst/for:for:for:acc                                mgc_addc_14_0_7_0_14                                                                                                1.6650  8.6876 [8.362611, 8.687611] 
      UNET_IP::conv2d:run_conv:inst/for:for:for:acc.itm                                                                                                                                                0.0000  8.6876 [8.362611, 8.687611] 
      UNET_IP::conv2d:run_conv:inst/reg(for:for:for:acc.itm.1)                     mgc_reg_pos_14_0_0_0_0_0_0                                                                                          0.0000  8.6876                      
                                                                                                                                                                                                                                           
    2                                                                              UNET_IP::conv2d:run_conv:inst/reg(i.sva(0))                UNET_IP::conv2d:run_conv:inst/reg(for:for:for:acc.itm.1) 8.6876  1.3124                      
                                                                                                                                                                                                                                           
      Instance                                                                     Component                                                                                                           Delta   Delay  [MIN, MAX]           
      --------                                                                     ---------                                                                                                           -----   -----  ------------------   
      UNET_IP::conv2d:run_conv:inst/reg(i.sva(0))                                  mgc_reg_pos_1_0_0_0_0_1_1                                                                                           0.6600  0.6600                      
      UNET_IP::conv2d:run_conv:inst/i.sva(0)                                                                                                                                                           0.0000  0.6600                      
      UNET_IP::conv2d:run_conv:inst/LOOP_WIDTH:conc#16                                                                                                                                                 0.0000  0.6600                      
      UNET_IP::conv2d:run_conv:inst/LOOP_WIDTH:conc#16.itm                                                                                                                                             0.0000  0.6600                      
      UNET_IP::conv2d:run_conv:inst/LOOP_WIDTH:acc#9                               mgc_addc_8_0_8_0_8                                                                                                  1.5150  2.1750 [2.000000, 2.175000] 
      UNET_IP::conv2d:run_conv:inst/LOOP_WIDTH:acc#9.itm                                                                                                                                               0.0000  2.1750 [2.000000, 2.175000] 
      UNET_IP::conv2d:run_conv:inst/for:for:for:mux                                mgc_mux_8_1_2                                                                                                       0.1600  2.3350 [2.160000, 2.335000] 
      UNET_IP::conv2d:run_conv:inst/for:for:for:mux.itm                                                                                                                                                0.0000  2.3350 [2.160000, 2.335000] 
      UNET_IP::conv2d:run_conv:inst/LOOP_WIDTH:mul#2:rg                            mgc_mul_7_0_8_1_15                                                                                                  4.6876  7.0226                      
      UNET_IP::conv2d:run_conv:inst/z.out                                                                                                                                                              0.0000  7.0226                      
      UNET_IP::conv2d:run_conv:inst/for:for:for:slc(z.out)(13-0)                                                                                                                                       0.0000  7.0226                      
      UNET_IP::conv2d:run_conv:inst/for:for:for:slc(z.out)(13-0).itm                                                                                                                                   0.0000  7.0226                      
      UNET_IP::conv2d:run_conv:inst/for:for:for:acc                                mgc_addc_14_0_7_0_14                                                                                                1.6650  8.6876 [8.362611, 8.687611] 
      UNET_IP::conv2d:run_conv:inst/for:for:for:acc.itm                                                                                                                                                0.0000  8.6876 [8.362611, 8.687611] 
      UNET_IP::conv2d:run_conv:inst/reg(for:for:for:acc.itm.1)                     mgc_reg_pos_14_0_0_0_0_0_0                                                                                          0.0000  8.6876                      
                                                                                                                                                                                                                                           
    3                                                                              UNET_IP::conv2d:run_conv:inst/reg(for:for:for:mul#4.itm.1) UNET_IP::conv2d/output:rsc.wadr                          8.4166  1.5834                      
                                                                                                                                                                                                                                           
      Instance                                                                     Component                                                                                                           Delta   Delay  [MIN, MAX]           
      --------                                                                     ---------                                                                                                           -----   -----  ------------------   
      UNET_IP::conv2d:run_conv:inst/reg(for:for:for:mul#4.itm.1)                   mgc_reg_pos_14_0_0_0_0_0_0                                                                                          0.6600  0.6600                      
      UNET_IP::conv2d:run_conv:inst/reg(for:for:for:mul#4.itm.1).cse                                                                                                                                   0.0000  0.6600                      
      UNET_IP::conv2d:run_conv:inst/LOOP_Y:slc(for:for:for:mul#4.itm.1)(13-12)                                                                                                                         0.0000  0.6600                      
      UNET_IP::conv2d:run_conv:inst/LOOP_Y:slc(for:for:for:mul#4.itm.1)(13-12).itm                                                                                                                     0.0000  0.6600                      
      UNET_IP::conv2d:run_conv:inst/LOOP_Y:mux#14                                  mgc_mux_2_1_2                                                                                                       0.1600  0.8200                      
      UNET_IP::conv2d:run_conv:inst/LOOP_Y:mux#14.itm                                                                                                                                                  0.0000  0.8200                      
      UNET_IP::conv2d:run_conv:inst/LOOP_Y:LOOP_Y:and#2                            mgc_and_2_2                                                                                                         0.6300  1.4500                      
      UNET_IP::conv2d:run_conv:inst/LOOP_Y:LOOP_Y:and#2.itm                                                                                                                                            0.0000  1.4500                      
      UNET_IP::conv2d:run_conv:inst/LOOP_Y:conc#12                                                                                                                                                     0.0000  1.4500                      
      UNET_IP::conv2d:run_conv:inst/LOOP_Y:conc#12.itm                                                                                                                                                 0.0000  1.4500                      
      UNET_IP::conv2d:run_conv:inst/LOOP_WIDTH:mul:rg                              mgc_mul_7_0_14_0_15                                                                                                 4.7766  6.2266                      
      UNET_IP::conv2d:run_conv:inst/z.out#6                                                                                                                                                            0.0000  6.2266                      
      UNET_IP::conv2d:run_conv:inst/LOOP_WIDTH:acc#2                               mgc_addc_15_0_15_0_15                                                                                               1.6900  7.9166 [7.566628, 7.916628] 
      UNET_IP::conv2d:run_conv:inst/output:rsci.wadr_d                                                                                                                                                 0.0000  7.9166 [7.566628, 7.916628] 
      UNET_IP::conv2d/output:rsci.wadr_d                                                                                                                                                               0.0000  7.9166 [7.566628, 7.916628] 
      output:rsci/wadr_d                                                                                                                                                                               0.0000  7.9166 [7.566628, 7.916628] 
      output:rsci/LOOP_WIDTH:slc(wadr_d)(14-0)                                                                                                                                                         -0.0233 7.8933 [7.566628, 7.893295] 
      output:rsci/LOOP_WIDTH:asn(wadr)                                                                                                                                                                 0.0000  7.8933 [7.566628, 7.893295] 
      output:rsci/wadr                                                                                                                                                                                 0.0000  7.8933 [7.566628, 7.893295] 
      UNET_IP::conv2d/output:rsc.wadr                                                                                                                                                                  0.5233  8.4166                      
                                                                                                                                                                                                                                           
    4                                                                              UNET_IP::conv2d:run_conv:inst/reg(for:for:for:mul#4.itm.1) UNET_IP::conv2d/input:rsc.radr                           8.4166  1.5834                      
                                                                                                                                                                                                                                           
      Instance                                                                     Component                                                                                                           Delta   Delay  [MIN, MAX]           
      --------                                                                     ---------                                                                                                           -----   -----  ------------------   
      UNET_IP::conv2d:run_conv:inst/reg(for:for:for:mul#4.itm.1)                   mgc_reg_pos_14_0_0_0_0_0_0                                                                                          0.6600  0.6600                      
      UNET_IP::conv2d:run_conv:inst/reg(for:for:for:mul#4.itm.1).cse                                                                                                                                   0.0000  0.6600                      
      UNET_IP::conv2d:run_conv:inst/LOOP_Y:slc(for:for:for:mul#4.itm.1)(13-12)                                                                                                                         0.0000  0.6600                      
      UNET_IP::conv2d:run_conv:inst/LOOP_Y:slc(for:for:for:mul#4.itm.1)(13-12).itm                                                                                                                     0.0000  0.6600                      
      UNET_IP::conv2d:run_conv:inst/LOOP_Y:mux#14                                  mgc_mux_2_1_2                                                                                                       0.1600  0.8200                      
      UNET_IP::conv2d:run_conv:inst/LOOP_Y:mux#14.itm                                                                                                                                                  0.0000  0.8200                      
      UNET_IP::conv2d:run_conv:inst/LOOP_Y:LOOP_Y:and#2                            mgc_and_2_2                                                                                                         0.6300  1.4500                      
      UNET_IP::conv2d:run_conv:inst/LOOP_Y:LOOP_Y:and#2.itm                                                                                                                                            0.0000  1.4500                      
      UNET_IP::conv2d:run_conv:inst/LOOP_Y:conc#12                                                                                                                                                     0.0000  1.4500                      
      UNET_IP::conv2d:run_conv:inst/LOOP_Y:conc#12.itm                                                                                                                                                 0.0000  1.4500                      
      UNET_IP::conv2d:run_conv:inst/LOOP_WIDTH:mul:rg                              mgc_mul_7_0_14_0_15                                                                                                 4.7766  6.2266                      
      UNET_IP::conv2d:run_conv:inst/z.out#6                                                                                                                                                            0.0000  6.2266                      
      UNET_IP::conv2d:run_conv:inst/for:for:for:acc#8                              mgc_addc_15_0_14_0_15                                                                                               1.6900  7.9166 [7.566628, 7.916628] 
      UNET_IP::conv2d:run_conv:inst/input:rsci.radr_d                                                                                                                                                  0.0000  7.9166 [7.566628, 7.916628] 
      UNET_IP::conv2d/input:rsci.radr_d                                                                                                                                                                0.0000  7.9166 [7.566628, 7.916628] 
      input:rsci/radr_d                                                                                                                                                                                0.0000  7.9166 [7.566628, 7.916628] 
      input:rsci/for:for:for:slc(radr_d)(14-0)                                                                                                                                                         -0.0233 7.8933 [7.566628, 7.893295] 
      input:rsci/for:for:for:asn(radr)                                                                                                                                                                 0.0000  7.8933 [7.566628, 7.893295] 
      input:rsci/radr                                                                                                                                                                                  0.0000  7.8933 [7.566628, 7.893295] 
      UNET_IP::conv2d/input:rsc.radr                                                                                                                                                                   0.5233  8.4166                      
                                                                                                                                                                                                                                           
    5                                                                              UNET_IP::conv2d:run_conv:inst/reg(LOOP_WIDTH:mul#1)        UNET_IP::conv2d/input:rsc.radr                           8.4166  1.5834                      
                                                                                                                                                                                                                                           
      Instance                                                                     Component                                                                                                           Delta   Delay  [MIN, MAX]           
      --------                                                                     ---------                                                                                                           -----   -----  ------------------   
      UNET_IP::conv2d:run_conv:inst/reg(LOOP_WIDTH:mul#1)                          mgc_reg_pos_2_0_0_0_0_0_0                                                                                           0.6600  0.6600                      
      UNET_IP::conv2d:run_conv:inst/LOOP_WIDTH:mul#1.itm(13:12)                                                                                                                                        0.0000  0.6600                      
      UNET_IP::conv2d:run_conv:inst/LOOP_Y:mux#14                                  mgc_mux_2_1_2                                                                                                       0.1600  0.8200                      
      UNET_IP::conv2d:run_conv:inst/LOOP_Y:mux#14.itm                                                                                                                                                  0.0000  0.8200                      
      UNET_IP::conv2d:run_conv:inst/LOOP_Y:LOOP_Y:and#2                            mgc_and_2_2                                                                                                         0.6300  1.4500                      
      UNET_IP::conv2d:run_conv:inst/LOOP_Y:LOOP_Y:and#2.itm                                                                                                                                            0.0000  1.4500                      
      UNET_IP::conv2d:run_conv:inst/LOOP_Y:conc#12                                                                                                                                                     0.0000  1.4500                      
      UNET_IP::conv2d:run_conv:inst/LOOP_Y:conc#12.itm                                                                                                                                                 0.0000  1.4500                      
      UNET_IP::conv2d:run_conv:inst/LOOP_WIDTH:mul:rg                              mgc_mul_7_0_14_0_15                                                                                                 4.7766  6.2266                      
      UNET_IP::conv2d:run_conv:inst/z.out#6                                                                                                                                                            0.0000  6.2266                      
      UNET_IP::conv2d:run_conv:inst/for:for:for:acc#8                              mgc_addc_15_0_14_0_15                                                                                               1.6900  7.9166 [7.566628, 7.916628] 
      UNET_IP::conv2d:run_conv:inst/input:rsci.radr_d                                                                                                                                                  0.0000  7.9166 [7.566628, 7.916628] 
      UNET_IP::conv2d/input:rsci.radr_d                                                                                                                                                                0.0000  7.9166 [7.566628, 7.916628] 
      input:rsci/radr_d                                                                                                                                                                                0.0000  7.9166 [7.566628, 7.916628] 
      input:rsci/for:for:for:slc(radr_d)(14-0)                                                                                                                                                         -0.0233 7.8933 [7.566628, 7.893295] 
      input:rsci/for:for:for:asn(radr)                                                                                                                                                                 0.0000  7.8933 [7.566628, 7.893295] 
      input:rsci/radr                                                                                                                                                                                  0.0000  7.8933 [7.566628, 7.893295] 
      UNET_IP::conv2d/input:rsc.radr                                                                                                                                                                   0.5233  8.4166                      
                                                                                                                                                                                                                                           
    6                                                                              UNET_IP::conv2d:run_conv:inst/reg(LOOP_WIDTH:mul#1)#1      UNET_IP::conv2d:run_conv:inst/reg(temp)                  8.3364  1.6636                      
                                                                                                                                                                                                                                           
      Instance                                                                     Component                                                                                                           Delta   Delay  [MIN, MAX]           
      --------                                                                     ---------                                                                                                           -----   -----  ------------------   
      UNET_IP::conv2d:run_conv:inst/reg(LOOP_WIDTH:mul#1)#1                        mgc_reg_pos_5_0_0_0_0_0_0                                                                                           0.6600  0.6600                      
      UNET_IP::conv2d:run_conv:inst/LOOP_WIDTH:mul#1.itm(11:7)                                                                                                                                         0.0000  0.6600                      
      UNET_IP::conv2d:run_conv:inst/LOOP_WIDTH:LOOP_WIDTH:and                      mgc_and_5_2                                                                                                         0.6300  1.2900                      
      UNET_IP::conv2d:run_conv:inst/LOOP_WIDTH:LOOP_WIDTH:and.itm                                                                                                                                      0.0000  1.2900                      
      UNET_IP::conv2d:run_conv:inst/LOOP_WIDTH:conc#21                                                                                                                                                 0.0000  1.2900                      
      UNET_IP::conv2d:run_conv:inst/LOOP_WIDTH:conc#21.itm                                                                                                                                             0.0000  1.2900                      
      UNET_IP::conv2d:run_conv:inst/LOOP_WIDTH:mul#1:rg                            mgc_mul_8_1_12_0_14                                                                                                 4.6414  5.9314                      
      UNET_IP::conv2d:run_conv:inst/z.out#2                                                                                                                                                            0.0000  5.9314                      
      UNET_IP::conv2d:run_conv:inst/LOOP_WIDTH:slc(z.out#2)(11-0)                                                                                                                                      0.0000  5.9314                      
      UNET_IP::conv2d:run_conv:inst/LOOP_WIDTH:slc(z.out#2)(11-0).itm                                                                                                                                  0.0000  5.9314                      
      UNET_IP::conv2d:run_conv:inst/LOOP_Y:acc#12                                  mgc_addc_12_0_12_0_12                                                                                               1.6150  7.5464 [7.271358, 7.546358] 
      UNET_IP::conv2d:run_conv:inst/temp.sva#2                                                                                                                                                         0.0000  7.5464 [7.271358, 7.546358] 
      UNET_IP::conv2d:run_conv:inst/temp:mux                                       mgc_mux_12_1_2                                                                                                      0.1600  7.7064 [7.431358, 7.706358] 
      UNET_IP::conv2d:run_conv:inst/temp:mux.itm                                                                                                                                                       0.0000  7.7064 [7.431358, 7.706358] 
      UNET_IP::conv2d:run_conv:inst/temp:temp:and                                  mgc_and_12_2                                                                                                        0.6300  8.3364                      
      UNET_IP::conv2d:run_conv:inst/temp:temp:and.itm                                                                                                                                                  0.0000  8.3364                      
      UNET_IP::conv2d:run_conv:inst/reg(temp)                                      mgc_reg_pos_12_0_0_0_0_1_1                                                                                          0.0000  8.3364                      
                                                                                                                                                                                                                                           
    7                                                                              UNET_IP::conv2d:run_conv:inst/reg(for:c)                   UNET_IP::conv2d/input:rsc.radr                           8.2566  1.7434                      
                                                                                                                                                                                                                                           
      Instance                                                                     Component                                                                                                           Delta   Delay  [MIN, MAX]           
      --------                                                                     ---------                                                                                                           -----   -----  ------------------   
      UNET_IP::conv2d:run_conv:inst/reg(for:c)                                     mgc_reg_pos_8_0_0_0_0_1_1                                                                                           0.6600  0.6600                      
      UNET_IP::conv2d:run_conv:inst/for:c.sva                                                                                                                                                          0.0000  0.6600                      
      UNET_IP::conv2d:run_conv:inst/LOOP_Y:slc(exu.tmp#7)(6-0)                                                                                                                                         0.0000  0.6600                      
      UNET_IP::conv2d:run_conv:inst/LOOP_Y:slc(exu.tmp#7)(6-0).itm                                                                                                                                     0.0000  0.6600                      
      UNET_IP::conv2d:run_conv:inst/LOOP_Y:mux1h#54                                mgc_mux1hot_7_3                                                                                                     0.6300  1.2900                      
      UNET_IP::conv2d:run_conv:inst/LOOP_Y:mux1h#54.itm                                                                                                                                                0.0000  1.2900                      
      UNET_IP::conv2d:run_conv:inst/LOOP_Y:conc#12                                                                                                                                                     0.0000  1.2900                      
      UNET_IP::conv2d:run_conv:inst/LOOP_Y:conc#12.itm                                                                                                                                                 0.0000  1.2900                      
      UNET_IP::conv2d:run_conv:inst/LOOP_WIDTH:mul:rg                              mgc_mul_7_0_14_0_15                                                                                                 4.7766  6.0666                      
      UNET_IP::conv2d:run_conv:inst/z.out#6                                                                                                                                                            0.0000  6.0666                      
      UNET_IP::conv2d:run_conv:inst/for:for:for:acc#8                              mgc_addc_15_0_14_0_15                                                                                               1.6900  7.7566 [7.406628, 7.756628] 
      UNET_IP::conv2d:run_conv:inst/input:rsci.radr_d                                                                                                                                                  0.0000  7.7566 [7.406628, 7.756628] 
      UNET_IP::conv2d/input:rsci.radr_d                                                                                                                                                                0.0000  7.7566 [7.406628, 7.756628] 
      input:rsci/radr_d                                                                                                                                                                                0.0000  7.7566 [7.406628, 7.756628] 
      input:rsci/for:for:for:slc(radr_d)(14-0)                                                                                                                                                         -0.0233 7.7333 [7.406628, 7.733295] 
      input:rsci/for:for:for:asn(radr)                                                                                                                                                                 0.0000  7.7333 [7.406628, 7.733295] 
      input:rsci/radr                                                                                                                                                                                  0.0000  7.7333 [7.406628, 7.733295] 
      UNET_IP::conv2d/input:rsc.radr                                                                                                                                                                   0.5233  8.2566                      
                                                                                                                                                                                                                                           
    8                                                                              UNET_IP::conv2d:run_conv:inst/reg(for:c)                   UNET_IP::conv2d/input:rsc.radr                           8.2566  1.7434                      
                                                                                                                                                                                                                                           
      Instance                                                                     Component                                                                                                           Delta   Delay  [MIN, MAX]           
      --------                                                                     ---------                                                                                                           -----   -----  ------------------   
      UNET_IP::conv2d:run_conv:inst/reg(for:c)                                     mgc_reg_pos_8_0_0_0_0_1_1                                                                                           0.6600  0.6600                      
      UNET_IP::conv2d:run_conv:inst/for:c.sva                                                                                                                                                          0.0000  0.6600                      
      UNET_IP::conv2d:run_conv:inst/LOOP_Y:slc(exu.tmp#7)(11-7)                                                                                                                                        0.0000  0.6600                      
      UNET_IP::conv2d:run_conv:inst/LOOP_Y:slc(exu.tmp#7)(11-7).itm                                                                                                                                    0.0000  0.6600                      
      UNET_IP::conv2d:run_conv:inst/LOOP_Y:exu                                                                                                                                                         0.0000  0.6600 [0.000000, 0.660000] 
      UNET_IP::conv2d:run_conv:inst/LOOP_Y:exu.itm                                                                                                                                                     0.0000  0.6600 [0.000000, 0.660000] 
      UNET_IP::conv2d:run_conv:inst/LOOP_Y:mux1h#53                                mgc_mux1hot_5_3                                                                                                     0.6300  1.2900                      
      UNET_IP::conv2d:run_conv:inst/LOOP_Y:mux1h#53.itm                                                                                                                                                0.0000  1.2900                      
      UNET_IP::conv2d:run_conv:inst/LOOP_Y:conc#12                                                                                                                                                     0.0000  1.2900                      
      UNET_IP::conv2d:run_conv:inst/LOOP_Y:conc#12.itm                                                                                                                                                 0.0000  1.2900                      
      UNET_IP::conv2d:run_conv:inst/LOOP_WIDTH:mul:rg                              mgc_mul_7_0_14_0_15                                                                                                 4.7766  6.0666                      
      UNET_IP::conv2d:run_conv:inst/z.out#6                                                                                                                                                            0.0000  6.0666                      
      UNET_IP::conv2d:run_conv:inst/for:for:for:acc#8                              mgc_addc_15_0_14_0_15                                                                                               1.6900  7.7566 [7.406628, 7.756628] 
      UNET_IP::conv2d:run_conv:inst/input:rsci.radr_d                                                                                                                                                  0.0000  7.7566 [7.406628, 7.756628] 
      UNET_IP::conv2d/input:rsci.radr_d                                                                                                                                                                0.0000  7.7566 [7.406628, 7.756628] 
      input:rsci/radr_d                                                                                                                                                                                0.0000  7.7566 [7.406628, 7.756628] 
      input:rsci/for:for:for:slc(radr_d)(14-0)                                                                                                                                                         -0.0233 7.7333 [7.406628, 7.733295] 
      input:rsci/for:for:for:asn(radr)                                                                                                                                                                 0.0000  7.7333 [7.406628, 7.733295] 
      input:rsci/radr                                                                                                                                                                                  0.0000  7.7333 [7.406628, 7.733295] 
      UNET_IP::conv2d/input:rsc.radr                                                                                                                                                                   0.5233  8.2566                      
                                                                                                                                                                                                                                           
    9                                                                              UNET_IP::conv2d:run_conv:inst/reg(for:for:for:mul#4.itm.1) UNET_IP::conv2d/input:rsc.radr                           8.2566  1.7434                      
                                                                                                                                                                                                                                           
      Instance                                                                     Component                                                                                                           Delta   Delay  [MIN, MAX]           
      --------                                                                     ---------                                                                                                           -----   -----  ------------------   
      UNET_IP::conv2d:run_conv:inst/reg(for:for:for:mul#4.itm.1)                   mgc_reg_pos_14_0_0_0_0_0_0                                                                                          0.6600  0.6600                      
      UNET_IP::conv2d:run_conv:inst/reg(for:for:for:mul#4.itm.1).cse                                                                                                                                   0.0000  0.6600                      
      UNET_IP::conv2d:run_conv:inst/LOOP_Y:slc(for:for:for:mul#4.itm.1)(6-0)                                                                                                                           0.0000  0.6600                      
      UNET_IP::conv2d:run_conv:inst/LOOP_Y:slc(for:for:for:mul#4.itm.1)(6-0).itm                                                                                                                       0.0000  0.6600                      
      UNET_IP::conv2d:run_conv:inst/LOOP_Y:mux1h#54                                mgc_mux1hot_7_3                                                                                                     0.6300  1.2900                      
      UNET_IP::conv2d:run_conv:inst/LOOP_Y:mux1h#54.itm                                                                                                                                                0.0000  1.2900                      
      UNET_IP::conv2d:run_conv:inst/LOOP_Y:conc#12                                                                                                                                                     0.0000  1.2900                      
      UNET_IP::conv2d:run_conv:inst/LOOP_Y:conc#12.itm                                                                                                                                                 0.0000  1.2900                      
      UNET_IP::conv2d:run_conv:inst/LOOP_WIDTH:mul:rg                              mgc_mul_7_0_14_0_15                                                                                                 4.7766  6.0666                      
      UNET_IP::conv2d:run_conv:inst/z.out#6                                                                                                                                                            0.0000  6.0666                      
      UNET_IP::conv2d:run_conv:inst/for:for:for:acc#8                              mgc_addc_15_0_14_0_15                                                                                               1.6900  7.7566 [7.406628, 7.756628] 
      UNET_IP::conv2d:run_conv:inst/input:rsci.radr_d                                                                                                                                                  0.0000  7.7566 [7.406628, 7.756628] 
      UNET_IP::conv2d/input:rsci.radr_d                                                                                                                                                                0.0000  7.7566 [7.406628, 7.756628] 
      input:rsci/radr_d                                                                                                                                                                                0.0000  7.7566 [7.406628, 7.756628] 
      input:rsci/for:for:for:slc(radr_d)(14-0)                                                                                                                                                         -0.0233 7.7333 [7.406628, 7.733295] 
      input:rsci/for:for:for:asn(radr)                                                                                                                                                                 0.0000  7.7333 [7.406628, 7.733295] 
      input:rsci/radr                                                                                                                                                                                  0.0000  7.7333 [7.406628, 7.733295] 
      UNET_IP::conv2d/input:rsc.radr                                                                                                                                                                   0.5233  8.2566                      
                                                                                                                                                                                                                                           
    10                                                                             UNET_IP::conv2d:run_conv:inst/reg(LOOP_WIDTH:mul#1)#2      UNET_IP::conv2d/input:rsc.radr                           8.2566  1.7434                      
                                                                                                                                                                                                                                           
      Instance                                                                     Component                                                                                                           Delta   Delay  [MIN, MAX]           
      --------                                                                     ---------                                                                                                           -----   -----  ------------------   
      UNET_IP::conv2d:run_conv:inst/reg(LOOP_WIDTH:mul#1)#2                        mgc_reg_pos_7_0_0_0_0_0_0                                                                                           0.6600  0.6600                      
      UNET_IP::conv2d:run_conv:inst/LOOP_WIDTH:mul#1.itm(6:0)                                                                                                                                          0.0000  0.6600                      
      UNET_IP::conv2d:run_conv:inst/LOOP_Y:mux1h#54                                mgc_mux1hot_7_3                                                                                                     0.6300  1.2900                      
      UNET_IP::conv2d:run_conv:inst/LOOP_Y:mux1h#54.itm                                                                                                                                                0.0000  1.2900                      
      UNET_IP::conv2d:run_conv:inst/LOOP_Y:conc#12                                                                                                                                                     0.0000  1.2900                      
      UNET_IP::conv2d:run_conv:inst/LOOP_Y:conc#12.itm                                                                                                                                                 0.0000  1.2900                      
      UNET_IP::conv2d:run_conv:inst/LOOP_WIDTH:mul:rg                              mgc_mul_7_0_14_0_15                                                                                                 4.7766  6.0666                      
      UNET_IP::conv2d:run_conv:inst/z.out#6                                                                                                                                                            0.0000  6.0666                      
      UNET_IP::conv2d:run_conv:inst/for:for:for:acc#8                              mgc_addc_15_0_14_0_15                                                                                               1.6900  7.7566 [7.406628, 7.756628] 
      UNET_IP::conv2d:run_conv:inst/input:rsci.radr_d                                                                                                                                                  0.0000  7.7566 [7.406628, 7.756628] 
      UNET_IP::conv2d/input:rsci.radr_d                                                                                                                                                                0.0000  7.7566 [7.406628, 7.756628] 
      input:rsci/radr_d                                                                                                                                                                                0.0000  7.7566 [7.406628, 7.756628] 
      input:rsci/for:for:for:slc(radr_d)(14-0)                                                                                                                                                         -0.0233 7.7333 [7.406628, 7.733295] 
      input:rsci/for:for:for:asn(radr)                                                                                                                                                                 0.0000  7.7333 [7.406628, 7.733295] 
      input:rsci/radr                                                                                                                                                                                  0.0000  7.7333 [7.406628, 7.733295] 
      UNET_IP::conv2d/input:rsc.radr                                                                                                                                                                   0.5233  8.2566                      
                                                                                                                                                                                                                                           
    
  Register Input and Register-to-Output Slack
    Clock period or pin-to-reg delay constraint (clk): 10.0
    Clock uncertainty constraint (clk)               : 0.0
    
    Instance                                                                                   Port                                                        Slack (Delay) Messages 
    ------------------------------------------------------------------------------------------ ---------------------------------------------------------- ------ ------- --------
    UNET_IP::conv2d:run_conv/reg(padded_width:acc.psp)                                         padded_width:acc.itm                                       8.5350  1.4650          
    UNET_IP::conv2d:run_conv/reg(filter_size(3:0))                                             filter_size:slc(z.out#1)(3-0).itm                          3.5530  6.4470          
    UNET_IP::conv2d:run_conv/reg(padded_height(7:1))                                           padded_height:acc.itm                                      8.5350  1.4650          
    UNET_IP::conv2d:run_conv/reg(for:acc#2.cse.sva(7))                                         for:acc#2.itm(7)                                           8.5069  1.4931          
    UNET_IP::conv2d:run_conv/reg(input.triosy:obj.ld)                                          and#92.itm                                                 5.6922  4.3078          
    UNET_IP::conv2d:run_conv/reg(for:c)                                                        for:c:for:c:for:c:and.itm                                  7.2200  2.7800          
    UNET_IP::conv2d:run_conv/reg(for:for:for:mul#1.itm.1)#1                                    for:for:for:mux#3.itm                                      4.4152  5.5848          
    UNET_IP::conv2d:run_conv/reg(for:for:for:acc.itm.1)                                        for:for:for:acc.itm                                        1.3124  8.6876          
    UNET_IP::conv2d:run_conv/reg(for:for:for:mul#4.itm.1)                                      z.out#8                                                    4.4595  5.5405          
    UNET_IP::conv2d:run_conv/reg(LOOP_Y.stage_0)                                               LOOP_Y:LOOP_Y:or.itm                                       4.9925  5.0075          
    UNET_IP::conv2d:run_conv/reg(LOOP_Y.stage_0.2)                                             LOOP_Y:LOOP_Y:and#3.itm                                    8.1100  1.8900          
    UNET_IP::conv2d:run_conv/reg(LOOP_Y.stage_0.3)                                             LOOP_Y:LOOP_Y:or#1.itm                                     6.4269  3.5731          
    UNET_IP::conv2d:run_conv/reg(LOOP_Y.stage_0.4)                                             LOOP_Y:LOOP_Y:and#4.itm                                    8.7100  1.2900          
    UNET_IP::conv2d:run_conv/reg(LOOP_Y:asn#16.itm.3)                                          LOOP_Y:LOOP_Y:and#5.itm                                    8.5500  1.4500          
    UNET_IP::conv2d:run_conv/reg(LOOP_WIDTH:mul#1)                                             LOOP_WIDTH:LOOP_WIDTH:slc(LOOP_WIDTH:mul#1.sdt)(13-12).itm 4.0686  5.9314          
    UNET_IP::conv2d:run_conv/reg(LOOP_WIDTH:mul#1)#1                                           LOOP_WIDTH:LOOP_WIDTH:mux.itm                              3.2786  6.7214          
    UNET_IP::conv2d:run_conv/reg(LOOP_WIDTH:mul#1)#2                                           LOOP_WIDTH:mux1h#2.itm                                     3.4386  6.5614          
    UNET_IP::conv2d:run_conv/reg(LOOP_Y:mul#3.itm.1)                                           LOOP_Y:LOOP_Y:slc(LOOP_Y:mux1h#14.sdt)(17-7).itm           4.4306  5.5694          
    UNET_IP::conv2d:run_conv/reg(LOOP_Y:mul#3.itm.1)#1                                         LOOP_Y:mux#4.itm                                           4.2706  5.7294          
    UNET_IP::conv2d:run_conv/reg(LOOP_Y:acc#14.itm.1)                                          LOOP_Y:LOOP_Y:slc(LOOP_Y:mux1h#16.sdt)(8-7).itm            7.8667  2.1333          
    UNET_IP::conv2d:run_conv/reg(LOOP_Y:acc#14.itm.1)#1                                        LOOP_Y:mux#5.itm                                           7.0600  2.9400          
    UNET_IP::conv2d:run_conv/reg(LOOP_Y:mul#5.itm.2)                                           LOOP_Y:LOOP_Y:slc(LOOP_Y:mux1h#18.sdt)(10-7).itm           9.3400  0.6600          
    UNET_IP::conv2d:run_conv/reg(LOOP_Y:mul#5.itm.2)#1                                         LOOP_Y:LOOP_Y:mux1h.itm                                    7.2200  2.7800          
    UNET_IP::conv2d:run_conv/reg(i.sva(6:1))                                                   i:i:i:and.itm                                              7.2414  2.7586          
    UNET_IP::conv2d:run_conv/reg(i.sva(0))                                                     i:i:mux#1.itm                                              7.8400  2.1600          
    UNET_IP::conv2d:run_conv/reg(temp.lpi#7.dfm)                                               temp:temp:mux.itm                                          2.2936  7.7064          
    UNET_IP::conv2d:run_conv/reg(temp)                                                         temp:temp:and.itm                                          1.6636  8.3364          
    UNET_IP::conv2d:run_conv/reg(LOOP_Y:read_rom(UNET_IP::filters_pretrain.rom#3_map_1).itm.1) LOOP_Y:read_rom(UNET_IP::filters_pretrain.rom#3_map_1).itm 2.6980  7.3020          
    UNET_IP::conv2d:run_conv/reg(exit:LOOP_Y.sva.3)                                            exit:LOOP_Y.sva.st.2                                       8.5500  1.4500          
    UNET_IP::conv2d:run_conv/reg(exit:LOOP_Y.sva.st.2)                                         exit:LOOP_Y.sva.st.1                                       8.7100  1.2900          
    UNET_IP::conv2d:run_conv/reg(exit:LOOP_Y.sva.st.1)                                         LOOP_Y:slc(z.out#4)(3)#2.itm                               6.4125  3.5875          
    UNET_IP::conv2d:run_conv/reg(j.sva(6:1))                                                   i:i:i:and#1.itm                                            8.7100  1.2900          
    UNET_IP::conv2d:run_conv/reg(j.sva(0))                                                     i:i:mux#3.itm                                              9.1800  0.8200          
    UNET_IP::conv2d:run_conv/reg(x)                                                            x:x:mux.itm                                                7.7900  2.2100          
    UNET_IP::conv2d:run_conv/reg(y)                                                            x:mux.itm                                                  7.7900  2.2100          
    UNET_IP::conv2d:run_conv/reg(LOOP_Y:acc#15.itm.1)                                          LOOP_Y:acc#15.itm                                          2.1130  7.8870          
    UNET_IP::conv2d:run_conv/reg(LOOP_Y:mul#2.itm.1)                                           z.out#7                                                    2.9561  7.0439          
    UNET_IP::conv2d:run_conv/reg(LOOP_Y:mul#1.itm.1)                                           for:for:for:mul#1.itm.1:mx0w0                              4.4152  5.5848          
    UNET_IP::conv2d:run_conv/reg(LOOP_Y:asn#12.itm.1)                                          y.sva                                                      6.3700  3.6300          
    UNET_IP::conv2d:run_conv/reg(LOOP_Y:mul#5.itm.1)                                           LOOP_Y:slc(z.out#6)(10-0).itm                              3.7734  6.2266          
    UNET_IP::conv2d:run_conv/reg(LOOP_WIDTH:mul#2)                                             z.out                                                      1.3124  8.6876          
    UNET_IP::conv2d                                                                            input:rsc.radr                                             1.5834  8.4166          
    UNET_IP::conv2d                                                                            input:rsc.re                                               8.2100  1.7900          
    UNET_IP::conv2d                                                                            input:rsc.clken                                            9.5000  0.5000          
    UNET_IP::conv2d                                                                            input.triosy.lz                                            9.3400  0.6600          
    UNET_IP::conv2d                                                                            padded_input:rsc.wadr                                      2.1421  7.8579          
    UNET_IP::conv2d                                                                            padded_input:rsc.d                                         8.8400  1.1600          
    UNET_IP::conv2d                                                                            padded_input:rsc.we                                        8.2100  1.7900          
    UNET_IP::conv2d                                                                            padded_input:rsc.radr                                      2.1421  7.8579          
    UNET_IP::conv2d                                                                            padded_input:rsc.re                                        8.2100  1.7900          
    UNET_IP::conv2d                                                                            padded_input:rsc.clken                                     9.5000  0.5000          
    UNET_IP::conv2d                                                                            padded_input.triosy.lz                                     9.3400  0.6600          
    UNET_IP::conv2d                                                                            output:rsc.wadr                                            1.5834  8.4166          
    UNET_IP::conv2d                                                                            output:rsc.d                                               8.8400  1.1600          
    UNET_IP::conv2d                                                                            output:rsc.we                                              9.5000  0.5000          
    UNET_IP::conv2d                                                                            output:rsc.clken                                           9.5000  0.5000          
    UNET_IP::conv2d                                                                            output.triosy.lz                                           9.3400  0.6600          
    
Operator Bitwidth Summary
  Operation Size (bits) Count 
  --------- ----------- -----
  add                         
  -                   9     4 
  -                   8    14 
  -                   7     6 
  -                   6     1 
  -                   4     2 
  -                   3     2 
  -                  19     2 
  -                  16     3 
  -                  15     4 
  -                  14     1 
  -                  12     2 
  and                         
  -                   8     2 
  -                   7     2 
  -                   6     2 
  -                   5     1 
  -                   2     1 
  -                  12     1 
  -                   1    12 
  mul                         
  -                   5     1 
  -                  18     1 
  -                  16     2 
  -                  15     3 
  -                  14     2 
  mux                         
  -                   9     1 
  -                   8     6 
  -                   7     6 
  -                   5     1 
  -                   4     1 
  -                   3     3 
  -                   2     1 
  -                  12     2 
  -                   1     9 
  mux1h                       
  -                   7     3 
  -                   5     1 
  nor                         
  -                   1     8 
  not                         
  -                   7    10 
  -                   3     2 
  -                   1    34 
  or                          
  -                   1    14 
  read_rom                    
  -                   5     1 
  read_sync                   
  -                   0     3 
  reg                         
  -                   8     2 
  -                   7     6 
  -                   6     3 
  -                   5     2 
  -                   4     2 
  -                   3     3 
  -                   2     2 
  -                  16     1 
  -                  15     2 
  -                  14     2 
  -                  12     2 
  -                  11     2 
  -                   1    12 
  
End of Report
