#-----------------------------------------------------------
# Vivado v2023.2 (64-bit)
# SW Build 4029153 on Fri Oct 13 20:13:54 MDT 2023
# IP Build 4028589 on Sat Oct 14 00:45:43 MDT 2023
# SharedData Build 4025554 on Tue Oct 10 17:18:54 MDT 2023
# Start of session at: Sat Jun 15 17:15:14 2024
# Process ID: 1049093
# Current directory: /home/ricky/asoc/final_project/fsic_fpga/vivado/vitis_prj/hls_userdma/hls_userdma/solution1/impl/ip
# Command line: vivado -notrace -mode batch -source run_ippack.tcl
# Log file: /home/ricky/asoc/final_project/fsic_fpga/vivado/vitis_prj/hls_userdma/hls_userdma/solution1/impl/ip/vivado.log
# Journal file: /home/ricky/asoc/final_project/fsic_fpga/vivado/vitis_prj/hls_userdma/hls_userdma/solution1/impl/ip/vivado.jou
# Running On: ricky-lab, OS: Linux, CPU Frequency: 4600.464 MHz, CPU Physical cores: 14, Host memory: 33393 MB
#-----------------------------------------------------------
INFO: [Common 17-1460] Use of init.tcl in /home/ricky/.Xilinx/Vivado/init.tcl is deprecated. Please use Vivado_init.tcl 
Sourcing tcl script '/home/ricky/.Xilinx/Vivado/init.tcl'
source run_ippack.tcl -notrace
INFO: [IP_Flow 19-234] Refreshing IP repositories
INFO: [IP_Flow 19-1704] No user IP repositories specified
INFO: [IP_Flow 19-2313] Loaded Vivado IP repository '/tools/Xilinx/Vivado/2023.2/data/ip'.
INFO: [Common 17-206] Exiting Vivado at Sat Jun 15 17:15:20 2024...
