-- Catapult Ultra Synthesis: Report                                              
-- ------------------------- ---------------------------------------------------
-- Version:                  2023.1/1033555 Production Release                   
-- Build Date:               Mon Feb 13 11:32:25 PST 2023                        
                                                                                 
-- Generated by:             m111061545@ws41                                     
-- Generated date:           Mon Feb 26 23:42:40 CST 2024                        

Solution Settings: EdgeDetect_IP::EdgeDetect_HorDer.v1
  Current state: extract
  Project: Catapult

Design Input Files Specified
  $PROJECT_HOME/../hls_c/inc/EdgeDetect.h
    $PROJECT_HOME/../hls_c/inc/EdgeDetect_defs.h
      $MGC_HOME/shared/include/ac_int.h
      $MGC_HOME/shared/include/ac_fixed.h
      $MGC_HOME/shared/include/ac_channel.h
      $MGC_HOME/shared/include/ac_math/ac_sqrt_pwl.h
        $MGC_HOME/shared/include/ac_float.h
        $MGC_HOME/shared/include/ac_complex.h
        $MGC_HOME/shared/include/ac_math/ac_shift.h
        $MGC_HOME/shared/include/ac_math/ac_normalize.h
      $MGC_HOME/shared/include/ac_math/ac_atan2_cordic.h
    $PROJECT_HOME/../hls_c/inc/EdgeDetect_VerDer.h
      $MGC_HOME/shared/include/mc_scverify.h
    $PROJECT_HOME/../hls_c/inc/EdgeDetect_HorDer.h
      $MGC_HOME/shared/include/mc_scverify.h
    $PROJECT_HOME/../hls_c/inc/EdgeDetect_MagAng.h
      $MGC_HOME/shared/include/mc_scverify.h
  $PROJECT_HOME/../hls_c/src/EdgeDetect_tb.cpp
  $PROJECT_HOME/../bmpUtil/src/bmp_io.cpp

Processes/Blocks in Design
  Process                               Real Operation(s) count Latency Throughput Reset Length II Comments 
  ------------------------------------- ----------------------- ------- ---------- ------------ -- --------
  /EdgeDetect_IP::EdgeDetect_HorDer/run                      17       2          6            0  0        ? 
  Design Total:                                              17       2          6            0  0          
  
Bill Of Materials (Datapath)
  Component Name                 Area Score Area(Combinational) AreaSeq Delay Post Alloc Post Assign 
  ------------------------------ ---------- ------------------- ------- ----- ---------- -----------
  [Lib: VIRTUAL]                                                                                     
  HCOL:equal                         22.477               0.000   0.000 0.293          1           0 
  HROW:equal                         20.482               0.000   0.000 0.290          1           0 
  [Lib: ccs_ioport]                                                                                  
  ccs_in_wait_coupled(1,8)            0.000               0.000   0.000 0.000          1           1 
  ccs_out_wait(4,9)                   0.000               0.000   0.000 0.000          1           1 
  [Lib: nangate-45nm_beh]                                                                            
  mgc_add(10,0,2,1,10,7)             45.747               0.000   0.000 0.807          2           1 
  mgc_add(11,0,1,0,11,7)             30.856               0.000   0.000 0.486          0           1 
  mgc_add(11,0,2,1,11,7)             50.178               0.000   0.000 0.879          1           0 
  mgc_add(9,0,8,0,9,7)               36.708               0.000   0.000 0.664          1           1 
  mgc_add_msb(12,0,11,0,12,6)        27.268               0.000   0.000 0.288          1           1 
  mgc_and(1,2,4)                      1.064               0.000   0.000 0.077          0          12 
  mgc_and(1,3,4)                      1.330               0.000   0.000 0.084          0           4 
  mgc_and(1,4,4)                      1.596               0.000   0.000 0.090          0           3 
  mgc_and(10,2,4)                    10.640              11.128   0.000 0.077          0           1 
  mgc_and(11,2,4)                    11.704              12.630   0.000 0.077          0           1 
  mgc_and(8,2,4)                      8.512               8.200   0.000 0.077          0           1 
  mgc_equal(11,4)                    22.743              22.505   0.000 0.302          0           1 
  mgc_equal(12,4)                    24.738              25.101   0.000 0.306          0           1 
  mgc_mux(1,1,2,5)                    1.862               0.000   0.000 0.085          0           2 
  mgc_mux(11,1,2,5)                  23.142              24.120   0.000 0.132          1           2 
  mgc_mux(8,1,2,1)                   25.536              45.010   0.000 0.114          0           2 
  mgc_mux(8,1,2,2)                   25.536              35.852   0.000 0.113          2           1 
  mgc_nand(1,2,4)                     0.798               0.000   0.000 0.061          0           2 
  mgc_nand(1,4,4)                     1.330               0.075   0.000 0.069          0           1 
  mgc_nor(1,10,4)                     4.522               4.978   0.000 0.154          0           2 
  mgc_nor(1,11,4)                     4.921               5.762   0.000 0.157          0           1 
  mgc_nor(1,2,2)                      0.798               0.000   0.000 0.097          0           7 
  mgc_nor(1,3,4)                      1.064               0.000   0.000 0.132          0           3 
  mgc_not(1,1)                        0.532               0.532   0.000 0.039          0          10 
  mgc_not(11,1)                       5.852               7.625   0.000 0.039          0           1 
  mgc_not(8,1)                        4.256               4.256   0.000 0.039          0           1 
  mgc_or(1,11,4)                      4.655               4.930   0.000 0.138          0           2 
  mgc_or(1,2,2)                       1.064               0.616   0.000 0.078          0           5 
  mgc_or(1,3,4)                       1.330               0.000   0.000 0.115          0           2 
  mgc_reg_pos(1,1,0,1,1,0,0,1)        7.182               1.862   5.320 0.122          0           1 
  mgc_reg_pos(1,1,0,1,1,1,1,1)        7.182               1.862   5.320 0.122          0           6 
  mgc_reg_pos(10,0,0,0,0,1,1,1)      45.220               0.000  45.220 0.106          0           1 
  mgc_reg_pos(11,1,0,1,1,1,1,1)      79.002              20.482  58.520 0.122          0           2 
  mgc_reg_pos(8,0,0,0,0,1,1,1)       36.176               0.000  36.176 0.106          0           3 
  mgc_reg_pos(9,0,0,0,0,1,1,1)       40.698               0.000  40.698 0.106          0           1 
                                                                                                     
  TOTAL AREA (After Assignment):    829.519             354.000 349.000                              
  
Area Scores
                    Post-Scheduling  Post-DP & FSM Post-Assignment 
  ----------------- --------------- -------------- ---------------
  Total Area Score:    643.9         1026.2           853.1        
  Total Reg:           321.1  (50%)   423.7  (41%)    423.7  (50%) 
                                                                   
  DataPath:            643.9 (100%)  1003.2  (98%)    829.5  (97%) 
    MUX:                74.2  (12%)   245.8  (25%)    126.6  (15%) 
    FUNC:              248.6  (39%)   253.1  (25%)    188.1  (23%) 
    LOGIC:               0.0          101.5  (10%)    112.1  (14%) 
    BUFFER:              0.0            0.0             0.0        
    MEM:                 0.0            0.0             0.0        
    ROM:                 0.0            0.0             0.0        
    REG:               321.1  (50%)   402.7  (40%)    402.7  (49%) 
                                                                   
  
  FSM:                   0.0           23.0   (2%)     23.5   (3%) 
    FSM-REG:             0.0           21.0  (91%)     21.0  (89%) 
    FSM-COMB:            0.0            2.0   (9%)      2.5  (11%) 
                                                                   
  
  
  (MUX = multiplexers; FUNC = datapath logic (e.g. add/mult); LOGIC = control logic)

Register-to-Variable Mappings
  Register                        Size(bits) Gated Register CG Opt Done Variables                                             
  ------------------------------- ---------- -------------- ----------- -----------------------------------------------------
  HCOL:asn#1.itm.1                        11         Y                  HCOL:asn#1.itm.1                                      
  HCOL:x.sva                              11         Y           Y      HCOL:x.sva                                            
  HROW:y.sva                              10         Y           Y      HROW:y.sva                                            
  dx:rsci.idat                             9         Y           Y      dx:rsci.idat                                          
  pix0.lpi#3                               8         Y           Y      pix0.lpi#3                                            
                                                                        pix0.lpi#3.dfm#1                                      
  pix_buf0.lpi#3                           8         Y           Y      pix_buf0.lpi#3                                        
  pix_buf1.lpi#3                           8         Y           Y      pix_buf1.lpi#3                                        
  HCOL.stage_0.1                           1         Y                  HCOL.stage_0.1                                        
  HCOL.stage_0.2                           1         Y                  HCOL.stage_0.2                                        
  HCOL:if:slc(HCOL:acc)(11).svs.1          1         Y           Y      HCOL:if:slc(HCOL:acc)(11).svs.1                       
  HCOL:nor#1.itm.1                         1         Y           Y      HCOL:nor#1.itm.1                                      
  dx:rsci.bcwt                             1                            dx:rsci.bcwt                                          
  reg(dat_in:rsci.oswt).cse                1         Y                  reg(dat_in:rsci.oswt).cse                             
  reg(dx:rsci.oswt).cse                    1         Y                  reg(dx:rsci.oswt).cse                                 
                                                                                                                              
  Total:                                  72             71          56 (Total Gating Ratio: 0.99, CG Opt Gating Ratio: 0.78) 
  
Timing Report
  Critical Path
    Max Delay:  1.326554
    Slack:      8.673446
    
    Path                                                                                        Startpoint                                       Endpoint                                                   Delay  Slack  
    ------------------------------------------------------------------------------------------- ------------------------------------------------ ---------------------------------------------------------- ------ ------
    1                                                                                           EdgeDetect_IP::EdgeDetect_HorDer:run/reg(HCOL:x) EdgeDetect_IP::EdgeDetect_HorDer:run/reg(dx:rsci.idat)     1.3266 8.6734 
                                                                                                                                                                                                                          
      Instance                                                                                  Component                                                                                                   Delta  Delay  
      --------                                                                                  ---------                                                                                                   -----  -----  
      EdgeDetect_IP::EdgeDetect_HorDer:run/reg(HCOL:x)                                          mgc_reg_pos_11_1_0_1_1_1_1_1                                                                                0.1060 0.1060 
      EdgeDetect_IP::EdgeDetect_HorDer:run/HCOL:x.sva                                                                                                                                                       0.0000 0.1060 
      EdgeDetect_IP::EdgeDetect_HorDer:run/HCOL:equal                                           mgc_equal_12_4                                                                                              0.3060 0.4120 
      EdgeDetect_IP::EdgeDetect_HorDer:run/HCOL:equal.tmp                                                                                                                                                   0.0000 0.4120 
      EdgeDetect_IP::EdgeDetect_HorDer:run/nor#5                                                mgc_nor_1_2_2                                                                                               0.0971 0.5090 
      EdgeDetect_IP::EdgeDetect_HorDer:run/and.dcpl#17                                                                                                                                                      0.0000 0.5090 
      EdgeDetect_IP::EdgeDetect_HorDer:run/pix0:mux                                             mgc_mux_8_1_2_1                                                                                             0.1141 0.6231 
      EdgeDetect_IP::EdgeDetect_HorDer:run/pix0:mux.itm                                                                                                                                                     0.0000 0.6231 
      EdgeDetect_IP::EdgeDetect_HorDer:run/pix0:not                                             mgc_not_8_1                                                                                                 0.0390 0.6621 
      EdgeDetect_IP::EdgeDetect_HorDer:run/pix0:not.itm                                                                                                                                                     0.0000 0.6621 
      EdgeDetect_IP::EdgeDetect_HorDer:run/operator*<8,false>#2:acc                             mgc_addc_9_0_8_0_9_7                                                                                        0.6644 1.3266 
      EdgeDetect_IP::EdgeDetect_HorDer:run/operator*<8,false>#2:acc.itm                                                                                                                                     0.0000 1.3266 
      EdgeDetect_IP::EdgeDetect_HorDer:run/reg(dx:rsci.idat)                                    mgc_reg_pos_9_0_0_0_0_1_1_1                                                                                 0.0000 1.3266 
                                                                                                                                                                                                                          
    2                                                                                           EdgeDetect_IP::EdgeDetect_HorDer:run/reg(HROW:y) EdgeDetect_IP::EdgeDetect_HorDer:run/reg(dat_in:rsci.oswt) 1.3118 8.6882 
                                                                                                                                                                                                                          
      Instance                                                                                  Component                                                                                                   Delta  Delay  
      --------                                                                                  ---------                                                                                                   -----  -----  
      EdgeDetect_IP::EdgeDetect_HorDer:run/reg(HROW:y)                                          mgc_reg_pos_10_0_0_0_0_1_1_1                                                                                0.1060 0.1060 
      EdgeDetect_IP::EdgeDetect_HorDer:run/HROW:y.sva                                                                                                                                                       0.0000 0.1060 
      EdgeDetect_IP::EdgeDetect_HorDer:run/conc                                                                                                                                                             0.0000 0.1060 
      EdgeDetect_IP::EdgeDetect_HorDer:run/conc.itm                                                                                                                                                         0.0000 0.1060 
      EdgeDetect_IP::EdgeDetect_HorDer:run/HROW:mux                                             mgc_mux_11_1_2_5                                                                                            0.1320 0.2380 
      EdgeDetect_IP::EdgeDetect_HorDer:run/HROW:mux.itm                                                                                                                                                     0.0000 0.2380 
      EdgeDetect_IP::EdgeDetect_HorDer:run/HCOL:acc#3:rg                                        mgc_addc_11_0_1_0_11_7                                                                                      0.4861 0.7241 
      EdgeDetect_IP::EdgeDetect_HorDer:run/z.out                                                                                                                                                            0.0000 0.7241 
      EdgeDetect_IP::EdgeDetect_HorDer:run/HCOL:x:mux#2                                         mgc_mux_11_1_2_5                                                                                            0.1320 0.8561 
      EdgeDetect_IP::EdgeDetect_HorDer:run/HCOL:x:mux#2.cse                                                                                                                                                 0.0000 0.8561 
      EdgeDetect_IP::EdgeDetect_HorDer:run/HCOL:x:not                                           mgc_not_11_1                                                                                                0.0390 0.8951 
      EdgeDetect_IP::EdgeDetect_HorDer:run/HCOL:x:not.itm                                                                                                                                                   0.0000 0.8951 
      EdgeDetect_IP::EdgeDetect_HorDer:run/operator-<11,false>:acc                              mgc_add_msb_12_0_11_0_12_6                                                                                  0.2878 1.1829 
      EdgeDetect_IP::EdgeDetect_HorDer:run/operator-<11,false>:acc.itm                                                                                                                                      0.0000 1.1829 
      EdgeDetect_IP::EdgeDetect_HorDer:run/operator-<11,false>:slc(operator-<11,false>:acc)(11)                                                                                                             0.0000 1.1829 
      EdgeDetect_IP::EdgeDetect_HorDer:run/operator-<11,false>:acc.itm(11)                                                                                                                                  0.0000 1.1829 
      EdgeDetect_IP::EdgeDetect_HorDer:run/not#24                                               mgc_not_1_1                                                                                                 0.0390 1.2219 
      EdgeDetect_IP::EdgeDetect_HorDer:run/not#24.itm                                                                                                                                                       0.0000 1.2219 
      EdgeDetect_IP::EdgeDetect_HorDer:run/and#48                                               mgc_and_1_4_4                                                                                               0.0899 1.3118 
      EdgeDetect_IP::EdgeDetect_HorDer:run/and#48.itm                                                                                                                                                       0.0000 1.3118 
      EdgeDetect_IP::EdgeDetect_HorDer:run/reg(dat_in:rsci.oswt)                                mgc_reg_pos_1_1_0_1_1_1_1_1                                                                                 0.0000 1.3118 
                                                                                                                                                                                                                          
    3                                                                                           EdgeDetect_IP::EdgeDetect_HorDer:run/reg(HCOL:x) EdgeDetect_IP::EdgeDetect_HorDer:run/reg(dat_in:rsci.oswt) 1.3118 8.6882 
                                                                                                                                                                                                                          
      Instance                                                                                  Component                                                                                                   Delta  Delay  
      --------                                                                                  ---------                                                                                                   -----  -----  
      EdgeDetect_IP::EdgeDetect_HorDer:run/reg(HCOL:x)                                          mgc_reg_pos_11_1_0_1_1_1_1_1                                                                                0.1060 0.1060 
      EdgeDetect_IP::EdgeDetect_HorDer:run/HCOL:x.sva                                                                                                                                                       0.0000 0.1060 
      EdgeDetect_IP::EdgeDetect_HorDer:run/HROW:mux                                             mgc_mux_11_1_2_5                                                                                            0.1320 0.2380 
      EdgeDetect_IP::EdgeDetect_HorDer:run/HROW:mux.itm                                                                                                                                                     0.0000 0.2380 
      EdgeDetect_IP::EdgeDetect_HorDer:run/HCOL:acc#3:rg                                        mgc_addc_11_0_1_0_11_7                                                                                      0.4861 0.7241 
      EdgeDetect_IP::EdgeDetect_HorDer:run/z.out                                                                                                                                                            0.0000 0.7241 
      EdgeDetect_IP::EdgeDetect_HorDer:run/HCOL:x:mux#2                                         mgc_mux_11_1_2_5                                                                                            0.1320 0.8561 
      EdgeDetect_IP::EdgeDetect_HorDer:run/HCOL:x:mux#2.cse                                                                                                                                                 0.0000 0.8561 
      EdgeDetect_IP::EdgeDetect_HorDer:run/HCOL:x:not                                           mgc_not_11_1                                                                                                0.0390 0.8951 
      EdgeDetect_IP::EdgeDetect_HorDer:run/HCOL:x:not.itm                                                                                                                                                   0.0000 0.8951 
      EdgeDetect_IP::EdgeDetect_HorDer:run/operator-<11,false>:acc                              mgc_add_msb_12_0_11_0_12_6                                                                                  0.2878 1.1829 
      EdgeDetect_IP::EdgeDetect_HorDer:run/operator-<11,false>:acc.itm                                                                                                                                      0.0000 1.1829 
      EdgeDetect_IP::EdgeDetect_HorDer:run/operator-<11,false>:slc(operator-<11,false>:acc)(11)                                                                                                             0.0000 1.1829 
      EdgeDetect_IP::EdgeDetect_HorDer:run/operator-<11,false>:acc.itm(11)                                                                                                                                  0.0000 1.1829 
      EdgeDetect_IP::EdgeDetect_HorDer:run/not#24                                               mgc_not_1_1                                                                                                 0.0390 1.2219 
      EdgeDetect_IP::EdgeDetect_HorDer:run/not#24.itm                                                                                                                                                       0.0000 1.2219 
      EdgeDetect_IP::EdgeDetect_HorDer:run/and#48                                               mgc_and_1_4_4                                                                                               0.0899 1.3118 
      EdgeDetect_IP::EdgeDetect_HorDer:run/and#48.itm                                                                                                                                                       0.0000 1.3118 
      EdgeDetect_IP::EdgeDetect_HorDer:run/reg(dat_in:rsci.oswt)                                mgc_reg_pos_1_1_0_1_1_1_1_1                                                                                 0.0000 1.3118 
                                                                                                                                                                                                                          
    4                                                                                           EdgeDetect_IP::EdgeDetect_HorDer:run/reg(HROW:y) EdgeDetect_IP::EdgeDetect_HorDer:run/reg(pix_buf1)         1.2822 8.7178 
                                                                                                                                                                                                                          
      Instance                                                                                  Component                                                                                                   Delta  Delay  
      --------                                                                                  ---------                                                                                                   -----  -----  
      EdgeDetect_IP::EdgeDetect_HorDer:run/reg(HROW:y)                                          mgc_reg_pos_10_0_0_0_0_1_1_1                                                                                0.1060 0.1060 
      EdgeDetect_IP::EdgeDetect_HorDer:run/HROW:y.sva                                                                                                                                                       0.0000 0.1060 
      EdgeDetect_IP::EdgeDetect_HorDer:run/conc                                                                                                                                                             0.0000 0.1060 
      EdgeDetect_IP::EdgeDetect_HorDer:run/conc.itm                                                                                                                                                         0.0000 0.1060 
      EdgeDetect_IP::EdgeDetect_HorDer:run/HROW:mux                                             mgc_mux_11_1_2_5                                                                                            0.1320 0.2380 
      EdgeDetect_IP::EdgeDetect_HorDer:run/HROW:mux.itm                                                                                                                                                     0.0000 0.2380 
      EdgeDetect_IP::EdgeDetect_HorDer:run/HCOL:acc#3:rg                                        mgc_addc_11_0_1_0_11_7                                                                                      0.4861 0.7241 
      EdgeDetect_IP::EdgeDetect_HorDer:run/z.out                                                                                                                                                            0.0000 0.7241 
      EdgeDetect_IP::EdgeDetect_HorDer:run/HCOL:x:mux#2                                         mgc_mux_11_1_2_5                                                                                            0.1320 0.8561 
      EdgeDetect_IP::EdgeDetect_HorDer:run/HCOL:x:mux#2.cse                                                                                                                                                 0.0000 0.8561 
      EdgeDetect_IP::EdgeDetect_HorDer:run/HCOL:x:slc(HCOL:x.sva:mx1)(10)                                                                                                                                   0.0000 0.8561 
      EdgeDetect_IP::EdgeDetect_HorDer:run/HCOL:x:slc(HCOL:x.sva:mx1)(10).itm                                                                                                                               0.0000 0.8561 
      EdgeDetect_IP::EdgeDetect_HorDer:run/HCOL:nor#1                                           mgc_nor_1_10_4                                                                                              0.1538 1.0098 
      EdgeDetect_IP::EdgeDetect_HorDer:run/HCOL:nor#1.tmp                                                                                                                                                   0.0000 1.0098 
      EdgeDetect_IP::EdgeDetect_HorDer:run/mux#2                                                mgc_mux_1_1_2_5                                                                                             0.0854 1.0952 
      EdgeDetect_IP::EdgeDetect_HorDer:run/mux#2.itm                                                                                                                                                        0.0000 1.0952 
      EdgeDetect_IP::EdgeDetect_HorDer:run/nor                                                  mgc_nor_1_2_2                                                                                               0.0971 1.1923 
      EdgeDetect_IP::EdgeDetect_HorDer:run/nor.itm                                                                                                                                                          0.0000 1.1923 
      EdgeDetect_IP::EdgeDetect_HorDer:run/pix_buf1:and                                         mgc_and_1_4_4                                                                                               0.0899 1.2822 
      EdgeDetect_IP::EdgeDetect_HorDer:run/pix_buf1:and.itm                                                                                                                                                 0.0000 1.2822 
      EdgeDetect_IP::EdgeDetect_HorDer:run/reg(pix_buf1)                                        mgc_reg_pos_8_0_0_0_0_1_1_1                                                                                 0.0000 1.2822 
                                                                                                                                                                                                                          
    5                                                                                           EdgeDetect_IP::EdgeDetect_HorDer:run/reg(HROW:y) EdgeDetect_IP::EdgeDetect_HorDer:run/reg(pix_buf1)         1.2822 8.7178 
                                                                                                                                                                                                                          
      Instance                                                                                  Component                                                                                                   Delta  Delay  
      --------                                                                                  ---------                                                                                                   -----  -----  
      EdgeDetect_IP::EdgeDetect_HorDer:run/reg(HROW:y)                                          mgc_reg_pos_10_0_0_0_0_1_1_1                                                                                0.1060 0.1060 
      EdgeDetect_IP::EdgeDetect_HorDer:run/HROW:y.sva                                                                                                                                                       0.0000 0.1060 
      EdgeDetect_IP::EdgeDetect_HorDer:run/conc                                                                                                                                                             0.0000 0.1060 
      EdgeDetect_IP::EdgeDetect_HorDer:run/conc.itm                                                                                                                                                         0.0000 0.1060 
      EdgeDetect_IP::EdgeDetect_HorDer:run/HROW:mux                                             mgc_mux_11_1_2_5                                                                                            0.1320 0.2380 
      EdgeDetect_IP::EdgeDetect_HorDer:run/HROW:mux.itm                                                                                                                                                     0.0000 0.2380 
      EdgeDetect_IP::EdgeDetect_HorDer:run/HCOL:acc#3:rg                                        mgc_addc_11_0_1_0_11_7                                                                                      0.4861 0.7241 
      EdgeDetect_IP::EdgeDetect_HorDer:run/z.out                                                                                                                                                            0.0000 0.7241 
      EdgeDetect_IP::EdgeDetect_HorDer:run/HCOL:x:mux#2                                         mgc_mux_11_1_2_5                                                                                            0.1320 0.8561 
      EdgeDetect_IP::EdgeDetect_HorDer:run/HCOL:x:mux#2.cse                                                                                                                                                 0.0000 0.8561 
      EdgeDetect_IP::EdgeDetect_HorDer:run/HCOL:x:slc(HCOL:x.sva:mx1)(1)                                                                                                                                    0.0000 0.8561 
      EdgeDetect_IP::EdgeDetect_HorDer:run/HCOL:x:slc(HCOL:x.sva:mx1)(1).itm                                                                                                                                0.0000 0.8561 
      EdgeDetect_IP::EdgeDetect_HorDer:run/HCOL:nor#1                                           mgc_nor_1_10_4                                                                                              0.1538 1.0098 
      EdgeDetect_IP::EdgeDetect_HorDer:run/HCOL:nor#1.tmp                                                                                                                                                   0.0000 1.0098 
      EdgeDetect_IP::EdgeDetect_HorDer:run/mux#2                                                mgc_mux_1_1_2_5                                                                                             0.0854 1.0952 
      EdgeDetect_IP::EdgeDetect_HorDer:run/mux#2.itm                                                                                                                                                        0.0000 1.0952 
      EdgeDetect_IP::EdgeDetect_HorDer:run/nor                                                  mgc_nor_1_2_2                                                                                               0.0971 1.1923 
      EdgeDetect_IP::EdgeDetect_HorDer:run/nor.itm                                                                                                                                                          0.0000 1.1923 
      EdgeDetect_IP::EdgeDetect_HorDer:run/pix_buf1:and                                         mgc_and_1_4_4                                                                                               0.0899 1.2822 
      EdgeDetect_IP::EdgeDetect_HorDer:run/pix_buf1:and.itm                                                                                                                                                 0.0000 1.2822 
      EdgeDetect_IP::EdgeDetect_HorDer:run/reg(pix_buf1)                                        mgc_reg_pos_8_0_0_0_0_1_1_1                                                                                 0.0000 1.2822 
                                                                                                                                                                                                                          
    6                                                                                           EdgeDetect_IP::EdgeDetect_HorDer:run/reg(HROW:y) EdgeDetect_IP::EdgeDetect_HorDer:run/reg(pix_buf1)         1.2822 8.7178 
                                                                                                                                                                                                                          
      Instance                                                                                  Component                                                                                                   Delta  Delay  
      --------                                                                                  ---------                                                                                                   -----  -----  
      EdgeDetect_IP::EdgeDetect_HorDer:run/reg(HROW:y)                                          mgc_reg_pos_10_0_0_0_0_1_1_1                                                                                0.1060 0.1060 
      EdgeDetect_IP::EdgeDetect_HorDer:run/HROW:y.sva                                                                                                                                                       0.0000 0.1060 
      EdgeDetect_IP::EdgeDetect_HorDer:run/conc                                                                                                                                                             0.0000 0.1060 
      EdgeDetect_IP::EdgeDetect_HorDer:run/conc.itm                                                                                                                                                         0.0000 0.1060 
      EdgeDetect_IP::EdgeDetect_HorDer:run/HROW:mux                                             mgc_mux_11_1_2_5                                                                                            0.1320 0.2380 
      EdgeDetect_IP::EdgeDetect_HorDer:run/HROW:mux.itm                                                                                                                                                     0.0000 0.2380 
      EdgeDetect_IP::EdgeDetect_HorDer:run/HCOL:acc#3:rg                                        mgc_addc_11_0_1_0_11_7                                                                                      0.4861 0.7241 
      EdgeDetect_IP::EdgeDetect_HorDer:run/z.out                                                                                                                                                            0.0000 0.7241 
      EdgeDetect_IP::EdgeDetect_HorDer:run/HCOL:x:mux#2                                         mgc_mux_11_1_2_5                                                                                            0.1320 0.8561 
      EdgeDetect_IP::EdgeDetect_HorDer:run/HCOL:x:mux#2.cse                                                                                                                                                 0.0000 0.8561 
      EdgeDetect_IP::EdgeDetect_HorDer:run/HCOL:x:slc(HCOL:x.sva:mx1)(3)                                                                                                                                    0.0000 0.8561 
      EdgeDetect_IP::EdgeDetect_HorDer:run/HCOL:x:slc(HCOL:x.sva:mx1)(3).itm                                                                                                                                0.0000 0.8561 
      EdgeDetect_IP::EdgeDetect_HorDer:run/HCOL:nor#1                                           mgc_nor_1_10_4                                                                                              0.1538 1.0098 
      EdgeDetect_IP::EdgeDetect_HorDer:run/HCOL:nor#1.tmp                                                                                                                                                   0.0000 1.0098 
      EdgeDetect_IP::EdgeDetect_HorDer:run/mux#2                                                mgc_mux_1_1_2_5                                                                                             0.0854 1.0952 
      EdgeDetect_IP::EdgeDetect_HorDer:run/mux#2.itm                                                                                                                                                        0.0000 1.0952 
      EdgeDetect_IP::EdgeDetect_HorDer:run/nor                                                  mgc_nor_1_2_2                                                                                               0.0971 1.1923 
      EdgeDetect_IP::EdgeDetect_HorDer:run/nor.itm                                                                                                                                                          0.0000 1.1923 
      EdgeDetect_IP::EdgeDetect_HorDer:run/pix_buf1:and                                         mgc_and_1_4_4                                                                                               0.0899 1.2822 
      EdgeDetect_IP::EdgeDetect_HorDer:run/pix_buf1:and.itm                                                                                                                                                 0.0000 1.2822 
      EdgeDetect_IP::EdgeDetect_HorDer:run/reg(pix_buf1)                                        mgc_reg_pos_8_0_0_0_0_1_1_1                                                                                 0.0000 1.2822 
                                                                                                                                                                                                                          
    7                                                                                           EdgeDetect_IP::EdgeDetect_HorDer:run/reg(HROW:y) EdgeDetect_IP::EdgeDetect_HorDer:run/reg(pix_buf1)         1.2822 8.7178 
                                                                                                                                                                                                                          
      Instance                                                                                  Component                                                                                                   Delta  Delay  
      --------                                                                                  ---------                                                                                                   -----  -----  
      EdgeDetect_IP::EdgeDetect_HorDer:run/reg(HROW:y)                                          mgc_reg_pos_10_0_0_0_0_1_1_1                                                                                0.1060 0.1060 
      EdgeDetect_IP::EdgeDetect_HorDer:run/HROW:y.sva                                                                                                                                                       0.0000 0.1060 
      EdgeDetect_IP::EdgeDetect_HorDer:run/conc                                                                                                                                                             0.0000 0.1060 
      EdgeDetect_IP::EdgeDetect_HorDer:run/conc.itm                                                                                                                                                         0.0000 0.1060 
      EdgeDetect_IP::EdgeDetect_HorDer:run/HROW:mux                                             mgc_mux_11_1_2_5                                                                                            0.1320 0.2380 
      EdgeDetect_IP::EdgeDetect_HorDer:run/HROW:mux.itm                                                                                                                                                     0.0000 0.2380 
      EdgeDetect_IP::EdgeDetect_HorDer:run/HCOL:acc#3:rg                                        mgc_addc_11_0_1_0_11_7                                                                                      0.4861 0.7241 
      EdgeDetect_IP::EdgeDetect_HorDer:run/z.out                                                                                                                                                            0.0000 0.7241 
      EdgeDetect_IP::EdgeDetect_HorDer:run/HCOL:x:mux#2                                         mgc_mux_11_1_2_5                                                                                            0.1320 0.8561 
      EdgeDetect_IP::EdgeDetect_HorDer:run/HCOL:x:mux#2.cse                                                                                                                                                 0.0000 0.8561 
      EdgeDetect_IP::EdgeDetect_HorDer:run/HCOL:x:slc(HCOL:x.sva:mx1)(9)                                                                                                                                    0.0000 0.8561 
      EdgeDetect_IP::EdgeDetect_HorDer:run/HCOL:x:slc(HCOL:x.sva:mx1)(9).itm                                                                                                                                0.0000 0.8561 
      EdgeDetect_IP::EdgeDetect_HorDer:run/HCOL:nor#1                                           mgc_nor_1_10_4                                                                                              0.1538 1.0098 
      EdgeDetect_IP::EdgeDetect_HorDer:run/HCOL:nor#1.tmp                                                                                                                                                   0.0000 1.0098 
      EdgeDetect_IP::EdgeDetect_HorDer:run/mux#2                                                mgc_mux_1_1_2_5                                                                                             0.0854 1.0952 
      EdgeDetect_IP::EdgeDetect_HorDer:run/mux#2.itm                                                                                                                                                        0.0000 1.0952 
      EdgeDetect_IP::EdgeDetect_HorDer:run/nor                                                  mgc_nor_1_2_2                                                                                               0.0971 1.1923 
      EdgeDetect_IP::EdgeDetect_HorDer:run/nor.itm                                                                                                                                                          0.0000 1.1923 
      EdgeDetect_IP::EdgeDetect_HorDer:run/pix_buf1:and                                         mgc_and_1_4_4                                                                                               0.0899 1.2822 
      EdgeDetect_IP::EdgeDetect_HorDer:run/pix_buf1:and.itm                                                                                                                                                 0.0000 1.2822 
      EdgeDetect_IP::EdgeDetect_HorDer:run/reg(pix_buf1)                                        mgc_reg_pos_8_0_0_0_0_1_1_1                                                                                 0.0000 1.2822 
                                                                                                                                                                                                                          
    8                                                                                           EdgeDetect_IP::EdgeDetect_HorDer:run/reg(HROW:y) EdgeDetect_IP::EdgeDetect_HorDer:run/reg(pix_buf1)         1.2822 8.7178 
                                                                                                                                                                                                                          
      Instance                                                                                  Component                                                                                                   Delta  Delay  
      --------                                                                                  ---------                                                                                                   -----  -----  
      EdgeDetect_IP::EdgeDetect_HorDer:run/reg(HROW:y)                                          mgc_reg_pos_10_0_0_0_0_1_1_1                                                                                0.1060 0.1060 
      EdgeDetect_IP::EdgeDetect_HorDer:run/HROW:y.sva                                                                                                                                                       0.0000 0.1060 
      EdgeDetect_IP::EdgeDetect_HorDer:run/conc                                                                                                                                                             0.0000 0.1060 
      EdgeDetect_IP::EdgeDetect_HorDer:run/conc.itm                                                                                                                                                         0.0000 0.1060 
      EdgeDetect_IP::EdgeDetect_HorDer:run/HROW:mux                                             mgc_mux_11_1_2_5                                                                                            0.1320 0.2380 
      EdgeDetect_IP::EdgeDetect_HorDer:run/HROW:mux.itm                                                                                                                                                     0.0000 0.2380 
      EdgeDetect_IP::EdgeDetect_HorDer:run/HCOL:acc#3:rg                                        mgc_addc_11_0_1_0_11_7                                                                                      0.4861 0.7241 
      EdgeDetect_IP::EdgeDetect_HorDer:run/z.out                                                                                                                                                            0.0000 0.7241 
      EdgeDetect_IP::EdgeDetect_HorDer:run/HCOL:x:mux#2                                         mgc_mux_11_1_2_5                                                                                            0.1320 0.8561 
      EdgeDetect_IP::EdgeDetect_HorDer:run/HCOL:x:mux#2.cse                                                                                                                                                 0.0000 0.8561 
      EdgeDetect_IP::EdgeDetect_HorDer:run/HCOL:x:slc(HCOL:x.sva:mx1)(2)                                                                                                                                    0.0000 0.8561 
      EdgeDetect_IP::EdgeDetect_HorDer:run/HCOL:x:slc(HCOL:x.sva:mx1)(2).itm                                                                                                                                0.0000 0.8561 
      EdgeDetect_IP::EdgeDetect_HorDer:run/HCOL:nor#1                                           mgc_nor_1_10_4                                                                                              0.1538 1.0098 
      EdgeDetect_IP::EdgeDetect_HorDer:run/HCOL:nor#1.tmp                                                                                                                                                   0.0000 1.0098 
      EdgeDetect_IP::EdgeDetect_HorDer:run/mux#2                                                mgc_mux_1_1_2_5                                                                                             0.0854 1.0952 
      EdgeDetect_IP::EdgeDetect_HorDer:run/mux#2.itm                                                                                                                                                        0.0000 1.0952 
      EdgeDetect_IP::EdgeDetect_HorDer:run/nor                                                  mgc_nor_1_2_2                                                                                               0.0971 1.1923 
      EdgeDetect_IP::EdgeDetect_HorDer:run/nor.itm                                                                                                                                                          0.0000 1.1923 
      EdgeDetect_IP::EdgeDetect_HorDer:run/pix_buf1:and                                         mgc_and_1_4_4                                                                                               0.0899 1.2822 
      EdgeDetect_IP::EdgeDetect_HorDer:run/pix_buf1:and.itm                                                                                                                                                 0.0000 1.2822 
      EdgeDetect_IP::EdgeDetect_HorDer:run/reg(pix_buf1)                                        mgc_reg_pos_8_0_0_0_0_1_1_1                                                                                 0.0000 1.2822 
                                                                                                                                                                                                                          
    9                                                                                           EdgeDetect_IP::EdgeDetect_HorDer:run/reg(HROW:y) EdgeDetect_IP::EdgeDetect_HorDer:run/reg(pix_buf1)         1.2822 8.7178 
                                                                                                                                                                                                                          
      Instance                                                                                  Component                                                                                                   Delta  Delay  
      --------                                                                                  ---------                                                                                                   -----  -----  
      EdgeDetect_IP::EdgeDetect_HorDer:run/reg(HROW:y)                                          mgc_reg_pos_10_0_0_0_0_1_1_1                                                                                0.1060 0.1060 
      EdgeDetect_IP::EdgeDetect_HorDer:run/HROW:y.sva                                                                                                                                                       0.0000 0.1060 
      EdgeDetect_IP::EdgeDetect_HorDer:run/conc                                                                                                                                                             0.0000 0.1060 
      EdgeDetect_IP::EdgeDetect_HorDer:run/conc.itm                                                                                                                                                         0.0000 0.1060 
      EdgeDetect_IP::EdgeDetect_HorDer:run/HROW:mux                                             mgc_mux_11_1_2_5                                                                                            0.1320 0.2380 
      EdgeDetect_IP::EdgeDetect_HorDer:run/HROW:mux.itm                                                                                                                                                     0.0000 0.2380 
      EdgeDetect_IP::EdgeDetect_HorDer:run/HCOL:acc#3:rg                                        mgc_addc_11_0_1_0_11_7                                                                                      0.4861 0.7241 
      EdgeDetect_IP::EdgeDetect_HorDer:run/z.out                                                                                                                                                            0.0000 0.7241 
      EdgeDetect_IP::EdgeDetect_HorDer:run/HCOL:x:mux#2                                         mgc_mux_11_1_2_5                                                                                            0.1320 0.8561 
      EdgeDetect_IP::EdgeDetect_HorDer:run/HCOL:x:mux#2.cse                                                                                                                                                 0.0000 0.8561 
      EdgeDetect_IP::EdgeDetect_HorDer:run/HCOL:x:slc(HCOL:x.sva:mx1)(5)                                                                                                                                    0.0000 0.8561 
      EdgeDetect_IP::EdgeDetect_HorDer:run/HCOL:x:slc(HCOL:x.sva:mx1)(5).itm                                                                                                                                0.0000 0.8561 
      EdgeDetect_IP::EdgeDetect_HorDer:run/HCOL:nor#1                                           mgc_nor_1_10_4                                                                                              0.1538 1.0098 
      EdgeDetect_IP::EdgeDetect_HorDer:run/HCOL:nor#1.tmp                                                                                                                                                   0.0000 1.0098 
      EdgeDetect_IP::EdgeDetect_HorDer:run/mux#2                                                mgc_mux_1_1_2_5                                                                                             0.0854 1.0952 
      EdgeDetect_IP::EdgeDetect_HorDer:run/mux#2.itm                                                                                                                                                        0.0000 1.0952 
      EdgeDetect_IP::EdgeDetect_HorDer:run/nor                                                  mgc_nor_1_2_2                                                                                               0.0971 1.1923 
      EdgeDetect_IP::EdgeDetect_HorDer:run/nor.itm                                                                                                                                                          0.0000 1.1923 
      EdgeDetect_IP::EdgeDetect_HorDer:run/pix_buf1:and                                         mgc_and_1_4_4                                                                                               0.0899 1.2822 
      EdgeDetect_IP::EdgeDetect_HorDer:run/pix_buf1:and.itm                                                                                                                                                 0.0000 1.2822 
      EdgeDetect_IP::EdgeDetect_HorDer:run/reg(pix_buf1)                                        mgc_reg_pos_8_0_0_0_0_1_1_1                                                                                 0.0000 1.2822 
                                                                                                                                                                                                                          
    10                                                                                          EdgeDetect_IP::EdgeDetect_HorDer:run/reg(HROW:y) EdgeDetect_IP::EdgeDetect_HorDer:run/reg(pix_buf1)         1.2822 8.7178 
                                                                                                                                                                                                                          
      Instance                                                                                  Component                                                                                                   Delta  Delay  
      --------                                                                                  ---------                                                                                                   -----  -----  
      EdgeDetect_IP::EdgeDetect_HorDer:run/reg(HROW:y)                                          mgc_reg_pos_10_0_0_0_0_1_1_1                                                                                0.1060 0.1060 
      EdgeDetect_IP::EdgeDetect_HorDer:run/HROW:y.sva                                                                                                                                                       0.0000 0.1060 
      EdgeDetect_IP::EdgeDetect_HorDer:run/conc                                                                                                                                                             0.0000 0.1060 
      EdgeDetect_IP::EdgeDetect_HorDer:run/conc.itm                                                                                                                                                         0.0000 0.1060 
      EdgeDetect_IP::EdgeDetect_HorDer:run/HROW:mux                                             mgc_mux_11_1_2_5                                                                                            0.1320 0.2380 
      EdgeDetect_IP::EdgeDetect_HorDer:run/HROW:mux.itm                                                                                                                                                     0.0000 0.2380 
      EdgeDetect_IP::EdgeDetect_HorDer:run/HCOL:acc#3:rg                                        mgc_addc_11_0_1_0_11_7                                                                                      0.4861 0.7241 
      EdgeDetect_IP::EdgeDetect_HorDer:run/z.out                                                                                                                                                            0.0000 0.7241 
      EdgeDetect_IP::EdgeDetect_HorDer:run/HCOL:x:mux#2                                         mgc_mux_11_1_2_5                                                                                            0.1320 0.8561 
      EdgeDetect_IP::EdgeDetect_HorDer:run/HCOL:x:mux#2.cse                                                                                                                                                 0.0000 0.8561 
      EdgeDetect_IP::EdgeDetect_HorDer:run/HCOL:x:slc(HCOL:x.sva:mx1)(4)                                                                                                                                    0.0000 0.8561 
      EdgeDetect_IP::EdgeDetect_HorDer:run/HCOL:x:slc(HCOL:x.sva:mx1)(4).itm                                                                                                                                0.0000 0.8561 
      EdgeDetect_IP::EdgeDetect_HorDer:run/HCOL:nor#1                                           mgc_nor_1_10_4                                                                                              0.1538 1.0098 
      EdgeDetect_IP::EdgeDetect_HorDer:run/HCOL:nor#1.tmp                                                                                                                                                   0.0000 1.0098 
      EdgeDetect_IP::EdgeDetect_HorDer:run/mux#2                                                mgc_mux_1_1_2_5                                                                                             0.0854 1.0952 
      EdgeDetect_IP::EdgeDetect_HorDer:run/mux#2.itm                                                                                                                                                        0.0000 1.0952 
      EdgeDetect_IP::EdgeDetect_HorDer:run/nor                                                  mgc_nor_1_2_2                                                                                               0.0971 1.1923 
      EdgeDetect_IP::EdgeDetect_HorDer:run/nor.itm                                                                                                                                                          0.0000 1.1923 
      EdgeDetect_IP::EdgeDetect_HorDer:run/pix_buf1:and                                         mgc_and_1_4_4                                                                                               0.0899 1.2822 
      EdgeDetect_IP::EdgeDetect_HorDer:run/pix_buf1:and.itm                                                                                                                                                 0.0000 1.2822 
      EdgeDetect_IP::EdgeDetect_HorDer:run/reg(pix_buf1)                                        mgc_reg_pos_8_0_0_0_0_1_1_1                                                                                 0.0000 1.2822 
                                                                                                                                                                                                                          
    
  Register Input and Register-to-Output Slack
    Clock period or pin-to-reg delay constraint (clk): 10.0
    Clock uncertainty constraint (clk)               : 0.0
    
    Instance                                                                  Port                             Slack (Delay) Messages 
    ------------------------------------------------------------------------- ------------------------------- ------ ------- --------
    EdgeDetect_IP::EdgeDetect_HorDer:run/reg(dx:rsci.idat)                    operator*<8,false>#2:acc.itm    8.6734  1.3266          
    EdgeDetect_IP::EdgeDetect_HorDer:run/reg(HCOL:x)                          HCOL:x:HCOL:x:and.itm           9.0664  0.9336          
    EdgeDetect_IP::EdgeDetect_HorDer:run/reg(HROW:y)                          HROW:y:HROW:y:and.itm           9.1984  0.8016          
    EdgeDetect_IP::EdgeDetect_HorDer:run/reg(HCOL.stage_0.1)                  HCOL:HCOL:or.itm                9.3720  0.6280          
    EdgeDetect_IP::EdgeDetect_HorDer:run/reg(HCOL:asn#1.itm.1)                HCOL:x:mux#2.cse                8.6882  1.3118          
    EdgeDetect_IP::EdgeDetect_HorDer:run/reg(HCOL.stage_0.2)                  HCOL:HCOL:and#1.itm             9.3720  0.6280          
    EdgeDetect_IP::EdgeDetect_HorDer:run/reg(dat_in:rsci.oswt)                and#48.itm                      8.6882  1.3118          
    EdgeDetect_IP::EdgeDetect_HorDer:run/reg(dx:rsci.oswt)                    and#50.itm                      9.6726  0.3274          
    EdgeDetect_IP::EdgeDetect_HorDer:run/reg(pix0)                            pix0:pix0:and.itm               9.8835  0.1165          
    EdgeDetect_IP::EdgeDetect_HorDer:run/reg(pix_buf1)                        pix_buf0.lpi#3                  9.8940  0.1060          
    EdgeDetect_IP::EdgeDetect_HorDer:run/reg(HCOL:nor#1.itm.1)                HCOL:nor#1.tmp                  8.7178  1.2822          
    EdgeDetect_IP::EdgeDetect_HorDer:run/reg(HCOL:if:slc(HCOL:acc)(11).svs.1) operator-<11,false>:acc.itm(11) 8.6882  1.3118          
    EdgeDetect_IP::EdgeDetect_HorDer:run/reg(pix_buf0)                        pix_buf0:mux#1.itm              9.6572  0.3428          
    EdgeDetect_IP::EdgeDetect_HorDer:run:dx:rsci:dx:wait_dp/reg(dx:rsci.bcwt) HCOL:if#3:nor.itm               9.3333  0.6667          
    EdgeDetect_IP::EdgeDetect_HorDer                                          dat_in:rsc.rdy                  9.4304  0.5696          
    EdgeDetect_IP::EdgeDetect_HorDer                                          dx:rsc.dat                      9.8940  0.1060          
    EdgeDetect_IP::EdgeDetect_HorDer                                          dx:rsc.vld                      9.7775  0.2225          
    
Operator Bitwidth Summary
  Operation  Size (bits) Count 
  ---------- ----------- -----
  add                          
  -                    9     1 
  -                   12     1 
  -                   11     1 
  -                   10     1 
  and                          
  -                    8     1 
  -                   11     1 
  -                   10     1 
  -                    1    19 
  equal                        
  -                    1     2 
  mux                          
  -                    8     3 
  -                   11     2 
  -                    1     2 
  nand                         
  -                    1     3 
  nor                          
  -                    1    13 
  not                          
  -                    8     1 
  -                   11     1 
  -                    1    10 
  or                           
  -                    1     9 
  read_port                    
  -                    8     1 
  reg                          
  -                    9     1 
  -                    8     3 
  -                   11     2 
  -                   10     1 
  -                    1     7 
  write_port                   
  -                    0     1 
  
End of Report
