-- Catapult Ultra Synthesis: Report                                              
-- ------------------------- ---------------------------------------------------
-- Version:                  2023.1/1033555 Production Release                   
-- Build Date:               Mon Feb 13 11:32:25 PST 2023                        
                                                                                 
-- Generated by:             m111061545@ws41                                     
-- Generated date:           Mon Feb 26 23:43:55 CST 2024                        

Solution Settings: EdgeDetect_IP::EdgeDetect_Top.v1
  Current state: extract
  Project: Catapult

Design Input Files Specified
  $PROJECT_HOME/../hls_c/inc/EdgeDetect.h
    $PROJECT_HOME/../hls_c/inc/EdgeDetect_defs.h
      $MGC_HOME/shared/include/ac_int.h
      $MGC_HOME/shared/include/ac_fixed.h
      $MGC_HOME/shared/include/ac_channel.h
      $MGC_HOME/shared/include/ac_math/ac_sqrt_pwl.h
        $MGC_HOME/shared/include/ac_float.h
        $MGC_HOME/shared/include/ac_complex.h
        $MGC_HOME/shared/include/ac_math/ac_shift.h
        $MGC_HOME/shared/include/ac_math/ac_normalize.h
      $MGC_HOME/shared/include/ac_math/ac_atan2_cordic.h
    $PROJECT_HOME/../hls_c/inc/EdgeDetect_VerDer.h
      $MGC_HOME/shared/include/mc_scverify.h
    $PROJECT_HOME/../hls_c/inc/EdgeDetect_HorDer.h
      $MGC_HOME/shared/include/mc_scverify.h
    $PROJECT_HOME/../hls_c/inc/EdgeDetect_MagAng.h
      $MGC_HOME/shared/include/mc_scverify.h
  $PROJECT_HOME/../hls_c/src/EdgeDetect_tb.cpp
  $PROJECT_HOME/../bmpUtil/src/bmp_io.cpp

Processes/Blocks in Design
  Process Real Operation(s) count Latency Throughput Reset Length II Comments 
  ------- ----------------------- ------- ---------- ------------ -- --------
  
Bill Of Materials (Datapath)
  Component Name                      Area Score Delay Post Alloc Post Assign 
  ----------------------------------- ---------- ----- ---------- -----------
  [Lib: Catapult]                                                             
  EdgeDetect_IP::EdgeDetect_HorDer.v1    853.051 0.000          0           1 
  EdgeDetect_IP::EdgeDetect_MagAng.v1   6699.037 0.000          0           1 
  EdgeDetect_IP::EdgeDetect_VerDer.v1   1505.325 0.000          0           1 
  [Lib: ccs_ioport]                                                           
  ccs_pipe(26,9,1,2,1,1,0,0,1)           175.058 0.000          0           1 
                                                                              
  TOTAL AREA (After Assignment):        9232.472                              
  
Area Scores
                    Post-Scheduling   Post-DP & FSM Post-Assignment 
  ----------------- --------------- --------------- ---------------
  Total Area Score:   9325.8         11019.3          9232.5        
  Total Reg:          1026.5  (11%)   1544.4  (14%)   1544.4  (17%) 
                                                                    
  DataPath:           9325.8 (100%)  10950.3  (99%)   9161.9  (99%) 
    MUX:              1090.3  (12%)   1668.7  (15%)   1459.4  (16%) 
    FUNC:             7193.0  (77%)   7303.2  (67%)   5605.5  (61%) 
    LOGIC:              16.0   (0%)    497.0   (5%)    615.6   (7%) 
    BUFFER:              0.0             0.0             0.0        
    MEM:                 0.0             0.0             0.0        
    ROM:                 0.0             0.0             0.0        
    REG:              1026.5  (11%)   1481.4  (14%)   1481.4  (16%) 
                                                                    
  
  FSM:                   0.0            69.0   (1%)     70.6   (1%) 
    FSM-REG:             0.0            63.0  (91%)     63.0  (89%) 
    FSM-COMB:            0.0             6.0   (9%)      7.6  (11%) 
                                                                    
  
  
  (MUX = multiplexers; FUNC = datapath logic (e.g. add/mult); LOGIC = control logic)

Register-to-Variable Mappings
  Register Size(bits) Gated Register CG Opt Done Variables                                             
  -------- ---------- -------------- ----------- -----------------------------------------------------
                                                                                                       
  Total:            0              0           0 (Total Gating Ratio: 0.00, CG Opt Gating Ratio: 0.00) 
  
Timing Report
  Critical Path
    Max Delay:  9.997032
    Slack:      0.0029679999999991935
    
    Path                                                        Startpoint                                      Endpoint                                  Delay  Slack  
    ----------------------------------------------------------- ----------------------------------------------- ----------------------------------------- ------ ------
    1                                                           EdgeDetect_IP::EdgeDetect_MagAng/clk            EdgeDetect_IP::EdgeDetect_MagAng/reg      9.9970 0.0030 
                                                                                                                                                                        
      Instance                                                  Component                                                                                 Delta  Delay  
      --------                                                  ---------                                                                                 -----  -----  
      EdgeDetect_IP::EdgeDetect_MagAng/clk                                                                                                                9.9970 9.9970 
      EdgeDetect_IP::EdgeDetect_MagAng/reg                      mgc_reg_pos_1_1_0_1_1_0_0_1                                                               0.0000 0.0000 
                                                                                                                                                                        
    2                                                           EdgeDetect_IP::EdgeDetect_HorDer/dx:rsc.dat     EdgeDetect_IP::EdgeDetect_Top/MagAng_inst 9.9970 0.0030 
                                                                                                                                                                        
      Instance                                                  Component                                                                                 Delta  Delay  
      --------                                                  ---------                                                                                 -----  -----  
      EdgeDetect_IP::EdgeDetect_HorDer/dx:rsc.dat                                                                                                         0.0000 0.0000 
      EdgeDetect_IP::EdgeDetect_Top/dx:rsc.dat:-:HorDer_inst                                                                                              0.0000 0.0000 
      EdgeDetect_IP::EdgeDetect_Top/MagAng_inst                 EdgeDetect_IP::EdgeDetect_MagAng                                                          9.8910 9.8910 
                                                                                                                                                                        
    3                                                           EdgeDetect_IP::EdgeDetect_Top/dy:cns.pipe       EdgeDetect_IP::EdgeDetect_Top/MagAng_inst 9.8910 0.1090 
                                                                                                                                                                        
      Instance                                                  Component                                                                                 Delta  Delay  
      --------                                                  ---------                                                                                 -----  -----  
      EdgeDetect_IP::EdgeDetect_Top/dy:cns.pipe                 ccs_pipe_v6_26_9_1_2_1_1_0_0_1                                                            0.0000 0.0000 
      EdgeDetect_IP::EdgeDetect_Top/dy_in:rsc.dat:-:MagAng_inst                                                                                           0.0000 0.0000 
      EdgeDetect_IP::EdgeDetect_Top/MagAng_inst                 EdgeDetect_IP::EdgeDetect_MagAng                                                          9.8910 9.8910 
                                                                                                                                                                        
    4                                                           EdgeDetect_IP::EdgeDetect_Top/C<10>=----------  EdgeDetect_IP::EdgeDetect_Top/MagAng_inst 3.5706 6.4294 
                                                                                                                                                                        
      Instance                                                  Component                                                                                 Delta  Delay  
      --------                                                  ---------                                                                                 -----  -----  
      EdgeDetect_IP::EdgeDetect_Top/C<10>=----------                                                                                                      0.0000 0.0000 
      EdgeDetect_IP::EdgeDetect_Top/MagAng_inst                 EdgeDetect_IP::EdgeDetect_MagAng                                                          0.0000 0.0000 
                                                                                                                                                                        
    5                                                           EdgeDetect_IP::EdgeDetect_Top/widthIn           EdgeDetect_IP::EdgeDetect_Top/VerDer_inst 1.5779 8.4221 
                                                                                                                                                                        
      Instance                                                  Component                                                                                 Delta  Delay  
      --------                                                  ---------                                                                                 -----  -----  
      EdgeDetect_IP::EdgeDetect_Top/widthIn                                                                                                               0.0000 0.0000 
      EdgeDetect_IP::EdgeDetect_Top/VerDer_inst                 EdgeDetect_IP::EdgeDetect_VerDer                                                          1.5779 1.5779 
                                                                                                                                                                        
    6                                                           EdgeDetect_IP::EdgeDetect_VerDer/clk            EdgeDetect_IP::EdgeDetect_VerDer/reg      1.5770 8.4230 
                                                                                                                                                                        
      Instance                                                  Component                                                                                 Delta  Delay  
      --------                                                  ---------                                                                                 -----  -----  
      EdgeDetect_IP::EdgeDetect_VerDer/clk                                                                                                                1.5770 1.5770 
      EdgeDetect_IP::EdgeDetect_VerDer/reg                      mgc_reg_pos_1_1_0_1_1_0_0_1                                                               0.0000 0.0000 
                                                                                                                                                                        
    7                                                           EdgeDetect_IP::EdgeDetect_Top/C<11>=----------- EdgeDetect_IP::EdgeDetect_Top/MagAng_inst 1.5155 8.4845 
                                                                                                                                                                        
      Instance                                                  Component                                                                                 Delta  Delay  
      --------                                                  ---------                                                                                 -----  -----  
      EdgeDetect_IP::EdgeDetect_Top/C<11>=-----------                                                                                                     0.0000 0.0000 
      EdgeDetect_IP::EdgeDetect_Top/MagAng_inst                 EdgeDetect_IP::EdgeDetect_MagAng                                                          0.0000 0.0000 
                                                                                                                                                                        
    8                                                           EdgeDetect_IP::EdgeDetect_Top/heightIn          EdgeDetect_IP::EdgeDetect_Top/VerDer_inst 1.4710 8.5290 
                                                                                                                                                                        
      Instance                                                  Component                                                                                 Delta  Delay  
      --------                                                  ---------                                                                                 -----  -----  
      EdgeDetect_IP::EdgeDetect_Top/heightIn                                                                                                              0.0000 0.0000 
      EdgeDetect_IP::EdgeDetect_Top/VerDer_inst                 EdgeDetect_IP::EdgeDetect_VerDer                                                          1.4710 1.4710 
                                                                                                                                                                        
    9                                                           EdgeDetect_IP::EdgeDetect_HorDer/clk            EdgeDetect_IP::EdgeDetect_HorDer/reg      1.3266 8.6734 
                                                                                                                                                                        
      Instance                                                  Component                                                                                 Delta  Delay  
      --------                                                  ---------                                                                                 -----  -----  
      EdgeDetect_IP::EdgeDetect_HorDer/clk                                                                                                                1.3266 1.3266 
      EdgeDetect_IP::EdgeDetect_HorDer/reg                      mgc_reg_pos_1_1_0_1_1_0_0_1                                                               0.0000 0.0000 
                                                                                                                                                                        
    10                                                          EdgeDetect_IP::EdgeDetect_Top/line_buf0:rsc.q   EdgeDetect_IP::EdgeDetect_Top/VerDer_inst 1.2828 8.7172 
                                                                                                                                                                        
      Instance                                                  Component                                                                                 Delta  Delay  
      --------                                                  ---------                                                                                 -----  -----  
      EdgeDetect_IP::EdgeDetect_Top/line_buf0:rsc.q                                                                                                       0.0000 0.0000 
      EdgeDetect_IP::EdgeDetect_Top/VerDer_inst                 EdgeDetect_IP::EdgeDetect_VerDer                                                          1.2828 1.2828 
                                                                                                                                                                        
    
  Register Input and Register-to-Output Slack
    Clock period or pin-to-reg delay constraint (clk): 10.0
    Clock uncertainty constraint (clk)               : 0.0
    
    Instance                      Port               Slack (Delay) Messages 
    ----------------------------- ----------------- ------ ------- --------
    EdgeDetect_IP::EdgeDetect_Top dat_in:rsc.rdy    9.0770  0.9230          
    EdgeDetect_IP::EdgeDetect_Top magn:rsc.dat      9.8940  0.1060          
    EdgeDetect_IP::EdgeDetect_Top magn:rsc.vld      9.7775  0.2225          
    EdgeDetect_IP::EdgeDetect_Top angle:rsc.dat     9.8940  0.1060          
    EdgeDetect_IP::EdgeDetect_Top angle:rsc.vld     9.7775  0.2225          
    EdgeDetect_IP::EdgeDetect_Top line_buf0:rsc.en  9.0770  0.9230          
    EdgeDetect_IP::EdgeDetect_Top line_buf0:rsc.we  9.8103  0.1897          
    EdgeDetect_IP::EdgeDetect_Top line_buf0:rsc.d   9.2494  0.7506          
    EdgeDetect_IP::EdgeDetect_Top line_buf0:rsc.adr 9.8940  0.1060          
    EdgeDetect_IP::EdgeDetect_Top line_buf1:rsc.en  9.0770  0.9230          
    EdgeDetect_IP::EdgeDetect_Top line_buf1:rsc.we  9.8103  0.1897          
    EdgeDetect_IP::EdgeDetect_Top line_buf1:rsc.d   9.5275  0.4725          
    EdgeDetect_IP::EdgeDetect_Top line_buf1:rsc.adr 9.8940  0.1060          
    
Operator Bitwidth Summary
  Operation   Size (bits) Count 
  ----------- ----------- -----
  chsize_port                   
  -                     1     1 
  
End of Report
